2025-11-18 08:18:36.136 [restartedMain] INFO  b.grupo130.tramos.TramosApplication - [] - Starting TramosApplication using Java 21.0.8 with PID 8999 (/home/julian/CarpetaCentral/Programacion/Java/TPI-Backend/tramos/target/classes started by julian in /home/julian/CarpetaCentral/Programacion/Java/TPI-Backend/tramos)
2025-11-18 08:18:36.147 [restartedMain] DEBUG b.grupo130.tramos.TramosApplication - [] - Running with Spring Boot v3.5.7, Spring v6.2.12
2025-11-18 08:18:36.149 [restartedMain] INFO  b.grupo130.tramos.TramosApplication - [] - No active profile set, falling back to 1 default profile: "default"
2025-11-18 08:18:36.269 [restartedMain] INFO  o.s.b.d.e.DevToolsPropertyDefaultsPostProcessor - [] - Devtools property defaults active! Set 'spring.devtools.add-properties' to 'false' to disable
2025-11-18 08:18:36.269 [restartedMain] INFO  o.s.b.d.e.DevToolsPropertyDefaultsPostProcessor - [] - For additional web related logging consider setting the 'logging.level.web' property to 'DEBUG'
2025-11-18 08:18:38.829 [restartedMain] INFO  o.s.d.r.c.RepositoryConfigurationDelegate - [] - Bootstrapping Spring Data JPA repositories in DEFAULT mode.
2025-11-18 08:18:39.002 [restartedMain] INFO  o.s.d.r.c.RepositoryConfigurationDelegate - [] - Finished Spring Data repository scanning in 150 ms. Found 2 JPA repository interfaces.
2025-11-18 08:18:40.226 [restartedMain] INFO  o.s.cloud.context.scope.GenericScope - [] - BeanFactory id=a113eaeb-0276-3855-b9fe-d2ea94e02419
2025-11-18 08:18:42.795 [restartedMain] INFO  o.s.b.w.e.tomcat.TomcatWebServer - [] - Tomcat initialized with port 8092 (http)
2025-11-18 08:18:42.907 [restartedMain] INFO  o.a.coyote.http11.Http11NioProtocol - [] - Initializing ProtocolHandler ["http-nio-8092"]
2025-11-18 08:18:42.916 [restartedMain] INFO  o.a.catalina.core.StandardService - [] - Starting service [Tomcat]
2025-11-18 08:18:42.920 [restartedMain] INFO  o.a.catalina.core.StandardEngine - [] - Starting Servlet engine: [Apache Tomcat/10.1.48]
2025-11-18 08:18:43.249 [restartedMain] INFO  o.a.c.c.C.[Tomcat].[localhost].[/] - [] - Initializing Spring embedded WebApplicationContext
2025-11-18 08:18:43.252 [restartedMain] INFO  o.s.b.w.s.c.ServletWebServerApplicationContext - [] - Root WebApplicationContext: initialization completed in 6982 ms
2025-11-18 08:18:45.019 [restartedMain] INFO  b.grupo130.tramos.TramosApplication - [] - Starting TramosApplication using Java 21.0.8 with PID 9044 (/home/julian/CarpetaCentral/Programacion/Java/TPI-Backend/tramos/target/classes started by julian in /home/julian/CarpetaCentral/Programacion/Java/TPI-Backend/tramos)
2025-11-18 08:18:45.023 [restartedMain] DEBUG b.grupo130.tramos.TramosApplication - [] - Running with Spring Boot v3.5.7, Spring v6.2.12
2025-11-18 08:18:45.024 [restartedMain] INFO  b.grupo130.tramos.TramosApplication - [] - No active profile set, falling back to 1 default profile: "default"
2025-11-18 08:18:45.055 [restartedMain] INFO  o.s.o.j.p.SpringPersistenceUnitInfo - [] - No LoadTimeWeaver setup: ignoring JPA class transformer
2025-11-18 08:18:45.115 [restartedMain] INFO  o.s.b.d.e.DevToolsPropertyDefaultsPostProcessor - [] - Devtools property defaults active! Set 'spring.devtools.add-properties' to 'false' to disable
2025-11-18 08:18:45.115 [restartedMain] INFO  o.s.b.d.e.DevToolsPropertyDefaultsPostProcessor - [] - For additional web related logging consider setting the 'logging.level.web' property to 'DEBUG'
2025-11-18 08:18:45.120 [restartedMain] INFO  com.zaxxer.hikari.HikariDataSource - [] - HikariPool-1 - Starting...
2025-11-18 08:18:45.517 [restartedMain] INFO  com.zaxxer.hikari.pool.HikariPool - [] - HikariPool-1 - Added connection org.postgresql.jdbc.PgConnection@681e3f15
2025-11-18 08:18:45.520 [restartedMain] INFO  com.zaxxer.hikari.HikariDataSource - [] - HikariPool-1 - Start completed.
2025-11-18 08:18:45.603 [restartedMain] WARN  org.hibernate.orm.deprecation - [] - HHH90000025: PostgreSQLDialect does not need to be specified explicitly using 'hibernate.dialect' (remove the property setting and it will be selected by default)
2025-11-18 08:18:46.685 [restartedMain] INFO  o.s.d.r.c.RepositoryConfigurationDelegate - [] - Bootstrapping Spring Data JPA repositories in DEFAULT mode.
2025-11-18 08:18:46.782 [restartedMain] INFO  o.s.d.r.c.RepositoryConfigurationDelegate - [] - Finished Spring Data repository scanning in 79 ms. Found 2 JPA repository interfaces.
2025-11-18 08:18:47.089 [restartedMain] INFO  o.s.cloud.context.scope.GenericScope - [] - BeanFactory id=a113eaeb-0276-3855-b9fe-d2ea94e02419
2025-11-18 08:18:47.465 [restartedMain] INFO  o.s.o.j.LocalContainerEntityManagerFactoryBean - [] - Initialized JPA EntityManagerFactory for persistence unit 'default'
2025-11-18 08:18:47.870 [restartedMain] INFO  o.s.b.w.e.tomcat.TomcatWebServer - [] - Tomcat initialized with port 8092 (http)
2025-11-18 08:18:47.889 [restartedMain] INFO  o.a.coyote.http11.Http11NioProtocol - [] - Initializing ProtocolHandler ["http-nio-8092"]
2025-11-18 08:18:47.892 [restartedMain] INFO  o.a.catalina.core.StandardService - [] - Starting service [Tomcat]
2025-11-18 08:18:47.893 [restartedMain] INFO  o.a.catalina.core.StandardEngine - [] - Starting Servlet engine: [Apache Tomcat/10.1.48]
2025-11-18 08:18:47.959 [restartedMain] INFO  o.a.c.c.C.[Tomcat].[localhost].[/] - [] - Initializing Spring embedded WebApplicationContext
2025-11-18 08:18:47.959 [restartedMain] INFO  o.s.b.w.s.c.ServletWebServerApplicationContext - [] - Root WebApplicationContext: initialization completed in 2843 ms
2025-11-18 08:18:48.203 [restartedMain] INFO  o.s.d.j.r.query.QueryEnhancerFactory - [] - Hibernate is in classpath; If applicable, HQL parser will be used.
2025-11-18 08:18:48.736 [restartedMain] INFO  o.s.o.j.p.SpringPersistenceUnitInfo - [] - No LoadTimeWeaver setup: ignoring JPA class transformer
2025-11-18 08:18:48.786 [restartedMain] INFO  com.zaxxer.hikari.HikariDataSource - [] - HikariPool-1 - Starting...
2025-11-18 08:18:49.062 [restartedMain] INFO  com.zaxxer.hikari.pool.HikariPool - [] - HikariPool-1 - Added connection org.postgresql.jdbc.PgConnection@5d0c1b8
2025-11-18 08:18:49.065 [restartedMain] INFO  com.zaxxer.hikari.HikariDataSource - [] - HikariPool-1 - Start completed.
2025-11-18 08:18:49.121 [restartedMain] WARN  org.hibernate.orm.deprecation - [] - HHH90000025: PostgreSQLDialect does not need to be specified explicitly using 'hibernate.dialect' (remove the property setting and it will be selected by default)
2025-11-18 08:18:49.616 [restartedMain] WARN  o.s.b.a.o.j.JpaBaseConfiguration$JpaWebConfiguration - [] - spring.jpa.open-in-view is enabled by default. Therefore, database queries may be performed during view rendering. Explicitly configure spring.jpa.open-in-view to disable this warning
2025-11-18 08:18:49.676 [restartedMain] WARN  o.s.b.d.a.OptionalLiveReloadServer - [] - Unable to start LiveReload server
2025-11-18 08:18:50.843 [restartedMain] INFO  o.s.o.j.LocalContainerEntityManagerFactoryBean - [] - Initialized JPA EntityManagerFactory for persistence unit 'default'
2025-11-18 08:18:50.961 [restartedMain] INFO  o.a.coyote.http11.Http11NioProtocol - [] - Starting ProtocolHandler ["http-nio-8092"]
2025-11-18 08:18:50.991 [restartedMain] INFO  o.s.b.w.e.tomcat.TomcatWebServer - [] - Tomcat started on port 8092 (http) with context path '/'
2025-11-18 08:18:51.009 [restartedMain] INFO  b.grupo130.tramos.TramosApplication - [] - Started TramosApplication in 16.294 seconds (process running for 17.737)
2025-11-18 08:18:51.390 [restartedMain] INFO  o.s.d.j.r.query.QueryEnhancerFactory - [] - Hibernate is in classpath; If applicable, HQL parser will be used.
2025-11-18 08:18:52.221 [restartedMain] WARN  o.s.b.a.o.j.JpaBaseConfiguration$JpaWebConfiguration - [] - spring.jpa.open-in-view is enabled by default. Therefore, database queries may be performed during view rendering. Explicitly configure spring.jpa.open-in-view to disable this warning
2025-11-18 08:18:52.261 [restartedMain] WARN  o.s.b.d.a.OptionalLiveReloadServer - [] - Unable to start LiveReload server
2025-11-18 08:18:53.130 [restartedMain] INFO  o.a.coyote.http11.Http11NioProtocol - [] - Starting ProtocolHandler ["http-nio-8092"]
2025-11-18 08:18:53.138 [restartedMain] WARN  o.s.b.w.s.c.AnnotationConfigServletWebServerApplicationContext - [] - Exception encountered during context initialization - cancelling refresh attempt: org.springframework.context.ApplicationContextException: Failed to start bean 'webServerStartStop'
2025-11-18 08:18:53.146 [restartedMain] INFO  o.s.o.j.LocalContainerEntityManagerFactoryBean - [] - Closing JPA EntityManagerFactory for persistence unit 'default'
2025-11-18 08:18:53.163 [restartedMain] INFO  com.zaxxer.hikari.HikariDataSource - [] - HikariPool-1 - Shutdown initiated...
2025-11-18 08:18:53.169 [restartedMain] INFO  com.zaxxer.hikari.HikariDataSource - [] - HikariPool-1 - Shutdown completed.
2025-11-18 08:18:53.198 [restartedMain] INFO  o.s.b.a.l.ConditionEvaluationReportLogger - [] - 

Error starting ApplicationContext. To display the condition evaluation report re-run your application with 'debug' enabled.
2025-11-18 08:18:53.224 [restartedMain] ERROR o.s.b.d.LoggingFailureAnalysisReporter - [] - 

***************************
APPLICATION FAILED TO START
***************************

Description:

Web server failed to start. Port 8092 was already in use.

Action:

Identify and stop the process that's listening on port 8092 or configure this application to listen on another port.

2025-11-18 08:19:32.510 [restartedMain] INFO  b.grupo130.tramos.TramosApplication - [] - Starting TramosApplication using Java 21.0.8 with PID 9338 (/home/julian/CarpetaCentral/Programacion/Java/TPI-Backend/tramos/target/classes started by julian in /home/julian/CarpetaCentral/Programacion/Java/TPI-Backend/tramos)
2025-11-18 08:19:32.511 [restartedMain] DEBUG b.grupo130.tramos.TramosApplication - [] - Running with Spring Boot v3.5.7, Spring v6.2.12
2025-11-18 08:19:32.524 [restartedMain] INFO  b.grupo130.tramos.TramosApplication - [] - No active profile set, falling back to 1 default profile: "default"
2025-11-18 08:19:32.592 [restartedMain] INFO  o.s.b.d.e.DevToolsPropertyDefaultsPostProcessor - [] - Devtools property defaults active! Set 'spring.devtools.add-properties' to 'false' to disable
2025-11-18 08:19:32.592 [restartedMain] INFO  o.s.b.d.e.DevToolsPropertyDefaultsPostProcessor - [] - For additional web related logging consider setting the 'logging.level.web' property to 'DEBUG'
2025-11-18 08:19:33.802 [restartedMain] INFO  o.s.d.r.c.RepositoryConfigurationDelegate - [] - Bootstrapping Spring Data JPA repositories in DEFAULT mode.
2025-11-18 08:19:33.887 [restartedMain] INFO  o.s.d.r.c.RepositoryConfigurationDelegate - [] - Finished Spring Data repository scanning in 69 ms. Found 2 JPA repository interfaces.
2025-11-18 08:19:34.152 [restartedMain] INFO  o.s.cloud.context.scope.GenericScope - [] - BeanFactory id=a113eaeb-0276-3855-b9fe-d2ea94e02419
2025-11-18 08:19:34.776 [restartedMain] INFO  o.s.b.w.e.tomcat.TomcatWebServer - [] - Tomcat initialized with port 8092 (http)
2025-11-18 08:19:34.794 [restartedMain] INFO  o.a.coyote.http11.Http11NioProtocol - [] - Initializing ProtocolHandler ["http-nio-8092"]
2025-11-18 08:19:34.797 [restartedMain] INFO  o.a.catalina.core.StandardService - [] - Starting service [Tomcat]
2025-11-18 08:19:34.797 [restartedMain] INFO  o.a.catalina.core.StandardEngine - [] - Starting Servlet engine: [Apache Tomcat/10.1.48]
2025-11-18 08:19:34.856 [restartedMain] INFO  o.a.c.c.C.[Tomcat].[localhost].[/] - [] - Initializing Spring embedded WebApplicationContext
2025-11-18 08:19:34.856 [restartedMain] INFO  o.s.b.w.s.c.ServletWebServerApplicationContext - [] - Root WebApplicationContext: initialization completed in 2263 ms
2025-11-18 08:19:35.480 [restartedMain] INFO  o.s.o.j.p.SpringPersistenceUnitInfo - [] - No LoadTimeWeaver setup: ignoring JPA class transformer
2025-11-18 08:19:35.518 [restartedMain] INFO  com.zaxxer.hikari.HikariDataSource - [] - HikariPool-1 - Starting...
2025-11-18 08:19:35.916 [restartedMain] INFO  com.zaxxer.hikari.pool.HikariPool - [] - HikariPool-1 - Added connection org.postgresql.jdbc.PgConnection@2e520572
2025-11-18 08:19:35.918 [restartedMain] INFO  com.zaxxer.hikari.HikariDataSource - [] - HikariPool-1 - Start completed.
2025-11-18 08:19:35.961 [restartedMain] WARN  org.hibernate.orm.deprecation - [] - HHH90000025: PostgreSQLDialect does not need to be specified explicitly using 'hibernate.dialect' (remove the property setting and it will be selected by default)
2025-11-18 08:19:37.316 [restartedMain] INFO  o.s.o.j.LocalContainerEntityManagerFactoryBean - [] - Initialized JPA EntityManagerFactory for persistence unit 'default'
2025-11-18 08:19:37.874 [restartedMain] INFO  o.s.d.j.r.query.QueryEnhancerFactory - [] - Hibernate is in classpath; If applicable, HQL parser will be used.
2025-11-18 08:19:38.714 [restartedMain] WARN  o.s.b.a.o.j.JpaBaseConfiguration$JpaWebConfiguration - [] - spring.jpa.open-in-view is enabled by default. Therefore, database queries may be performed during view rendering. Explicitly configure spring.jpa.open-in-view to disable this warning
2025-11-18 08:19:38.752 [restartedMain] WARN  o.s.b.d.a.OptionalLiveReloadServer - [] - Unable to start LiveReload server
2025-11-18 08:19:39.740 [restartedMain] INFO  o.a.coyote.http11.Http11NioProtocol - [] - Starting ProtocolHandler ["http-nio-8092"]
2025-11-18 08:19:39.750 [restartedMain] WARN  o.s.b.w.s.c.AnnotationConfigServletWebServerApplicationContext - [] - Exception encountered during context initialization - cancelling refresh attempt: org.springframework.context.ApplicationContextException: Failed to start bean 'webServerStartStop'
2025-11-18 08:19:39.759 [restartedMain] INFO  o.s.o.j.LocalContainerEntityManagerFactoryBean - [] - Closing JPA EntityManagerFactory for persistence unit 'default'
2025-11-18 08:19:39.772 [restartedMain] INFO  com.zaxxer.hikari.HikariDataSource - [] - HikariPool-1 - Shutdown initiated...
2025-11-18 08:19:39.788 [restartedMain] INFO  com.zaxxer.hikari.HikariDataSource - [] - HikariPool-1 - Shutdown completed.
2025-11-18 08:19:39.854 [restartedMain] INFO  o.s.b.a.l.ConditionEvaluationReportLogger - [] - 

Error starting ApplicationContext. To display the condition evaluation report re-run your application with 'debug' enabled.
2025-11-18 08:19:39.916 [restartedMain] ERROR o.s.b.d.LoggingFailureAnalysisReporter - [] - 

***************************
APPLICATION FAILED TO START
***************************

Description:

Web server failed to start. Port 8092 was already in use.

Action:

Identify and stop the process that's listening on port 8092 or configure this application to listen on another port.

2025-11-18 08:22:03.585 [restartedMain] INFO  b.grupo130.tramos.TramosApplication - [] - Starting TramosApplication using Java 21.0.8 with PID 9829 (/home/julian/CarpetaCentral/Programacion/Java/TPI-Backend/tramos/target/classes started by julian in /home/julian/CarpetaCentral/Programacion/Java/TPI-Backend/tramos)
2025-11-18 08:22:03.587 [restartedMain] DEBUG b.grupo130.tramos.TramosApplication - [] - Running with Spring Boot v3.5.7, Spring v6.2.12
2025-11-18 08:22:03.589 [restartedMain] INFO  b.grupo130.tramos.TramosApplication - [] - No active profile set, falling back to 1 default profile: "default"
2025-11-18 08:22:03.659 [restartedMain] INFO  o.s.b.d.e.DevToolsPropertyDefaultsPostProcessor - [] - Devtools property defaults active! Set 'spring.devtools.add-properties' to 'false' to disable
2025-11-18 08:22:03.659 [restartedMain] INFO  o.s.b.d.e.DevToolsPropertyDefaultsPostProcessor - [] - For additional web related logging consider setting the 'logging.level.web' property to 'DEBUG'
2025-11-18 08:22:04.861 [restartedMain] INFO  o.s.d.r.c.RepositoryConfigurationDelegate - [] - Bootstrapping Spring Data JPA repositories in DEFAULT mode.
2025-11-18 08:22:04.942 [restartedMain] INFO  o.s.d.r.c.RepositoryConfigurationDelegate - [] - Finished Spring Data repository scanning in 66 ms. Found 2 JPA repository interfaces.
2025-11-18 08:22:05.212 [restartedMain] INFO  o.s.cloud.context.scope.GenericScope - [] - BeanFactory id=a113eaeb-0276-3855-b9fe-d2ea94e02419
2025-11-18 08:22:05.826 [restartedMain] INFO  o.s.b.w.e.tomcat.TomcatWebServer - [] - Tomcat initialized with port 8092 (http)
2025-11-18 08:22:05.846 [restartedMain] INFO  o.a.coyote.http11.Http11NioProtocol - [] - Initializing ProtocolHandler ["http-nio-8092"]
2025-11-18 08:22:05.850 [restartedMain] INFO  o.a.catalina.core.StandardService - [] - Starting service [Tomcat]
2025-11-18 08:22:05.850 [restartedMain] INFO  o.a.catalina.core.StandardEngine - [] - Starting Servlet engine: [Apache Tomcat/10.1.48]
2025-11-18 08:22:05.910 [restartedMain] INFO  o.a.c.c.C.[Tomcat].[localhost].[/] - [] - Initializing Spring embedded WebApplicationContext
2025-11-18 08:22:05.910 [restartedMain] INFO  o.s.b.w.s.c.ServletWebServerApplicationContext - [] - Root WebApplicationContext: initialization completed in 2250 ms
2025-11-18 08:22:06.534 [restartedMain] INFO  o.s.o.j.p.SpringPersistenceUnitInfo - [] - No LoadTimeWeaver setup: ignoring JPA class transformer
2025-11-18 08:22:06.573 [restartedMain] INFO  com.zaxxer.hikari.HikariDataSource - [] - HikariPool-1 - Starting...
2025-11-18 08:22:06.761 [restartedMain] INFO  com.zaxxer.hikari.pool.HikariPool - [] - HikariPool-1 - Added connection org.postgresql.jdbc.PgConnection@61cd0bb7
2025-11-18 08:22:06.763 [restartedMain] INFO  com.zaxxer.hikari.HikariDataSource - [] - HikariPool-1 - Start completed.
2025-11-18 08:22:06.808 [restartedMain] WARN  org.hibernate.orm.deprecation - [] - HHH90000025: PostgreSQLDialect does not need to be specified explicitly using 'hibernate.dialect' (remove the property setting and it will be selected by default)
2025-11-18 08:22:08.083 [restartedMain] INFO  o.s.o.j.LocalContainerEntityManagerFactoryBean - [] - Initialized JPA EntityManagerFactory for persistence unit 'default'
2025-11-18 08:22:08.647 [restartedMain] INFO  o.s.d.j.r.query.QueryEnhancerFactory - [] - Hibernate is in classpath; If applicable, HQL parser will be used.
2025-11-18 08:22:09.478 [restartedMain] WARN  o.s.b.a.o.j.JpaBaseConfiguration$JpaWebConfiguration - [] - spring.jpa.open-in-view is enabled by default. Therefore, database queries may be performed during view rendering. Explicitly configure spring.jpa.open-in-view to disable this warning
2025-11-18 08:22:09.518 [restartedMain] WARN  o.s.b.d.a.OptionalLiveReloadServer - [] - Unable to start LiveReload server
2025-11-18 08:22:10.414 [restartedMain] INFO  o.a.coyote.http11.Http11NioProtocol - [] - Starting ProtocolHandler ["http-nio-8092"]
2025-11-18 08:22:10.441 [restartedMain] INFO  o.s.b.w.e.tomcat.TomcatWebServer - [] - Tomcat started on port 8092 (http) with context path '/'
2025-11-18 08:22:10.476 [restartedMain] INFO  b.grupo130.tramos.TramosApplication - [] - Started TramosApplication in 7.718 seconds (process running for 8.608)
2025-11-18 08:46:45.789 [SpringApplicationShutdownHook] INFO  o.s.b.w.e.tomcat.GracefulShutdown - [] - Commencing graceful shutdown. Waiting for active requests to complete
2025-11-18 08:46:45.795 [tomcat-shutdown] INFO  o.s.b.w.e.tomcat.GracefulShutdown - [] - Graceful shutdown complete
2025-11-18 08:46:45.807 [SpringApplicationShutdownHook] INFO  o.s.o.j.LocalContainerEntityManagerFactoryBean - [] - Closing JPA EntityManagerFactory for persistence unit 'default'
2025-11-18 08:46:45.815 [SpringApplicationShutdownHook] INFO  com.zaxxer.hikari.HikariDataSource - [] - HikariPool-1 - Shutdown initiated...
2025-11-18 08:46:45.820 [SpringApplicationShutdownHook] INFO  com.zaxxer.hikari.HikariDataSource - [] - HikariPool-1 - Shutdown completed.
2025-11-18 08:47:11.137 [restartedMain] INFO  b.grupo130.tramos.TramosApplication - [] - Starting TramosApplication using Java 21.0.8 with PID 11632 (/home/julian/CarpetaCentral/Programacion/Java/TPI-Backend/tramos/target/classes started by julian in /home/julian/CarpetaCentral/Programacion/Java/TPI-Backend/tramos)
2025-11-18 08:47:11.139 [restartedMain] DEBUG b.grupo130.tramos.TramosApplication - [] - Running with Spring Boot v3.5.7, Spring v6.2.12
2025-11-18 08:47:11.140 [restartedMain] INFO  b.grupo130.tramos.TramosApplication - [] - No active profile set, falling back to 1 default profile: "default"
2025-11-18 08:47:11.225 [restartedMain] INFO  o.s.b.d.e.DevToolsPropertyDefaultsPostProcessor - [] - Devtools property defaults active! Set 'spring.devtools.add-properties' to 'false' to disable
2025-11-18 08:47:11.226 [restartedMain] INFO  o.s.b.d.e.DevToolsPropertyDefaultsPostProcessor - [] - For additional web related logging consider setting the 'logging.level.web' property to 'DEBUG'
2025-11-18 08:47:13.078 [restartedMain] INFO  o.s.d.r.c.RepositoryConfigurationDelegate - [] - Bootstrapping Spring Data JPA repositories in DEFAULT mode.
2025-11-18 08:47:13.249 [restartedMain] INFO  o.s.d.r.c.RepositoryConfigurationDelegate - [] - Finished Spring Data repository scanning in 150 ms. Found 2 JPA repository interfaces.
2025-11-18 08:47:13.698 [restartedMain] INFO  o.s.cloud.context.scope.GenericScope - [] - BeanFactory id=a113eaeb-0276-3855-b9fe-d2ea94e02419
2025-11-18 08:47:14.503 [restartedMain] INFO  o.s.b.w.e.tomcat.TomcatWebServer - [] - Tomcat initialized with port 8092 (http)
2025-11-18 08:47:14.524 [restartedMain] INFO  o.a.coyote.http11.Http11NioProtocol - [] - Initializing ProtocolHandler ["http-nio-8092"]
2025-11-18 08:47:14.528 [restartedMain] INFO  o.a.catalina.core.StandardService - [] - Starting service [Tomcat]
2025-11-18 08:47:14.529 [restartedMain] INFO  o.a.catalina.core.StandardEngine - [] - Starting Servlet engine: [Apache Tomcat/10.1.48]
2025-11-18 08:47:14.594 [restartedMain] INFO  o.a.c.c.C.[Tomcat].[localhost].[/] - [] - Initializing Spring embedded WebApplicationContext
2025-11-18 08:47:14.595 [restartedMain] INFO  o.s.b.w.s.c.ServletWebServerApplicationContext - [] - Root WebApplicationContext: initialization completed in 3369 ms
2025-11-18 08:47:15.403 [restartedMain] INFO  o.s.o.j.p.SpringPersistenceUnitInfo - [] - No LoadTimeWeaver setup: ignoring JPA class transformer
2025-11-18 08:47:15.457 [restartedMain] INFO  com.zaxxer.hikari.HikariDataSource - [] - HikariPool-1 - Starting...
2025-11-18 08:47:15.675 [restartedMain] INFO  com.zaxxer.hikari.pool.HikariPool - [] - HikariPool-1 - Added connection org.postgresql.jdbc.PgConnection@5d0c1b8
2025-11-18 08:47:15.677 [restartedMain] INFO  com.zaxxer.hikari.HikariDataSource - [] - HikariPool-1 - Start completed.
2025-11-18 08:47:15.748 [restartedMain] WARN  org.hibernate.orm.deprecation - [] - HHH90000025: PostgreSQLDialect does not need to be specified explicitly using 'hibernate.dialect' (remove the property setting and it will be selected by default)
2025-11-18 08:47:17.445 [restartedMain] INFO  o.s.o.j.LocalContainerEntityManagerFactoryBean - [] - Initialized JPA EntityManagerFactory for persistence unit 'default'
2025-11-18 08:47:18.204 [restartedMain] INFO  o.s.d.j.r.query.QueryEnhancerFactory - [] - Hibernate is in classpath; If applicable, HQL parser will be used.
2025-11-18 08:47:19.271 [restartedMain] WARN  o.s.b.a.o.j.JpaBaseConfiguration$JpaWebConfiguration - [] - spring.jpa.open-in-view is enabled by default. Therefore, database queries may be performed during view rendering. Explicitly configure spring.jpa.open-in-view to disable this warning
2025-11-18 08:47:19.320 [restartedMain] WARN  o.s.b.d.a.OptionalLiveReloadServer - [] - Unable to start LiveReload server
2025-11-18 08:47:20.478 [restartedMain] INFO  o.a.coyote.http11.Http11NioProtocol - [] - Starting ProtocolHandler ["http-nio-8092"]
2025-11-18 08:47:20.510 [restartedMain] INFO  o.s.b.w.e.tomcat.TomcatWebServer - [] - Tomcat started on port 8092 (http) with context path '/'
2025-11-18 08:47:20.529 [restartedMain] INFO  b.grupo130.tramos.TramosApplication - [] - Started TramosApplication in 11.02 seconds (process running for 12.93)
2025-11-18 08:47:25.579 [http-nio-8092-exec-1] INFO  o.a.c.c.C.[Tomcat].[localhost].[/] - [] - Initializing Spring DispatcherServlet 'dispatcherServlet'
2025-11-18 08:47:25.579 [http-nio-8092-exec-1] INFO  o.s.web.servlet.DispatcherServlet - [] - Initializing Servlet 'dispatcherServlet'
2025-11-18 08:47:25.582 [http-nio-8092-exec-1] INFO  o.s.web.servlet.DispatcherServlet - [] - Completed initialization in 1 ms
2025-11-18 08:47:26.711 [http-nio-8092-exec-4] INFO  o.s.api.AbstractOpenApiResource - [] - Init duration for springdoc-openapi is: 852 ms
2025-11-18 08:51:39.242 [http-nio-8092-exec-1] INFO  b.g.tramos.controller.RutaController - [] - Iniciando POST /api/rutas/getRutaTentativa para Solicitud ID: 9
2025-11-18 08:51:39.251 [http-nio-8092-exec-1] INFO  b.g.tramos.service.RutaService - [] - Iniciando calculo de Ruta Tentativa para Solicitud ID: 9
2025-11-18 08:51:39.380 [http-nio-8092-exec-1] DEBUG b.g.tramos.service.RutaService - [] - Buscando Contenedor ID: 5
2025-11-18 08:51:39.412 [http-nio-8092-exec-1] DEBUG b.g.tramos.service.RutaService - [] - Calculando costo base promedio para peso 120.00 y volumen 120.00.
2025-11-18 08:51:39.879 [http-nio-8092-exec-1] DEBUG b.g.tramos.service.RutaService - [] - Calculando consumo promedio de combustible.
2025-11-18 08:51:40.127 [http-nio-8092-exec-1] INFO  b.g.tramos.service.RutaService - [] - Nueva Ruta (tentativa) creada con ID: 24
2025-11-18 08:51:40.127 [http-nio-8092-exec-1] DEBUG b.g.tramos.service.RutaService - [] - Iniciando procesamiento de 4 ubicaciones para crear tramos.
2025-11-18 08:51:40.433 [http-nio-8092-exec-1] DEBUG b.g.tramos.service.RutaService - [] - Calculando ruta OSRM entre 1 (1) y 2 (2).
2025-11-18 08:51:46.175 [http-nio-8092-exec-1] DEBUG b.g.tramos.service.RutaService - [] - Tramo null (Orden 1) creado.
2025-11-18 08:51:46.198 [http-nio-8092-exec-1] DEBUG b.g.tramos.service.RutaService - [] - Calculando ruta OSRM entre 2 (2) y 3 (3).
2025-11-18 08:51:47.118 [http-nio-8092-exec-1] DEBUG b.g.tramos.service.RutaService - [] - Tramo null (Orden 2) creado.
2025-11-18 08:51:47.155 [http-nio-8092-exec-1] DEBUG b.g.tramos.service.RutaService - [] - Calculando ruta OSRM entre 3 (3) y 4 (4).
2025-11-18 08:51:48.122 [http-nio-8092-exec-1] DEBUG b.g.tramos.service.RutaService - [] - Tramo null (Orden 3) creado.
2025-11-18 08:51:48.174 [http-nio-8092-exec-1] INFO  b.g.tramos.service.RutaService - [] - Guardados 3 tramos para la Ruta ID: 24
2025-11-18 08:51:48.174 [http-nio-8092-exec-1] DEBUG b.g.tramos.service.RutaService - [] - Costo estimado calculado: 97513.25
2025-11-18 08:51:48.174 [http-nio-8092-exec-1] DEBUG b.g.tramos.service.RutaService - [] - Tiempo estimado calculado: 4.59 horas.
2025-11-18 08:51:48.174 [http-nio-8092-exec-1] DEBUG b.g.tramos.service.RutaService - [] - Valor original log.warn de horas: 4.59
2025-11-18 08:51:48.175 [http-nio-8092-exec-1] INFO  b.g.tramos.service.RutaService - [] - Actualizando Solicitud ID: 9 con datos de ruta tentativa.
2025-11-18 08:51:48.255 [http-nio-8092-exec-1] INFO  b.g.tramos.service.RutaService - [] - Ruta Tentativa para Solicitud ID 9 calculada exitosamente. Ruta ID: 24
2025-11-18 08:55:49.664 [http-nio-8092-exec-3] INFO  b.g.tramos.controller.RutaController - [] - Iniciando POST /api/rutas/getRutaTentativa para Solicitud ID: 10
2025-11-18 08:55:49.669 [http-nio-8092-exec-3] INFO  b.g.tramos.service.RutaService - [] - Iniciando calculo de Ruta Tentativa para Solicitud ID: 10
2025-11-18 08:55:49.694 [http-nio-8092-exec-3] DEBUG b.g.tramos.service.RutaService - [] - Buscando Contenedor ID: 1
2025-11-18 08:55:49.721 [http-nio-8092-exec-3] DEBUG b.g.tramos.service.RutaService - [] - Calculando costo base promedio para peso 100.00 y volumen 100.00.
2025-11-18 08:55:49.739 [http-nio-8092-exec-3] DEBUG b.g.tramos.service.RutaService - [] - Calculando consumo promedio de combustible.
2025-11-18 08:55:49.753 [http-nio-8092-exec-3] INFO  b.g.tramos.service.RutaService - [] - Nueva Ruta (tentativa) creada con ID: 25
2025-11-18 08:55:49.754 [http-nio-8092-exec-3] DEBUG b.g.tramos.service.RutaService - [] - Iniciando procesamiento de 4 ubicaciones para crear tramos.
2025-11-18 08:55:49.787 [http-nio-8092-exec-3] DEBUG b.g.tramos.service.RutaService - [] - Calculando ruta OSRM entre 1 (1) y 3 (3).
2025-11-18 08:55:55.328 [http-nio-8092-exec-3] DEBUG b.g.tramos.service.RutaService - [] - Tramo null (Orden 1) creado.
2025-11-18 08:55:55.355 [http-nio-8092-exec-3] DEBUG b.g.tramos.service.RutaService - [] - Calculando ruta OSRM entre 3 (3) y 4 (4).
2025-11-18 08:55:56.330 [http-nio-8092-exec-3] DEBUG b.g.tramos.service.RutaService - [] - Tramo null (Orden 2) creado.
2025-11-18 08:55:56.368 [http-nio-8092-exec-3] DEBUG b.g.tramos.service.RutaService - [] - Calculando ruta OSRM entre 4 (4) y 2 (2).
2025-11-18 08:55:57.329 [http-nio-8092-exec-3] DEBUG b.g.tramos.service.RutaService - [] - Tramo null (Orden 3) creado.
2025-11-18 08:55:57.345 [http-nio-8092-exec-3] INFO  b.g.tramos.service.RutaService - [] - Guardados 3 tramos para la Ruta ID: 25
2025-11-18 08:55:57.345 [http-nio-8092-exec-3] DEBUG b.g.tramos.service.RutaService - [] - Costo estimado calculado: 188798.75
2025-11-18 08:55:57.346 [http-nio-8092-exec-3] DEBUG b.g.tramos.service.RutaService - [] - Tiempo estimado calculado: 8.80 horas.
2025-11-18 08:55:57.346 [http-nio-8092-exec-3] DEBUG b.g.tramos.service.RutaService - [] - Valor original log.warn de horas: 8.80
2025-11-18 08:55:57.346 [http-nio-8092-exec-3] INFO  b.g.tramos.service.RutaService - [] - Actualizando Solicitud ID: 10 con datos de ruta tentativa.
2025-11-18 08:55:57.378 [http-nio-8092-exec-3] INFO  b.g.tramos.service.RutaService - [] - Ruta Tentativa para Solicitud ID 10 calculada exitosamente. Ruta ID: 25
2025-11-18 08:57:35.665 [http-nio-8092-exec-6] INFO  b.g.tramos.controller.RutaController - [] - Iniciando PATCH /api/rutas/asignarSolicitud para Ruta ID: 25 y Solicitud ID: 10
2025-11-18 08:57:35.669 [http-nio-8092-exec-6] INFO  b.g.tramos.service.RutaService - [] - Iniciando asignacion final de Solicitud ID 10 a Ruta ID 25.
2025-11-18 08:57:35.901 [http-nio-8092-exec-6] WARN  b.g.tramos.service.RutaService - [] - Error de servicio al asignar Solicitud 10 a Ruta 25: 
2025-11-18 08:57:35.912 [http-nio-8092-exec-6] WARN  o.s.w.s.m.m.a.ExceptionHandlerExceptionResolver - [] - Resolved [backend.grupo130.tramos.config.exceptions.ServiceError: ]
2025-11-18 08:58:57.073 [SpringApplicationShutdownHook] INFO  o.s.b.w.e.tomcat.GracefulShutdown - [] - Commencing graceful shutdown. Waiting for active requests to complete
2025-11-18 08:58:57.077 [tomcat-shutdown] INFO  o.s.b.w.e.tomcat.GracefulShutdown - [] - Graceful shutdown complete
2025-11-18 08:58:57.085 [SpringApplicationShutdownHook] INFO  o.s.o.j.LocalContainerEntityManagerFactoryBean - [] - Closing JPA EntityManagerFactory for persistence unit 'default'
2025-11-18 08:58:57.089 [SpringApplicationShutdownHook] INFO  com.zaxxer.hikari.HikariDataSource - [] - HikariPool-1 - Shutdown initiated...
2025-11-18 08:58:57.094 [SpringApplicationShutdownHook] INFO  com.zaxxer.hikari.HikariDataSource - [] - HikariPool-1 - Shutdown completed.
2025-11-18 08:59:14.027 [restartedMain] INFO  b.grupo130.tramos.TramosApplication - [] - Starting TramosApplication using Java 21.0.8 with PID 13053 (/home/julian/CarpetaCentral/Programacion/Java/TPI-Backend/tramos/target/classes started by julian in /home/julian/CarpetaCentral/Programacion/Java/TPI-Backend/tramos)
2025-11-18 08:59:14.030 [restartedMain] DEBUG b.grupo130.tramos.TramosApplication - [] - Running with Spring Boot v3.5.7, Spring v6.2.12
2025-11-18 08:59:14.031 [restartedMain] INFO  b.grupo130.tramos.TramosApplication - [] - No active profile set, falling back to 1 default profile: "default"
2025-11-18 08:59:14.099 [restartedMain] INFO  o.s.b.d.e.DevToolsPropertyDefaultsPostProcessor - [] - Devtools property defaults active! Set 'spring.devtools.add-properties' to 'false' to disable
2025-11-18 08:59:14.100 [restartedMain] INFO  o.s.b.d.e.DevToolsPropertyDefaultsPostProcessor - [] - For additional web related logging consider setting the 'logging.level.web' property to 'DEBUG'
2025-11-18 08:59:15.719 [restartedMain] INFO  o.s.d.r.c.RepositoryConfigurationDelegate - [] - Bootstrapping Spring Data JPA repositories in DEFAULT mode.
2025-11-18 08:59:15.801 [restartedMain] INFO  o.s.d.r.c.RepositoryConfigurationDelegate - [] - Finished Spring Data repository scanning in 68 ms. Found 2 JPA repository interfaces.
2025-11-18 08:59:16.059 [restartedMain] INFO  o.s.cloud.context.scope.GenericScope - [] - BeanFactory id=a113eaeb-0276-3855-b9fe-d2ea94e02419
2025-11-18 08:59:16.706 [restartedMain] INFO  o.s.b.w.e.tomcat.TomcatWebServer - [] - Tomcat initialized with port 8092 (http)
2025-11-18 08:59:16.736 [restartedMain] INFO  o.a.coyote.http11.Http11NioProtocol - [] - Initializing ProtocolHandler ["http-nio-8092"]
2025-11-18 08:59:16.744 [restartedMain] INFO  o.a.catalina.core.StandardService - [] - Starting service [Tomcat]
2025-11-18 08:59:16.745 [restartedMain] INFO  o.a.catalina.core.StandardEngine - [] - Starting Servlet engine: [Apache Tomcat/10.1.48]
2025-11-18 08:59:16.810 [restartedMain] INFO  o.a.c.c.C.[Tomcat].[localhost].[/] - [] - Initializing Spring embedded WebApplicationContext
2025-11-18 08:59:16.810 [restartedMain] INFO  o.s.b.w.s.c.ServletWebServerApplicationContext - [] - Root WebApplicationContext: initialization completed in 2709 ms
2025-11-18 08:59:17.463 [restartedMain] INFO  o.s.o.j.p.SpringPersistenceUnitInfo - [] - No LoadTimeWeaver setup: ignoring JPA class transformer
2025-11-18 08:59:17.500 [restartedMain] INFO  com.zaxxer.hikari.HikariDataSource - [] - HikariPool-1 - Starting...
2025-11-18 08:59:17.698 [restartedMain] INFO  com.zaxxer.hikari.pool.HikariPool - [] - HikariPool-1 - Added connection org.postgresql.jdbc.PgConnection@1cfc6a37
2025-11-18 08:59:17.700 [restartedMain] INFO  com.zaxxer.hikari.HikariDataSource - [] - HikariPool-1 - Start completed.
2025-11-18 08:59:17.745 [restartedMain] WARN  org.hibernate.orm.deprecation - [] - HHH90000025: PostgreSQLDialect does not need to be specified explicitly using 'hibernate.dialect' (remove the property setting and it will be selected by default)
2025-11-18 08:59:19.023 [restartedMain] INFO  o.s.o.j.LocalContainerEntityManagerFactoryBean - [] - Initialized JPA EntityManagerFactory for persistence unit 'default'
2025-11-18 08:59:19.650 [restartedMain] INFO  o.s.d.j.r.query.QueryEnhancerFactory - [] - Hibernate is in classpath; If applicable, HQL parser will be used.
2025-11-18 08:59:20.552 [restartedMain] WARN  o.s.b.a.o.j.JpaBaseConfiguration$JpaWebConfiguration - [] - spring.jpa.open-in-view is enabled by default. Therefore, database queries may be performed during view rendering. Explicitly configure spring.jpa.open-in-view to disable this warning
2025-11-18 08:59:20.593 [restartedMain] WARN  o.s.b.d.a.OptionalLiveReloadServer - [] - Unable to start LiveReload server
2025-11-18 08:59:21.563 [restartedMain] INFO  o.a.coyote.http11.Http11NioProtocol - [] - Starting ProtocolHandler ["http-nio-8092"]
2025-11-18 08:59:21.583 [restartedMain] INFO  o.s.b.w.e.tomcat.TomcatWebServer - [] - Tomcat started on port 8092 (http) with context path '/'
2025-11-18 08:59:21.599 [restartedMain] INFO  b.grupo130.tramos.TramosApplication - [] - Started TramosApplication in 8.424 seconds (process running for 9.389)
2025-11-18 08:59:47.697 [http-nio-8092-exec-1] INFO  o.a.c.c.C.[Tomcat].[localhost].[/] - [] - Initializing Spring DispatcherServlet 'dispatcherServlet'
2025-11-18 08:59:47.697 [http-nio-8092-exec-1] INFO  o.s.web.servlet.DispatcherServlet - [] - Initializing Servlet 'dispatcherServlet'
2025-11-18 08:59:47.701 [http-nio-8092-exec-1] INFO  o.s.web.servlet.DispatcherServlet - [] - Completed initialization in 4 ms
2025-11-18 08:59:47.943 [http-nio-8092-exec-1] INFO  b.g.tramos.controller.RutaController - [] - Iniciando PATCH /api/rutas/asignarSolicitud para Ruta ID: 25 y Solicitud ID: 10
2025-11-18 08:59:47.951 [http-nio-8092-exec-1] INFO  b.g.tramos.service.RutaService - [] - Iniciando asignacion final de Solicitud ID 10 a Ruta ID 25.
2025-11-18 08:59:48.279 [http-nio-8092-exec-1] INFO  b.g.tramos.service.RutaService - [] - Asignacion final de Solicitud ID 10 a Ruta ID 25 completada.
2025-11-18 09:07:30.336 [http-nio-8092-exec-3] INFO  b.g.tramos.controller.RutaController - [] - Iniciando GET /api/rutas/getById/25
2025-11-18 09:07:30.338 [http-nio-8092-exec-3] INFO  b.g.tramos.service.RutaService - [] - Iniciando busqueda de Ruta por ID: 25
2025-11-18 09:07:30.342 [http-nio-8092-exec-3] DEBUG b.g.tramos.service.RutaService - [] - Ruta encontrada: 25
2025-11-18 09:07:30.342 [http-nio-8092-exec-3] DEBUG b.g.tramos.service.RutaService - [] - Buscando Solicitud asociada: 10
2025-11-18 09:07:30.364 [http-nio-8092-exec-3] INFO  b.g.tramos.service.RutaService - [] - Busqueda de Ruta por ID 25 completada exitosamente.
2025-11-18 09:07:47.672 [http-nio-8092-exec-4] INFO  b.g.t.controller.TramoController - [] - Iniciando GET /api/tramos/getByRuta/25
2025-11-18 09:07:47.674 [http-nio-8092-exec-4] INFO  b.g.tramos.service.TramoService - [] - Iniciando busqueda de Tramos por Ruta ID: 25
2025-11-18 09:07:47.684 [http-nio-8092-exec-4] INFO  b.g.tramos.service.TramoService - [] - Busqueda de Tramos por Ruta ID 25 completada. Encontrados: 3 tramos.
2025-11-18 09:07:48.061 [http-nio-8092-exec-5] INFO  b.g.t.controller.TramoController - [] - Iniciando GET /api/tramos/getByRuta/25
2025-11-18 09:07:48.062 [http-nio-8092-exec-5] INFO  b.g.tramos.service.TramoService - [] - Iniciando busqueda de Tramos por Ruta ID: 25
2025-11-18 09:07:48.071 [http-nio-8092-exec-5] INFO  b.g.tramos.service.TramoService - [] - Busqueda de Tramos por Ruta ID 25 completada. Encontrados: 3 tramos.
2025-11-18 09:07:48.879 [http-nio-8092-exec-6] INFO  b.g.t.controller.TramoController - [] - Iniciando GET /api/tramos/getByRuta/25
2025-11-18 09:07:48.881 [http-nio-8092-exec-6] INFO  b.g.tramos.service.TramoService - [] - Iniciando busqueda de Tramos por Ruta ID: 25
2025-11-18 09:07:48.887 [http-nio-8092-exec-6] INFO  b.g.tramos.service.TramoService - [] - Busqueda de Tramos por Ruta ID 25 completada. Encontrados: 3 tramos.
2025-11-18 09:08:49.030 [http-nio-8092-exec-8] INFO  b.g.t.controller.TramoController - [] - Iniciando PATCH /api/tramos/asignarCamion para Tramo ID: 67
2025-11-18 09:08:49.032 [http-nio-8092-exec-8] INFO  b.g.tramos.service.TramoService - [] - Iniciando asignacion de Camion 23H33EE a Tramo 67.
2025-11-18 09:08:49.159 [http-nio-8092-exec-8] DEBUG b.g.tramos.service.TramoService - [] - Asignando camion 23H33EE a tramo 67. Cambiando estado a ASIGNADO.
2025-11-18 09:08:49.160 [http-nio-8092-exec-8] DEBUG b.g.tramos.service.TramoService - [] - Verificando estado de otros tramos para la Ruta ID: 25
2025-11-18 09:08:49.173 [http-nio-8092-exec-8] DEBUG b.g.tramos.service.TramoService - [] - Estado de asignacion de tramos de la ruta: PENDIENTES
2025-11-18 09:08:49.173 [http-nio-8092-exec-8] INFO  b.g.tramos.service.TramoService - [] - Asignacion de Camion 23H33EE a Tramo 67 completada.
2025-11-18 09:08:56.900 [http-nio-8092-exec-9] INFO  b.g.t.controller.TramoController - [] - Iniciando PATCH /api/tramos/asignarCamion para Tramo ID: 68
2025-11-18 09:08:56.901 [http-nio-8092-exec-9] INFO  b.g.tramos.service.TramoService - [] - Iniciando asignacion de Camion 23H33EE a Tramo 68.
2025-11-18 09:08:56.943 [http-nio-8092-exec-9] DEBUG b.g.tramos.service.TramoService - [] - Asignando camion 23H33EE a tramo 68. Cambiando estado a ASIGNADO.
2025-11-18 09:08:56.943 [http-nio-8092-exec-9] DEBUG b.g.tramos.service.TramoService - [] - Verificando estado de otros tramos para la Ruta ID: 25
2025-11-18 09:08:56.951 [http-nio-8092-exec-9] DEBUG b.g.tramos.service.TramoService - [] - Estado de asignacion de tramos de la ruta: PENDIENTES
2025-11-18 09:08:56.952 [http-nio-8092-exec-9] INFO  b.g.tramos.service.TramoService - [] - Asignacion de Camion 23H33EE a Tramo 68 completada.
2025-11-18 09:09:28.444 [http-nio-8092-exec-10] INFO  b.g.t.controller.TramoController - [] - Iniciando PATCH /api/tramos/asignarCamion para Tramo ID: 69
2025-11-18 09:09:28.452 [http-nio-8092-exec-10] INFO  b.g.tramos.service.TramoService - [] - Iniciando asignacion de Camion 22HTY01E a Tramo 69.
2025-11-18 09:09:28.493 [http-nio-8092-exec-10] DEBUG b.g.tramos.service.TramoService - [] - Asignando camion 22HTY01E a tramo 69. Cambiando estado a ASIGNADO.
2025-11-18 09:09:28.493 [http-nio-8092-exec-10] DEBUG b.g.tramos.service.TramoService - [] - Verificando estado de otros tramos para la Ruta ID: 25
2025-11-18 09:09:28.500 [http-nio-8092-exec-10] DEBUG b.g.tramos.service.TramoService - [] - Estado de asignacion de tramos de la ruta: TODOS ASIGNADOS
2025-11-18 09:09:28.500 [http-nio-8092-exec-10] INFO  b.g.tramos.service.TramoService - [] - Todos los tramos de la Ruta ID 25 han sido asignados. Actualizando estado de Solicitud 10 a PROGRAMADO.
2025-11-18 09:09:28.682 [http-nio-8092-exec-10] DEBUG b.g.tramos.service.TramoService - [] - Solicitud 10 actualizada a PROGRAMADO.
2025-11-18 09:09:28.756 [http-nio-8092-exec-10] WARN  b.g.tramos.service.TramoService - [] - Error de servicio al asignar Camion 22HTY01E a Tramo 69: [400] during [POST] to [http://localhost:8091/api/contenedores/cambioDeEstado] [ContenedorClient#cambioDeEstado(ContenedorCambioDeEstadoRequest)]: [{"httpCode":400,"message":"","mensajeInterno":"Transicion no valida"}]
2025-11-18 09:09:28.769 [http-nio-8092-exec-10] WARN  o.s.w.s.m.m.a.ExceptionHandlerExceptionResolver - [] - Resolved [backend.grupo130.tramos.config.exceptions.ServiceError: [400] during [POST] to [http://localhost:8091/api/contenedores/cambioDeEstado] [ContenedorClient#cambioDeEstado(ContenedorCambioDeEstadoRequest)]: [{"httpCode":400,"message":"","mensajeInterno":"Transicion no valida"}]]
2025-11-18 09:48:48.121 [http-nio-8092-exec-3] INFO  b.g.tramos.controller.RutaController - [] - Iniciando POST /api/rutas/getRutaTentativa para Solicitud ID: 20
2025-11-18 09:48:48.151 [http-nio-8092-exec-3] INFO  b.g.tramos.service.RutaService - [] - Iniciando calculo de Ruta Tentativa para Solicitud ID: 20
2025-11-18 09:48:48.230 [http-nio-8092-exec-3] DEBUG b.g.tramos.service.RutaService - [] - Buscando Contenedor ID: 31
2025-11-18 09:48:48.313 [http-nio-8092-exec-3] DEBUG b.g.tramos.service.RutaService - [] - Calculando costo base promedio para peso 200.00 y volumen 100.00.
2025-11-18 09:48:52.220 [http-nio-8092-exec-3] DEBUG b.g.tramos.service.RutaService - [] - Calculando consumo promedio de combustible.
2025-11-18 09:48:52.753 [http-nio-8092-exec-3] INFO  b.g.tramos.service.RutaService - [] - Nueva Ruta (tentativa) creada con ID: 26
2025-11-18 09:48:52.755 [http-nio-8092-exec-3] DEBUG b.g.tramos.service.RutaService - [] - Iniciando procesamiento de 4 ubicaciones para crear tramos.
2025-11-18 09:48:53.680 [http-nio-8092-exec-3] DEBUG b.g.tramos.service.RutaService - [] - Calculando ruta OSRM entre 1 (1) y 3 (3).
2025-11-18 09:48:59.690 [http-nio-8092-exec-3] DEBUG b.g.tramos.service.RutaService - [] - Tramo null (Orden 1) creado.
2025-11-18 09:48:59.719 [http-nio-8092-exec-3] DEBUG b.g.tramos.service.RutaService - [] - Calculando ruta OSRM entre 3 (3) y 4 (4).
2025-11-18 09:49:00.617 [http-nio-8092-exec-3] DEBUG b.g.tramos.service.RutaService - [] - Tramo null (Orden 2) creado.
2025-11-18 09:49:00.677 [http-nio-8092-exec-3] DEBUG b.g.tramos.service.RutaService - [] - Calculando ruta OSRM entre 4 (4) y 2 (2).
2025-11-18 09:49:01.626 [http-nio-8092-exec-3] DEBUG b.g.tramos.service.RutaService - [] - Tramo null (Orden 3) creado.
2025-11-18 09:49:01.682 [http-nio-8092-exec-3] INFO  b.g.tramos.service.RutaService - [] - Guardados 3 tramos para la Ruta ID: 26
2025-11-18 09:49:01.683 [http-nio-8092-exec-3] DEBUG b.g.tramos.service.RutaService - [] - Costo estimado calculado: 188828.75
2025-11-18 09:49:01.684 [http-nio-8092-exec-3] DEBUG b.g.tramos.service.RutaService - [] - Tiempo estimado calculado: 8.80 horas.
2025-11-18 09:49:01.684 [http-nio-8092-exec-3] DEBUG b.g.tramos.service.RutaService - [] - Valor original log.warn de horas: 8.80
2025-11-18 09:49:01.684 [http-nio-8092-exec-3] INFO  b.g.tramos.service.RutaService - [] - Actualizando Solicitud ID: 20 con datos de ruta tentativa.
2025-11-18 09:49:02.086 [http-nio-8092-exec-3] INFO  b.g.tramos.service.RutaService - [] - Ruta Tentativa para Solicitud ID 20 calculada exitosamente. Ruta ID: 26
2025-11-18 09:49:40.109 [http-nio-8092-exec-4] INFO  b.g.tramos.controller.RutaController - [] - Iniciando PATCH /api/rutas/asignarSolicitud para Ruta ID: 26 y Solicitud ID: 20
2025-11-18 09:49:40.114 [http-nio-8092-exec-4] INFO  b.g.tramos.service.RutaService - [] - Iniciando asignacion final de Solicitud ID 20 a Ruta ID 26.
2025-11-18 09:49:40.199 [http-nio-8092-exec-4] INFO  b.g.tramos.service.RutaService - [] - Asignacion final de Solicitud ID 20 a Ruta ID 26 completada.
2025-11-18 09:49:55.795 [http-nio-8092-exec-5] INFO  b.g.t.controller.TramoController - [] - Iniciando GET /api/tramos/getByRuta/26
2025-11-18 09:49:55.798 [http-nio-8092-exec-5] INFO  b.g.tramos.service.TramoService - [] - Iniciando busqueda de Tramos por Ruta ID: 26
2025-11-18 09:49:55.806 [http-nio-8092-exec-5] INFO  b.g.tramos.service.TramoService - [] - Busqueda de Tramos por Ruta ID 26 completada. Encontrados: 3 tramos.
2025-11-18 09:50:08.584 [http-nio-8092-exec-6] INFO  b.g.t.controller.TramoController - [] - Iniciando PATCH /api/tramos/asignarCamion para Tramo ID: 70
2025-11-18 09:50:08.585 [http-nio-8092-exec-6] INFO  b.g.tramos.service.TramoService - [] - Iniciando asignacion de Camion 22HTY01E a Tramo 70.
2025-11-18 09:50:08.750 [http-nio-8092-exec-6] DEBUG b.g.tramos.service.TramoService - [] - Asignando camion 22HTY01E a tramo 70. Cambiando estado a ASIGNADO.
2025-11-18 09:50:08.750 [http-nio-8092-exec-6] DEBUG b.g.tramos.service.TramoService - [] - Verificando estado de otros tramos para la Ruta ID: 26
2025-11-18 09:50:08.756 [http-nio-8092-exec-6] DEBUG b.g.tramos.service.TramoService - [] - Estado de asignacion de tramos de la ruta: PENDIENTES
2025-11-18 09:50:08.756 [http-nio-8092-exec-6] INFO  b.g.tramos.service.TramoService - [] - Asignacion de Camion 22HTY01E a Tramo 70 completada.
2025-11-18 09:50:13.704 [http-nio-8092-exec-7] INFO  b.g.t.controller.TramoController - [] - Iniciando PATCH /api/tramos/asignarCamion para Tramo ID: 71
2025-11-18 09:50:13.705 [http-nio-8092-exec-7] INFO  b.g.tramos.service.TramoService - [] - Iniciando asignacion de Camion 22HTY01E a Tramo 71.
2025-11-18 09:50:13.747 [http-nio-8092-exec-7] DEBUG b.g.tramos.service.TramoService - [] - Asignando camion 22HTY01E a tramo 71. Cambiando estado a ASIGNADO.
2025-11-18 09:50:13.748 [http-nio-8092-exec-7] DEBUG b.g.tramos.service.TramoService - [] - Verificando estado de otros tramos para la Ruta ID: 26
2025-11-18 09:50:13.753 [http-nio-8092-exec-7] DEBUG b.g.tramos.service.TramoService - [] - Estado de asignacion de tramos de la ruta: PENDIENTES
2025-11-18 09:50:13.753 [http-nio-8092-exec-7] INFO  b.g.tramos.service.TramoService - [] - Asignacion de Camion 22HTY01E a Tramo 71 completada.
2025-11-18 09:50:33.388 [http-nio-8092-exec-8] INFO  b.g.t.controller.TramoController - [] - Iniciando PATCH /api/tramos/asignarCamion para Tramo ID: 72
2025-11-18 09:50:33.389 [http-nio-8092-exec-8] INFO  b.g.tramos.service.TramoService - [] - Iniciando asignacion de Camion 23H33EE a Tramo 72.
2025-11-18 09:50:33.444 [http-nio-8092-exec-8] DEBUG b.g.tramos.service.TramoService - [] - Asignando camion 23H33EE a tramo 72. Cambiando estado a ASIGNADO.
2025-11-18 09:50:33.445 [http-nio-8092-exec-8] DEBUG b.g.tramos.service.TramoService - [] - Verificando estado de otros tramos para la Ruta ID: 26
2025-11-18 09:50:33.450 [http-nio-8092-exec-8] DEBUG b.g.tramos.service.TramoService - [] - Estado de asignacion de tramos de la ruta: TODOS ASIGNADOS
2025-11-18 09:50:33.451 [http-nio-8092-exec-8] INFO  b.g.tramos.service.TramoService - [] - Todos los tramos de la Ruta ID 26 han sido asignados. Actualizando estado de Solicitud 20 a PROGRAMADO.
2025-11-18 09:50:33.728 [http-nio-8092-exec-8] DEBUG b.g.tramos.service.TramoService - [] - Solicitud 20 actualizada a PROGRAMADO.
2025-11-18 09:50:33.777 [http-nio-8092-exec-8] DEBUG b.g.tramos.service.TramoService - [] - Contenedor 31 actualizado a PROGRAMADO.
2025-11-18 09:50:33.777 [http-nio-8092-exec-8] INFO  b.g.tramos.service.TramoService - [] - Asignacion de Camion 23H33EE a Tramo 72 completada.
2025-11-18 09:51:20.191 [http-nio-8092-exec-9] INFO  b.g.t.controller.TramoController - [] - Iniciando GET /api/tramos/getByRuta/26
2025-11-18 09:51:20.194 [http-nio-8092-exec-9] INFO  b.g.tramos.service.TramoService - [] - Iniciando busqueda de Tramos por Ruta ID: 26
2025-11-18 09:51:20.201 [http-nio-8092-exec-9] INFO  b.g.tramos.service.TramoService - [] - Busqueda de Tramos por Ruta ID 26 completada. Encontrados: 3 tramos.
2025-11-18 09:51:44.884 [http-nio-8092-exec-10] INFO  b.g.t.controller.TramoController - [] - Iniciando PATCH /api/tramos/registrarInicio para Tramo ID: 71
2025-11-18 09:51:44.886 [http-nio-8092-exec-10] INFO  b.g.tramos.service.TramoService - [] - Iniciando registro de INICIO de Tramo ID 71 por Camion 22HTY01E.
2025-11-18 09:51:44.909 [http-nio-8092-exec-10] ERROR b.g.tramos.service.TramoService - [] - Error interno inesperado al registrar INICIO de Tramo ID: 71
java.lang.NullPointerException: Cannot invoke "backend.grupo130.tramos.config.enums.EstadoSolicitud.equals(Object)" because "this.estado" is null
	at backend.grupo130.tramos.client.envios.models.SolicitudTraslado.esBorrador(SolicitudTraslado.java:48)
	at backend.grupo130.tramos.service.TramoService.registrarInicioTramo(TramoService.java:253)
	at java.base/jdk.internal.reflect.DirectMethodHandleAccessor.invoke(DirectMethodHandleAccessor.java:103)
	at java.base/java.lang.reflect.Method.invoke(Method.java:580)
	at org.springframework.aop.support.AopUtils.invokeJoinpointUsingReflection(AopUtils.java:360)
	at org.springframework.aop.framework.ReflectiveMethodInvocation.invokeJoinpoint(ReflectiveMethodInvocation.java:196)
	at org.springframework.aop.framework.ReflectiveMethodInvocation.proceed(ReflectiveMethodInvocation.java:163)
	at org.springframework.transaction.interceptor.TransactionAspectSupport.invokeWithinTransaction(TransactionAspectSupport.java:380)
	at org.springframework.transaction.interceptor.TransactionInterceptor.invoke(TransactionInterceptor.java:119)
	at org.springframework.aop.framework.ReflectiveMethodInvocation.proceed(ReflectiveMethodInvocation.java:184)
	at org.springframework.aop.framework.CglibAopProxy$DynamicAdvisedInterceptor.intercept(CglibAopProxy.java:728)
	at backend.grupo130.tramos.service.TramoService$$SpringCGLIB$$0.registrarInicioTramo(<generated>)
	at backend.grupo130.tramos.controller.TramoController.registrarInicio(TramoController.java:147)
	at java.base/jdk.internal.reflect.DirectMethodHandleAccessor.invoke(DirectMethodHandleAccessor.java:103)
	at java.base/java.lang.reflect.Method.invoke(Method.java:580)
	at org.springframework.aop.support.AopUtils.invokeJoinpointUsingReflection(AopUtils.java:360)
	at org.springframework.aop.framework.ReflectiveMethodInvocation.invokeJoinpoint(ReflectiveMethodInvocation.java:196)
	at org.springframework.aop.framework.ReflectiveMethodInvocation.proceed(ReflectiveMethodInvocation.java:163)
	at org.springframework.validation.beanvalidation.MethodValidationInterceptor.invoke(MethodValidationInterceptor.java:172)
	at org.springframework.aop.framework.ReflectiveMethodInvocation.proceed(ReflectiveMethodInvocation.java:184)
	at org.springframework.aop.framework.CglibAopProxy$DynamicAdvisedInterceptor.intercept(CglibAopProxy.java:728)
	at backend.grupo130.tramos.controller.TramoController$$SpringCGLIB$$0.registrarInicio(<generated>)
	at java.base/jdk.internal.reflect.DirectMethodHandleAccessor.invoke(DirectMethodHandleAccessor.java:103)
	at java.base/java.lang.reflect.Method.invoke(Method.java:580)
	at org.springframework.web.method.support.InvocableHandlerMethod.doInvoke(InvocableHandlerMethod.java:258)
	at org.springframework.web.method.support.InvocableHandlerMethod.invokeForRequest(InvocableHandlerMethod.java:191)
	at org.springframework.web.servlet.mvc.method.annotation.ServletInvocableHandlerMethod.invokeAndHandle(ServletInvocableHandlerMethod.java:118)
	at org.springframework.web.servlet.mvc.method.annotation.RequestMappingHandlerAdapter.invokeHandlerMethod(RequestMappingHandlerAdapter.java:991)
	at org.springframework.web.servlet.mvc.method.annotation.RequestMappingHandlerAdapter.handleInternal(RequestMappingHandlerAdapter.java:896)
	at org.springframework.web.servlet.mvc.method.AbstractHandlerMethodAdapter.handle(AbstractHandlerMethodAdapter.java:87)
	at org.springframework.web.servlet.DispatcherServlet.doDispatch(DispatcherServlet.java:1089)
	at org.springframework.web.servlet.DispatcherServlet.doService(DispatcherServlet.java:979)
	at org.springframework.web.servlet.FrameworkServlet.processRequest(FrameworkServlet.java:1014)
	at org.springframework.web.servlet.FrameworkServlet.service(FrameworkServlet.java:888)
	at jakarta.servlet.http.HttpServlet.service(HttpServlet.java:658)
	at org.apache.catalina.core.ApplicationFilterChain.internalDoFilter(ApplicationFilterChain.java:193)
	at org.apache.catalina.core.ApplicationFilterChain.doFilter(ApplicationFilterChain.java:138)
	at org.apache.tomcat.websocket.server.WsFilter.doFilter(WsFilter.java:51)
	at org.apache.catalina.core.ApplicationFilterChain.internalDoFilter(ApplicationFilterChain.java:162)
	at org.apache.catalina.core.ApplicationFilterChain.doFilter(ApplicationFilterChain.java:138)
	at org.springframework.web.filter.RequestContextFilter.doFilterInternal(RequestContextFilter.java:100)
	at org.springframework.web.filter.OncePerRequestFilter.doFilter(OncePerRequestFilter.java:116)
	at org.apache.catalina.core.ApplicationFilterChain.internalDoFilter(ApplicationFilterChain.java:162)
	at org.apache.catalina.core.ApplicationFilterChain.doFilter(ApplicationFilterChain.java:138)
	at org.springframework.web.filter.FormContentFilter.doFilterInternal(FormContentFilter.java:93)
	at org.springframework.web.filter.OncePerRequestFilter.doFilter(OncePerRequestFilter.java:116)
	at org.apache.catalina.core.ApplicationFilterChain.internalDoFilter(ApplicationFilterChain.java:162)
	at org.apache.catalina.core.ApplicationFilterChain.doFilter(ApplicationFilterChain.java:138)
	at org.springframework.web.filter.CharacterEncodingFilter.doFilterInternal(CharacterEncodingFilter.java:201)
	at org.springframework.web.filter.OncePerRequestFilter.doFilter(OncePerRequestFilter.java:116)
	at org.apache.catalina.core.ApplicationFilterChain.internalDoFilter(ApplicationFilterChain.java:162)
	at org.apache.catalina.core.ApplicationFilterChain.doFilter(ApplicationFilterChain.java:138)
	at org.apache.catalina.core.StandardWrapperValve.invoke(StandardWrapperValve.java:165)
	at org.apache.catalina.core.StandardContextValve.invoke(StandardContextValve.java:88)
	at org.apache.catalina.authenticator.AuthenticatorBase.invoke(AuthenticatorBase.java:482)
	at org.apache.catalina.core.StandardHostValve.invoke(StandardHostValve.java:113)
	at org.apache.catalina.valves.ErrorReportValve.invoke(ErrorReportValve.java:83)
	at org.apache.catalina.core.StandardEngineValve.invoke(StandardEngineValve.java:72)
	at org.apache.catalina.connector.CoyoteAdapter.service(CoyoteAdapter.java:342)
	at org.apache.coyote.http11.Http11Processor.service(Http11Processor.java:399)
	at org.apache.coyote.AbstractProcessorLight.process(AbstractProcessorLight.java:63)
	at org.apache.coyote.AbstractProtocol$ConnectionHandler.process(AbstractProtocol.java:903)
	at org.apache.tomcat.util.net.NioEndpoint$SocketProcessor.doRun(NioEndpoint.java:1774)
	at org.apache.tomcat.util.net.SocketProcessorBase.run(SocketProcessorBase.java:52)
	at org.apache.tomcat.util.threads.ThreadPoolExecutor.runWorker(ThreadPoolExecutor.java:973)
	at org.apache.tomcat.util.threads.ThreadPoolExecutor$Worker.run(ThreadPoolExecutor.java:491)
	at org.apache.tomcat.util.threads.TaskThread$WrappingRunnable.run(TaskThread.java:63)
	at java.base/java.lang.Thread.run(Thread.java:1583)
2025-11-18 09:51:44.931 [http-nio-8092-exec-10] WARN  o.s.w.s.m.m.a.ExceptionHandlerExceptionResolver - [] - Resolved [backend.grupo130.tramos.config.exceptions.ServiceError: Cannot invoke "backend.grupo130.tramos.config.enums.EstadoSolicitud.equals(Object)" because "this.estado" is null]
2025-11-18 09:59:00.045 [SpringApplicationShutdownHook] INFO  o.s.b.w.e.tomcat.GracefulShutdown - [] - Commencing graceful shutdown. Waiting for active requests to complete
2025-11-18 09:59:00.056 [tomcat-shutdown] INFO  o.s.b.w.e.tomcat.GracefulShutdown - [] - Graceful shutdown complete
2025-11-18 09:59:00.080 [SpringApplicationShutdownHook] INFO  o.s.o.j.LocalContainerEntityManagerFactoryBean - [] - Closing JPA EntityManagerFactory for persistence unit 'default'
2025-11-18 09:59:00.100 [SpringApplicationShutdownHook] INFO  com.zaxxer.hikari.HikariDataSource - [] - HikariPool-1 - Shutdown initiated...
2025-11-18 09:59:00.114 [SpringApplicationShutdownHook] INFO  com.zaxxer.hikari.HikariDataSource - [] - HikariPool-1 - Shutdown completed.
2025-11-18 09:59:24.915 [restartedMain] INFO  b.grupo130.tramos.TramosApplication - [] - Starting TramosApplication using Java 21.0.8 with PID 19238 (/home/julian/CarpetaCentral/Programacion/Java/TPI-Backend/tramos/target/classes started by julian in /home/julian/CarpetaCentral/Programacion/Java/TPI-Backend/tramos)
2025-11-18 09:59:24.918 [restartedMain] DEBUG b.grupo130.tramos.TramosApplication - [] - Running with Spring Boot v3.5.7, Spring v6.2.12
2025-11-18 09:59:24.921 [restartedMain] INFO  b.grupo130.tramos.TramosApplication - [] - No active profile set, falling back to 1 default profile: "default"
2025-11-18 09:59:25.068 [restartedMain] INFO  o.s.b.d.e.DevToolsPropertyDefaultsPostProcessor - [] - Devtools property defaults active! Set 'spring.devtools.add-properties' to 'false' to disable
2025-11-18 09:59:25.069 [restartedMain] INFO  o.s.b.d.e.DevToolsPropertyDefaultsPostProcessor - [] - For additional web related logging consider setting the 'logging.level.web' property to 'DEBUG'
2025-11-18 09:59:26.880 [restartedMain] INFO  o.s.d.r.c.RepositoryConfigurationDelegate - [] - Bootstrapping Spring Data JPA repositories in DEFAULT mode.
2025-11-18 09:59:26.978 [restartedMain] INFO  o.s.d.r.c.RepositoryConfigurationDelegate - [] - Finished Spring Data repository scanning in 80 ms. Found 2 JPA repository interfaces.
2025-11-18 09:59:27.369 [restartedMain] INFO  o.s.cloud.context.scope.GenericScope - [] - BeanFactory id=a113eaeb-0276-3855-b9fe-d2ea94e02419
2025-11-18 09:59:28.134 [restartedMain] INFO  o.s.b.w.e.tomcat.TomcatWebServer - [] - Tomcat initialized with port 8092 (http)
2025-11-18 09:59:28.161 [restartedMain] INFO  o.a.coyote.http11.Http11NioProtocol - [] - Initializing ProtocolHandler ["http-nio-8092"]
2025-11-18 09:59:28.164 [restartedMain] INFO  o.a.catalina.core.StandardService - [] - Starting service [Tomcat]
2025-11-18 09:59:28.165 [restartedMain] INFO  o.a.catalina.core.StandardEngine - [] - Starting Servlet engine: [Apache Tomcat/10.1.48]
2025-11-18 09:59:28.236 [restartedMain] INFO  o.a.c.c.C.[Tomcat].[localhost].[/] - [] - Initializing Spring embedded WebApplicationContext
2025-11-18 09:59:28.237 [restartedMain] INFO  o.s.b.w.s.c.ServletWebServerApplicationContext - [] - Root WebApplicationContext: initialization completed in 3167 ms
2025-11-18 09:59:29.151 [restartedMain] INFO  o.s.o.j.p.SpringPersistenceUnitInfo - [] - No LoadTimeWeaver setup: ignoring JPA class transformer
2025-11-18 09:59:29.203 [restartedMain] INFO  com.zaxxer.hikari.HikariDataSource - [] - HikariPool-1 - Starting...
2025-11-18 09:59:29.485 [restartedMain] INFO  com.zaxxer.hikari.pool.HikariPool - [] - HikariPool-1 - Added connection org.postgresql.jdbc.PgConnection@48014f4b
2025-11-18 09:59:29.488 [restartedMain] INFO  com.zaxxer.hikari.HikariDataSource - [] - HikariPool-1 - Start completed.
2025-11-18 09:59:29.558 [restartedMain] WARN  org.hibernate.orm.deprecation - [] - HHH90000025: PostgreSQLDialect does not need to be specified explicitly using 'hibernate.dialect' (remove the property setting and it will be selected by default)
2025-11-18 09:59:32.345 [restartedMain] INFO  o.s.o.j.LocalContainerEntityManagerFactoryBean - [] - Initialized JPA EntityManagerFactory for persistence unit 'default'
2025-11-18 09:59:32.927 [restartedMain] INFO  o.s.d.j.r.query.QueryEnhancerFactory - [] - Hibernate is in classpath; If applicable, HQL parser will be used.
2025-11-18 09:59:33.821 [restartedMain] WARN  o.s.b.a.o.j.JpaBaseConfiguration$JpaWebConfiguration - [] - spring.jpa.open-in-view is enabled by default. Therefore, database queries may be performed during view rendering. Explicitly configure spring.jpa.open-in-view to disable this warning
2025-11-18 09:59:33.862 [restartedMain] WARN  o.s.b.d.a.OptionalLiveReloadServer - [] - Unable to start LiveReload server
2025-11-18 09:59:34.818 [restartedMain] INFO  o.a.coyote.http11.Http11NioProtocol - [] - Starting ProtocolHandler ["http-nio-8092"]
2025-11-18 09:59:34.837 [restartedMain] INFO  o.s.b.w.e.tomcat.TomcatWebServer - [] - Tomcat started on port 8092 (http) with context path '/'
2025-11-18 09:59:34.855 [restartedMain] INFO  b.grupo130.tramos.TramosApplication - [] - Started TramosApplication in 11.114 seconds (process running for 12.381)
2025-11-18 09:59:42.088 [http-nio-8092-exec-1] INFO  o.a.c.c.C.[Tomcat].[localhost].[/] - [] - Initializing Spring DispatcherServlet 'dispatcherServlet'
2025-11-18 09:59:42.088 [http-nio-8092-exec-1] INFO  o.s.web.servlet.DispatcherServlet - [] - Initializing Servlet 'dispatcherServlet'
2025-11-18 09:59:42.090 [http-nio-8092-exec-1] INFO  o.s.web.servlet.DispatcherServlet - [] - Completed initialization in 1 ms
2025-11-18 09:59:42.291 [http-nio-8092-exec-1] INFO  b.g.t.controller.TramoController - [] - Iniciando PATCH /api/tramos/registrarInicio para Tramo ID: 71
2025-11-18 09:59:42.299 [http-nio-8092-exec-1] INFO  b.g.tramos.service.TramoService - [] - Iniciando registro de INICIO de Tramo ID 71 por Camion 22HTY01E.
2025-11-18 09:59:42.983 [http-nio-8092-exec-1] WARN  b.g.t.repository.EnviosRepository - [] - PROGRAMADO
2025-11-18 09:59:43.071 [http-nio-8092-exec-1] DEBUG b.g.tramos.service.TramoService - [] - Iniciando Tramo Orden: 2
2025-11-18 09:59:43.071 [http-nio-8092-exec-1] DEBUG b.g.tramos.service.TramoService - [] - Verificando tramo anterior (Orden: 1). Estado: EstadoTramo.ASIGNADO
2025-11-18 09:59:43.081 [http-nio-8092-exec-1] DEBUG b.g.tramos.service.TramoService - [] - Datos tramo anterior: Tramo(idTramo=70, tipoTramo=TipoTramo.ORIGEN_DESTINO, estado=EstadoTramo.ASIGNADO, costoAproximado=null, costoReal=null, fechaHoraInicioEstimado=2025-11-18T11:50:59.069, fechaHoraFinEstimado=2025-11-18T12:07:01.069, fechaHoraInicioReal=null, fechaHoraFinReal=null, orden=1, dominioCamion=22HTY01E, rutaTraslado=RutaTraslado(idRuta=26, cantidadTramos=3, cantidadDepositos=1, cargosGestionFijo=100.00, idSolicitud=20), idOrigen=1, idDestino=3)
2025-11-18 09:59:43.081 [http-nio-8092-exec-1] WARN  b.g.tramos.service.TramoService - [] - Intento de iniciar Tramo Orden 2 cuando Tramo Orden 1 (ID: 70) no ha finalizado.
2025-11-18 09:59:43.095 [http-nio-8092-exec-1] WARN  b.g.tramos.service.TramoService - [] - Error de servicio al registrar INICIO de Tramo ID 71: 
2025-11-18 09:59:43.137 [http-nio-8092-exec-1] WARN  o.s.w.s.m.m.a.ExceptionHandlerExceptionResolver - [] - Resolved [backend.grupo130.tramos.config.exceptions.ServiceError: ]
2025-11-18 09:59:56.707 [http-nio-8092-exec-2] INFO  b.g.t.controller.TramoController - [] - Iniciando GET /api/tramos/getByRuta/26
2025-11-18 09:59:56.712 [http-nio-8092-exec-2] INFO  b.g.tramos.service.TramoService - [] - Iniciando busqueda de Tramos por Ruta ID: 26
2025-11-18 09:59:56.721 [http-nio-8092-exec-2] INFO  b.g.tramos.service.TramoService - [] - Busqueda de Tramos por Ruta ID 26 completada. Encontrados: 3 tramos.
2025-11-18 10:00:04.658 [http-nio-8092-exec-3] INFO  b.g.t.controller.TramoController - [] - Iniciando PATCH /api/tramos/registrarInicio para Tramo ID: 70
2025-11-18 10:00:04.660 [http-nio-8092-exec-3] INFO  b.g.tramos.service.TramoService - [] - Iniciando registro de INICIO de Tramo ID 70 por Camion 22HTY01E.
2025-11-18 10:00:04.678 [http-nio-8092-exec-3] WARN  b.g.t.repository.EnviosRepository - [] - PROGRAMADO
2025-11-18 10:00:04.682 [http-nio-8092-exec-3] DEBUG b.g.tramos.service.TramoService - [] - Iniciando Tramo Orden: 1
2025-11-18 10:00:04.842 [http-nio-8092-exec-3] DEBUG b.g.tramos.service.TramoService - [] - Tramo ID 70 actualizado a INICIADO.
2025-11-18 10:00:04.879 [http-nio-8092-exec-3] INFO  b.g.tramos.service.TramoService - [] - Iniciando primer tramo (Orden 1). Actualizando Solicitud 20 y Contenedor 31 a EN_TRANSITO.
2025-11-18 10:00:05.049 [http-nio-8092-exec-3] DEBUG b.g.tramos.service.TramoService - [] - Solicitud 20 actualizada a EN_TRANSITO.
2025-11-18 10:00:05.085 [http-nio-8092-exec-3] DEBUG b.g.tramos.service.TramoService - [] - Contenedor 31 actualizado a EN_TRANSITO.
2025-11-18 10:00:05.085 [http-nio-8092-exec-3] INFO  b.g.tramos.service.TramoService - [] - Registro de INICIO de Tramo ID 70 completado.
2025-11-18 10:00:46.584 [http-nio-8092-exec-4] INFO  b.g.t.controller.TramoController - [] - Iniciando PATCH /api/tramos/registrarFin para Tramo ID: 70
2025-11-18 10:00:46.585 [http-nio-8092-exec-4] INFO  b.g.tramos.service.TramoService - [] - Iniciando registro de FIN de Tramo ID 70 por Camion 22HTY01E.
2025-11-18 10:00:46.606 [http-nio-8092-exec-4] WARN  b.g.t.repository.EnviosRepository - [] - EN_TRANSITO
2025-11-18 10:00:46.659 [http-nio-8092-exec-4] DEBUG b.g.tramos.service.TramoService - [] - Tramo ID 70 actualizado a FINALIZADO.
2025-11-18 10:00:46.660 [http-nio-8092-exec-4] INFO  b.g.tramos.service.TramoService - [] - Registro de FIN de Tramo ID 70 completado.
2025-11-18 10:01:28.958 [http-nio-8092-exec-5] INFO  b.g.t.controller.TramoController - [] - Iniciando PATCH /api/tramos/registrarInicio para Tramo ID: 71
2025-11-18 10:01:29.002 [http-nio-8092-exec-5] INFO  b.g.tramos.service.TramoService - [] - Iniciando registro de INICIO de Tramo ID 71 por Camion 22HTY01E.
2025-11-18 10:01:29.027 [http-nio-8092-exec-5] WARN  b.g.t.repository.EnviosRepository - [] - EN_TRANSITO
2025-11-18 10:01:29.031 [http-nio-8092-exec-5] DEBUG b.g.tramos.service.TramoService - [] - Iniciando Tramo Orden: 2
2025-11-18 10:01:29.032 [http-nio-8092-exec-5] DEBUG b.g.tramos.service.TramoService - [] - Verificando tramo anterior (Orden: 1). Estado: EstadoTramo.FINALIZADO
2025-11-18 10:01:29.032 [http-nio-8092-exec-5] DEBUG b.g.tramos.service.TramoService - [] - Datos tramo anterior: Tramo(idTramo=70, tipoTramo=TipoTramo.ORIGEN_DESTINO, estado=EstadoTramo.FINALIZADO, costoAproximado=null, costoReal=null, fechaHoraInicioEstimado=2025-11-18T11:50:59.069, fechaHoraFinEstimado=2025-11-18T12:07:01.069, fechaHoraInicioReal=2025-11-18T10:00:04.842803, fechaHoraFinReal=2025-11-18T10:00:46.659381, orden=1, dominioCamion=22HTY01E, rutaTraslado=RutaTraslado(idRuta=26, cantidadTramos=3, cantidadDepositos=1, cargosGestionFijo=100.00, idSolicitud=20), idOrigen=1, idDestino=3)
2025-11-18 10:01:29.077 [http-nio-8092-exec-5] DEBUG b.g.tramos.service.TramoService - [] - Tramo ID 71 actualizado a INICIADO.
2025-11-18 10:01:29.097 [http-nio-8092-exec-5] INFO  b.g.tramos.service.TramoService - [] - Registro de INICIO de Tramo ID 71 completado.
2025-11-18 10:01:34.677 [http-nio-8092-exec-6] INFO  b.g.t.controller.TramoController - [] - Iniciando PATCH /api/tramos/registrarFin para Tramo ID: 71
2025-11-18 10:01:34.678 [http-nio-8092-exec-6] INFO  b.g.tramos.service.TramoService - [] - Iniciando registro de FIN de Tramo ID 71 por Camion 22HTY01E.
2025-11-18 10:01:34.702 [http-nio-8092-exec-6] WARN  b.g.t.repository.EnviosRepository - [] - EN_TRANSITO
2025-11-18 10:01:34.770 [http-nio-8092-exec-6] DEBUG b.g.tramos.service.TramoService - [] - Tramo ID 71 actualizado a FINALIZADO.
2025-11-18 10:01:34.771 [http-nio-8092-exec-6] INFO  b.g.tramos.service.TramoService - [] - Registro de FIN de Tramo ID 71 completado.
2025-11-18 10:01:40.001 [http-nio-8092-exec-7] INFO  b.g.t.controller.TramoController - [] - Iniciando PATCH /api/tramos/registrarInicio para Tramo ID: 72
2025-11-18 10:01:40.002 [http-nio-8092-exec-7] INFO  b.g.tramos.service.TramoService - [] - Iniciando registro de INICIO de Tramo ID 72 por Camion 22HTY01E.
2025-11-18 10:01:40.007 [http-nio-8092-exec-7] WARN  b.g.tramos.service.TramoService - [] - ACCION NO AUTORIZADA: Camion 22HTY01E intenta iniciar Tramo ID 72 asignado a Camion 23H33EE.
2025-11-18 10:01:40.008 [http-nio-8092-exec-7] WARN  b.g.tramos.service.TramoService - [] - Error de servicio al registrar INICIO de Tramo ID 72: 
2025-11-18 10:01:40.012 [http-nio-8092-exec-7] WARN  o.s.w.s.m.m.a.ExceptionHandlerExceptionResolver - [] - Resolved [backend.grupo130.tramos.config.exceptions.ServiceError: ]
2025-11-18 10:02:10.079 [http-nio-8092-exec-8] INFO  b.g.t.controller.TramoController - [] - Iniciando GET /api/tramos/getByRuta/26
2025-11-18 10:02:10.080 [http-nio-8092-exec-8] INFO  b.g.tramos.service.TramoService - [] - Iniciando busqueda de Tramos por Ruta ID: 26
2025-11-18 10:02:10.088 [http-nio-8092-exec-8] INFO  b.g.tramos.service.TramoService - [] - Busqueda de Tramos por Ruta ID 26 completada. Encontrados: 3 tramos.
2025-11-18 10:02:38.283 [http-nio-8092-exec-9] INFO  b.g.t.controller.TramoController - [] - Iniciando PATCH /api/tramos/registrarInicio para Tramo ID: 72
2025-11-18 10:02:38.284 [http-nio-8092-exec-9] INFO  b.g.tramos.service.TramoService - [] - Iniciando registro de INICIO de Tramo ID 72 por Camion 23H33EE.
2025-11-18 10:02:38.310 [http-nio-8092-exec-9] WARN  b.g.t.repository.EnviosRepository - [] - EN_TRANSITO
2025-11-18 10:02:38.322 [http-nio-8092-exec-9] DEBUG b.g.tramos.service.TramoService - [] - Iniciando Tramo Orden: 3
2025-11-18 10:02:38.324 [http-nio-8092-exec-9] DEBUG b.g.tramos.service.TramoService - [] - Verificando tramo anterior (Orden: 2). Estado: EstadoTramo.FINALIZADO
2025-11-18 10:02:38.325 [http-nio-8092-exec-9] DEBUG b.g.tramos.service.TramoService - [] - Datos tramo anterior: Tramo(idTramo=71, tipoTramo=TipoTramo.ORIGEN_DESTINO, estado=EstadoTramo.FINALIZADO, costoAproximado=null, costoReal=null, fechaHoraInicioEstimado=2025-11-18T12:07:01.069, fechaHoraFinEstimado=2025-11-18T16:23:00.069, fechaHoraInicioReal=2025-11-18T10:01:29.077064, fechaHoraFinReal=2025-11-18T10:01:34.770555, orden=2, dominioCamion=22HTY01E, rutaTraslado=RutaTraslado(idRuta=26, cantidadTramos=3, cantidadDepositos=1, cargosGestionFijo=100.00, idSolicitud=20), idOrigen=3, idDestino=4)
2025-11-18 10:02:38.376 [http-nio-8092-exec-9] DEBUG b.g.tramos.service.TramoService - [] - Tramo ID 72 actualizado a INICIADO.
2025-11-18 10:02:38.402 [http-nio-8092-exec-9] INFO  b.g.tramos.service.TramoService - [] - Registro de INICIO de Tramo ID 72 completado.
2025-11-18 10:02:45.075 [http-nio-8092-exec-10] INFO  b.g.t.controller.TramoController - [] - Iniciando PATCH /api/tramos/registrarFin para Tramo ID: 72
2025-11-18 10:02:45.077 [http-nio-8092-exec-10] INFO  b.g.tramos.service.TramoService - [] - Iniciando registro de FIN de Tramo ID 72 por Camion 23H33EE.
2025-11-18 10:02:45.109 [http-nio-8092-exec-10] WARN  b.g.t.repository.EnviosRepository - [] - EN_TRANSITO
2025-11-18 10:02:45.160 [http-nio-8092-exec-10] DEBUG b.g.tramos.service.TramoService - [] - Tramo ID 72 actualizado a FINALIZADO.
2025-11-18 10:02:45.180 [http-nio-8092-exec-10] INFO  b.g.tramos.service.TramoService - [] - Tramo finalizado en deposito. Actualizando Contenedor 31 a EN_DEPOSITO.
2025-11-18 10:02:45.196 [http-nio-8092-exec-10] INFO  b.g.tramos.service.TramoService - [] - Detectado fin del ultimo tramo (Orden 3 de 3). Finalizando Solicitud 20 y Contenedor 31.
2025-11-18 10:02:45.225 [http-nio-8092-exec-10] DEBUG b.g.tramos.service.TramoService - [] - Solicitud 20 actualizada a ENTREGADO.
2025-11-18 10:02:45.265 [http-nio-8092-exec-10] DEBUG b.g.tramos.service.TramoService - [] - Contenedor 31 actualizado a ENTREGADO.
2025-11-18 10:02:45.273 [http-nio-8092-exec-10] INFO  b.g.tramos.service.TramoService - [] - Costo final calculado para Solicitud 20: $188828.75
2025-11-18 10:02:45.418 [http-nio-8092-exec-10] WARN  b.g.tramos.service.TramoService - [] - Error de servicio al registrar FIN de Tramo ID 72: {"idSolicitud":"El ID de solicitud no puede ser nulo","status":400}
2025-11-18 10:02:45.434 [http-nio-8092-exec-10] WARN  o.s.w.s.m.m.a.ExceptionHandlerExceptionResolver - [] - Resolved [backend.grupo130.tramos.config.exceptions.ServiceError: {"idSolicitud":"El ID de solicitud no puede ser nulo","status":400}]
2025-11-18 10:07:03.622 [SpringApplicationShutdownHook] INFO  o.s.b.w.e.tomcat.GracefulShutdown - [] - Commencing graceful shutdown. Waiting for active requests to complete
2025-11-18 10:07:03.633 [tomcat-shutdown] INFO  o.s.b.w.e.tomcat.GracefulShutdown - [] - Graceful shutdown complete
2025-11-18 10:07:03.645 [SpringApplicationShutdownHook] INFO  o.s.o.j.LocalContainerEntityManagerFactoryBean - [] - Closing JPA EntityManagerFactory for persistence unit 'default'
2025-11-18 10:07:03.659 [SpringApplicationShutdownHook] INFO  com.zaxxer.hikari.HikariDataSource - [] - HikariPool-1 - Shutdown initiated...
2025-11-18 10:07:03.686 [SpringApplicationShutdownHook] INFO  com.zaxxer.hikari.HikariDataSource - [] - HikariPool-1 - Shutdown completed.
