2025-11-17 10:25:48.441 [restartedMain] INFO  b.grupo130.tramos.TramosApplication - [] - Starting TramosApplication using Java 21.0.8 with PID 36969 (/home/julian/CarpetaCentral/Programacion/Java/TPI-Backend/tramos/target/classes started by julian in /home/julian/CarpetaCentral/Programacion/Java/TPI-Backend/tramos)
2025-11-17 10:25:48.445 [restartedMain] DEBUG b.grupo130.tramos.TramosApplication - [] - Running with Spring Boot v3.5.7, Spring v6.2.12
2025-11-17 10:25:48.446 [restartedMain] INFO  b.grupo130.tramos.TramosApplication - [] - No active profile set, falling back to 1 default profile: "default"
2025-11-17 10:25:48.708 [restartedMain] INFO  o.s.b.d.e.DevToolsPropertyDefaultsPostProcessor - [] - Devtools property defaults active! Set 'spring.devtools.add-properties' to 'false' to disable
2025-11-17 10:25:48.708 [restartedMain] INFO  o.s.b.d.e.DevToolsPropertyDefaultsPostProcessor - [] - For additional web related logging consider setting the 'logging.level.web' property to 'DEBUG'
2025-11-17 10:25:51.006 [restartedMain] INFO  o.s.d.r.c.RepositoryConfigurationDelegate - [] - Bootstrapping Spring Data JPA repositories in DEFAULT mode.
2025-11-17 10:25:51.109 [restartedMain] INFO  o.s.d.r.c.RepositoryConfigurationDelegate - [] - Finished Spring Data repository scanning in 86 ms. Found 2 JPA repository interfaces.
2025-11-17 10:25:51.381 [restartedMain] INFO  o.s.cloud.context.scope.GenericScope - [] - BeanFactory id=a113eaeb-0276-3855-b9fe-d2ea94e02419
2025-11-17 10:25:52.071 [restartedMain] INFO  o.s.b.w.e.tomcat.TomcatWebServer - [] - Tomcat initialized with port 8092 (http)
2025-11-17 10:25:52.090 [restartedMain] INFO  o.a.coyote.http11.Http11NioProtocol - [] - Initializing ProtocolHandler ["http-nio-8092"]
2025-11-17 10:25:52.093 [restartedMain] INFO  o.a.catalina.core.StandardService - [] - Starting service [Tomcat]
2025-11-17 10:25:52.094 [restartedMain] INFO  o.a.catalina.core.StandardEngine - [] - Starting Servlet engine: [Apache Tomcat/10.1.48]
2025-11-17 10:25:52.154 [restartedMain] INFO  o.a.c.c.C.[Tomcat].[localhost].[/] - [] - Initializing Spring embedded WebApplicationContext
2025-11-17 10:25:52.155 [restartedMain] INFO  o.s.b.w.s.c.ServletWebServerApplicationContext - [] - Root WebApplicationContext: initialization completed in 3446 ms
2025-11-17 10:25:52.905 [restartedMain] INFO  o.s.o.j.p.SpringPersistenceUnitInfo - [] - No LoadTimeWeaver setup: ignoring JPA class transformer
2025-11-17 10:25:52.946 [restartedMain] INFO  com.zaxxer.hikari.HikariDataSource - [] - HikariPool-1 - Starting...
2025-11-17 10:25:53.181 [restartedMain] INFO  com.zaxxer.hikari.pool.HikariPool - [] - HikariPool-1 - Added connection org.postgresql.jdbc.PgConnection@3c6656b2
2025-11-17 10:25:53.184 [restartedMain] INFO  com.zaxxer.hikari.HikariDataSource - [] - HikariPool-1 - Start completed.
2025-11-17 10:25:53.238 [restartedMain] WARN  org.hibernate.orm.deprecation - [] - HHH90000025: PostgreSQLDialect does not need to be specified explicitly using 'hibernate.dialect' (remove the property setting and it will be selected by default)
2025-11-17 10:25:54.644 [restartedMain] INFO  o.s.o.j.LocalContainerEntityManagerFactoryBean - [] - Initialized JPA EntityManagerFactory for persistence unit 'default'
2025-11-17 10:25:55.288 [restartedMain] INFO  o.s.d.j.r.query.QueryEnhancerFactory - [] - Hibernate is in classpath; If applicable, HQL parser will be used.
2025-11-17 10:25:56.263 [restartedMain] WARN  o.s.b.a.o.j.JpaBaseConfiguration$JpaWebConfiguration - [] - spring.jpa.open-in-view is enabled by default. Therefore, database queries may be performed during view rendering. Explicitly configure spring.jpa.open-in-view to disable this warning
2025-11-17 10:25:56.304 [restartedMain] WARN  o.s.b.d.a.OptionalLiveReloadServer - [] - Unable to start LiveReload server
2025-11-17 10:25:57.255 [restartedMain] INFO  o.a.coyote.http11.Http11NioProtocol - [] - Starting ProtocolHandler ["http-nio-8092"]
2025-11-17 10:25:57.271 [restartedMain] INFO  o.s.b.w.e.tomcat.TomcatWebServer - [] - Tomcat started on port 8092 (http) with context path '/'
2025-11-17 10:25:57.290 [restartedMain] INFO  b.grupo130.tramos.TramosApplication - [] - Started TramosApplication in 10.858 seconds (process running for 11.845)
2025-11-17 11:25:25.802 [http-nio-8092-exec-1] INFO  o.a.c.c.C.[Tomcat].[localhost].[/] - [] - Initializing Spring DispatcherServlet 'dispatcherServlet'
2025-11-17 11:25:25.820 [http-nio-8092-exec-1] INFO  o.s.web.servlet.DispatcherServlet - [] - Initializing Servlet 'dispatcherServlet'
2025-11-17 11:25:25.867 [http-nio-8092-exec-1] INFO  o.s.web.servlet.DispatcherServlet - [] - Completed initialization in 46 ms
2025-11-17 11:25:28.179 [http-nio-8092-exec-4] INFO  o.s.api.AbstractOpenApiResource - [] - Init duration for springdoc-openapi is: 1591 ms
2025-11-17 11:48:35.954 [SpringApplicationShutdownHook] INFO  o.s.b.w.e.tomcat.GracefulShutdown - [] - Commencing graceful shutdown. Waiting for active requests to complete
2025-11-17 11:48:35.985 [tomcat-shutdown] INFO  o.s.b.w.e.tomcat.GracefulShutdown - [] - Graceful shutdown complete
2025-11-17 11:48:36.021 [SpringApplicationShutdownHook] INFO  o.s.o.j.LocalContainerEntityManagerFactoryBean - [] - Closing JPA EntityManagerFactory for persistence unit 'default'
2025-11-17 11:48:36.055 [SpringApplicationShutdownHook] INFO  com.zaxxer.hikari.HikariDataSource - [] - HikariPool-1 - Shutdown initiated...
2025-11-17 11:48:36.073 [SpringApplicationShutdownHook] INFO  com.zaxxer.hikari.HikariDataSource - [] - HikariPool-1 - Shutdown completed.
2025-11-17 11:49:02.154 [restartedMain] INFO  b.grupo130.tramos.TramosApplication - [] - Starting TramosApplication using Java 21.0.8 with PID 44089 (/home/julian/CarpetaCentral/Programacion/Java/TPI-Backend/tramos/target/classes started by julian in /home/julian/CarpetaCentral/Programacion/Java/TPI-Backend/tramos)
2025-11-17 11:49:02.157 [restartedMain] DEBUG b.grupo130.tramos.TramosApplication - [] - Running with Spring Boot v3.5.7, Spring v6.2.12
2025-11-17 11:49:02.161 [restartedMain] INFO  b.grupo130.tramos.TramosApplication - [] - No active profile set, falling back to 1 default profile: "default"
2025-11-17 11:49:02.281 [restartedMain] INFO  o.s.b.d.e.DevToolsPropertyDefaultsPostProcessor - [] - Devtools property defaults active! Set 'spring.devtools.add-properties' to 'false' to disable
2025-11-17 11:49:02.282 [restartedMain] INFO  o.s.b.d.e.DevToolsPropertyDefaultsPostProcessor - [] - For additional web related logging consider setting the 'logging.level.web' property to 'DEBUG'
2025-11-17 11:49:04.132 [restartedMain] INFO  o.s.d.r.c.RepositoryConfigurationDelegate - [] - Bootstrapping Spring Data JPA repositories in DEFAULT mode.
2025-11-17 11:49:04.242 [restartedMain] INFO  o.s.d.r.c.RepositoryConfigurationDelegate - [] - Finished Spring Data repository scanning in 89 ms. Found 2 JPA repository interfaces.
2025-11-17 11:49:04.619 [restartedMain] INFO  o.s.cloud.context.scope.GenericScope - [] - BeanFactory id=a113eaeb-0276-3855-b9fe-d2ea94e02419
2025-11-17 11:49:05.447 [restartedMain] INFO  o.s.b.w.e.tomcat.TomcatWebServer - [] - Tomcat initialized with port 8092 (http)
2025-11-17 11:49:05.470 [restartedMain] INFO  o.a.coyote.http11.Http11NioProtocol - [] - Initializing ProtocolHandler ["http-nio-8092"]
2025-11-17 11:49:05.475 [restartedMain] INFO  o.a.catalina.core.StandardService - [] - Starting service [Tomcat]
2025-11-17 11:49:05.476 [restartedMain] INFO  o.a.catalina.core.StandardEngine - [] - Starting Servlet engine: [Apache Tomcat/10.1.48]
2025-11-17 11:49:05.580 [restartedMain] INFO  o.a.c.c.C.[Tomcat].[localhost].[/] - [] - Initializing Spring embedded WebApplicationContext
2025-11-17 11:49:05.581 [restartedMain] INFO  o.s.b.w.s.c.ServletWebServerApplicationContext - [] - Root WebApplicationContext: initialization completed in 3298 ms
2025-11-17 11:49:06.795 [restartedMain] INFO  o.s.o.j.p.SpringPersistenceUnitInfo - [] - No LoadTimeWeaver setup: ignoring JPA class transformer
2025-11-17 11:49:06.848 [restartedMain] INFO  com.zaxxer.hikari.HikariDataSource - [] - HikariPool-1 - Starting...
2025-11-17 11:49:07.098 [restartedMain] INFO  com.zaxxer.hikari.pool.HikariPool - [] - HikariPool-1 - Added connection org.postgresql.jdbc.PgConnection@7a65b8a3
2025-11-17 11:49:07.100 [restartedMain] INFO  com.zaxxer.hikari.HikariDataSource - [] - HikariPool-1 - Start completed.
2025-11-17 11:49:07.183 [restartedMain] WARN  org.hibernate.orm.deprecation - [] - HHH90000025: PostgreSQLDialect does not need to be specified explicitly using 'hibernate.dialect' (remove the property setting and it will be selected by default)
2025-11-17 11:49:08.969 [restartedMain] INFO  o.s.o.j.LocalContainerEntityManagerFactoryBean - [] - Initialized JPA EntityManagerFactory for persistence unit 'default'
2025-11-17 11:49:09.729 [restartedMain] INFO  o.s.d.j.r.query.QueryEnhancerFactory - [] - Hibernate is in classpath; If applicable, HQL parser will be used.
2025-11-17 11:49:10.843 [restartedMain] WARN  o.s.b.a.o.j.JpaBaseConfiguration$JpaWebConfiguration - [] - spring.jpa.open-in-view is enabled by default. Therefore, database queries may be performed during view rendering. Explicitly configure spring.jpa.open-in-view to disable this warning
2025-11-17 11:49:10.894 [restartedMain] WARN  o.s.b.d.a.OptionalLiveReloadServer - [] - Unable to start LiveReload server
2025-11-17 11:49:12.154 [restartedMain] INFO  o.a.coyote.http11.Http11NioProtocol - [] - Starting ProtocolHandler ["http-nio-8092"]
2025-11-17 11:49:12.177 [restartedMain] INFO  o.s.b.w.e.tomcat.TomcatWebServer - [] - Tomcat started on port 8092 (http) with context path '/'
2025-11-17 11:49:12.200 [restartedMain] INFO  b.grupo130.tramos.TramosApplication - [] - Started TramosApplication in 11.487 seconds (process running for 13.213)
2025-11-17 11:50:10.741 [http-nio-8092-exec-1] INFO  o.a.c.c.C.[Tomcat].[localhost].[/] - [] - Initializing Spring DispatcherServlet 'dispatcherServlet'
2025-11-17 11:50:10.742 [http-nio-8092-exec-1] INFO  o.s.web.servlet.DispatcherServlet - [] - Initializing Servlet 'dispatcherServlet'
2025-11-17 11:50:10.747 [http-nio-8092-exec-1] INFO  o.s.web.servlet.DispatcherServlet - [] - Completed initialization in 5 ms
2025-11-17 11:50:12.651 [http-nio-8092-exec-4] INFO  o.s.api.AbstractOpenApiResource - [] - Init duration for springdoc-openapi is: 1266 ms
2025-11-17 11:50:33.552 [http-nio-8092-exec-5] INFO  b.g.tramos.controller.RutaController - [] - Iniciando POST /api/rutas/getRutaTentativa para Solicitud ID: 8
2025-11-17 11:50:33.579 [http-nio-8092-exec-5] INFO  b.g.tramos.service.RutaService - [] - Iniciando calculo de Ruta Tentativa para Solicitud ID: 8
2025-11-17 11:50:34.708 [http-nio-8092-exec-5] WARN  b.g.tramos.service.RutaService - [] - La solicitud 8 no tiene tarifa (es nula). Creando una nueva instancia de Tarifa en memoria.
2025-11-17 11:50:34.709 [http-nio-8092-exec-5] DEBUG b.g.tramos.service.RutaService - [] - Buscando Contenedor ID: 20
2025-11-17 11:50:36.529 [http-nio-8092-exec-5] DEBUG b.g.tramos.service.RutaService - [] - Calculando costo base promedio para peso 150.00 y volumen 201.00.
2025-11-17 11:50:40.055 [http-nio-8092-exec-5] DEBUG b.g.tramos.service.RutaService - [] - Calculando consumo promedio de combustible.
2025-11-17 11:50:40.600 [http-nio-8092-exec-5] INFO  b.g.tramos.service.RutaService - [] - Nueva Ruta (tentativa) creada con ID: 14
2025-11-17 11:50:40.603 [http-nio-8092-exec-5] DEBUG b.g.tramos.service.RutaService - [] - Iniciando procesamiento de 3 ubicaciones para crear tramos.
2025-11-17 11:50:41.482 [http-nio-8092-exec-5] DEBUG b.g.tramos.service.RutaService - [] - Calculando ruta OSRM entre 1 (1) y 5 (5).
2025-11-17 11:50:47.417 [http-nio-8092-exec-5] DEBUG b.g.tramos.service.RutaService - [] - Tramo null (Orden 1) creado.
2025-11-17 11:50:47.489 [http-nio-8092-exec-5] DEBUG b.g.tramos.service.RutaService - [] - Calculando ruta OSRM entre 5 (5) y 3 (3).
2025-11-17 11:50:48.338 [http-nio-8092-exec-5] DEBUG b.g.tramos.service.RutaService - [] - Tramo null (Orden 2) creado.
2025-11-17 11:50:48.390 [http-nio-8092-exec-5] INFO  b.g.tramos.service.RutaService - [] - Guardados 2 tramos para la Ruta ID: 14
2025-11-17 11:50:48.392 [http-nio-8092-exec-5] DEBUG b.g.tramos.service.RutaService - [] - Costo estimado calculado: 164732185.00
2025-11-17 11:50:48.393 [http-nio-8092-exec-5] DEBUG b.g.tramos.service.RutaService - [] - Tiempo estimado calculado: 9.05 horas.
2025-11-17 11:50:48.393 [http-nio-8092-exec-5] DEBUG b.g.tramos.service.RutaService - [] - Valor original log.warn de horas: 9.05
2025-11-17 11:50:48.393 [http-nio-8092-exec-5] INFO  b.g.tramos.service.RutaService - [] - Actualizando Solicitud ID: 8 con datos de ruta tentativa.
2025-11-17 11:50:49.184 [http-nio-8092-exec-5] WARN  b.g.tramos.service.RutaService - [] - Error de servicio al calcular Ruta Tentativa para Solicitud ID 8: {"message":"could not execute statement [ERROR: numeric field overflow\n  Detail: A field with precision 10, scale 2 must round to an absolute value less than 10^8.] [insert into tarifa (consumo_aprox,costo_base,costo_estadia,costo_estimado,costo_final,peso_max,valor_litro,volumen_max) values (?,?,?,?,?,?,?,?)]; SQL [insert into tarifa (consumo_aprox,costo_base,costo_estadia,costo_estimado,costo_final,peso_max,valor_litro,volumen_max) values (?,?,?,?,?,?,?,?)]","status":500}
2025-11-17 11:50:49.222 [http-nio-8092-exec-5] WARN  o.s.w.s.m.m.a.ExceptionHandlerExceptionResolver - [] - Resolved [backend.grupo130.tramos.config.exceptions.ServiceError: {"message":"could not execute statement [ERROR: numeric field overflow\n  Detail: A field with precision 10, scale 2 must round to an absolute value less than 10^8.] [insert into tarifa (consumo_aprox,costo_base,costo_estadia,costo_estimado,costo_final,peso_max,valor_litro,volumen_max) values (?,?,?,?,?,?,?,?)]; SQL [insert into tarifa (consumo_aprox,costo_base,costo_estadia,costo_estimado,costo_final,peso_max,valor_litro,volumen_max) values (?,?,?,?,?,?,?,?)]","status":500}]
2025-11-17 11:51:17.777 [http-nio-8092-exec-7] INFO  b.g.tramos.controller.RutaController - [] - Iniciando POST /api/rutas/getRutaTentativa para Solicitud ID: 8
2025-11-17 11:51:17.783 [http-nio-8092-exec-7] INFO  b.g.tramos.service.RutaService - [] - Iniciando calculo de Ruta Tentativa para Solicitud ID: 8
2025-11-17 11:51:17.846 [http-nio-8092-exec-7] WARN  b.g.tramos.service.RutaService - [] - La solicitud 8 no tiene tarifa (es nula). Creando una nueva instancia de Tarifa en memoria.
2025-11-17 11:51:17.847 [http-nio-8092-exec-7] DEBUG b.g.tramos.service.RutaService - [] - Buscando Contenedor ID: 20
2025-11-17 11:51:17.973 [http-nio-8092-exec-7] DEBUG b.g.tramos.service.RutaService - [] - Calculando costo base promedio para peso 150.00 y volumen 201.00.
2025-11-17 11:51:18.044 [http-nio-8092-exec-7] DEBUG b.g.tramos.service.RutaService - [] - Calculando consumo promedio de combustible.
2025-11-17 11:51:18.099 [http-nio-8092-exec-7] INFO  b.g.tramos.service.RutaService - [] - Nueva Ruta (tentativa) creada con ID: 15
2025-11-17 11:51:18.099 [http-nio-8092-exec-7] DEBUG b.g.tramos.service.RutaService - [] - Iniciando procesamiento de 3 ubicaciones para crear tramos.
2025-11-17 11:51:18.251 [http-nio-8092-exec-7] DEBUG b.g.tramos.service.RutaService - [] - Calculando ruta OSRM entre 1 (1) y 2 (2).
2025-11-17 11:51:23.785 [http-nio-8092-exec-7] DEBUG b.g.tramos.service.RutaService - [] - Tramo null (Orden 1) creado.
2025-11-17 11:51:23.909 [http-nio-8092-exec-7] DEBUG b.g.tramos.service.RutaService - [] - Calculando ruta OSRM entre 2 (2) y 3 (3).
2025-11-17 11:51:24.781 [http-nio-8092-exec-7] DEBUG b.g.tramos.service.RutaService - [] - Tramo null (Orden 2) creado.
2025-11-17 11:51:24.792 [http-nio-8092-exec-7] INFO  b.g.tramos.service.RutaService - [] - Guardados 2 tramos para la Ruta ID: 15
2025-11-17 11:51:24.793 [http-nio-8092-exec-7] DEBUG b.g.tramos.service.RutaService - [] - Costo estimado calculado: 3458037.50
2025-11-17 11:51:24.794 [http-nio-8092-exec-7] DEBUG b.g.tramos.service.RutaService - [] - Tiempo estimado calculado: 0.33 horas.
2025-11-17 11:51:24.795 [http-nio-8092-exec-7] DEBUG b.g.tramos.service.RutaService - [] - Valor original log.warn de horas: 0.33
2025-11-17 11:51:24.796 [http-nio-8092-exec-7] INFO  b.g.tramos.service.RutaService - [] - Actualizando Solicitud ID: 8 con datos de ruta tentativa.
2025-11-17 11:51:25.014 [http-nio-8092-exec-7] INFO  b.g.tramos.service.RutaService - [] - Ruta Tentativa para Solicitud ID 8 calculada exitosamente. Ruta ID: 15
2025-11-17 11:53:49.708 [http-nio-8092-exec-9] INFO  b.g.tramos.controller.RutaController - [] - Iniciando POST /api/rutas/getRutaTentativa para Solicitud ID: 8
2025-11-17 11:53:49.713 [http-nio-8092-exec-9] INFO  b.g.tramos.service.RutaService - [] - Iniciando calculo de Ruta Tentativa para Solicitud ID: 8
2025-11-17 11:53:49.769 [http-nio-8092-exec-9] DEBUG b.g.tramos.service.RutaService - [] - Buscando Contenedor ID: 20
2025-11-17 11:53:49.949 [http-nio-8092-exec-9] DEBUG b.g.tramos.service.RutaService - [] - Calculando costo base promedio para peso 150.00 y volumen 201.00.
2025-11-17 11:53:49.980 [http-nio-8092-exec-9] DEBUG b.g.tramos.service.RutaService - [] - Calculando consumo promedio de combustible.
2025-11-17 11:53:50.002 [http-nio-8092-exec-9] INFO  b.g.tramos.service.RutaService - [] - Nueva Ruta (tentativa) creada con ID: 16
2025-11-17 11:53:50.003 [http-nio-8092-exec-9] DEBUG b.g.tramos.service.RutaService - [] - Iniciando procesamiento de 3 ubicaciones para crear tramos.
2025-11-17 11:53:50.145 [http-nio-8092-exec-9] DEBUG b.g.tramos.service.RutaService - [] - Calculando ruta OSRM entre 1 (1) y 3 (3).
2025-11-17 11:53:55.703 [http-nio-8092-exec-9] DEBUG b.g.tramos.service.RutaService - [] - Tramo null (Orden 1) creado.
2025-11-17 11:53:55.756 [http-nio-8092-exec-9] DEBUG b.g.tramos.service.RutaService - [] - Calculando ruta OSRM entre 3 (3) y 2 (2).
2025-11-17 11:53:56.704 [http-nio-8092-exec-9] DEBUG b.g.tramos.service.RutaService - [] - Tramo null (Orden 2) creado.
2025-11-17 11:53:56.733 [http-nio-8092-exec-9] INFO  b.g.tramos.service.RutaService - [] - Guardados 2 tramos para la Ruta ID: 16
2025-11-17 11:53:56.734 [http-nio-8092-exec-9] DEBUG b.g.tramos.service.RutaService - [] - Costo estimado calculado: 5625800.00
2025-11-17 11:53:56.737 [http-nio-8092-exec-9] DEBUG b.g.tramos.service.RutaService - [] - Tiempo estimado calculado: 0.54 horas.
2025-11-17 11:53:56.737 [http-nio-8092-exec-9] DEBUG b.g.tramos.service.RutaService - [] - Valor original log.warn de horas: 0.54
2025-11-17 11:53:56.737 [http-nio-8092-exec-9] INFO  b.g.tramos.service.RutaService - [] - Actualizando Solicitud ID: 8 con datos de ruta tentativa.
2025-11-17 11:53:56.826 [http-nio-8092-exec-9] INFO  b.g.tramos.service.RutaService - [] - Ruta Tentativa para Solicitud ID 8 calculada exitosamente. Ruta ID: 16
2025-11-17 11:54:26.784 [http-nio-8092-exec-10] INFO  b.g.tramos.controller.RutaController - [] - Iniciando POST /api/rutas/getRutaTentativa para Solicitud ID: 8
2025-11-17 11:54:26.787 [http-nio-8092-exec-10] INFO  b.g.tramos.service.RutaService - [] - Iniciando calculo de Ruta Tentativa para Solicitud ID: 8
2025-11-17 11:54:26.820 [http-nio-8092-exec-10] DEBUG b.g.tramos.service.RutaService - [] - Buscando Contenedor ID: 20
2025-11-17 11:54:26.868 [http-nio-8092-exec-10] DEBUG b.g.tramos.service.RutaService - [] - Calculando costo base promedio para peso 150.00 y volumen 201.00.
2025-11-17 11:54:26.914 [http-nio-8092-exec-10] DEBUG b.g.tramos.service.RutaService - [] - Calculando consumo promedio de combustible.
2025-11-17 11:54:26.961 [http-nio-8092-exec-10] INFO  b.g.tramos.service.RutaService - [] - Nueva Ruta (tentativa) creada con ID: 17
2025-11-17 11:54:26.967 [http-nio-8092-exec-10] DEBUG b.g.tramos.service.RutaService - [] - Iniciando procesamiento de 3 ubicaciones para crear tramos.
2025-11-17 11:54:27.055 [http-nio-8092-exec-10] DEBUG b.g.tramos.service.RutaService - [] - Calculando ruta OSRM entre 4 (4) y 5 (5).
2025-11-17 11:54:32.587 [http-nio-8092-exec-10] DEBUG b.g.tramos.service.RutaService - [] - Tramo null (Orden 1) creado.
2025-11-17 11:54:32.655 [http-nio-8092-exec-10] DEBUG b.g.tramos.service.RutaService - [] - Calculando ruta OSRM entre 5 (5) y 6 (6).
2025-11-17 11:54:33.583 [http-nio-8092-exec-10] DEBUG b.g.tramos.service.RutaService - [] - Tramo null (Orden 2) creado.
2025-11-17 11:54:33.598 [http-nio-8092-exec-10] INFO  b.g.tramos.service.RutaService - [] - Guardados 2 tramos para la Ruta ID: 17
2025-11-17 11:54:33.602 [http-nio-8092-exec-10] DEBUG b.g.tramos.service.RutaService - [] - Costo estimado calculado: 39649532.50
2025-11-17 11:54:33.602 [http-nio-8092-exec-10] DEBUG b.g.tramos.service.RutaService - [] - Tiempo estimado calculado: 2.04 horas.
2025-11-17 11:54:33.603 [http-nio-8092-exec-10] DEBUG b.g.tramos.service.RutaService - [] - Valor original log.warn de horas: 2.04
2025-11-17 11:54:33.603 [http-nio-8092-exec-10] INFO  b.g.tramos.service.RutaService - [] - Actualizando Solicitud ID: 8 con datos de ruta tentativa.
2025-11-17 11:54:33.683 [http-nio-8092-exec-10] INFO  b.g.tramos.service.RutaService - [] - Ruta Tentativa para Solicitud ID 8 calculada exitosamente. Ruta ID: 17
2025-11-17 11:55:18.990 [http-nio-8092-exec-1] INFO  b.g.tramos.controller.RutaController - [] - Iniciando POST /api/rutas/getRutaTentativa para Solicitud ID: 8
2025-11-17 11:55:18.992 [http-nio-8092-exec-1] INFO  b.g.tramos.service.RutaService - [] - Iniciando calculo de Ruta Tentativa para Solicitud ID: 8
2025-11-17 11:55:19.048 [http-nio-8092-exec-1] DEBUG b.g.tramos.service.RutaService - [] - Buscando Contenedor ID: 20
2025-11-17 11:55:19.175 [http-nio-8092-exec-1] DEBUG b.g.tramos.service.RutaService - [] - Calculando costo base promedio para peso 150.00 y volumen 201.00.
2025-11-17 11:55:19.236 [http-nio-8092-exec-1] DEBUG b.g.tramos.service.RutaService - [] - Calculando consumo promedio de combustible.
2025-11-17 11:55:19.281 [http-nio-8092-exec-1] INFO  b.g.tramos.service.RutaService - [] - Nueva Ruta (tentativa) creada con ID: 18
2025-11-17 11:55:19.282 [http-nio-8092-exec-1] DEBUG b.g.tramos.service.RutaService - [] - Iniciando procesamiento de 3 ubicaciones para crear tramos.
2025-11-17 11:55:19.396 [http-nio-8092-exec-1] DEBUG b.g.tramos.service.RutaService - [] - Calculando ruta OSRM entre 1 (1) y 2 (2).
2025-11-17 11:55:24.924 [http-nio-8092-exec-1] DEBUG b.g.tramos.service.RutaService - [] - Tramo null (Orden 1) creado.
2025-11-17 11:55:24.974 [http-nio-8092-exec-1] DEBUG b.g.tramos.service.RutaService - [] - Calculando ruta OSRM entre 2 (2) y 3 (3).
2025-11-17 11:55:25.927 [http-nio-8092-exec-1] DEBUG b.g.tramos.service.RutaService - [] - Tramo null (Orden 2) creado.
2025-11-17 11:55:25.936 [http-nio-8092-exec-1] INFO  b.g.tramos.service.RutaService - [] - Guardados 2 tramos para la Ruta ID: 18
2025-11-17 11:55:25.937 [http-nio-8092-exec-1] DEBUG b.g.tramos.service.RutaService - [] - Costo estimado calculado: 3458037.50
2025-11-17 11:55:25.938 [http-nio-8092-exec-1] DEBUG b.g.tramos.service.RutaService - [] - Tiempo estimado calculado: 0.33 horas.
2025-11-17 11:55:25.938 [http-nio-8092-exec-1] DEBUG b.g.tramos.service.RutaService - [] - Valor original log.warn de horas: 0.33
2025-11-17 11:55:25.938 [http-nio-8092-exec-1] INFO  b.g.tramos.service.RutaService - [] - Actualizando Solicitud ID: 8 con datos de ruta tentativa.
2025-11-17 11:55:25.990 [http-nio-8092-exec-1] INFO  b.g.tramos.service.RutaService - [] - Ruta Tentativa para Solicitud ID 8 calculada exitosamente. Ruta ID: 18
2025-11-17 11:55:46.955 [http-nio-8092-exec-2] INFO  b.g.tramos.controller.RutaController - [] - Iniciando POST /api/rutas/getRutaTentativa para Solicitud ID: 8
2025-11-17 11:55:46.957 [http-nio-8092-exec-2] INFO  b.g.tramos.service.RutaService - [] - Iniciando calculo de Ruta Tentativa para Solicitud ID: 8
2025-11-17 11:55:47.009 [http-nio-8092-exec-2] DEBUG b.g.tramos.service.RutaService - [] - Buscando Contenedor ID: 20
2025-11-17 11:55:47.120 [http-nio-8092-exec-2] DEBUG b.g.tramos.service.RutaService - [] - Calculando costo base promedio para peso 150.00 y volumen 201.00.
2025-11-17 11:55:47.145 [http-nio-8092-exec-2] DEBUG b.g.tramos.service.RutaService - [] - Calculando consumo promedio de combustible.
2025-11-17 11:55:47.166 [http-nio-8092-exec-2] INFO  b.g.tramos.service.RutaService - [] - Nueva Ruta (tentativa) creada con ID: 19
2025-11-17 11:55:47.166 [http-nio-8092-exec-2] DEBUG b.g.tramos.service.RutaService - [] - Iniciando procesamiento de 3 ubicaciones para crear tramos.
2025-11-17 11:55:47.208 [http-nio-8092-exec-2] DEBUG b.g.tramos.service.RutaService - [] - Calculando ruta OSRM entre 4 (4) y 5 (5).
2025-11-17 11:55:47.465 [http-nio-8092-exec-2] DEBUG b.g.tramos.service.RutaService - [] - Tramo null (Orden 1) creado.
2025-11-17 11:55:47.599 [http-nio-8092-exec-2] DEBUG b.g.tramos.service.RutaService - [] - Calculando ruta OSRM entre 5 (5) y 6 (6).
2025-11-17 11:55:48.457 [http-nio-8092-exec-2] DEBUG b.g.tramos.service.RutaService - [] - Tramo null (Orden 2) creado.
2025-11-17 11:55:48.474 [http-nio-8092-exec-2] INFO  b.g.tramos.service.RutaService - [] - Guardados 2 tramos para la Ruta ID: 19
2025-11-17 11:55:48.474 [http-nio-8092-exec-2] DEBUG b.g.tramos.service.RutaService - [] - Costo estimado calculado: 39649532.50
2025-11-17 11:55:48.475 [http-nio-8092-exec-2] DEBUG b.g.tramos.service.RutaService - [] - Tiempo estimado calculado: 2.04 horas.
2025-11-17 11:55:48.475 [http-nio-8092-exec-2] DEBUG b.g.tramos.service.RutaService - [] - Valor original log.warn de horas: 2.04
2025-11-17 11:55:48.475 [http-nio-8092-exec-2] INFO  b.g.tramos.service.RutaService - [] - Actualizando Solicitud ID: 8 con datos de ruta tentativa.
2025-11-17 11:55:48.526 [http-nio-8092-exec-2] INFO  b.g.tramos.service.RutaService - [] - Ruta Tentativa para Solicitud ID 8 calculada exitosamente. Ruta ID: 19
2025-11-17 11:56:08.033 [http-nio-8092-exec-3] INFO  b.g.tramos.controller.RutaController - [] - Iniciando POST /api/rutas/getRutaTentativa para Solicitud ID: 8
2025-11-17 11:56:08.035 [http-nio-8092-exec-3] INFO  b.g.tramos.service.RutaService - [] - Iniciando calculo de Ruta Tentativa para Solicitud ID: 8
2025-11-17 11:56:08.062 [http-nio-8092-exec-3] DEBUG b.g.tramos.service.RutaService - [] - Buscando Contenedor ID: 20
2025-11-17 11:56:08.123 [http-nio-8092-exec-3] DEBUG b.g.tramos.service.RutaService - [] - Calculando costo base promedio para peso 150.00 y volumen 201.00.
2025-11-17 11:56:08.147 [http-nio-8092-exec-3] DEBUG b.g.tramos.service.RutaService - [] - Calculando consumo promedio de combustible.
2025-11-17 11:56:08.178 [http-nio-8092-exec-3] INFO  b.g.tramos.service.RutaService - [] - Nueva Ruta (tentativa) creada con ID: 20
2025-11-17 11:56:08.179 [http-nio-8092-exec-3] DEBUG b.g.tramos.service.RutaService - [] - Iniciando procesamiento de 4 ubicaciones para crear tramos.
2025-11-17 11:56:08.242 [http-nio-8092-exec-3] DEBUG b.g.tramos.service.RutaService - [] - Calculando ruta OSRM entre 4 (4) y 5 (5).
2025-11-17 11:56:13.535 [http-nio-8092-exec-3] DEBUG b.g.tramos.service.RutaService - [] - Tramo null (Orden 1) creado.
2025-11-17 11:56:13.587 [http-nio-8092-exec-3] DEBUG b.g.tramos.service.RutaService - [] - Calculando ruta OSRM entre 5 (5) y 6 (6).
2025-11-17 11:56:14.535 [http-nio-8092-exec-3] DEBUG b.g.tramos.service.RutaService - [] - Tramo null (Orden 2) creado.
2025-11-17 11:56:14.585 [http-nio-8092-exec-3] DEBUG b.g.tramos.service.RutaService - [] - Calculando ruta OSRM entre 6 (6) y 1 (1).
2025-11-17 11:56:15.554 [http-nio-8092-exec-3] DEBUG b.g.tramos.service.RutaService - [] - Tramo null (Orden 3) creado.
2025-11-17 11:56:15.586 [http-nio-8092-exec-3] INFO  b.g.tramos.service.RutaService - [] - Guardados 3 tramos para la Ruta ID: 20
2025-11-17 11:56:15.586 [http-nio-8092-exec-3] DEBUG b.g.tramos.service.RutaService - [] - Costo estimado calculado: 121253117.50
2025-11-17 11:56:15.586 [http-nio-8092-exec-3] DEBUG b.g.tramos.service.RutaService - [] - Tiempo estimado calculado: 6.51 horas.
2025-11-17 11:56:15.586 [http-nio-8092-exec-3] DEBUG b.g.tramos.service.RutaService - [] - Valor original log.warn de horas: 6.51
2025-11-17 11:56:15.586 [http-nio-8092-exec-3] INFO  b.g.tramos.service.RutaService - [] - Actualizando Solicitud ID: 8 con datos de ruta tentativa.
2025-11-17 11:56:15.959 [http-nio-8092-exec-3] WARN  b.g.tramos.service.RutaService - [] - Error de servicio al calcular Ruta Tentativa para Solicitud ID 8: {"timestamp":"2025-11-17T14:56:15.903+00:00","status":500,"error":"Internal Server Error","trace":"org.springframework.dao.DataIntegrityViolationException: could not execute statement [ERROR: numeric field overflow\n  Detail: A field with precision 10, scale 2 must round to an absolute value less than 10^8.] [update tarifa set consumo_aprox=?,costo_base=?,costo_estadia=?,costo_estimado=?,costo_final=?,peso_max=?,valor_litro=?,volumen_max=? where id_tarifa=?]; SQL [update tarifa set consumo_aprox=?,costo_base=?,costo_estadia=?,costo_estimado=?,costo_final=?,peso_max=?,valor_litro=?,volumen_max=? where id_tarifa=?]\n\tat org.springframework.orm.jpa.vendor.HibernateJpaDialect.convertHibernateAccessException(HibernateJpaDialect.java:297)\n\tat org.springframework.orm.jpa.vendor.HibernateJpaDialect.convertHibernateAccessException(HibernateJpaDialect.java:256)\n\tat org.springframework.orm.jpa.vendor.HibernateJpaDialect.translateExceptionIfPossible(HibernateJpaDialect.java:241)\n\tat org.springframework.orm.jpa.JpaTransactionManager.doCommit(JpaTransactionManager.java:567)\n\tat org.springframework.transaction.support.AbstractPlatformTransactionManager.processCommit(AbstractPlatformTransactionManager.java:795)\n\tat org.springframework.transaction.support.AbstractPlatformTransactionManager.commit(AbstractPlatformTransactionManager.java:758)\n\tat org.springframework.transaction.interceptor.TransactionAspectSupport.commitTransactionAfterReturning(TransactionAspectSupport.java:698)\n\tat org.springframework.transaction.interceptor.TransactionAspectSupport.invokeWithinTransaction(TransactionAspectSupport.java:416)\n\tat org.springframework.transaction.interceptor.TransactionInterceptor.invoke(TransactionInterceptor.java:119)\n\tat org.springframework.aop.framework.ReflectiveMethodInvocation.proceed(ReflectiveMethodInvocation.java:184)\n\tat org.springframework.aop.framework.CglibAopProxy$DynamicAdvisedInterceptor.intercept(CglibAopProxy.java:728)\n\tat backend.grupo130.envios.service.SolicitudService$$SpringCGLIB$$0.edit(<generated>)\n\tat backend.grupo130.envios.controller.SolicitudController.edit(SolicitudController.java:69)\n\tat java.base/jdk.internal.reflect.DirectMethodHandleAccessor.invoke(DirectMethodHandleAccessor.java:103)\n\tat java.base/java.lang.reflect.Method.invoke(Method.java:580)\n\tat org.springframework.web.method.support.InvocableHandlerMethod.doInvoke(InvocableHandlerMethod.java:258)\n\tat org.springframework.web.method.support.InvocableHandlerMethod.invokeForRequest(InvocableHandlerMethod.java:191)\n\tat org.springframework.web.servlet.mvc.method.annotation.ServletInvocableHandlerMethod.invokeAndHandle(ServletInvocableHandlerMethod.java:118)\n\tat org.springframework.web.servlet.mvc.method.annotation.RequestMappingHandlerAdapter.invokeHandlerMethod(RequestMappingHandlerAdapter.java:991)\n\tat org.springframework.web.servlet.mvc.method.annotation.RequestMappingHandlerAdapter.handleInternal(RequestMappingHandlerAdapter.java:896)\n\tat org.springframework.web.servlet.mvc.method.AbstractHandlerMethodAdapter.handle(AbstractHandlerMethodAdapter.java:87)\n\tat org.springframework.web.servlet.DispatcherServlet.doDispatch(DispatcherServlet.java:1089)\n\tat org.springframework.web.servlet.DispatcherServlet.doService(DispatcherServlet.java:979)\n\tat org.springframework.web.servlet.FrameworkServlet.processRequest(FrameworkServlet.java:1014)\n\tat org.springframework.web.servlet.FrameworkServlet.doPost(FrameworkServlet.java:914)\n\tat jakarta.servlet.http.HttpServlet.service(HttpServlet.java:590)\n\tat org.springframework.web.servlet.FrameworkServlet.service(FrameworkServlet.java:885)\n\tat jakarta.servlet.http.HttpServlet.service(HttpServlet.java:658)\n\tat org.apache.catalina.core.ApplicationFilterChain.internalDoFilter(ApplicationFilterChain.java:193)\n\tat org.apache.catalina.core.ApplicationFilterChain.doFilter(ApplicationFilterChain.java:138)\n\tat org.apache.tomcat.websocket.server.WsFilter.doFilter(WsFilter.java:51)\n\tat org.apache.catalina.core.ApplicationFilterChain.internalDoFilter(ApplicationFilterChain.java:162)\n\tat org.apache.catalina.core.ApplicationFilterChain.doFilter(ApplicationFilterChain.java:138)\n\tat org.springframework.web.filter.RequestContextFilter.doFilterInternal(RequestContextFilter.java:100)\n\tat org.springframework.web.filter.OncePerRequestFilter.doFilter(OncePerRequestFilter.java:116)\n\tat org.apache.catalina.core.ApplicationFilterChain.internalDoFilter(ApplicationFilterChain.java:162)\n\tat org.apache.catalina.core.ApplicationFilterChain.doFilter(ApplicationFilterChain.java:138)\n\tat org.springframework.web.filter.FormContentFilter.doFilterInternal(FormContentFilter.java:93)\n\tat org.springframework.web.filter.OncePerRequestFilter.doFilter(OncePerRequestFilter.java:116)\n\tat org.apache.catalina.core.ApplicationFilterChain.internalDoFilter(ApplicationFilterChain.java:162)\n\tat org.apache.catalina.core.ApplicationFilterChain.doFilter(ApplicationFilterChain.java:138)\n\tat org.springframework.web.filter.CharacterEncodingFilter.doFilterInternal(CharacterEncodingFilter.java:201)\n\tat org.springframework.web.filter.OncePerRequestFilter.doFilter(OncePerRequestFilter.java:116)\n\tat org.apache.catalina.core.ApplicationFilterChain.internalDoFilter(ApplicationFilterChain.java:162)\n\tat org.apache.catalina.core.ApplicationFilterChain.doFilter(ApplicationFilterChain.java:138)\n\tat org.apache.catalina.core.StandardWrapperValve.invoke(StandardWrapperValve.java:165)\n\tat org.apache.catalina.core.StandardContextValve.invoke(StandardContextValve.java:88)\n\tat org.apache.catalina.authenticator.AuthenticatorBase.invoke(AuthenticatorBase.java:482)\n\tat org.apache.catalina.core.StandardHostValve.invoke(StandardHostValve.java:113)\n\tat org.apache.catalina.valves.ErrorReportValve.invoke(ErrorReportValve.java:83)\n\tat org.apache.catalina.core.StandardEngineValve.invoke(StandardEngineValve.java:72)\n\tat org.apache.catalina.connector.CoyoteAdapter.service(CoyoteAdapter.java:342)\n\tat org.apache.coyote.http11.Http11Processor.service(Http11Processor.java:399)\n\tat org.apache.coyote.AbstractProcessorLight.process(AbstractProcessorLight.java:63)\n\tat org.apache.coyote.AbstractProtocol$ConnectionHandler.process(AbstractProtocol.java:903)\n\tat org.apache.tomcat.util.net.NioEndpoint$SocketProcessor.doRun(NioEndpoint.java:1774)\n\tat org.apache.tomcat.util.net.SocketProcessorBase.run(SocketProcessorBase.java:52)\n\tat org.apache.tomcat.util.threads.ThreadPoolExecutor.runWorker(ThreadPoolExecutor.java:973)\n\tat org.apache.tomcat.util.threads.ThreadPoolExecutor$Worker.run(ThreadPoolExecutor.java:491)\n\tat org.apache.tomcat.util.threads.TaskThread$WrappingRunnable.run(TaskThread.java:63)\n\tat java.base/java.lang.Thread.run(Thread.java:1583)\nCaused by: org.hibernate.exception.DataException: could not execute statement [ERROR: numeric field overflow\n  Detail: A field with precision 10, scale 2 must round to an absolute value less than 10^8.] [update tarifa set consumo_aprox=?,costo_base=?,costo_estadia=?,costo_estimado=?,costo_final=?,peso_max=?,valor_litro=?,volumen_max=? where id_tarifa=?]\n\tat org.hibernate.exception.internal.SQLStateConversionDelegate.convert(SQLStateConversionDelegate.java:103)\n\tat org.hibernate.exception.internal.StandardSQLExceptionConverter.convert(StandardSQLExceptionConverter.java:58)\n\tat org.hibernate.engine.jdbc.spi.SqlExceptionHelper.convert(SqlExceptionHelper.java:108)\n\tat org.hibernate.engine.jdbc.internal.ResultSetReturnImpl.executeUpdate(ResultSetReturnImpl.java:197)\n\tat org.hibernate.engine.jdbc.mutation.internal.AbstractMutationExecutor.performNonBatchedMutation(AbstractMutationExecutor.java:134)\n\tat org.hibernate.engine.jdbc.mutation.internal.MutationExecutorSingleNonBatched.performNonBatchedOperations(MutationExecutorSingleNonBatched.java:55)\n\tat org.hibernate.engine.jdbc.mutation.internal.AbstractMutationExecutor.execute(AbstractMutationExecutor.java:55)\n\tat org.hibernate.persister.entity.mutation.UpdateCoordinatorStandard.doStaticUpdate(UpdateCoordinatorStandard.java:781)\n\tat org.hibernate.persister.entity.mutation.UpdateCoordinatorStandard.performUpdate(UpdateCoordinatorStandard.java:328)\n\tat org.hibernate.persister.entity.mutation.UpdateCoordinatorStandard.update(UpdateCoordinatorStandard.java:245)\n\tat org.hibernate.action.internal.EntityUpdateAction.execute(EntityUpdateAction.java:169)\n\tat org.hibernate.engine.spi.ActionQueue.executeActions(ActionQueue.java:644)\n\tat org.hibernate.engine.spi.ActionQueue.executeActions(ActionQueue.java:511)\n\tat org.hibernate.event.internal.AbstractFlushingEventListener.performExecutions(AbstractFlushingEventListener.java:414)\n\tat org.hibernate.event.internal.DefaultFlushEventListener.onFlush(DefaultFlushEventListener.java:41)\n\tat org.hibernate.event.service.internal.EventListenerGroupImpl.fireEventOnEachListener(EventListenerGroupImpl.java:127)\n\tat org.hibernate.internal.SessionImpl.doFlush(SessionImpl.java:1429)\n\tat org.hibernate.internal.SessionImpl.managedFlush(SessionImpl.java:491)\n\tat org.hibernate.internal.SessionImpl.flushBeforeTransactionCompletion(SessionImpl.java:2354)\n\tat org.hibernate.internal.SessionImpl.beforeTransactionCompletion(SessionImpl.java:1978)\n\tat org.hibernate.engine.jdbc.internal.JdbcCoordinatorImpl.beforeTransactionCompletion(JdbcCoordinatorImpl.java:439)\n\tat org.hibernate.resource.transaction.backend.jdbc.internal.JdbcResourceLocalTransactionCoordinatorImpl.beforeCompletionCallback(JdbcResourceLocalTransactionCoordinatorImpl.java:169)\n\tat org.hibernate.resource.transaction.backend.jdbc.internal.JdbcResourceLocalTransactionCoordinatorImpl$TransactionDriverControlImpl.commit(JdbcResourceLocalTransactionCoordinatorImpl.java:267)\n\tat org.hibernate.engine.transaction.internal.TransactionImpl.commit(TransactionImpl.java:101)\n\tat org.springframework.orm.jpa.JpaTransactionManager.doCommit(JpaTransactionManager.java:563)\n\t... 57 more\nCaused by: org.postgresql.util.PSQLException: ERROR: numeric field overflow\n  Detail: A field with precision 10, scale 2 must round to an absolute value less than 10^8.\n\tat org.postgresql.core.v3.QueryExecutorImpl.receiveErrorResponse(QueryExecutorImpl.java:2736)\n\tat org.postgresql.core.v3.QueryExecutorImpl.processResults(QueryExecutorImpl.java:2421)\n\tat org.postgresql.core.v3.QueryExecutorImpl.execute(QueryExecutorImpl.java:372)\n\tat org.postgresql.jdbc.PgStatement.executeInternal(PgStatement.java:525)\n\tat org.postgresql.jdbc.PgStatement.execute(PgStatement.java:435)\n\tat org.postgresql.jdbc.PgPreparedStatement.executeWithFlags(PgPreparedStatement.java:196)\n\tat org.postgresql.jdbc.PgPreparedStatement.executeUpdate(PgPreparedStatement.java:157)\n\tat com.zaxxer.hikari.pool.ProxyPreparedStatement.executeUpdate(ProxyPreparedStatement.java:61)\n\tat com.zaxxer.hikari.pool.HikariProxyPreparedStatement.executeUpdate(HikariProxyPreparedStatement.java)\n\tat org.hibernate.engine.jdbc.internal.ResultSetReturnImpl.executeUpdate(ResultSetReturnImpl.java:194)\n\t... 78 more\n","message":"could not execute statement [ERROR: numeric field overflow\n  Detail: A field with precision 10, scale 2 must round to an absolute value less than 10^8.] [update tarifa set consumo_aprox=?,costo_base=?,costo_estadia=?,costo_estimado=?,costo_final=?,peso_max=?,valor_litro=?,volumen_max=? where id_tarifa=?]; SQL [update tarifa set consumo_aprox=?,costo_base=?,costo_estadia=?,costo_estimado=?,costo_final=?,peso_max=?,valor_litro=?,volumen_max=? where id_tarifa=?]","path":"/api/envios/solicitud/edit"}
2025-11-17 11:56:15.972 [http-nio-8092-exec-3] WARN  o.s.w.s.m.m.a.ExceptionHandlerExceptionResolver - [] - Resolved [backend.grupo130.tramos.config.exceptions.ServiceError: {"timestamp":"2025-11-17T14:56:15.903+00:00","status":500,"error":"Internal Server Error","trace":"org.springframework.dao.DataIntegrityViolationException: could not execute statement [ERROR: numeric field overflow\n  Detail: A field with precision 10, scale 2 must round to an absolute value less than 10^8.] [update tarifa set consumo_aprox=?,costo_base=?,costo_estadia=?,costo_estimado=?,costo_final=?,peso_max=?,valor_litro=?,volumen_max=? where id_tarifa=?]; SQL [update tarifa set consumo_aprox=?,costo_base=?,costo_estadia=?,costo_estimado=?,costo_final=?,peso_max=?,valor_litro=?,volumen_max=? where id_tarifa=?]\n\tat org.springframework.orm.jpa.vendor.HibernateJpaDialect.convertHibernateAccessException(HibernateJpaDialect.java:297)\n\tat org.springframework.orm.jpa.vendor.HibernateJpaDialect.convertHibernateAccessException(HibernateJpaDialect.java:256)\n\tat org.springframework.orm.jpa.vendor.HibernateJpaDialect.translateExceptionIfPossible(HibernateJpaDialect.java:241)\n\tat org.springframework.orm.jpa.JpaTransactionManager.doCommit(JpaTransactionManager.java:567)\n\tat org.springframework.transaction.support.AbstractPlatformTransactionManager.processCommit(AbstractPlatformTransactionManager.java:795)\n\tat org.springframework.transaction.support.AbstractPlatformTransactionManager.commit(AbstractPlatformTransactionManager.java:758)\n\tat org.springframework.transaction.interceptor.TransactionAspectSupport.commitTransactionAfterReturning(TransactionAspectSupport.java:698)\n\tat org.springframework.transaction.interceptor.TransactionAspectSupport.invokeWithinTransaction(TransactionAspectSupport.java:416)\n\tat org.springframework.transaction.interceptor.TransactionInterceptor.invoke(TransactionInterceptor.java:119)\n\tat org.springframework.aop.framework.ReflectiveMethodInvocation.proceed(ReflectiveMethodInvocation.java:184)\n\tat org.springframework.aop.framework.CglibAopProxy$DynamicAdvisedInterceptor.intercept(CglibAopProxy.java:728)\n\tat backend.grupo130.envios.service.SolicitudService$$SpringCGLIB$$0.edit(<generated>)\n\tat backend.grupo130.envios.controller.SolicitudController.edit(SolicitudController.java:69)\n\tat java.base/jdk.internal.reflect.DirectMethodHandleAccessor.invoke(DirectMethodHandleAccessor.java:103)\n\tat java.base/java.lang.reflect.Method.invoke(Method.java:580)\n\tat org.springframework.web.method.support.InvocableHandlerMethod.doInvoke(InvocableHandlerMethod.java:258)\n\tat org.springframework.web.method.support.InvocableHandlerMethod.invokeForRequest(InvocableHandlerMethod.java:191)\n\tat org.springframework.web.servlet.mvc.method.annotation.ServletInvocableHandlerMethod.invokeAndHandle(ServletInvocableHandlerMethod.java:118)\n\tat org.springframework.web.servlet.mvc.method.annotation.RequestMappingHandlerAdapter.invokeHandlerMethod(RequestMappingHandlerAdapter.java:991)\n\tat org.springframework.web.servlet.mvc.method.annotation.RequestMappingHandlerAdapter.handleInternal(RequestMappingHandlerAdapter.java:896)\n\tat org.springframework.web.servlet.mvc.method.AbstractHandlerMethodAdapter.handle(AbstractHandlerMethodAdapter.java:87)\n\tat org.springframework.web.servlet.DispatcherServlet.doDispatch(DispatcherServlet.java:1089)\n\tat org.springframework.web.servlet.DispatcherServlet.doService(DispatcherServlet.java:979)\n\tat org.springframework.web.servlet.FrameworkServlet.processRequest(FrameworkServlet.java:1014)\n\tat org.springframework.web.servlet.FrameworkServlet.doPost(FrameworkServlet.java:914)\n\tat jakarta.servlet.http.HttpServlet.service(HttpServlet.java:590)\n\tat org.springframework.web.servlet.FrameworkServlet.service(FrameworkServlet.java:885)\n\tat jakarta.servlet.http.HttpServlet.service(HttpServlet.java:658)\n\tat org.apache.catalina.core.ApplicationFilterChain.internalDoFilter(ApplicationFilterChain.java:193)\n\tat org.apache.catalina.core.ApplicationFilterChain.doFilter(ApplicationFilterChain.java:138)\n\tat org.apache.tomcat.websocket.server.WsFilter.doFilter(WsFilter.java:51)\n\tat org.apache.catalina.core.ApplicationFilterChain.internalDoFilter(ApplicationFilterChain.java:162)\n\tat org.apache.catalina.core.ApplicationFilterChain.doFilter(ApplicationFilterChain.java:138)\n\tat org.springframework.web.filter.RequestContextFilter.doFilterInternal(RequestContextFilter.java:100)\n\tat org.springframework.web.filter.OncePerRequestFilter.doFilter(OncePerRequestFilter.java:116)\n\tat org.apache.catalina.core.ApplicationFilterChain.internalDoFilter(ApplicationFilterChain.java:162)\n\tat org.apache.catalina.core.ApplicationFilterChain.doFilter(ApplicationFilterChain.java:138)\n\tat org.springframework.web.filter.FormContentFilter.doFilterInternal(FormContentFilter.java:93)\n\tat org.springframework.web.filter.OncePerRequestFilter.doFilter(OncePerRequestFilter.java:116)\n\tat org.apache.catalina.core.ApplicationFilterChain.internalDoFilter(ApplicationFilterChain.java:162)\n\tat org.apache.catalina.core.ApplicationFilterChain.doFilter(ApplicationFilterChain.java:138)\n\tat org.springframework.web.filter.CharacterEncodingFilter.doFilterInternal(CharacterEncodingFilter.java:201)\n\tat org.springframework.web.filter.OncePerRequestFilter.doFilter(OncePerRequestFilter.java:116)\n\tat org.apache.catalina.core.ApplicationFilterChain.internalDoFilter(ApplicationFilterChain.java:162)\n\tat org.apache.catalina.core.ApplicationFilterChain.doFilter(ApplicationFilterChain.java:138)\n\tat org.apache.catalina.core.StandardWrapperValve.invoke(StandardWrapperValve.java:165)\n\tat org.apache.catalina.core.StandardContextValve.invoke(StandardContextValve.java:88)\n\tat org.apache.catalina.authenticator.AuthenticatorBase.invoke(AuthenticatorBase.java:482)\n\tat org.apache.catalina.core.StandardHostValve.invoke(StandardHostValve.java:113)\n\tat org.apache.catalina.valves.ErrorReportValve.invoke(ErrorReportValve.java:83)\n\tat org.apache.catalina.core.StandardEngineValve.invoke(StandardEngineValve.java:72)\n\tat org.apache.catalina.connector.CoyoteAdapter.service(CoyoteAdapter.java:342)\n\tat org.apache.coyote.http11.Http11Processor.service(Http11Processor.java:399)\n\tat org.apache.coyote.AbstractProcessorLight.process(AbstractProcessorLight.java:63)\n\tat org.apache.coyote.AbstractProtocol$ConnectionHandler.process(AbstractProtocol.java:903)\n\tat org.apache.tomcat.util.net.NioEndpoint$SocketProcessor.doRun(NioEndpoint.java:1774)\n\tat org.apache.tomcat.util.net.SocketProcessorBase.run(SocketProcessorBase.java:52)\n\tat org.apache.tomcat.util.threads.ThreadPoolExecutor.runWorker(ThreadPoolExecutor.java:973)\n\tat org.apache.tomcat.util.threads.ThreadPoolExecutor$Worker.run(ThreadPoolExecutor.java:491)\n\tat org.apache.tomcat.util.threads.TaskThread$WrappingRunnable.run(TaskThread.java:63)\n\tat java.base/java.lang.Thread.run(Thread.java:1583)\nCaused by: org.hibernate.exception.DataException: could not execute statement [ERROR: numeric field overflow\n  Detail: A field with precision 10, scale 2 must round to an absolute value less than 10^8.] [update tarifa set consumo_aprox=?,costo_base=?,costo_estadia=?,costo_estimado=?,costo_final=?,peso_max=?,valor_litro=?,volumen_max=? where id_tarifa=?]\n\tat org.hibernate.exception.internal.SQLStateConversionDelegate.convert(SQLStateConversionDelegate.java:103)\n\tat org.hibernate.exception.internal.StandardSQLExceptionConverter.convert(StandardSQLExceptionConverter.java:58)\n\tat org.hibernate.engine.jdbc.spi.SqlExceptionHelper.convert(SqlExceptionHelper.java:108)\n\tat org.hibernate.engine.jdbc.internal.ResultSetReturnImpl.executeUpdate(ResultSetReturnImpl.java:197)\n\tat org.hibernate.engine.jdbc.mutation.internal.AbstractMutationExecutor.performNonBatchedMutation(AbstractMutationExecutor.java:134)\n\tat org.hibernate.engine.jdbc.mutation.internal.MutationExecutorSingleNonBatched.performNonBatchedOperations(MutationExecutorSingleNonBatched.java:55)\n\tat org.hibernate.engine.jdbc.mutation.internal.AbstractMutationExecutor.execute(AbstractMutationExecutor.java:55)\n\tat org.hibernate.persister.entity.mutation.UpdateCoordinatorStandard.doStaticUpdate(UpdateCoordinatorStandard.java:781)\n\tat org.hibernate.persister.entity.mutation.UpdateCoordinatorStandard.performUpdate(UpdateCoordinatorStandard.java:328)\n\tat org.hibernate.persister.entity.mutation.UpdateCoordinatorStandard.update(UpdateCoordinatorStandard.java:245)\n\tat org.hibernate.action.internal.EntityUpdateAction.execute(EntityUpdateAction.java:169)\n\tat org.hibernate.engine.spi.ActionQueue.executeActions(ActionQueue.java:644)\n\tat org.hibernate.engine.spi.ActionQueue.executeActions(ActionQueue.java:511)\n\tat org.hibernate.event.internal.AbstractFlushingEventListener.performExecutions(AbstractFlushingEventListener.java:414)\n\tat org.hibernate.event.internal.DefaultFlushEventListener.onFlush(DefaultFlushEventListener.java:41)\n\tat org.hibernate.event.service.internal.EventListenerGroupImpl.fireEventOnEachListener(EventListenerGroupImpl.java:127)\n\tat org.hibernate.internal.SessionImpl.doFlush(SessionImpl.java:1429)\n\tat org.hibernate.internal.SessionImpl.managedFlush(SessionImpl.java:491)\n\tat org.hibernate.internal.SessionImpl.flushBeforeTransactionCompletion(SessionImpl.java:2354)\n\tat org.hibernate.internal.SessionImpl.beforeTransactionCompletion(SessionImpl.java:1978)\n\tat org.hibernate.engine.jdbc.internal.JdbcCoordinatorImpl.beforeTransactionCompletion(JdbcCoordinatorImpl.java:439)\n\tat org.hibernate.resource.transaction.backend.jdbc.internal.JdbcResourceLocalTransactionCoordinatorImpl.beforeCompletionCallback(JdbcResourceLocalTransactionCoordinatorImpl.java:169)\n\tat org.hibernate.resource.transaction.backend.jdbc.internal.JdbcResourceLocalTransactionCoordinatorImpl$TransactionDriverControlImpl.commit(JdbcResourceLocalTransactionCoordinatorImpl.java:267)\n\tat org.hibernate.engine.transaction.internal.TransactionImpl.commit(TransactionImpl.java:101)\n\tat org.springframework.orm.jpa.JpaTransactionManager.doCommit(JpaTransactionManager.java:563)\n\t... 57 more\nCaused by: org.postgresql.util.PSQLException: ERROR: numeric field overflow\n  Detail: A field with precision 10, scale 2 must round to an absolute value less than 10^8.\n\tat org.postgresql.core.v3.QueryExecutorImpl.receiveErrorResponse(QueryExecutorImpl.java:2736)\n\tat org.postgresql.core.v3.QueryExecutorImpl.processResults(QueryExecutorImpl.java:2421)\n\tat org.postgresql.core.v3.QueryExecutorImpl.execute(QueryExecutorImpl.java:372)\n\tat org.postgresql.jdbc.PgStatement.executeInternal(PgStatement.java:525)\n\tat org.postgresql.jdbc.PgStatement.execute(PgStatement.java:435)\n\tat org.postgresql.jdbc.PgPreparedStatement.executeWithFlags(PgPreparedStatement.java:196)\n\tat org.postgresql.jdbc.PgPreparedStatement.executeUpdate(PgPreparedStatement.java:157)\n\tat com.zaxxer.hikari.pool.ProxyPreparedStatement.executeUpdate(ProxyPreparedStatement.java:61)\n\tat com.zaxxer.hikari.pool.HikariProxyPreparedStatement.executeUpdate(HikariProxyPreparedStatement.java)\n\tat org.hibernate.engine.jdbc.internal.ResultSetReturnImpl.executeUpdate(ResultSetReturnImpl.java:194)\n\t... 78 more\n","message":"could not execute statement [ERROR: numeric field overflow\n  Detail: A field with precision 10, scale 2 must round to an absolute value less than 10^8.] [update tarifa set consumo_aprox=?,costo_base=?,costo_estadia=?,costo_estimado=?,costo_final=?,peso_max=?,valor_litro=?,volumen_max=? where id_tarifa=?]; SQL [update tarifa set consumo_aprox=?,costo_base=?,costo_estadia=?,costo_estimado=?,costo_final=?,peso_max=?,valor_litro=?,volumen_max=? where id_tarifa=?]","path":"/api/envios/solicitud/edit"}]
2025-11-17 12:17:52.109 [http-nio-8092-exec-4] INFO  b.g.tramos.controller.RutaController - [] - Iniciando POST /api/rutas/getRutaTentativa para Solicitud ID: 8
2025-11-17 12:17:52.156 [http-nio-8092-exec-4] INFO  b.g.tramos.service.RutaService - [] - Iniciando calculo de Ruta Tentativa para Solicitud ID: 8
2025-11-17 12:17:52.583 [http-nio-8092-exec-4] DEBUG b.g.tramos.service.RutaService - [] - Buscando Contenedor ID: 20
2025-11-17 12:17:53.867 [http-nio-8092-exec-4] DEBUG b.g.tramos.service.RutaService - [] - Calculando costo base promedio para peso 150.00 y volumen 201.00.
2025-11-17 12:17:53.979 [http-nio-8092-exec-4] DEBUG b.g.tramos.service.RutaService - [] - Calculando consumo promedio de combustible.
2025-11-17 12:17:54.155 [http-nio-8092-exec-4] INFO  b.g.tramos.service.RutaService - [] - Nueva Ruta (tentativa) creada con ID: 21
2025-11-17 12:17:54.155 [http-nio-8092-exec-4] DEBUG b.g.tramos.service.RutaService - [] - Iniciando procesamiento de 6 ubicaciones para crear tramos.
2025-11-17 12:17:55.121 [http-nio-8092-exec-4] DEBUG b.g.tramos.service.RutaService - [] - Calculando ruta OSRM entre 1 (1) y 3 (3).
2025-11-17 12:18:00.704 [http-nio-8092-exec-4] DEBUG b.g.tramos.service.RutaService - [] - Tramo null (Orden 1) creado.
2025-11-17 12:18:00.895 [http-nio-8092-exec-4] DEBUG b.g.tramos.service.RutaService - [] - Calculando ruta OSRM entre 3 (3) y 2 (2).
2025-11-17 12:18:01.705 [http-nio-8092-exec-4] DEBUG b.g.tramos.service.RutaService - [] - Tramo null (Orden 2) creado.
2025-11-17 12:18:01.843 [http-nio-8092-exec-4] DEBUG b.g.tramos.service.RutaService - [] - Calculando ruta OSRM entre 2 (2) y 1 (1).
2025-11-17 12:18:02.699 [http-nio-8092-exec-4] DEBUG b.g.tramos.service.RutaService - [] - Tramo null (Orden 3) creado.
2025-11-17 12:18:02.838 [http-nio-8092-exec-4] DEBUG b.g.tramos.service.RutaService - [] - Calculando ruta OSRM entre 1 (1) y 3 (3).
2025-11-17 12:18:03.693 [http-nio-8092-exec-4] DEBUG b.g.tramos.service.RutaService - [] - Tramo null (Orden 4) creado.
2025-11-17 12:18:03.744 [http-nio-8092-exec-4] DEBUG b.g.tramos.service.RutaService - [] - Calculando ruta OSRM entre 3 (3) y 1 (1).
2025-11-17 12:18:04.697 [http-nio-8092-exec-4] DEBUG b.g.tramos.service.RutaService - [] - Tramo null (Orden 5) creado.
2025-11-17 12:18:04.914 [http-nio-8092-exec-4] INFO  b.g.tramos.service.RutaService - [] - Guardados 5 tramos para la Ruta ID: 21
2025-11-17 12:18:04.919 [http-nio-8092-exec-4] DEBUG b.g.tramos.service.RutaService - [] - Costo estimado calculado: 11453075.00
2025-11-17 12:18:04.919 [http-nio-8092-exec-4] DEBUG b.g.tramos.service.RutaService - [] - Tiempo estimado calculado: 1.16 horas.
2025-11-17 12:18:04.919 [http-nio-8092-exec-4] DEBUG b.g.tramos.service.RutaService - [] - Valor original log.warn de horas: 1.16
2025-11-17 12:18:04.920 [http-nio-8092-exec-4] INFO  b.g.tramos.service.RutaService - [] - Actualizando Solicitud ID: 8 con datos de ruta tentativa.
2025-11-17 12:18:05.119 [http-nio-8092-exec-4] INFO  b.g.tramos.service.RutaService - [] - Ruta Tentativa para Solicitud ID 8 calculada exitosamente. Ruta ID: 21
2025-11-17 12:20:30.155 [http-nio-8092-exec-6] INFO  b.g.tramos.controller.RutaController - [] - Iniciando POST /api/rutas/getRutaTentativa para Solicitud ID: 8
2025-11-17 12:20:30.160 [http-nio-8092-exec-6] INFO  b.g.tramos.service.RutaService - [] - Iniciando calculo de Ruta Tentativa para Solicitud ID: 8
2025-11-17 12:20:30.211 [http-nio-8092-exec-6] DEBUG b.g.tramos.service.RutaService - [] - Buscando Contenedor ID: 20
2025-11-17 12:20:30.313 [http-nio-8092-exec-6] DEBUG b.g.tramos.service.RutaService - [] - Calculando costo base promedio para peso 150.00 y volumen 201.00.
2025-11-17 12:20:30.353 [http-nio-8092-exec-6] DEBUG b.g.tramos.service.RutaService - [] - Calculando consumo promedio de combustible.
2025-11-17 12:20:30.419 [http-nio-8092-exec-6] INFO  b.g.tramos.service.RutaService - [] - Nueva Ruta (tentativa) creada con ID: 22
2025-11-17 12:20:30.421 [http-nio-8092-exec-6] DEBUG b.g.tramos.service.RutaService - [] - Iniciando procesamiento de 6 ubicaciones para crear tramos.
2025-11-17 12:20:30.496 [http-nio-8092-exec-6] DEBUG b.g.tramos.service.RutaService - [] - Calculando ruta OSRM entre 2 (2) y 1 (1).
2025-11-17 12:20:36.040 [http-nio-8092-exec-6] DEBUG b.g.tramos.service.RutaService - [] - Tramo null (Orden 1) creado.
2025-11-17 12:20:36.109 [http-nio-8092-exec-6] DEBUG b.g.tramos.service.RutaService - [] - Calculando ruta OSRM entre 1 (1) y 2 (2).
2025-11-17 12:20:37.036 [http-nio-8092-exec-6] DEBUG b.g.tramos.service.RutaService - [] - Tramo null (Orden 2) creado.
2025-11-17 12:20:37.064 [http-nio-8092-exec-6] DEBUG b.g.tramos.service.RutaService - [] - Calculando ruta OSRM entre 2 (2) y 1 (1).
2025-11-17 12:20:38.034 [http-nio-8092-exec-6] DEBUG b.g.tramos.service.RutaService - [] - Tramo null (Orden 3) creado.
2025-11-17 12:20:38.091 [http-nio-8092-exec-6] DEBUG b.g.tramos.service.RutaService - [] - Calculando ruta OSRM entre 1 (1) y 2 (2).
2025-11-17 12:20:39.042 [http-nio-8092-exec-6] DEBUG b.g.tramos.service.RutaService - [] - Tramo null (Orden 4) creado.
2025-11-17 12:20:39.216 [http-nio-8092-exec-6] DEBUG b.g.tramos.service.RutaService - [] - Calculando ruta OSRM entre 2 (2) y 1 (1).
2025-11-17 12:20:40.038 [http-nio-8092-exec-6] DEBUG b.g.tramos.service.RutaService - [] - Tramo null (Orden 5) creado.
2025-11-17 12:20:40.140 [http-nio-8092-exec-6] INFO  b.g.tramos.service.RutaService - [] - Guardados 5 tramos para la Ruta ID: 22
2025-11-17 12:20:40.152 [http-nio-8092-exec-6] DEBUG b.g.tramos.service.RutaService - [] - Costo estimado calculado: 1090102.50
2025-11-17 12:20:40.153 [http-nio-8092-exec-6] DEBUG b.g.tramos.service.RutaService - [] - Tiempo estimado calculado: 0.19 horas.
2025-11-17 12:20:40.153 [http-nio-8092-exec-6] DEBUG b.g.tramos.service.RutaService - [] - Valor original log.warn de horas: 0.19
2025-11-17 12:20:40.153 [http-nio-8092-exec-6] INFO  b.g.tramos.service.RutaService - [] - Actualizando Solicitud ID: 8 con datos de ruta tentativa.
2025-11-17 12:20:40.275 [http-nio-8092-exec-6] INFO  b.g.tramos.service.RutaService - [] - Ruta Tentativa para Solicitud ID 8 calculada exitosamente. Ruta ID: 22
2025-11-17 12:24:41.657 [SpringApplicationShutdownHook] INFO  o.s.b.w.e.tomcat.GracefulShutdown - [] - Commencing graceful shutdown. Waiting for active requests to complete
2025-11-17 12:24:41.681 [tomcat-shutdown] INFO  o.s.b.w.e.tomcat.GracefulShutdown - [] - Graceful shutdown complete
2025-11-17 12:24:41.722 [SpringApplicationShutdownHook] INFO  o.s.o.j.LocalContainerEntityManagerFactoryBean - [] - Closing JPA EntityManagerFactory for persistence unit 'default'
2025-11-17 12:24:41.743 [SpringApplicationShutdownHook] INFO  com.zaxxer.hikari.HikariDataSource - [] - HikariPool-1 - Shutdown initiated...
2025-11-17 12:24:41.761 [SpringApplicationShutdownHook] INFO  com.zaxxer.hikari.HikariDataSource - [] - HikariPool-1 - Shutdown completed.
2025-11-17 12:25:10.551 [restartedMain] INFO  b.grupo130.tramos.TramosApplication - [] - Starting TramosApplication using Java 21.0.8 with PID 46649 (/home/julian/CarpetaCentral/Programacion/Java/TPI-Backend/tramos/target/classes started by julian in /home/julian/CarpetaCentral/Programacion/Java/TPI-Backend/tramos)
2025-11-17 12:25:10.554 [restartedMain] DEBUG b.grupo130.tramos.TramosApplication - [] - Running with Spring Boot v3.5.7, Spring v6.2.12
2025-11-17 12:25:10.555 [restartedMain] INFO  b.grupo130.tramos.TramosApplication - [] - No active profile set, falling back to 1 default profile: "default"
2025-11-17 12:25:10.858 [restartedMain] INFO  o.s.b.d.e.DevToolsPropertyDefaultsPostProcessor - [] - Devtools property defaults active! Set 'spring.devtools.add-properties' to 'false' to disable
2025-11-17 12:25:10.864 [restartedMain] INFO  o.s.b.d.e.DevToolsPropertyDefaultsPostProcessor - [] - For additional web related logging consider setting the 'logging.level.web' property to 'DEBUG'
2025-11-17 12:25:13.513 [restartedMain] INFO  o.s.d.r.c.RepositoryConfigurationDelegate - [] - Bootstrapping Spring Data JPA repositories in DEFAULT mode.
2025-11-17 12:25:13.641 [restartedMain] INFO  o.s.d.r.c.RepositoryConfigurationDelegate - [] - Finished Spring Data repository scanning in 107 ms. Found 2 JPA repository interfaces.
2025-11-17 12:25:13.986 [restartedMain] INFO  o.s.cloud.context.scope.GenericScope - [] - BeanFactory id=a113eaeb-0276-3855-b9fe-d2ea94e02419
2025-11-17 12:25:14.805 [restartedMain] INFO  o.s.b.w.e.tomcat.TomcatWebServer - [] - Tomcat initialized with port 8092 (http)
2025-11-17 12:25:14.837 [restartedMain] INFO  o.a.coyote.http11.Http11NioProtocol - [] - Initializing ProtocolHandler ["http-nio-8092"]
2025-11-17 12:25:14.845 [restartedMain] INFO  o.a.catalina.core.StandardService - [] - Starting service [Tomcat]
2025-11-17 12:25:14.848 [restartedMain] INFO  o.a.catalina.core.StandardEngine - [] - Starting Servlet engine: [Apache Tomcat/10.1.48]
2025-11-17 12:25:14.947 [restartedMain] INFO  o.a.c.c.C.[Tomcat].[localhost].[/] - [] - Initializing Spring embedded WebApplicationContext
2025-11-17 12:25:14.948 [restartedMain] INFO  o.s.b.w.s.c.ServletWebServerApplicationContext - [] - Root WebApplicationContext: initialization completed in 4080 ms
2025-11-17 12:25:15.848 [restartedMain] INFO  o.s.o.j.p.SpringPersistenceUnitInfo - [] - No LoadTimeWeaver setup: ignoring JPA class transformer
2025-11-17 12:25:15.914 [restartedMain] INFO  com.zaxxer.hikari.HikariDataSource - [] - HikariPool-1 - Starting...
2025-11-17 12:25:16.191 [restartedMain] INFO  com.zaxxer.hikari.pool.HikariPool - [] - HikariPool-1 - Added connection org.postgresql.jdbc.PgConnection@282c1364
2025-11-17 12:25:16.194 [restartedMain] INFO  com.zaxxer.hikari.HikariDataSource - [] - HikariPool-1 - Start completed.
2025-11-17 12:25:16.268 [restartedMain] WARN  org.hibernate.orm.deprecation - [] - HHH90000025: PostgreSQLDialect does not need to be specified explicitly using 'hibernate.dialect' (remove the property setting and it will be selected by default)
2025-11-17 12:25:18.053 [restartedMain] INFO  o.s.o.j.LocalContainerEntityManagerFactoryBean - [] - Initialized JPA EntityManagerFactory for persistence unit 'default'
2025-11-17 12:25:18.815 [restartedMain] INFO  o.s.d.j.r.query.QueryEnhancerFactory - [] - Hibernate is in classpath; If applicable, HQL parser will be used.
2025-11-17 12:25:20.158 [restartedMain] WARN  o.s.b.a.o.j.JpaBaseConfiguration$JpaWebConfiguration - [] - spring.jpa.open-in-view is enabled by default. Therefore, database queries may be performed during view rendering. Explicitly configure spring.jpa.open-in-view to disable this warning
2025-11-17 12:25:20.252 [restartedMain] WARN  o.s.b.d.a.OptionalLiveReloadServer - [] - Unable to start LiveReload server
2025-11-17 12:25:21.642 [restartedMain] INFO  o.a.coyote.http11.Http11NioProtocol - [] - Starting ProtocolHandler ["http-nio-8092"]
2025-11-17 12:25:21.666 [restartedMain] INFO  o.s.b.w.e.tomcat.TomcatWebServer - [] - Tomcat started on port 8092 (http) with context path '/'
2025-11-17 12:25:21.694 [restartedMain] INFO  b.grupo130.tramos.TramosApplication - [] - Started TramosApplication in 12.63 seconds (process running for 13.706)
2025-11-17 12:25:54.010 [http-nio-8092-exec-1] INFO  o.a.c.c.C.[Tomcat].[localhost].[/] - [] - Initializing Spring DispatcherServlet 'dispatcherServlet'
2025-11-17 12:25:54.010 [http-nio-8092-exec-1] INFO  o.s.web.servlet.DispatcherServlet - [] - Initializing Servlet 'dispatcherServlet'
2025-11-17 12:25:54.014 [http-nio-8092-exec-1] INFO  o.s.web.servlet.DispatcherServlet - [] - Completed initialization in 3 ms
2025-11-17 12:25:54.454 [http-nio-8092-exec-1] INFO  b.g.tramos.controller.RutaController - [] - Iniciando POST /api/rutas/getRutaTentativa para Solicitud ID: 8
2025-11-17 12:25:54.481 [http-nio-8092-exec-1] INFO  b.g.tramos.service.RutaService - [] - Iniciando calculo de Ruta Tentativa para Solicitud ID: 8
2025-11-17 12:25:54.633 [http-nio-8092-exec-1] DEBUG b.g.tramos.service.RutaService - [] - Buscando Contenedor ID: 20
2025-11-17 12:25:54.834 [http-nio-8092-exec-1] DEBUG b.g.tramos.service.RutaService - [] - Calculando costo base promedio para peso 150.00 y volumen 201.00.
2025-11-17 12:25:55.136 [http-nio-8092-exec-1] DEBUG b.g.tramos.service.RutaService - [] - Calculando consumo promedio de combustible.
2025-11-17 12:25:55.335 [http-nio-8092-exec-1] INFO  b.g.tramos.service.RutaService - [] - Nueva Ruta (tentativa) creada con ID: 23
2025-11-17 12:25:55.336 [http-nio-8092-exec-1] DEBUG b.g.tramos.service.RutaService - [] - Iniciando procesamiento de 6 ubicaciones para crear tramos.
2025-11-17 12:25:55.410 [http-nio-8092-exec-1] DEBUG b.g.tramos.service.RutaService - [] - Calculando ruta OSRM entre 1 (1) y 2 (2).
2025-11-17 12:26:01.307 [http-nio-8092-exec-1] DEBUG b.g.tramos.service.RutaService - [] - Tramo null (Orden 1) creado.
2025-11-17 12:26:01.351 [http-nio-8092-exec-1] DEBUG b.g.tramos.service.RutaService - [] - Calculando ruta OSRM entre 2 (2) y 3 (3).
2025-11-17 12:26:02.248 [http-nio-8092-exec-1] DEBUG b.g.tramos.service.RutaService - [] - Tramo null (Orden 2) creado.
2025-11-17 12:26:02.289 [http-nio-8092-exec-1] DEBUG b.g.tramos.service.RutaService - [] - Calculando ruta OSRM entre 3 (3) y 4 (4).
2025-11-17 12:26:03.250 [http-nio-8092-exec-1] DEBUG b.g.tramos.service.RutaService - [] - Tramo null (Orden 3) creado.
2025-11-17 12:26:03.330 [http-nio-8092-exec-1] DEBUG b.g.tramos.service.RutaService - [] - Calculando ruta OSRM entre 4 (4) y 5 (5).
2025-11-17 12:26:04.245 [http-nio-8092-exec-1] DEBUG b.g.tramos.service.RutaService - [] - Tramo null (Orden 4) creado.
2025-11-17 12:26:04.279 [http-nio-8092-exec-1] DEBUG b.g.tramos.service.RutaService - [] - Calculando ruta OSRM entre 5 (5) y 6 (6).
2025-11-17 12:26:05.243 [http-nio-8092-exec-1] DEBUG b.g.tramos.service.RutaService - [] - Tramo null (Orden 5) creado.
2025-11-17 12:26:05.274 [http-nio-8092-exec-1] INFO  b.g.tramos.service.RutaService - [] - Guardados 5 tramos para la Ruta ID: 23
2025-11-17 12:26:05.275 [http-nio-8092-exec-1] DEBUG b.g.tramos.service.RutaService - [] - Costo estimado calculado: 137294.75
2025-11-17 12:26:05.275 [http-nio-8092-exec-1] DEBUG b.g.tramos.service.RutaService - [] - Tiempo estimado calculado: 6.63 horas.
2025-11-17 12:26:05.275 [http-nio-8092-exec-1] DEBUG b.g.tramos.service.RutaService - [] - Valor original log.warn de horas: 6.63
2025-11-17 12:26:05.276 [http-nio-8092-exec-1] INFO  b.g.tramos.service.RutaService - [] - Actualizando Solicitud ID: 8 con datos de ruta tentativa.
2025-11-17 12:26:05.348 [http-nio-8092-exec-1] INFO  b.g.tramos.service.RutaService - [] - Ruta Tentativa para Solicitud ID 8 calculada exitosamente. Ruta ID: 23
2025-11-17 12:32:05.696 [http-nio-8092-exec-3] INFO  b.g.tramos.controller.RutaController - [] - Iniciando PATCH /api/rutas/asignarSolicitud para Ruta ID: 23 y Solicitud ID: 8
2025-11-17 12:32:05.718 [http-nio-8092-exec-3] INFO  b.g.tramos.service.RutaService - [] - Iniciando asignacion final de Solicitud ID 8 a Ruta ID 23.
2025-11-17 12:32:06.144 [http-nio-8092-exec-3] INFO  b.g.tramos.service.RutaService - [] - Asignacion final de Solicitud ID 8 a Ruta ID 23 completada.
2025-11-17 12:36:57.207 [http-nio-8092-exec-7] INFO  b.g.t.controller.TramoController - [] - Iniciando GET /api/tramos/getByRuta/23
2025-11-17 12:36:57.210 [http-nio-8092-exec-7] INFO  b.g.tramos.service.TramoService - [] - Iniciando busqueda de Tramos por Ruta ID: 23
2025-11-17 12:36:57.225 [http-nio-8092-exec-7] INFO  b.g.tramos.service.TramoService - [] - Busqueda de Tramos por Ruta ID 23 completada. Encontrados: 5 tramos.
2025-11-17 12:38:33.260 [http-nio-8092-exec-9] INFO  b.g.t.controller.TramoController - [] - Iniciando PATCH /api/tramos/asignarCamion para Tramo ID: 59
2025-11-17 12:38:33.279 [http-nio-8092-exec-9] INFO  b.g.tramos.service.TramoService - [] - Iniciando asignacion de Camion 23H33EE a Tramo 59.
2025-11-17 12:38:34.159 [http-nio-8092-exec-9] DEBUG b.g.tramos.service.TramoService - [] - Asignando camion 23H33EE a tramo 59. Cambiando estado a ASIGNADO.
2025-11-17 12:38:34.161 [http-nio-8092-exec-9] DEBUG b.g.tramos.service.TramoService - [] - Verificando estado de otros tramos para la Ruta ID: 23
2025-11-17 12:38:34.209 [http-nio-8092-exec-9] DEBUG b.g.tramos.service.TramoService - [] - Estado de asignacion de tramos de la ruta: PENDIENTES
2025-11-17 12:38:34.209 [http-nio-8092-exec-9] INFO  b.g.tramos.service.TramoService - [] - Asignacion de Camion 23H33EE a Tramo 59 completada.
2025-11-17 12:38:42.726 [http-nio-8092-exec-10] INFO  b.g.t.controller.TramoController - [] - Iniciando PATCH /api/tramos/asignarCamion para Tramo ID: 60
2025-11-17 12:38:42.728 [http-nio-8092-exec-10] INFO  b.g.tramos.service.TramoService - [] - Iniciando asignacion de Camion 23H33EE a Tramo 60.
2025-11-17 12:38:42.824 [http-nio-8092-exec-10] DEBUG b.g.tramos.service.TramoService - [] - Asignando camion 23H33EE a tramo 60. Cambiando estado a ASIGNADO.
2025-11-17 12:38:42.826 [http-nio-8092-exec-10] DEBUG b.g.tramos.service.TramoService - [] - Verificando estado de otros tramos para la Ruta ID: 23
2025-11-17 12:38:42.843 [http-nio-8092-exec-10] DEBUG b.g.tramos.service.TramoService - [] - Estado de asignacion de tramos de la ruta: PENDIENTES
2025-11-17 12:38:42.843 [http-nio-8092-exec-10] INFO  b.g.tramos.service.TramoService - [] - Asignacion de Camion 23H33EE a Tramo 60 completada.
2025-11-17 12:38:49.461 [http-nio-8092-exec-1] INFO  b.g.t.controller.TramoController - [] - Iniciando PATCH /api/tramos/asignarCamion para Tramo ID: 61
2025-11-17 12:38:49.466 [http-nio-8092-exec-1] INFO  b.g.tramos.service.TramoService - [] - Iniciando asignacion de Camion 23H33EE a Tramo 61.
2025-11-17 12:38:49.559 [http-nio-8092-exec-1] DEBUG b.g.tramos.service.TramoService - [] - Asignando camion 23H33EE a tramo 61. Cambiando estado a ASIGNADO.
2025-11-17 12:38:49.564 [http-nio-8092-exec-1] DEBUG b.g.tramos.service.TramoService - [] - Verificando estado de otros tramos para la Ruta ID: 23
2025-11-17 12:38:49.575 [http-nio-8092-exec-1] DEBUG b.g.tramos.service.TramoService - [] - Estado de asignacion de tramos de la ruta: PENDIENTES
2025-11-17 12:38:49.575 [http-nio-8092-exec-1] INFO  b.g.tramos.service.TramoService - [] - Asignacion de Camion 23H33EE a Tramo 61 completada.
2025-11-17 12:39:07.532 [http-nio-8092-exec-2] INFO  b.g.t.controller.TramoController - [] - Iniciando PATCH /api/tramos/asignarCamion para Tramo ID: 62
2025-11-17 12:39:07.535 [http-nio-8092-exec-2] INFO  b.g.tramos.service.TramoService - [] - Iniciando asignacion de Camion 22HTY01E a Tramo 62.
2025-11-17 12:39:07.596 [http-nio-8092-exec-2] DEBUG b.g.tramos.service.TramoService - [] - Asignando camion 22HTY01E a tramo 62. Cambiando estado a ASIGNADO.
2025-11-17 12:39:07.597 [http-nio-8092-exec-2] DEBUG b.g.tramos.service.TramoService - [] - Verificando estado de otros tramos para la Ruta ID: 23
2025-11-17 12:39:07.608 [http-nio-8092-exec-2] DEBUG b.g.tramos.service.TramoService - [] - Estado de asignacion de tramos de la ruta: PENDIENTES
2025-11-17 12:39:07.609 [http-nio-8092-exec-2] INFO  b.g.tramos.service.TramoService - [] - Asignacion de Camion 22HTY01E a Tramo 62 completada.
2025-11-17 12:39:18.655 [http-nio-8092-exec-3] INFO  b.g.t.controller.TramoController - [] - Iniciando GET /api/tramos/getByRuta/23
2025-11-17 12:39:18.657 [http-nio-8092-exec-3] INFO  b.g.tramos.service.TramoService - [] - Iniciando busqueda de Tramos por Ruta ID: 23
2025-11-17 12:39:18.665 [http-nio-8092-exec-3] INFO  b.g.tramos.service.TramoService - [] - Busqueda de Tramos por Ruta ID 23 completada. Encontrados: 5 tramos.
2025-11-17 12:40:22.659 [http-nio-8092-exec-5] INFO  b.g.t.controller.TramoController - [] - Iniciando PATCH /api/tramos/asignarCamion para Tramo ID: 63
2025-11-17 12:40:22.663 [http-nio-8092-exec-5] INFO  b.g.tramos.service.TramoService - [] - Iniciando asignacion de Camion 22HTY01E a Tramo 63.
2025-11-17 12:40:22.742 [http-nio-8092-exec-5] DEBUG b.g.tramos.service.TramoService - [] - Asignando camion 22HTY01E a tramo 63. Cambiando estado a ASIGNADO.
2025-11-17 12:40:22.743 [http-nio-8092-exec-5] DEBUG b.g.tramos.service.TramoService - [] - Verificando estado de otros tramos para la Ruta ID: 23
2025-11-17 12:40:22.764 [http-nio-8092-exec-5] DEBUG b.g.tramos.service.TramoService - [] - Estado de asignacion de tramos de la ruta: TODOS ASIGNADOS
2025-11-17 12:40:22.765 [http-nio-8092-exec-5] INFO  b.g.tramos.service.TramoService - [] - Todos los tramos de la Ruta ID 23 han sido asignados. Actualizando estado de Solicitud 8 a PROGRAMADO.
2025-11-17 12:40:24.627 [http-nio-8092-exec-5] DEBUG b.g.tramos.service.TramoService - [] - Solicitud 8 actualizada a PROGRAMADO.
2025-11-17 12:40:25.311 [http-nio-8092-exec-5] WARN  b.g.tramos.service.TramoService - [] - Error de servicio al asignar Camion 22HTY01E a Tramo 63: [400] during [POST] to [http://localhost:8091/api/contenedores/cambioDeEstado] [ContenedorClient#cambioDeEstado(ContenedorCambioDeEstadoRequest)]: [{"httpCode":400,"message":"","mensajeInterno":"Transicion no valida"}]
2025-11-17 12:40:25.386 [http-nio-8092-exec-5] WARN  o.s.w.s.m.m.a.ExceptionHandlerExceptionResolver - [] - Resolved [backend.grupo130.tramos.config.exceptions.ServiceError: [400] during [POST] to [http://localhost:8091/api/contenedores/cambioDeEstado] [ContenedorClient#cambioDeEstado(ContenedorCambioDeEstadoRequest)]: [{"httpCode":400,"message":"","mensajeInterno":"Transicion no valida"}]]
2025-11-17 12:41:05.366 [http-nio-8092-exec-6] INFO  b.g.t.controller.TramoController - [] - Iniciando GET /api/tramos/getByRuta/23
2025-11-17 12:41:05.368 [http-nio-8092-exec-6] INFO  b.g.tramos.service.TramoService - [] - Iniciando busqueda de Tramos por Ruta ID: 23
2025-11-17 12:41:05.386 [http-nio-8092-exec-6] INFO  b.g.tramos.service.TramoService - [] - Busqueda de Tramos por Ruta ID 23 completada. Encontrados: 5 tramos.
2025-11-17 12:48:48.787 [http-nio-8092-exec-8] INFO  b.g.t.controller.TramoController - [] - Iniciando PATCH /api/tramos/asignarCamion para Tramo ID: 63
2025-11-17 12:48:48.796 [http-nio-8092-exec-8] INFO  b.g.tramos.service.TramoService - [] - Iniciando asignacion de Camion 22HTY01E a Tramo 63.
2025-11-17 12:48:49.234 [http-nio-8092-exec-8] DEBUG b.g.tramos.service.TramoService - [] - Asignando camion 22HTY01E a tramo 63. Cambiando estado a ASIGNADO.
2025-11-17 12:48:49.235 [http-nio-8092-exec-8] DEBUG b.g.tramos.service.TramoService - [] - Verificando estado de otros tramos para la Ruta ID: 23
2025-11-17 12:48:49.348 [http-nio-8092-exec-8] DEBUG b.g.tramos.service.TramoService - [] - Estado de asignacion de tramos de la ruta: TODOS ASIGNADOS
2025-11-17 12:48:49.351 [http-nio-8092-exec-8] INFO  b.g.tramos.service.TramoService - [] - Todos los tramos de la Ruta ID 23 han sido asignados. Actualizando estado de Solicitud 8 a PROGRAMADO.
2025-11-17 12:48:49.704 [http-nio-8092-exec-8] WARN  b.g.tramos.service.TramoService - [] - Error de servicio al asignar Camion 22HTY01E a Tramo 63: [400] during [POST] to [http://localhost:8095/api/envios/solicitud/cambioDeEstado] [EnvioClient#cambioDeEstadoSolicitud(SolicitudCambioDeEstadoRequest)]: [{"message":"","status":400}]
2025-11-17 12:48:49.723 [http-nio-8092-exec-8] WARN  o.s.w.s.m.m.a.ExceptionHandlerExceptionResolver - [] - Resolved [backend.grupo130.tramos.config.exceptions.ServiceError: [400] during [POST] to [http://localhost:8095/api/envios/solicitud/cambioDeEstado] [EnvioClient#cambioDeEstadoSolicitud(SolicitudCambioDeEstadoRequest)]: [{"message":"","status":400}]]
2025-11-17 12:49:47.793 [http-nio-8092-exec-9] INFO  b.g.t.controller.TramoController - [] - Iniciando PATCH /api/tramos/asignarCamion para Tramo ID: 63
2025-11-17 12:49:47.795 [http-nio-8092-exec-9] INFO  b.g.tramos.service.TramoService - [] - Iniciando asignacion de Camion 22HTY01E a Tramo 63.
2025-11-17 12:49:47.862 [http-nio-8092-exec-9] DEBUG b.g.tramos.service.TramoService - [] - Asignando camion 22HTY01E a tramo 63. Cambiando estado a ASIGNADO.
2025-11-17 12:49:47.864 [http-nio-8092-exec-9] DEBUG b.g.tramos.service.TramoService - [] - Verificando estado de otros tramos para la Ruta ID: 23
2025-11-17 12:49:47.882 [http-nio-8092-exec-9] DEBUG b.g.tramos.service.TramoService - [] - Estado de asignacion de tramos de la ruta: TODOS ASIGNADOS
2025-11-17 12:49:47.883 [http-nio-8092-exec-9] INFO  b.g.tramos.service.TramoService - [] - Todos los tramos de la Ruta ID 23 han sido asignados. Actualizando estado de Solicitud 8 a PROGRAMADO.
2025-11-17 12:49:47.981 [http-nio-8092-exec-9] DEBUG b.g.tramos.service.TramoService - [] - Solicitud 8 actualizada a PROGRAMADO.
2025-11-17 12:49:48.100 [http-nio-8092-exec-9] DEBUG b.g.tramos.service.TramoService - [] - Contenedor 20 actualizado a PROGRAMADO.
2025-11-17 12:49:48.100 [http-nio-8092-exec-9] INFO  b.g.tramos.service.TramoService - [] - Asignacion de Camion 22HTY01E a Tramo 63 completada.
2025-11-17 12:50:35.375 [http-nio-8092-exec-10] INFO  b.g.t.controller.TramoController - [] - Iniciando GET /api/tramos/getByRuta/23
2025-11-17 12:50:35.376 [http-nio-8092-exec-10] INFO  b.g.tramos.service.TramoService - [] - Iniciando busqueda de Tramos por Ruta ID: 23
2025-11-17 12:50:35.415 [http-nio-8092-exec-10] INFO  b.g.tramos.service.TramoService - [] - Busqueda de Tramos por Ruta ID 23 completada. Encontrados: 5 tramos.
2025-11-17 12:51:37.609 [http-nio-8092-exec-3] INFO  b.g.t.controller.TramoController - [] - Iniciando PATCH /api/tramos/registrarInicio para Tramo ID: 59
2025-11-17 12:51:37.612 [http-nio-8092-exec-3] INFO  b.g.tramos.service.TramoService - [] - Iniciando registro de INICIO de Tramo ID 59 por Camion 23H33EE.
2025-11-17 12:51:37.674 [http-nio-8092-exec-3] DEBUG b.g.tramos.service.TramoService - [] - Iniciando Tramo Orden: 1
2025-11-17 12:51:37.845 [http-nio-8092-exec-3] DEBUG b.g.tramos.service.TramoService - [] - Tramo ID 59 actualizado a INICIADO.
2025-11-17 12:51:37.964 [http-nio-8092-exec-3] INFO  b.g.tramos.service.TramoService - [] - Iniciando primer tramo (Orden 1). Actualizando Solicitud 8 y Contenedor 20 a EN_TRANSITO.
2025-11-17 12:51:38.061 [http-nio-8092-exec-3] DEBUG b.g.tramos.service.TramoService - [] - Solicitud 8 actualizada a EN_TRANSITO.
2025-11-17 12:51:38.320 [http-nio-8092-exec-3] DEBUG b.g.tramos.service.TramoService - [] - Contenedor 20 actualizado a EN_TRANSITO.
2025-11-17 12:51:38.321 [http-nio-8092-exec-3] INFO  b.g.tramos.service.TramoService - [] - Registro de INICIO de Tramo ID 59 completado.
2025-11-17 12:53:04.097 [http-nio-8092-exec-5] INFO  b.g.t.controller.TramoController - [] - Iniciando PATCH /api/tramos/registrarFin para Tramo ID: 59
2025-11-17 12:53:04.099 [http-nio-8092-exec-5] INFO  b.g.tramos.service.TramoService - [] - Iniciando registro de FIN de Tramo ID 59 por Camion 23H33EE.
2025-11-17 12:53:04.281 [http-nio-8092-exec-5] DEBUG b.g.tramos.service.TramoService - [] - Tramo ID 59 actualizado a FINALIZADO.
2025-11-17 12:53:04.382 [http-nio-8092-exec-5] INFO  b.g.tramos.service.TramoService - [] - Tramo finalizado en deposito. Actualizando Contenedor 20 a EN_DEPOSITO.
2025-11-17 12:53:04.434 [http-nio-8092-exec-5] INFO  b.g.tramos.service.TramoService - [] - Registro de FIN de Tramo ID 59 completado.
2025-11-17 12:53:25.932 [http-nio-8092-exec-6] INFO  b.g.t.controller.TramoController - [] - Iniciando GET /api/tramos/getByRuta/23
2025-11-17 12:53:25.934 [http-nio-8092-exec-6] INFO  b.g.tramos.service.TramoService - [] - Iniciando busqueda de Tramos por Ruta ID: 23
2025-11-17 12:53:25.945 [http-nio-8092-exec-6] INFO  b.g.tramos.service.TramoService - [] - Busqueda de Tramos por Ruta ID 23 completada. Encontrados: 5 tramos.
2025-11-17 12:54:07.814 [http-nio-8092-exec-8] INFO  b.g.t.controller.TramoController - [] - Iniciando PATCH /api/tramos/registrarInicio para Tramo ID: 60
2025-11-17 12:54:07.815 [http-nio-8092-exec-8] INFO  b.g.tramos.service.TramoService - [] - Iniciando registro de INICIO de Tramo ID 60 por Camion 23H33EE.
2025-11-17 12:54:07.863 [http-nio-8092-exec-8] DEBUG b.g.tramos.service.TramoService - [] - Iniciando Tramo Orden: 2
2025-11-17 12:54:07.864 [http-nio-8092-exec-8] DEBUG b.g.tramos.service.TramoService - [] - Verificando tramo anterior (Orden: 1). Estado: EstadoTramo.FINALIZADO
2025-11-17 12:54:07.939 [http-nio-8092-exec-8] DEBUG b.g.tramos.service.TramoService - [] - Datos tramo anterior: Tramo(idTramo=59, tipoTramo=TipoTramo.ORIGEN_DEPOSITO, estado=EstadoTramo.FINALIZADO, costoAproximado=null, costoReal=null, fechaHoraInicioEstimado=2025-11-18T14:35:20.661, fechaHoraFinEstimado=2025-11-18T14:37:02.661, fechaHoraInicioReal=2025-11-17T12:51:37.845003, fechaHoraFinReal=2025-11-17T12:53:04.281105, orden=1, dominioCamion=23H33EE, rutaTraslado=RutaTraslado(idRuta=23, cantidadTramos=5, cantidadDepositos=2, cargosGestionFijo=100.00, idSolicitud=8), idOrigen=1, idDestino=2)
2025-11-17 12:54:08.003 [http-nio-8092-exec-8] DEBUG b.g.tramos.service.TramoService - [] - Tramo ID 60 actualizado a INICIADO.
2025-11-17 12:54:08.070 [http-nio-8092-exec-8] INFO  b.g.tramos.service.TramoService - [] - Registro de INICIO de Tramo ID 60 completado.
2025-11-17 12:54:17.919 [http-nio-8092-exec-9] INFO  b.g.t.controller.TramoController - [] - Iniciando GET /api/tramos/getByRuta/23
2025-11-17 12:54:17.921 [http-nio-8092-exec-9] INFO  b.g.tramos.service.TramoService - [] - Iniciando busqueda de Tramos por Ruta ID: 23
2025-11-17 12:54:17.932 [http-nio-8092-exec-9] INFO  b.g.tramos.service.TramoService - [] - Busqueda de Tramos por Ruta ID 23 completada. Encontrados: 5 tramos.
2025-11-17 12:54:57.937 [http-nio-8092-exec-10] INFO  b.g.t.controller.TramoController - [] - Iniciando PATCH /api/tramos/registrarFin para Tramo ID: 60
2025-11-17 12:54:57.944 [http-nio-8092-exec-10] INFO  b.g.tramos.service.TramoService - [] - Iniciando registro de FIN de Tramo ID 60 por Camion 23H33EE.
2025-11-17 12:54:58.143 [http-nio-8092-exec-10] DEBUG b.g.tramos.service.TramoService - [] - Tramo ID 60 actualizado a FINALIZADO.
2025-11-17 12:54:58.145 [http-nio-8092-exec-10] INFO  b.g.tramos.service.TramoService - [] - Registro de FIN de Tramo ID 60 completado.
2025-11-17 13:14:51.927 [SpringApplicationShutdownHook] INFO  o.s.b.w.e.tomcat.GracefulShutdown - [] - Commencing graceful shutdown. Waiting for active requests to complete
2025-11-17 13:14:52.095 [tomcat-shutdown] INFO  o.s.b.w.e.tomcat.GracefulShutdown - [] - Graceful shutdown complete
2025-11-17 13:14:52.234 [SpringApplicationShutdownHook] INFO  o.s.o.j.LocalContainerEntityManagerFactoryBean - [] - Closing JPA EntityManagerFactory for persistence unit 'default'
2025-11-17 13:14:52.446 [SpringApplicationShutdownHook] INFO  com.zaxxer.hikari.HikariDataSource - [] - HikariPool-1 - Shutdown initiated...
2025-11-17 13:14:52.484 [SpringApplicationShutdownHook] INFO  com.zaxxer.hikari.HikariDataSource - [] - HikariPool-1 - Shutdown completed.
