2025-11-18 08:17:27.068 [restartedMain] INFO  b.g.usuarios.UsuariosApplication - [] - Starting UsuariosApplication using Java 21.0.8 with PID 8193 (/home/julian/CarpetaCentral/Programacion/Java/TPI-Backend/usuarios/target/classes started by julian in /home/julian/CarpetaCentral/Programacion/Java/TPI-Backend/usuarios)
2025-11-18 08:17:27.079 [restartedMain] DEBUG b.g.usuarios.UsuariosApplication - [] - Running with Spring Boot v3.5.7, Spring v6.2.12
2025-11-18 08:17:27.081 [restartedMain] INFO  b.g.usuarios.UsuariosApplication - [] - No active profile set, falling back to 1 default profile: "default"
2025-11-18 08:17:27.162 [restartedMain] INFO  o.s.b.d.e.DevToolsPropertyDefaultsPostProcessor - [] - Devtools property defaults active! Set 'spring.devtools.add-properties' to 'false' to disable
2025-11-18 08:17:27.162 [restartedMain] INFO  o.s.b.d.e.DevToolsPropertyDefaultsPostProcessor - [] - For additional web related logging consider setting the 'logging.level.web' property to 'DEBUG'
2025-11-18 08:17:28.382 [restartedMain] INFO  o.s.d.r.c.RepositoryConfigurationDelegate - [] - Bootstrapping Spring Data JPA repositories in DEFAULT mode.
2025-11-18 08:17:28.461 [restartedMain] INFO  o.s.d.r.c.RepositoryConfigurationDelegate - [] - Finished Spring Data repository scanning in 63 ms. Found 1 JPA repository interface.
2025-11-18 08:17:29.157 [restartedMain] INFO  o.s.b.w.e.tomcat.TomcatWebServer - [] - Tomcat initialized with port 8090 (http)
2025-11-18 08:17:29.178 [restartedMain] INFO  o.a.coyote.http11.Http11NioProtocol - [] - Initializing ProtocolHandler ["http-nio-8090"]
2025-11-18 08:17:29.182 [restartedMain] INFO  o.a.catalina.core.StandardService - [] - Starting service [Tomcat]
2025-11-18 08:17:29.183 [restartedMain] INFO  o.a.catalina.core.StandardEngine - [] - Starting Servlet engine: [Apache Tomcat/10.1.48]
2025-11-18 08:17:29.248 [restartedMain] INFO  o.a.c.c.C.[Tomcat].[localhost].[/] - [] - Initializing Spring embedded WebApplicationContext
2025-11-18 08:17:29.248 [restartedMain] INFO  o.s.b.w.s.c.ServletWebServerApplicationContext - [] - Root WebApplicationContext: initialization completed in 2085 ms
2025-11-18 08:17:30.006 [restartedMain] INFO  o.s.o.j.p.SpringPersistenceUnitInfo - [] - No LoadTimeWeaver setup: ignoring JPA class transformer
2025-11-18 08:17:30.047 [restartedMain] INFO  com.zaxxer.hikari.HikariDataSource - [] - HikariPool-1 - Starting...
2025-11-18 08:17:30.290 [restartedMain] INFO  com.zaxxer.hikari.pool.HikariPool - [] - HikariPool-1 - Added connection org.postgresql.jdbc.PgConnection@5ac87afe
2025-11-18 08:17:30.293 [restartedMain] INFO  com.zaxxer.hikari.HikariDataSource - [] - HikariPool-1 - Start completed.
2025-11-18 08:17:30.359 [restartedMain] WARN  org.hibernate.orm.deprecation - [] - HHH90000025: PostgreSQLDialect does not need to be specified explicitly using 'hibernate.dialect' (remove the property setting and it will be selected by default)
2025-11-18 08:17:31.619 [restartedMain] INFO  o.s.o.j.LocalContainerEntityManagerFactoryBean - [] - Initialized JPA EntityManagerFactory for persistence unit 'default'
2025-11-18 08:17:32.206 [restartedMain] WARN  o.s.b.a.o.j.JpaBaseConfiguration$JpaWebConfiguration - [] - spring.jpa.open-in-view is enabled by default. Therefore, database queries may be performed during view rendering. Explicitly configure spring.jpa.open-in-view to disable this warning
2025-11-18 08:17:32.856 [restartedMain] INFO  o.s.b.d.a.OptionalLiveReloadServer - [] - LiveReload server is running on port 35729
2025-11-18 08:17:32.898 [restartedMain] INFO  o.a.coyote.http11.Http11NioProtocol - [] - Starting ProtocolHandler ["http-nio-8090"]
2025-11-18 08:17:32.940 [restartedMain] INFO  o.s.b.w.e.tomcat.TomcatWebServer - [] - Tomcat started on port 8090 (http) with context path '/'
2025-11-18 08:17:32.955 [restartedMain] INFO  b.g.usuarios.UsuariosApplication - [] - Started UsuariosApplication in 6.791 seconds (process running for 7.443)
2025-11-18 08:48:18.590 [http-nio-8090-exec-1] INFO  o.a.c.c.C.[Tomcat].[localhost].[/] - [] - Initializing Spring DispatcherServlet 'dispatcherServlet'
2025-11-18 08:48:18.599 [http-nio-8090-exec-1] INFO  o.s.web.servlet.DispatcherServlet - [] - Initializing Servlet 'dispatcherServlet'
2025-11-18 08:48:18.612 [http-nio-8090-exec-1] INFO  o.s.web.servlet.DispatcherServlet - [] - Completed initialization in 12 ms
2025-11-18 08:48:19.580 [http-nio-8090-exec-3] INFO  o.s.api.AbstractOpenApiResource - [] - Init duration for springdoc-openapi is: 488 ms
2025-11-18 08:49:28.434 [http-nio-8090-exec-5] INFO  b.g.usuarios.service.UsuarioService - [] - Iniciando registro de nuevo usuario con email: julian@example.com
2025-11-18 08:49:28.958 [http-nio-8090-exec-5] INFO  b.g.usuarios.service.UsuarioService - [] - Usuario registrado exitosamente con email: julian@example.com
2025-11-18 08:49:34.900 [http-nio-8090-exec-10] INFO  b.g.usuarios.service.UsuarioService - [] - Iniciando obtención de todos los usuarios
2025-11-18 08:49:35.183 [http-nio-8090-exec-10] INFO  b.g.usuarios.service.UsuarioService - [] - Se obtuvieron 5 usuarios exitosamente
2025-11-18 08:50:25.528 [http-nio-8090-exec-6] INFO  b.g.usuarios.service.UsuarioService - [] - Iniciando búsqueda de usuario por ID: 5
2025-11-18 08:50:25.568 [http-nio-8090-exec-6] INFO  b.g.usuarios.service.UsuarioService - [] - Usuario encontrado exitosamente con ID: 5
2025-11-18 08:50:25.753 [http-nio-8090-exec-7] INFO  b.g.usuarios.service.UsuarioService - [] - Iniciando búsqueda de usuario por ID: 1
2025-11-18 08:50:25.757 [http-nio-8090-exec-7] INFO  b.g.usuarios.service.UsuarioService - [] - Usuario encontrado exitosamente con ID: 1
2025-11-18 08:51:39.393 [http-nio-8090-exec-1] INFO  b.g.usuarios.service.UsuarioService - [] - Iniciando búsqueda de usuario por ID: 1
2025-11-18 08:51:39.395 [http-nio-8090-exec-1] INFO  b.g.usuarios.service.UsuarioService - [] - Usuario encontrado exitosamente con ID: 1
2025-11-18 08:52:36.154 [http-nio-8090-exec-2] INFO  b.g.usuarios.service.UsuarioService - [] - Iniciando búsqueda de usuario por ID: 1
2025-11-18 08:52:36.157 [http-nio-8090-exec-2] INFO  b.g.usuarios.service.UsuarioService - [] - Usuario encontrado exitosamente con ID: 1
2025-11-18 08:54:51.214 [http-nio-8090-exec-4] INFO  b.g.usuarios.service.UsuarioService - [] - Iniciando búsqueda de usuario por ID: 5
2025-11-18 08:54:51.219 [http-nio-8090-exec-4] INFO  b.g.usuarios.service.UsuarioService - [] - Usuario encontrado exitosamente con ID: 5
2025-11-18 08:54:59.990 [http-nio-8090-exec-5] INFO  b.g.usuarios.service.UsuarioService - [] - Iniciando búsqueda de usuario por ID: 5
2025-11-18 08:54:59.992 [http-nio-8090-exec-5] INFO  b.g.usuarios.service.UsuarioService - [] - Usuario encontrado exitosamente con ID: 5
2025-11-18 08:55:49.710 [http-nio-8090-exec-10] INFO  b.g.usuarios.service.UsuarioService - [] - Iniciando búsqueda de usuario por ID: 5
2025-11-18 08:55:49.712 [http-nio-8090-exec-10] INFO  b.g.usuarios.service.UsuarioService - [] - Usuario encontrado exitosamente con ID: 5
2025-11-18 09:08:49.110 [http-nio-8090-exec-7] INFO  b.g.usuarios.service.UsuarioService - [] - Iniciando búsqueda de usuario por ID: 1
2025-11-18 09:08:49.117 [http-nio-8090-exec-7] INFO  b.g.usuarios.service.UsuarioService - [] - Usuario encontrado exitosamente con ID: 1
2025-11-18 09:08:56.931 [http-nio-8090-exec-8] INFO  b.g.usuarios.service.UsuarioService - [] - Iniciando búsqueda de usuario por ID: 1
2025-11-18 09:08:56.934 [http-nio-8090-exec-8] INFO  b.g.usuarios.service.UsuarioService - [] - Usuario encontrado exitosamente con ID: 1
2025-11-18 09:09:28.476 [http-nio-8090-exec-9] INFO  b.g.usuarios.service.UsuarioService - [] - Iniciando búsqueda de usuario por ID: 1
2025-11-18 09:09:28.482 [http-nio-8090-exec-9] INFO  b.g.usuarios.service.UsuarioService - [] - Usuario encontrado exitosamente con ID: 1
2025-11-18 09:12:41.378 [http-nio-8090-exec-2] INFO  b.g.usuarios.service.UsuarioService - [] - Iniciando búsqueda de usuario por ID: 5
2025-11-18 09:12:41.396 [http-nio-8090-exec-2] INFO  b.g.usuarios.service.UsuarioService - [] - Usuario encontrado exitosamente con ID: 5
2025-11-18 09:16:14.388 [http-nio-8090-exec-4] INFO  b.g.usuarios.service.UsuarioService - [] - Iniciando búsqueda de usuario por ID: 5
2025-11-18 09:16:14.409 [http-nio-8090-exec-4] INFO  b.g.usuarios.service.UsuarioService - [] - Usuario encontrado exitosamente con ID: 5
2025-11-18 09:16:14.547 [http-nio-8090-exec-5] INFO  b.g.usuarios.service.UsuarioService - [] - Iniciando búsqueda de usuario por ID: 1
2025-11-18 09:16:14.549 [http-nio-8090-exec-5] INFO  b.g.usuarios.service.UsuarioService - [] - Usuario encontrado exitosamente con ID: 1
2025-11-18 09:16:22.762 [http-nio-8090-exec-10] INFO  b.g.usuarios.service.UsuarioService - [] - Iniciando búsqueda de usuario por ID: 1
2025-11-18 09:16:22.766 [http-nio-8090-exec-10] INFO  b.g.usuarios.service.UsuarioService - [] - Usuario encontrado exitosamente con ID: 1
2025-11-18 09:16:42.723 [http-nio-8090-exec-6] INFO  b.g.usuarios.service.UsuarioService - [] - Iniciando búsqueda de usuario por ID: 5
2025-11-18 09:16:42.733 [http-nio-8090-exec-6] INFO  b.g.usuarios.service.UsuarioService - [] - Usuario encontrado exitosamente con ID: 5
2025-11-18 09:16:42.774 [http-nio-8090-exec-7] INFO  b.g.usuarios.service.UsuarioService - [] - Iniciando búsqueda de usuario por ID: 1
2025-11-18 09:16:42.776 [http-nio-8090-exec-7] INFO  b.g.usuarios.service.UsuarioService - [] - Usuario encontrado exitosamente con ID: 1
2025-11-18 09:20:53.989 [http-nio-8090-exec-9] INFO  b.g.usuarios.service.UsuarioService - [] - Iniciando búsqueda de usuario por ID: 5
2025-11-18 09:20:53.992 [http-nio-8090-exec-9] INFO  b.g.usuarios.service.UsuarioService - [] - Usuario encontrado exitosamente con ID: 5
2025-11-18 09:20:54.127 [http-nio-8090-exec-1] INFO  b.g.usuarios.service.UsuarioService - [] - Iniciando búsqueda de usuario por ID: 1
2025-11-18 09:20:54.131 [http-nio-8090-exec-1] INFO  b.g.usuarios.service.UsuarioService - [] - Usuario encontrado exitosamente con ID: 1
2025-11-18 09:21:49.906 [http-nio-8090-exec-3] INFO  b.g.usuarios.service.UsuarioService - [] - Iniciando búsqueda de usuario por ID: 5
2025-11-18 09:21:49.911 [http-nio-8090-exec-3] INFO  b.g.usuarios.service.UsuarioService - [] - Usuario encontrado exitosamente con ID: 5
2025-11-18 09:21:50.053 [http-nio-8090-exec-4] INFO  b.g.usuarios.service.UsuarioService - [] - Iniciando búsqueda de usuario por ID: 1
2025-11-18 09:21:50.057 [http-nio-8090-exec-4] INFO  b.g.usuarios.service.UsuarioService - [] - Usuario encontrado exitosamente con ID: 1
2025-11-18 09:25:04.584 [http-nio-8090-exec-10] INFO  b.g.usuarios.service.UsuarioService - [] - Iniciando búsqueda de usuario por ID: 5
2025-11-18 09:25:04.586 [http-nio-8090-exec-10] INFO  b.g.usuarios.service.UsuarioService - [] - Usuario encontrado exitosamente con ID: 5
2025-11-18 09:25:04.728 [http-nio-8090-exec-6] INFO  b.g.usuarios.service.UsuarioService - [] - Iniciando búsqueda de usuario por ID: 1
2025-11-18 09:25:04.731 [http-nio-8090-exec-6] INFO  b.g.usuarios.service.UsuarioService - [] - Usuario encontrado exitosamente con ID: 1
2025-11-18 09:25:48.232 [http-nio-8090-exec-7] INFO  b.g.usuarios.service.UsuarioService - [] - Iniciando búsqueda de usuario por ID: 5
2025-11-18 09:25:48.234 [http-nio-8090-exec-7] INFO  b.g.usuarios.service.UsuarioService - [] - Usuario encontrado exitosamente con ID: 5
2025-11-18 09:25:48.260 [http-nio-8090-exec-8] INFO  b.g.usuarios.service.UsuarioService - [] - Iniciando búsqueda de usuario por ID: 1
2025-11-18 09:25:48.263 [http-nio-8090-exec-8] INFO  b.g.usuarios.service.UsuarioService - [] - Usuario encontrado exitosamente con ID: 1
2025-11-18 09:30:54.648 [http-nio-8090-exec-1] INFO  b.g.usuarios.service.UsuarioService - [] - Iniciando búsqueda de usuario por ID: 5
2025-11-18 09:30:54.651 [http-nio-8090-exec-1] INFO  b.g.usuarios.service.UsuarioService - [] - Usuario encontrado exitosamente con ID: 5
2025-11-18 09:30:54.776 [http-nio-8090-exec-2] INFO  b.g.usuarios.service.UsuarioService - [] - Iniciando búsqueda de usuario por ID: 1
2025-11-18 09:30:54.779 [http-nio-8090-exec-2] INFO  b.g.usuarios.service.UsuarioService - [] - Usuario encontrado exitosamente con ID: 1
2025-11-18 09:34:33.558 [http-nio-8090-exec-4] INFO  b.g.usuarios.service.UsuarioService - [] - Iniciando búsqueda de usuario por ID: 5
2025-11-18 09:34:33.594 [http-nio-8090-exec-4] INFO  b.g.usuarios.service.UsuarioService - [] - Usuario encontrado exitosamente con ID: 5
2025-11-18 09:34:33.700 [http-nio-8090-exec-5] INFO  b.g.usuarios.service.UsuarioService - [] - Iniciando búsqueda de usuario por ID: 1
2025-11-18 09:34:33.715 [http-nio-8090-exec-5] INFO  b.g.usuarios.service.UsuarioService - [] - Usuario encontrado exitosamente con ID: 1
2025-11-18 09:48:23.816 [http-nio-8090-exec-6] INFO  b.g.usuarios.service.UsuarioService - [] - Iniciando búsqueda de usuario por ID: 5
2025-11-18 09:48:23.833 [http-nio-8090-exec-6] INFO  b.g.usuarios.service.UsuarioService - [] - Usuario encontrado exitosamente con ID: 5
2025-11-18 09:48:23.995 [http-nio-8090-exec-7] INFO  b.g.usuarios.service.UsuarioService - [] - Iniciando búsqueda de usuario por ID: 5
2025-11-18 09:48:23.998 [http-nio-8090-exec-7] INFO  b.g.usuarios.service.UsuarioService - [] - Usuario encontrado exitosamente con ID: 5
2025-11-18 09:48:27.275 [http-nio-8090-exec-8] INFO  b.g.usuarios.service.UsuarioService - [] - Iniciando búsqueda de usuario por ID: 5
2025-11-18 09:48:27.277 [http-nio-8090-exec-8] INFO  b.g.usuarios.service.UsuarioService - [] - Usuario encontrado exitosamente con ID: 5
2025-11-18 09:48:27.303 [http-nio-8090-exec-9] INFO  b.g.usuarios.service.UsuarioService - [] - Iniciando búsqueda de usuario por ID: 5
2025-11-18 09:48:27.306 [http-nio-8090-exec-9] INFO  b.g.usuarios.service.UsuarioService - [] - Usuario encontrado exitosamente con ID: 5
2025-11-18 09:48:48.249 [http-nio-8090-exec-1] INFO  b.g.usuarios.service.UsuarioService - [] - Iniciando búsqueda de usuario por ID: 5
2025-11-18 09:48:48.252 [http-nio-8090-exec-1] INFO  b.g.usuarios.service.UsuarioService - [] - Usuario encontrado exitosamente con ID: 5
2025-11-18 09:50:08.701 [http-nio-8090-exec-3] INFO  b.g.usuarios.service.UsuarioService - [] - Iniciando búsqueda de usuario por ID: 1
2025-11-18 09:50:08.704 [http-nio-8090-exec-3] INFO  b.g.usuarios.service.UsuarioService - [] - Usuario encontrado exitosamente con ID: 1
2025-11-18 09:50:13.735 [http-nio-8090-exec-4] INFO  b.g.usuarios.service.UsuarioService - [] - Iniciando búsqueda de usuario por ID: 1
2025-11-18 09:50:13.740 [http-nio-8090-exec-4] INFO  b.g.usuarios.service.UsuarioService - [] - Usuario encontrado exitosamente con ID: 1
2025-11-18 09:50:33.425 [http-nio-8090-exec-5] INFO  b.g.usuarios.service.UsuarioService - [] - Iniciando búsqueda de usuario por ID: 1
2025-11-18 09:50:33.431 [http-nio-8090-exec-5] INFO  b.g.usuarios.service.UsuarioService - [] - Usuario encontrado exitosamente con ID: 1
2025-11-18 09:50:58.991 [http-nio-8090-exec-10] INFO  b.g.usuarios.service.UsuarioService - [] - Iniciando búsqueda de usuario por ID: 5
2025-11-18 09:50:58.995 [http-nio-8090-exec-10] INFO  b.g.usuarios.service.UsuarioService - [] - Usuario encontrado exitosamente con ID: 5
2025-11-18 10:00:04.713 [http-nio-8090-exec-8] INFO  b.g.usuarios.service.UsuarioService - [] - Iniciando búsqueda de usuario por ID: 1
2025-11-18 10:00:04.733 [http-nio-8090-exec-8] INFO  b.g.usuarios.service.UsuarioService - [] - Usuario encontrado exitosamente con ID: 1
2025-11-18 10:00:04.855 [http-nio-8090-exec-9] INFO  b.g.usuarios.service.UsuarioService - [] - Iniciando búsqueda de usuario por ID: 5
2025-11-18 10:00:04.858 [http-nio-8090-exec-9] INFO  b.g.usuarios.service.UsuarioService - [] - Usuario encontrado exitosamente con ID: 5
2025-11-18 10:00:05.059 [http-nio-8090-exec-1] INFO  b.g.usuarios.service.UsuarioService - [] - Iniciando búsqueda de usuario por ID: 5
2025-11-18 10:00:05.060 [http-nio-8090-exec-1] INFO  b.g.usuarios.service.UsuarioService - [] - Usuario encontrado exitosamente con ID: 5
2025-11-18 10:00:31.694 [http-nio-8090-exec-2] INFO  b.g.usuarios.service.UsuarioService - [] - Iniciando búsqueda de usuario por ID: 1
2025-11-18 10:00:31.698 [http-nio-8090-exec-2] INFO  b.g.usuarios.service.UsuarioService - [] - Usuario encontrado exitosamente con ID: 1
2025-11-18 10:00:46.616 [http-nio-8090-exec-3] INFO  b.g.usuarios.service.UsuarioService - [] - Iniciando búsqueda de usuario por ID: 1
2025-11-18 10:00:46.618 [http-nio-8090-exec-3] INFO  b.g.usuarios.service.UsuarioService - [] - Usuario encontrado exitosamente con ID: 1
2025-11-18 10:00:52.660 [http-nio-8090-exec-4] INFO  b.g.usuarios.service.UsuarioService - [] - Iniciando búsqueda de usuario por ID: 1
2025-11-18 10:00:52.663 [http-nio-8090-exec-4] INFO  b.g.usuarios.service.UsuarioService - [] - Usuario encontrado exitosamente con ID: 1
2025-11-18 10:01:19.116 [http-nio-8090-exec-10] INFO  b.g.usuarios.service.UsuarioService - [] - Iniciando búsqueda de usuario por ID: 5
2025-11-18 10:01:19.120 [http-nio-8090-exec-10] INFO  b.g.usuarios.service.UsuarioService - [] - Usuario encontrado exitosamente con ID: 5
2025-11-18 10:01:29.043 [http-nio-8090-exec-6] INFO  b.g.usuarios.service.UsuarioService - [] - Iniciando búsqueda de usuario por ID: 1
2025-11-18 10:01:29.045 [http-nio-8090-exec-6] INFO  b.g.usuarios.service.UsuarioService - [] - Usuario encontrado exitosamente con ID: 1
2025-11-18 10:01:29.088 [http-nio-8090-exec-7] INFO  b.g.usuarios.service.UsuarioService - [] - Iniciando búsqueda de usuario por ID: 5
2025-11-18 10:01:29.090 [http-nio-8090-exec-7] INFO  b.g.usuarios.service.UsuarioService - [] - Usuario encontrado exitosamente con ID: 5
2025-11-18 10:01:34.712 [http-nio-8090-exec-8] INFO  b.g.usuarios.service.UsuarioService - [] - Iniciando búsqueda de usuario por ID: 1
2025-11-18 10:01:34.714 [http-nio-8090-exec-8] INFO  b.g.usuarios.service.UsuarioService - [] - Usuario encontrado exitosamente con ID: 1
2025-11-18 10:02:38.334 [http-nio-8090-exec-2] INFO  b.g.usuarios.service.UsuarioService - [] - Iniciando búsqueda de usuario por ID: 1
2025-11-18 10:02:38.337 [http-nio-8090-exec-2] INFO  b.g.usuarios.service.UsuarioService - [] - Usuario encontrado exitosamente con ID: 1
2025-11-18 10:02:38.387 [http-nio-8090-exec-3] INFO  b.g.usuarios.service.UsuarioService - [] - Iniciando búsqueda de usuario por ID: 5
2025-11-18 10:02:38.392 [http-nio-8090-exec-3] INFO  b.g.usuarios.service.UsuarioService - [] - Usuario encontrado exitosamente con ID: 5
2025-11-18 10:02:45.126 [http-nio-8090-exec-4] INFO  b.g.usuarios.service.UsuarioService - [] - Iniciando búsqueda de usuario por ID: 1
2025-11-18 10:02:45.131 [http-nio-8090-exec-4] INFO  b.g.usuarios.service.UsuarioService - [] - Usuario encontrado exitosamente con ID: 1
2025-11-18 10:02:45.168 [http-nio-8090-exec-5] INFO  b.g.usuarios.service.UsuarioService - [] - Iniciando búsqueda de usuario por ID: 5
2025-11-18 10:02:45.170 [http-nio-8090-exec-5] INFO  b.g.usuarios.service.UsuarioService - [] - Usuario encontrado exitosamente con ID: 5
2025-11-18 10:02:45.233 [http-nio-8090-exec-10] INFO  b.g.usuarios.service.UsuarioService - [] - Iniciando búsqueda de usuario por ID: 5
2025-11-18 10:02:45.235 [http-nio-8090-exec-10] INFO  b.g.usuarios.service.UsuarioService - [] - Usuario encontrado exitosamente con ID: 5
2025-11-18 10:07:22.644 [SpringApplicationShutdownHook] INFO  o.s.b.w.e.tomcat.GracefulShutdown - [] - Commencing graceful shutdown. Waiting for active requests to complete
2025-11-18 10:07:22.656 [tomcat-shutdown] INFO  o.s.b.w.e.tomcat.GracefulShutdown - [] - Graceful shutdown complete
2025-11-18 10:07:22.669 [SpringApplicationShutdownHook] INFO  o.s.o.j.LocalContainerEntityManagerFactoryBean - [] - Closing JPA EntityManagerFactory for persistence unit 'default'
2025-11-18 10:07:22.683 [SpringApplicationShutdownHook] INFO  com.zaxxer.hikari.HikariDataSource - [] - HikariPool-1 - Shutdown initiated...
2025-11-18 10:07:22.694 [SpringApplicationShutdownHook] INFO  com.zaxxer.hikari.HikariDataSource - [] - HikariPool-1 - Shutdown completed.
