2025-11-17 10:23:04.218 [background-preinit] INFO  o.h.validator.internal.util.Version [CID: N/A] - HV000001: Hibernate Validator 8.0.3.Final
2025-11-17 10:23:04.371 [restartedMain] INFO  b.g.camiones.CamionesApplication [CID: N/A] - Starting CamionesApplication using Java 21.0.8 with PID 34983 (/home/julian/CarpetaCentral/Programacion/Java/TPI-Backend/camiones/target/classes started by julian in /home/julian/CarpetaCentral/Programacion/Java/TPI-Backend/camiones)
2025-11-17 10:23:04.374 [restartedMain] DEBUG b.g.camiones.CamionesApplication [CID: N/A] - Running with Spring Boot v3.5.7, Spring v6.2.12
2025-11-17 10:23:04.378 [restartedMain] INFO  b.g.camiones.CamionesApplication [CID: N/A] - No active profile set, falling back to 1 default profile: "default"
2025-11-17 10:23:04.545 [restartedMain] INFO  o.s.b.d.e.DevToolsPropertyDefaultsPostProcessor [CID: N/A] - Devtools property defaults active! Set 'spring.devtools.add-properties' to 'false' to disable
2025-11-17 10:23:04.546 [restartedMain] INFO  o.s.b.d.e.DevToolsPropertyDefaultsPostProcessor [CID: N/A] - For additional web related logging consider setting the 'logging.level.web' property to 'DEBUG'
2025-11-17 10:23:06.352 [restartedMain] INFO  o.s.d.r.c.RepositoryConfigurationDelegate [CID: N/A] - Bootstrapping Spring Data JPA repositories in DEFAULT mode.
2025-11-17 10:23:06.435 [restartedMain] INFO  o.s.d.r.c.RepositoryConfigurationDelegate [CID: N/A] - Finished Spring Data repository scanning in 67 ms. Found 1 JPA repository interface.
2025-11-17 10:23:06.662 [restartedMain] INFO  o.s.cloud.context.scope.GenericScope [CID: N/A] - BeanFactory id=66a94ac0-d2aa-3b1e-b455-326bf8b1be0b
2025-11-17 10:23:07.472 [restartedMain] INFO  o.s.b.w.e.tomcat.TomcatWebServer [CID: N/A] - Tomcat initialized with port 8093 (http)
2025-11-17 10:23:07.494 [restartedMain] INFO  o.a.coyote.http11.Http11NioProtocol [CID: N/A] - Initializing ProtocolHandler ["http-nio-8093"]
2025-11-17 10:23:07.499 [restartedMain] INFO  o.a.catalina.core.StandardService [CID: N/A] - Starting service [Tomcat]
2025-11-17 10:23:07.499 [restartedMain] INFO  o.a.catalina.core.StandardEngine [CID: N/A] - Starting Servlet engine: [Apache Tomcat/10.1.48]
2025-11-17 10:23:07.568 [restartedMain] INFO  o.a.c.c.C.[Tomcat].[localhost].[/] [CID: N/A] - Initializing Spring embedded WebApplicationContext
2025-11-17 10:23:07.569 [restartedMain] INFO  o.s.b.w.s.c.ServletWebServerApplicationContext [CID: N/A] - Root WebApplicationContext: initialization completed in 3022 ms
2025-11-17 10:23:07.828 [restartedMain] INFO  o.h.jpa.internal.util.LogHelper [CID: N/A] - HHH000204: Processing PersistenceUnitInfo [name: default]
2025-11-17 10:23:07.924 [restartedMain] INFO  org.hibernate.Version [CID: N/A] - HHH000412: Hibernate ORM core version 6.6.33.Final
2025-11-17 10:23:07.974 [restartedMain] INFO  o.h.c.i.RegionFactoryInitiator [CID: N/A] - HHH000026: Second-level cache disabled
2025-11-17 10:23:08.339 [restartedMain] INFO  o.s.o.j.p.SpringPersistenceUnitInfo [CID: N/A] - No LoadTimeWeaver setup: ignoring JPA class transformer
2025-11-17 10:23:08.384 [restartedMain] INFO  com.zaxxer.hikari.HikariDataSource [CID: N/A] - HikariPool-1 - Starting...
2025-11-17 10:23:08.656 [restartedMain] INFO  com.zaxxer.hikari.pool.HikariPool [CID: N/A] - HikariPool-1 - Added connection org.postgresql.jdbc.PgConnection@6b9498b2
2025-11-17 10:23:08.658 [restartedMain] INFO  com.zaxxer.hikari.HikariDataSource [CID: N/A] - HikariPool-1 - Start completed.
2025-11-17 10:23:08.724 [restartedMain] WARN  org.hibernate.orm.deprecation [CID: N/A] - HHH90000025: PostgreSQLDialect does not need to be specified explicitly using 'hibernate.dialect' (remove the property setting and it will be selected by default)
2025-11-17 10:23:08.756 [restartedMain] INFO  o.hibernate.orm.connections.pooling [CID: N/A] - HHH10001005: Database info:
	Database JDBC URL [Connecting through datasource 'HikariDataSource (HikariPool-1)']
	Database driver: undefined/unknown
	Database version: 16.10
	Autocommit mode: undefined/unknown
	Isolation level: undefined/unknown
	Minimum pool size: undefined/unknown
	Maximum pool size: undefined/unknown
2025-11-17 10:23:09.926 [restartedMain] INFO  o.h.e.t.j.p.i.JtaPlatformInitiator [CID: N/A] - HHH000489: No JTA platform available (set 'hibernate.transaction.jta.platform' to enable JTA platform integration)
2025-11-17 10:23:10.038 [restartedMain] INFO  o.s.o.j.LocalContainerEntityManagerFactoryBean [CID: N/A] - Initialized JPA EntityManagerFactory for persistence unit 'default'
2025-11-17 10:23:10.459 [restartedMain] INFO  o.s.d.j.r.query.QueryEnhancerFactory [CID: N/A] - Hibernate is in classpath; If applicable, HQL parser will be used.
2025-11-17 10:23:11.631 [restartedMain] WARN  o.s.b.a.o.j.JpaBaseConfiguration$JpaWebConfiguration [CID: N/A] - spring.jpa.open-in-view is enabled by default. Therefore, database queries may be performed during view rendering. Explicitly configure spring.jpa.open-in-view to disable this warning
2025-11-17 10:23:11.667 [restartedMain] WARN  o.s.b.d.a.OptionalLiveReloadServer [CID: N/A] - Unable to start LiveReload server
2025-11-17 10:23:12.532 [restartedMain] INFO  o.a.coyote.http11.Http11NioProtocol [CID: N/A] - Starting ProtocolHandler ["http-nio-8093"]
2025-11-17 10:23:12.556 [restartedMain] INFO  o.s.b.w.e.tomcat.TomcatWebServer [CID: N/A] - Tomcat started on port 8093 (http) with context path '/'
2025-11-17 10:23:12.574 [restartedMain] INFO  b.g.camiones.CamionesApplication [CID: N/A] - Started CamionesApplication in 10.902 seconds (process running for 11.906)
2025-11-17 11:25:17.536 [http-nio-8093-exec-1] INFO  o.a.c.c.C.[Tomcat].[localhost].[/] [CID: N/A] - Initializing Spring DispatcherServlet 'dispatcherServlet'
2025-11-17 11:25:17.552 [http-nio-8093-exec-1] INFO  o.s.web.servlet.DispatcherServlet [CID: N/A] - Initializing Servlet 'dispatcherServlet'
2025-11-17 11:25:17.594 [http-nio-8093-exec-1] INFO  o.s.web.servlet.DispatcherServlet [CID: N/A] - Completed initialization in 40 ms
2025-11-17 11:25:19.336 [http-nio-8093-exec-5] INFO  o.s.api.AbstractOpenApiResource [CID: N/A] - Init duration for springdoc-openapi is: 977 ms
2025-11-17 11:50:38.850 [http-nio-8093-exec-1] INFO  b.g.camiones.service.CamionService [CID: N/A] - Iniciando cálculo de costo aproximado para peso 150.00 y volumen 201.00
2025-11-17 11:50:39.979 [http-nio-8093-exec-1] INFO  b.g.camiones.service.CamionService [CID: N/A] - Costo aproximado calculado: 40.0000000000000000
2025-11-17 11:50:40.062 [http-nio-8093-exec-4] INFO  b.g.camiones.service.CamionService [CID: N/A] - Iniciando cálculo de consumo promedio de combustible total
2025-11-17 11:50:40.430 [http-nio-8093-exec-4] INFO  b.g.camiones.service.CamionService [CID: N/A] - Consumo promedio total calculado: 22.5
2025-11-17 11:51:18.013 [http-nio-8093-exec-5] INFO  b.g.camiones.service.CamionService [CID: N/A] - Iniciando cálculo de costo aproximado para peso 150.00 y volumen 201.00
2025-11-17 11:51:18.033 [http-nio-8093-exec-5] INFO  b.g.camiones.service.CamionService [CID: N/A] - Costo aproximado calculado: 40.0000000000000000
2025-11-17 11:51:18.061 [http-nio-8093-exec-6] INFO  b.g.camiones.service.CamionService [CID: N/A] - Iniciando cálculo de consumo promedio de combustible total
2025-11-17 11:51:18.069 [http-nio-8093-exec-6] INFO  b.g.camiones.service.CamionService [CID: N/A] - Consumo promedio total calculado: 22.5
2025-11-17 11:53:49.964 [http-nio-8093-exec-8] INFO  b.g.camiones.service.CamionService [CID: N/A] - Iniciando cálculo de costo aproximado para peso 150.00 y volumen 201.00
2025-11-17 11:53:49.975 [http-nio-8093-exec-8] INFO  b.g.camiones.service.CamionService [CID: N/A] - Costo aproximado calculado: 40.0000000000000000
2025-11-17 11:53:49.989 [http-nio-8093-exec-9] INFO  b.g.camiones.service.CamionService [CID: N/A] - Iniciando cálculo de consumo promedio de combustible total
2025-11-17 11:53:49.993 [http-nio-8093-exec-9] INFO  b.g.camiones.service.CamionService [CID: N/A] - Consumo promedio total calculado: 22.5
2025-11-17 11:54:26.899 [http-nio-8093-exec-10] INFO  b.g.camiones.service.CamionService [CID: N/A] - Iniciando cálculo de costo aproximado para peso 150.00 y volumen 201.00
2025-11-17 11:54:26.909 [http-nio-8093-exec-10] INFO  b.g.camiones.service.CamionService [CID: N/A] - Costo aproximado calculado: 40.0000000000000000
2025-11-17 11:54:26.927 [http-nio-8093-exec-2] INFO  b.g.camiones.service.CamionService [CID: N/A] - Iniciando cálculo de consumo promedio de combustible total
2025-11-17 11:54:26.934 [http-nio-8093-exec-2] INFO  b.g.camiones.service.CamionService [CID: N/A] - Consumo promedio total calculado: 22.5
2025-11-17 11:55:19.203 [http-nio-8093-exec-3] INFO  b.g.camiones.service.CamionService [CID: N/A] - Iniciando cálculo de costo aproximado para peso 150.00 y volumen 201.00
2025-11-17 11:55:19.215 [http-nio-8093-exec-3] INFO  b.g.camiones.service.CamionService [CID: N/A] - Costo aproximado calculado: 40.0000000000000000
2025-11-17 11:55:19.252 [http-nio-8093-exec-1] INFO  b.g.camiones.service.CamionService [CID: N/A] - Iniciando cálculo de consumo promedio de combustible total
2025-11-17 11:55:19.269 [http-nio-8093-exec-1] INFO  b.g.camiones.service.CamionService [CID: N/A] - Consumo promedio total calculado: 22.5
2025-11-17 11:55:47.137 [http-nio-8093-exec-4] INFO  b.g.camiones.service.CamionService [CID: N/A] - Iniciando cálculo de costo aproximado para peso 150.00 y volumen 201.00
2025-11-17 11:55:47.140 [http-nio-8093-exec-4] INFO  b.g.camiones.service.CamionService [CID: N/A] - Costo aproximado calculado: 40.0000000000000000
2025-11-17 11:55:47.154 [http-nio-8093-exec-5] INFO  b.g.camiones.service.CamionService [CID: N/A] - Iniciando cálculo de consumo promedio de combustible total
2025-11-17 11:55:47.158 [http-nio-8093-exec-5] INFO  b.g.camiones.service.CamionService [CID: N/A] - Consumo promedio total calculado: 22.5
2025-11-17 11:56:08.138 [http-nio-8093-exec-6] INFO  b.g.camiones.service.CamionService [CID: N/A] - Iniciando cálculo de costo aproximado para peso 150.00 y volumen 201.00
2025-11-17 11:56:08.141 [http-nio-8093-exec-6] INFO  b.g.camiones.service.CamionService [CID: N/A] - Costo aproximado calculado: 40.0000000000000000
2025-11-17 11:56:08.155 [http-nio-8093-exec-7] INFO  b.g.camiones.service.CamionService [CID: N/A] - Iniciando cálculo de consumo promedio de combustible total
2025-11-17 11:56:08.158 [http-nio-8093-exec-7] INFO  b.g.camiones.service.CamionService [CID: N/A] - Consumo promedio total calculado: 22.5
2025-11-17 12:17:53.930 [http-nio-8093-exec-8] INFO  b.g.camiones.service.CamionService [CID: N/A] - Iniciando cálculo de costo aproximado para peso 150.00 y volumen 201.00
2025-11-17 12:17:53.963 [http-nio-8093-exec-8] INFO  b.g.camiones.service.CamionService [CID: N/A] - Costo aproximado calculado: 40.0000000000000000
2025-11-17 12:17:53.995 [http-nio-8093-exec-9] INFO  b.g.camiones.service.CamionService [CID: N/A] - Iniciando cálculo de consumo promedio de combustible total
2025-11-17 12:17:54.005 [http-nio-8093-exec-9] INFO  b.g.camiones.service.CamionService [CID: N/A] - Consumo promedio total calculado: 22.5
2025-11-17 12:20:30.341 [http-nio-8093-exec-10] INFO  b.g.camiones.service.CamionService [CID: N/A] - Iniciando cálculo de costo aproximado para peso 150.00 y volumen 201.00
2025-11-17 12:20:30.347 [http-nio-8093-exec-10] INFO  b.g.camiones.service.CamionService [CID: N/A] - Costo aproximado calculado: 40.0000000000000000
2025-11-17 12:20:30.376 [http-nio-8093-exec-2] INFO  b.g.camiones.service.CamionService [CID: N/A] - Iniciando cálculo de consumo promedio de combustible total
2025-11-17 12:20:30.390 [http-nio-8093-exec-2] INFO  b.g.camiones.service.CamionService [CID: N/A] - Consumo promedio total calculado: 22.5
2025-11-17 12:25:55.070 [http-nio-8093-exec-1] INFO  b.g.camiones.service.CamionService [CID: N/A] - Iniciando cálculo de costo aproximado para peso 150.00 y volumen 201.00
2025-11-17 12:25:55.083 [http-nio-8093-exec-1] INFO  b.g.camiones.service.CamionService [CID: N/A] - Costo aproximado calculado: 40.0000000000000000
2025-11-17 12:25:55.172 [http-nio-8093-exec-4] INFO  b.g.camiones.service.CamionService [CID: N/A] - Iniciando cálculo de consumo promedio de combustible total
2025-11-17 12:25:55.181 [http-nio-8093-exec-4] INFO  b.g.camiones.service.CamionService [CID: N/A] - Consumo promedio total calculado: 22.5
2025-11-17 12:34:38.283 [http-nio-8093-exec-9] INFO  b.g.camiones.service.CamionService [CID: N/A] - Iniciando obtención de todos los camiones
2025-11-17 12:34:41.034 [http-nio-8093-exec-9] INFO  b.g.camiones.service.CamionService [CID: N/A] - Se encontraron 4 camiones en total
2025-11-17 12:38:33.445 [http-nio-8093-exec-3] INFO  b.g.camiones.service.CamionService [CID: N/A] - Iniciando búsqueda de camión por dominio: 23H33EE
2025-11-17 12:38:33.573 [http-nio-8093-exec-3] DEBUG b.g.camiones.service.CamionService [CID: N/A] - Camión 23H33EE tiene transportista asignado, buscando datos...
2025-11-17 12:38:34.130 [http-nio-8093-exec-3] INFO  b.g.camiones.service.CamionService [CID: N/A] - Búsqueda exitosa para camión con dominio: 23H33EE
2025-11-17 12:38:42.744 [http-nio-8093-exec-1] INFO  b.g.camiones.service.CamionService [CID: N/A] - Iniciando búsqueda de camión por dominio: 23H33EE
2025-11-17 12:38:42.754 [http-nio-8093-exec-1] DEBUG b.g.camiones.service.CamionService [CID: N/A] - Camión 23H33EE tiene transportista asignado, buscando datos...
2025-11-17 12:38:42.808 [http-nio-8093-exec-1] INFO  b.g.camiones.service.CamionService [CID: N/A] - Búsqueda exitosa para camión con dominio: 23H33EE
2025-11-17 12:38:49.488 [http-nio-8093-exec-4] INFO  b.g.camiones.service.CamionService [CID: N/A] - Iniciando búsqueda de camión por dominio: 23H33EE
2025-11-17 12:38:49.506 [http-nio-8093-exec-4] DEBUG b.g.camiones.service.CamionService [CID: N/A] - Camión 23H33EE tiene transportista asignado, buscando datos...
2025-11-17 12:38:49.550 [http-nio-8093-exec-4] INFO  b.g.camiones.service.CamionService [CID: N/A] - Búsqueda exitosa para camión con dominio: 23H33EE
2025-11-17 12:39:07.549 [http-nio-8093-exec-5] INFO  b.g.camiones.service.CamionService [CID: N/A] - Iniciando búsqueda de camión por dominio: 22HTY01E
2025-11-17 12:39:07.558 [http-nio-8093-exec-5] DEBUG b.g.camiones.service.CamionService [CID: N/A] - Camión 22HTY01E tiene transportista asignado, buscando datos...
2025-11-17 12:39:07.582 [http-nio-8093-exec-5] INFO  b.g.camiones.service.CamionService [CID: N/A] - Búsqueda exitosa para camión con dominio: 22HTY01E
2025-11-17 12:40:22.687 [http-nio-8093-exec-7] INFO  b.g.camiones.service.CamionService [CID: N/A] - Iniciando búsqueda de camión por dominio: 22HTY01E
2025-11-17 12:40:22.698 [http-nio-8093-exec-7] DEBUG b.g.camiones.service.CamionService [CID: N/A] - Camión 22HTY01E tiene transportista asignado, buscando datos...
2025-11-17 12:40:22.732 [http-nio-8093-exec-7] INFO  b.g.camiones.service.CamionService [CID: N/A] - Búsqueda exitosa para camión con dominio: 22HTY01E
2025-11-17 12:48:49.006 [http-nio-8093-exec-8] INFO  b.g.camiones.service.CamionService [CID: N/A] - Iniciando búsqueda de camión por dominio: 22HTY01E
2025-11-17 12:48:49.070 [http-nio-8093-exec-8] DEBUG b.g.camiones.service.CamionService [CID: N/A] - Camión 22HTY01E tiene transportista asignado, buscando datos...
2025-11-17 12:48:49.176 [http-nio-8093-exec-8] INFO  b.g.camiones.service.CamionService [CID: N/A] - Búsqueda exitosa para camión con dominio: 22HTY01E
2025-11-17 12:49:47.812 [http-nio-8093-exec-9] INFO  b.g.camiones.service.CamionService [CID: N/A] - Iniciando búsqueda de camión por dominio: 22HTY01E
2025-11-17 12:49:47.819 [http-nio-8093-exec-9] DEBUG b.g.camiones.service.CamionService [CID: N/A] - Camión 22HTY01E tiene transportista asignado, buscando datos...
2025-11-17 12:49:47.853 [http-nio-8093-exec-9] INFO  b.g.camiones.service.CamionService [CID: N/A] - Búsqueda exitosa para camión con dominio: 22HTY01E
2025-11-17 12:51:37.694 [http-nio-8093-exec-10] INFO  b.g.camiones.service.CamionService [CID: N/A] - Iniciando búsqueda de camión por dominio: 23H33EE
2025-11-17 12:51:37.698 [http-nio-8093-exec-10] DEBUG b.g.camiones.service.CamionService [CID: N/A] - Camión 23H33EE tiene transportista asignado, buscando datos...
2025-11-17 12:51:37.825 [http-nio-8093-exec-10] INFO  b.g.camiones.service.CamionService [CID: N/A] - Búsqueda exitosa para camión con dominio: 23H33EE
2025-11-17 12:53:04.188 [http-nio-8093-exec-2] INFO  b.g.camiones.service.CamionService [CID: N/A] - Iniciando búsqueda de camión por dominio: 23H33EE
2025-11-17 12:53:04.204 [http-nio-8093-exec-2] DEBUG b.g.camiones.service.CamionService [CID: N/A] - Camión 23H33EE tiene transportista asignado, buscando datos...
2025-11-17 12:53:04.268 [http-nio-8093-exec-2] INFO  b.g.camiones.service.CamionService [CID: N/A] - Búsqueda exitosa para camión con dominio: 23H33EE
2025-11-17 12:54:07.955 [http-nio-8093-exec-1] INFO  b.g.camiones.service.CamionService [CID: N/A] - Iniciando búsqueda de camión por dominio: 23H33EE
2025-11-17 12:54:07.965 [http-nio-8093-exec-1] DEBUG b.g.camiones.service.CamionService [CID: N/A] - Camión 23H33EE tiene transportista asignado, buscando datos...
2025-11-17 12:54:07.991 [http-nio-8093-exec-1] INFO  b.g.camiones.service.CamionService [CID: N/A] - Búsqueda exitosa para camión con dominio: 23H33EE
2025-11-17 12:54:58.025 [http-nio-8093-exec-4] INFO  b.g.camiones.service.CamionService [CID: N/A] - Iniciando búsqueda de camión por dominio: 23H33EE
2025-11-17 12:54:58.093 [http-nio-8093-exec-4] DEBUG b.g.camiones.service.CamionService [CID: N/A] - Camión 23H33EE tiene transportista asignado, buscando datos...
2025-11-17 12:54:58.119 [http-nio-8093-exec-4] INFO  b.g.camiones.service.CamionService [CID: N/A] - Búsqueda exitosa para camión con dominio: 23H33EE
2025-11-17 13:14:52.173 [SpringApplicationShutdownHook] INFO  o.s.b.w.e.tomcat.GracefulShutdown [CID: N/A] - Commencing graceful shutdown. Waiting for active requests to complete
2025-11-17 13:14:52.321 [tomcat-shutdown] INFO  o.s.b.w.e.tomcat.GracefulShutdown [CID: N/A] - Graceful shutdown complete
2025-11-17 13:14:52.574 [SpringApplicationShutdownHook] INFO  o.s.o.j.LocalContainerEntityManagerFactoryBean [CID: N/A] - Closing JPA EntityManagerFactory for persistence unit 'default'
2025-11-17 13:14:52.857 [SpringApplicationShutdownHook] INFO  com.zaxxer.hikari.HikariDataSource [CID: N/A] - HikariPool-1 - Shutdown initiated...
2025-11-17 13:14:52.950 [SpringApplicationShutdownHook] INFO  com.zaxxer.hikari.HikariDataSource [CID: N/A] - HikariPool-1 - Shutdown completed.
