2025-11-18 08:18:12.927 [restartedMain] INFO  b.g.c.ContenedoresApplication - [] - Starting ContenedoresApplication using Java 21.0.8 with PID 8694 (/home/julian/CarpetaCentral/Programacion/Java/TPI-Backend/contenedores/target/classes started by julian in /home/julian/CarpetaCentral/Programacion/Java/TPI-Backend/contenedores)
2025-11-18 08:18:12.952 [restartedMain] DEBUG b.g.c.ContenedoresApplication - [] - Running with Spring Boot v3.5.7, Spring v6.2.12
2025-11-18 08:18:12.958 [restartedMain] INFO  b.g.c.ContenedoresApplication - [] - No active profile set, falling back to 1 default profile: "default"
2025-11-18 08:18:13.110 [restartedMain] INFO  o.s.b.d.e.DevToolsPropertyDefaultsPostProcessor - [] - Devtools property defaults active! Set 'spring.devtools.add-properties' to 'false' to disable
2025-11-18 08:18:13.110 [restartedMain] INFO  o.s.b.d.e.DevToolsPropertyDefaultsPostProcessor - [] - For additional web related logging consider setting the 'logging.level.web' property to 'DEBUG'
2025-11-18 08:18:14.852 [restartedMain] INFO  o.s.d.r.c.RepositoryConfigurationDelegate - [] - Bootstrapping Spring Data JPA repositories in DEFAULT mode.
2025-11-18 08:18:14.985 [restartedMain] INFO  o.s.d.r.c.RepositoryConfigurationDelegate - [] - Finished Spring Data repository scanning in 111 ms. Found 1 JPA repository interface.
2025-11-18 08:18:15.260 [restartedMain] INFO  o.s.cloud.context.scope.GenericScope - [] - BeanFactory id=1ab7344a-0581-3683-b2c0-ba05e705f9a9
2025-11-18 08:18:16.111 [restartedMain] INFO  o.s.b.w.e.tomcat.TomcatWebServer - [] - Tomcat initialized with port 8091 (http)
2025-11-18 08:18:16.132 [restartedMain] INFO  o.a.coyote.http11.Http11NioProtocol - [] - Initializing ProtocolHandler ["http-nio-8091"]
2025-11-18 08:18:16.136 [restartedMain] INFO  o.a.catalina.core.StandardService - [] - Starting service [Tomcat]
2025-11-18 08:18:16.136 [restartedMain] INFO  o.a.catalina.core.StandardEngine - [] - Starting Servlet engine: [Apache Tomcat/10.1.48]
2025-11-18 08:18:16.205 [restartedMain] INFO  o.a.c.c.C.[Tomcat].[localhost].[/] - [] - Initializing Spring embedded WebApplicationContext
2025-11-18 08:18:16.206 [restartedMain] INFO  o.s.b.w.s.c.ServletWebServerApplicationContext - [] - Root WebApplicationContext: initialization completed in 3095 ms
2025-11-18 08:18:17.086 [restartedMain] INFO  o.s.o.j.p.SpringPersistenceUnitInfo - [] - No LoadTimeWeaver setup: ignoring JPA class transformer
2025-11-18 08:18:17.142 [restartedMain] INFO  com.zaxxer.hikari.HikariDataSource - [] - HikariPool-1 - Starting...
2025-11-18 08:18:17.448 [restartedMain] INFO  com.zaxxer.hikari.pool.HikariPool - [] - HikariPool-1 - Added connection org.postgresql.jdbc.PgConnection@1588a5a4
2025-11-18 08:18:17.451 [restartedMain] INFO  com.zaxxer.hikari.HikariDataSource - [] - HikariPool-1 - Start completed.
2025-11-18 08:18:17.518 [restartedMain] WARN  org.hibernate.orm.deprecation - [] - HHH90000025: PostgreSQLDialect does not need to be specified explicitly using 'hibernate.dialect' (remove the property setting and it will be selected by default)
2025-11-18 08:18:19.044 [restartedMain] INFO  o.s.o.j.LocalContainerEntityManagerFactoryBean - [] - Initialized JPA EntityManagerFactory for persistence unit 'default'
2025-11-18 08:18:20.095 [restartedMain] WARN  o.s.b.a.o.j.JpaBaseConfiguration$JpaWebConfiguration - [] - spring.jpa.open-in-view is enabled by default. Therefore, database queries may be performed during view rendering. Explicitly configure spring.jpa.open-in-view to disable this warning
2025-11-18 08:18:20.146 [restartedMain] WARN  o.s.b.d.a.OptionalLiveReloadServer - [] - Unable to start LiveReload server
2025-11-18 08:18:21.134 [restartedMain] INFO  o.a.coyote.http11.Http11NioProtocol - [] - Starting ProtocolHandler ["http-nio-8091"]
2025-11-18 08:18:21.159 [restartedMain] INFO  o.s.b.w.e.tomcat.TomcatWebServer - [] - Tomcat started on port 8091 (http) with context path '/'
2025-11-18 08:18:21.187 [restartedMain] INFO  b.g.c.ContenedoresApplication - [] - Started ContenedoresApplication in 9.685 seconds (process running for 11.083)
2025-11-18 08:47:58.368 [http-nio-8091-exec-1] INFO  o.a.c.c.C.[Tomcat].[localhost].[/] - [] - Initializing Spring DispatcherServlet 'dispatcherServlet'
2025-11-18 08:47:58.379 [http-nio-8091-exec-1] INFO  o.s.web.servlet.DispatcherServlet - [] - Initializing Servlet 'dispatcherServlet'
2025-11-18 08:47:58.405 [http-nio-8091-exec-1] INFO  o.s.web.servlet.DispatcherServlet - [] - Completed initialization in 26 ms
2025-11-18 08:47:59.950 [http-nio-8091-exec-3] INFO  o.s.api.AbstractOpenApiResource - [] - Init duration for springdoc-openapi is: 610 ms
2025-11-18 08:49:56.292 [http-nio-8091-exec-5] INFO  b.g.c.service.ContenedorService - [] - Iniciando búsqueda de todos los contenedores.
2025-11-18 08:49:56.294 [http-nio-8091-exec-5] DEBUG b.g.c.service.ContenedorService - [] - Llamando al repositorio para obtener todos los contenedores.
2025-11-18 08:49:56.573 [http-nio-8091-exec-5] INFO  b.g.c.service.ContenedorService - [] - Búsqueda de todos los contenedores completada. Se encontraron 20 contenedores.
2025-11-18 08:50:25.353 [http-nio-8091-exec-6] INFO  b.g.c.service.ContenedorService - [] - Iniciando búsqueda de contenedor por peso 100 y volumen 100
2025-11-18 08:50:25.353 [http-nio-8091-exec-6] DEBUG b.g.c.service.ContenedorService - [] - Llamando al repositorio para buscar por peso y volumen.
2025-11-18 08:50:25.442 [http-nio-8091-exec-6] WARN  b.g.c.service.ContenedorService - [] - No se encontró un contenedor disponible para peso 100 y volumen 100
2025-11-18 08:50:25.445 [http-nio-8091-exec-6] WARN  b.g.c.service.ContenedorService - [] - Error de servicio al buscar por peso/volumen - Código: 404 - Mensaje: 
2025-11-18 08:50:25.456 [http-nio-8091-exec-6] WARN  o.s.w.s.m.m.a.ExceptionHandlerExceptionResolver - [] - Resolved [backend.grupo130.contenedores.config.exceptions.ServiceError: ]
2025-11-18 08:50:25.501 [http-nio-8091-exec-7] INFO  b.g.c.service.ContenedorService - [] - Iniciando registro de nuevo contenedor (Peso: 100, Volumen: 100).
2025-11-18 08:50:25.502 [http-nio-8091-exec-7] DEBUG b.g.c.service.ContenedorService - [] - Registrando con cliente ID: 5. Estado inicial: BORRADOR.
2025-11-18 08:50:25.674 [http-nio-8091-exec-7] INFO  b.g.c.service.ContenedorService - [] - Nuevo contenedor registrado exitosamente en el repositorio.
2025-11-18 08:50:25.730 [http-nio-8091-exec-8] INFO  b.g.c.service.ContenedorService - [] - Iniciando búsqueda de contenedor por ID: 5
2025-11-18 08:50:25.731 [http-nio-8091-exec-8] DEBUG b.g.c.service.ContenedorService - [] - Llamando al repositorio para buscar por ID: 5
2025-11-18 08:50:25.748 [http-nio-8091-exec-8] DEBUG b.g.c.service.ContenedorService - [] - Contenedor encontrado. Buscando datos del cliente ID: 1
2025-11-18 08:50:25.761 [http-nio-8091-exec-8] INFO  b.g.c.service.ContenedorService - [] - Búsqueda exitosa del contenedor ID: 5
2025-11-18 08:51:39.386 [http-nio-8091-exec-1] INFO  b.g.c.service.ContenedorService - [] - Iniciando búsqueda de contenedor por ID: 5
2025-11-18 08:51:39.387 [http-nio-8091-exec-1] DEBUG b.g.c.service.ContenedorService - [] - Llamando al repositorio para buscar por ID: 5
2025-11-18 08:51:39.389 [http-nio-8091-exec-1] DEBUG b.g.c.service.ContenedorService - [] - Contenedor encontrado. Buscando datos del cliente ID: 1
2025-11-18 08:51:39.401 [http-nio-8091-exec-1] INFO  b.g.c.service.ContenedorService - [] - Búsqueda exitosa del contenedor ID: 5
2025-11-18 08:52:36.145 [http-nio-8091-exec-2] INFO  b.g.c.service.ContenedorService - [] - Iniciando búsqueda de contenedor por ID: 5
2025-11-18 08:52:36.145 [http-nio-8091-exec-2] DEBUG b.g.c.service.ContenedorService - [] - Llamando al repositorio para buscar por ID: 5
2025-11-18 08:52:36.149 [http-nio-8091-exec-2] DEBUG b.g.c.service.ContenedorService - [] - Contenedor encontrado. Buscando datos del cliente ID: 1
2025-11-18 08:52:36.162 [http-nio-8091-exec-2] INFO  b.g.c.service.ContenedorService - [] - Búsqueda exitosa del contenedor ID: 5
2025-11-18 08:54:10.156 [SpringApplicationShutdownHook] INFO  o.s.b.w.e.tomcat.GracefulShutdown - [] - Commencing graceful shutdown. Waiting for active requests to complete
2025-11-18 08:54:10.161 [tomcat-shutdown] INFO  o.s.b.w.e.tomcat.GracefulShutdown - [] - Graceful shutdown complete
2025-11-18 08:54:10.171 [SpringApplicationShutdownHook] INFO  o.s.o.j.LocalContainerEntityManagerFactoryBean - [] - Closing JPA EntityManagerFactory for persistence unit 'default'
2025-11-18 08:54:10.180 [SpringApplicationShutdownHook] INFO  com.zaxxer.hikari.HikariDataSource - [] - HikariPool-1 - Shutdown initiated...
2025-11-18 08:54:10.193 [SpringApplicationShutdownHook] INFO  com.zaxxer.hikari.HikariDataSource - [] - HikariPool-1 - Shutdown completed.
2025-11-18 08:54:26.462 [restartedMain] INFO  b.g.c.ContenedoresApplication - [] - Starting ContenedoresApplication using Java 21.0.8 with PID 12604 (/home/julian/CarpetaCentral/Programacion/Java/TPI-Backend/contenedores/target/classes started by julian in /home/julian/CarpetaCentral/Programacion/Java/TPI-Backend/contenedores)
2025-11-18 08:54:26.466 [restartedMain] DEBUG b.g.c.ContenedoresApplication - [] - Running with Spring Boot v3.5.7, Spring v6.2.12
2025-11-18 08:54:26.468 [restartedMain] INFO  b.g.c.ContenedoresApplication - [] - No active profile set, falling back to 1 default profile: "default"
2025-11-18 08:54:26.547 [restartedMain] INFO  o.s.b.d.e.DevToolsPropertyDefaultsPostProcessor - [] - Devtools property defaults active! Set 'spring.devtools.add-properties' to 'false' to disable
2025-11-18 08:54:26.548 [restartedMain] INFO  o.s.b.d.e.DevToolsPropertyDefaultsPostProcessor - [] - For additional web related logging consider setting the 'logging.level.web' property to 'DEBUG'
2025-11-18 08:54:28.863 [restartedMain] INFO  o.s.d.r.c.RepositoryConfigurationDelegate - [] - Bootstrapping Spring Data JPA repositories in DEFAULT mode.
2025-11-18 08:54:29.027 [restartedMain] INFO  o.s.d.r.c.RepositoryConfigurationDelegate - [] - Finished Spring Data repository scanning in 137 ms. Found 1 JPA repository interface.
2025-11-18 08:54:29.580 [restartedMain] INFO  o.s.cloud.context.scope.GenericScope - [] - BeanFactory id=1ab7344a-0581-3683-b2c0-ba05e705f9a9
2025-11-18 08:54:31.138 [restartedMain] INFO  o.s.b.w.e.tomcat.TomcatWebServer - [] - Tomcat initialized with port 8091 (http)
2025-11-18 08:54:31.190 [restartedMain] INFO  o.a.coyote.http11.Http11NioProtocol - [] - Initializing ProtocolHandler ["http-nio-8091"]
2025-11-18 08:54:31.198 [restartedMain] INFO  o.a.catalina.core.StandardService - [] - Starting service [Tomcat]
2025-11-18 08:54:31.202 [restartedMain] INFO  o.a.catalina.core.StandardEngine - [] - Starting Servlet engine: [Apache Tomcat/10.1.48]
2025-11-18 08:54:31.362 [restartedMain] INFO  o.a.c.c.C.[Tomcat].[localhost].[/] - [] - Initializing Spring embedded WebApplicationContext
2025-11-18 08:54:31.362 [restartedMain] INFO  o.s.b.w.s.c.ServletWebServerApplicationContext - [] - Root WebApplicationContext: initialization completed in 4814 ms
2025-11-18 08:54:32.917 [restartedMain] INFO  o.s.o.j.p.SpringPersistenceUnitInfo - [] - No LoadTimeWeaver setup: ignoring JPA class transformer
2025-11-18 08:54:32.962 [restartedMain] INFO  com.zaxxer.hikari.HikariDataSource - [] - HikariPool-1 - Starting...
2025-11-18 08:54:33.331 [restartedMain] INFO  com.zaxxer.hikari.pool.HikariPool - [] - HikariPool-1 - Added connection org.postgresql.jdbc.PgConnection@25946ea3
2025-11-18 08:54:33.335 [restartedMain] INFO  com.zaxxer.hikari.HikariDataSource - [] - HikariPool-1 - Start completed.
2025-11-18 08:54:33.396 [restartedMain] WARN  org.hibernate.orm.deprecation - [] - HHH90000025: PostgreSQLDialect does not need to be specified explicitly using 'hibernate.dialect' (remove the property setting and it will be selected by default)
2025-11-18 08:54:34.772 [restartedMain] INFO  o.s.o.j.LocalContainerEntityManagerFactoryBean - [] - Initialized JPA EntityManagerFactory for persistence unit 'default'
2025-11-18 08:54:35.511 [restartedMain] WARN  o.s.b.a.o.j.JpaBaseConfiguration$JpaWebConfiguration - [] - spring.jpa.open-in-view is enabled by default. Therefore, database queries may be performed during view rendering. Explicitly configure spring.jpa.open-in-view to disable this warning
2025-11-18 08:54:35.546 [restartedMain] WARN  o.s.b.d.a.OptionalLiveReloadServer - [] - Unable to start LiveReload server
2025-11-18 08:54:36.373 [restartedMain] INFO  o.a.coyote.http11.Http11NioProtocol - [] - Starting ProtocolHandler ["http-nio-8091"]
2025-11-18 08:54:36.391 [restartedMain] INFO  o.s.b.w.e.tomcat.TomcatWebServer - [] - Tomcat started on port 8091 (http) with context path '/'
2025-11-18 08:54:36.408 [restartedMain] INFO  b.g.c.ContenedoresApplication - [] - Started ContenedoresApplication in 10.869 seconds (process running for 12.171)
2025-11-18 08:54:50.581 [http-nio-8091-exec-1] INFO  o.a.c.c.C.[Tomcat].[localhost].[/] - [] - Initializing Spring DispatcherServlet 'dispatcherServlet'
2025-11-18 08:54:50.582 [http-nio-8091-exec-1] INFO  o.s.web.servlet.DispatcherServlet - [] - Initializing Servlet 'dispatcherServlet'
2025-11-18 08:54:50.584 [http-nio-8091-exec-1] INFO  o.s.web.servlet.DispatcherServlet - [] - Completed initialization in 1 ms
2025-11-18 08:54:50.859 [http-nio-8091-exec-1] INFO  b.g.c.service.ContenedorService - [] - Iniciando búsqueda de contenedor por peso 100 y volumen 100
2025-11-18 08:54:50.859 [http-nio-8091-exec-1] DEBUG b.g.c.service.ContenedorService - [] - Llamando al repositorio para buscar por peso y volumen.
2025-11-18 08:54:51.053 [http-nio-8091-exec-1] INFO  b.g.c.service.ContenedorService - [] - Búsqueda por peso/volumen exitosa. Contenedor encontrado: 1
2025-11-18 08:54:51.126 [http-nio-8091-exec-2] INFO  b.g.c.service.ContenedorService - [] - Iniciando búsqueda de contenedor por ID: 1
2025-11-18 08:54:51.126 [http-nio-8091-exec-2] DEBUG b.g.c.service.ContenedorService - [] - Llamando al repositorio para buscar por ID: 1
2025-11-18 08:54:51.145 [http-nio-8091-exec-2] INFO  b.g.c.service.ContenedorService - [] - Búsqueda exitosa del contenedor ID: 1
2025-11-18 08:54:51.174 [http-nio-8091-exec-3] INFO  b.g.c.service.ContenedorService - [] - Iniciando asignación de cliente ID: 5 a contenedor ID: 1
2025-11-18 08:54:51.175 [http-nio-8091-exec-3] DEBUG b.g.c.service.ContenedorService - [] - Buscando contenedor ID: 1 para asignar cliente.
2025-11-18 08:54:51.178 [http-nio-8091-exec-3] DEBUG b.g.c.service.ContenedorService - [] - Buscando usuario ID: 5 para asignación.
2025-11-18 08:54:51.239 [http-nio-8091-exec-3] DEBUG b.g.c.service.ContenedorService - [] - Asignando cliente y cambiando estado a PROGRAMADO para contenedor ID: 1.
2025-11-18 08:54:51.245 [http-nio-8091-exec-3] INFO  b.g.c.service.ContenedorService - [] - Cliente ID: 5 asignado exitosamente al contenedor ID: 1.
2025-11-18 08:54:59.982 [http-nio-8091-exec-4] INFO  b.g.c.service.ContenedorService - [] - Iniciando búsqueda de contenedor por ID: 1
2025-11-18 08:54:59.982 [http-nio-8091-exec-4] DEBUG b.g.c.service.ContenedorService - [] - Llamando al repositorio para buscar por ID: 1
2025-11-18 08:54:59.985 [http-nio-8091-exec-4] DEBUG b.g.c.service.ContenedorService - [] - Contenedor encontrado. Buscando datos del cliente ID: 5
2025-11-18 08:54:59.997 [http-nio-8091-exec-4] INFO  b.g.c.service.ContenedorService - [] - Búsqueda exitosa del contenedor ID: 1
2025-11-18 08:55:49.702 [http-nio-8091-exec-5] INFO  b.g.c.service.ContenedorService - [] - Iniciando búsqueda de contenedor por ID: 1
2025-11-18 08:55:49.703 [http-nio-8091-exec-5] DEBUG b.g.c.service.ContenedorService - [] - Llamando al repositorio para buscar por ID: 1
2025-11-18 08:55:49.706 [http-nio-8091-exec-5] DEBUG b.g.c.service.ContenedorService - [] - Contenedor encontrado. Buscando datos del cliente ID: 5
2025-11-18 08:55:49.716 [http-nio-8091-exec-5] INFO  b.g.c.service.ContenedorService - [] - Búsqueda exitosa del contenedor ID: 1
2025-11-18 09:09:28.716 [http-nio-8091-exec-9] INFO  b.g.c.service.ContenedorService - [] - Iniciando cambio de estado para contenedor ID: 1 al nuevo estado: PROGRAMADO
2025-11-18 09:09:28.717 [http-nio-8091-exec-9] DEBUG b.g.c.service.ContenedorService - [] - Buscando contenedor ID: 1 para cambio de estado.
2025-11-18 09:09:28.720 [http-nio-8091-exec-9] DEBUG b.g.c.service.ContenedorService - [] - Validando nuevo estado: PROGRAMADO
2025-11-18 09:09:28.720 [http-nio-8091-exec-9] DEBUG b.g.c.service.ContenedorService - [] - Validando transición de estado: Estado.PROGRAMADO -> Estado.PROGRAMADO
2025-11-18 09:09:28.721 [http-nio-8091-exec-9] WARN  b.g.c.service.ContenedorService - [] - Transición de estado inválida de Estado.PROGRAMADO a Estado.PROGRAMADO para contenedor ID: 1
2025-11-18 09:09:28.723 [http-nio-8091-exec-9] WARN  b.g.c.service.ContenedorService - [] - Error de servicio al cambiar estado (Contenedor ID: 1, Nuevo Estado: PROGRAMADO) - Código: 400 - Mensaje: 
2025-11-18 09:09:28.745 [http-nio-8091-exec-9] WARN  o.s.w.s.m.m.a.ExceptionHandlerExceptionResolver - [] - Resolved [backend.grupo130.contenedores.config.exceptions.ServiceError: ]
2025-11-18 09:12:41.367 [http-nio-8091-exec-10] INFO  b.g.c.service.ContenedorService - [] - Iniciando búsqueda de contenedor por ID: 1
2025-11-18 09:12:41.368 [http-nio-8091-exec-10] DEBUG b.g.c.service.ContenedorService - [] - Llamando al repositorio para buscar por ID: 1
2025-11-18 09:12:41.372 [http-nio-8091-exec-10] DEBUG b.g.c.service.ContenedorService - [] - Contenedor encontrado. Buscando datos del cliente ID: 5
2025-11-18 09:12:41.402 [http-nio-8091-exec-10] INFO  b.g.c.service.ContenedorService - [] - Búsqueda exitosa del contenedor ID: 1
2025-11-18 09:14:43.017 [SpringApplicationShutdownHook] INFO  o.s.b.w.e.tomcat.GracefulShutdown - [] - Commencing graceful shutdown. Waiting for active requests to complete
2025-11-18 09:14:43.021 [tomcat-shutdown] INFO  o.s.b.w.e.tomcat.GracefulShutdown - [] - Graceful shutdown complete
2025-11-18 09:14:43.030 [SpringApplicationShutdownHook] INFO  o.s.o.j.LocalContainerEntityManagerFactoryBean - [] - Closing JPA EntityManagerFactory for persistence unit 'default'
2025-11-18 09:14:43.036 [SpringApplicationShutdownHook] INFO  com.zaxxer.hikari.HikariDataSource - [] - HikariPool-1 - Shutdown initiated...
2025-11-18 09:14:43.040 [SpringApplicationShutdownHook] INFO  com.zaxxer.hikari.HikariDataSource - [] - HikariPool-1 - Shutdown completed.
2025-11-18 09:15:02.278 [restartedMain] INFO  b.g.c.ContenedoresApplication - [] - Starting ContenedoresApplication using Java 21.0.8 with PID 14569 (/home/julian/CarpetaCentral/Programacion/Java/TPI-Backend/contenedores/target/classes started by julian in /home/julian/CarpetaCentral/Programacion/Java/TPI-Backend/contenedores)
2025-11-18 09:15:02.281 [restartedMain] DEBUG b.g.c.ContenedoresApplication - [] - Running with Spring Boot v3.5.7, Spring v6.2.12
2025-11-18 09:15:02.283 [restartedMain] INFO  b.g.c.ContenedoresApplication - [] - No active profile set, falling back to 1 default profile: "default"
2025-11-18 09:15:02.393 [restartedMain] INFO  o.s.b.d.e.DevToolsPropertyDefaultsPostProcessor - [] - Devtools property defaults active! Set 'spring.devtools.add-properties' to 'false' to disable
2025-11-18 09:15:02.394 [restartedMain] INFO  o.s.b.d.e.DevToolsPropertyDefaultsPostProcessor - [] - For additional web related logging consider setting the 'logging.level.web' property to 'DEBUG'
2025-11-18 09:15:03.968 [restartedMain] INFO  o.s.d.r.c.RepositoryConfigurationDelegate - [] - Bootstrapping Spring Data JPA repositories in DEFAULT mode.
2025-11-18 09:15:04.060 [restartedMain] INFO  o.s.d.r.c.RepositoryConfigurationDelegate - [] - Finished Spring Data repository scanning in 76 ms. Found 1 JPA repository interface.
2025-11-18 09:15:04.266 [restartedMain] INFO  o.s.cloud.context.scope.GenericScope - [] - BeanFactory id=1ab7344a-0581-3683-b2c0-ba05e705f9a9
2025-11-18 09:15:05.015 [restartedMain] INFO  o.s.b.w.e.tomcat.TomcatWebServer - [] - Tomcat initialized with port 8091 (http)
2025-11-18 09:15:05.035 [restartedMain] INFO  o.a.coyote.http11.Http11NioProtocol - [] - Initializing ProtocolHandler ["http-nio-8091"]
2025-11-18 09:15:05.040 [restartedMain] INFO  o.a.catalina.core.StandardService - [] - Starting service [Tomcat]
2025-11-18 09:15:05.041 [restartedMain] INFO  o.a.catalina.core.StandardEngine - [] - Starting Servlet engine: [Apache Tomcat/10.1.48]
2025-11-18 09:15:05.112 [restartedMain] INFO  o.a.c.c.C.[Tomcat].[localhost].[/] - [] - Initializing Spring embedded WebApplicationContext
2025-11-18 09:15:05.113 [restartedMain] INFO  o.s.b.w.s.c.ServletWebServerApplicationContext - [] - Root WebApplicationContext: initialization completed in 2718 ms
2025-11-18 09:15:06.203 [restartedMain] INFO  o.s.o.j.p.SpringPersistenceUnitInfo - [] - No LoadTimeWeaver setup: ignoring JPA class transformer
2025-11-18 09:15:06.279 [restartedMain] INFO  com.zaxxer.hikari.HikariDataSource - [] - HikariPool-1 - Starting...
2025-11-18 09:15:06.524 [restartedMain] INFO  com.zaxxer.hikari.pool.HikariPool - [] - HikariPool-1 - Added connection org.postgresql.jdbc.PgConnection@775bae98
2025-11-18 09:15:06.527 [restartedMain] INFO  com.zaxxer.hikari.HikariDataSource - [] - HikariPool-1 - Start completed.
2025-11-18 09:15:06.584 [restartedMain] WARN  org.hibernate.orm.deprecation - [] - HHH90000025: PostgreSQLDialect does not need to be specified explicitly using 'hibernate.dialect' (remove the property setting and it will be selected by default)
2025-11-18 09:15:07.978 [restartedMain] INFO  o.s.o.j.LocalContainerEntityManagerFactoryBean - [] - Initialized JPA EntityManagerFactory for persistence unit 'default'
2025-11-18 09:15:08.750 [restartedMain] WARN  o.s.b.a.o.j.JpaBaseConfiguration$JpaWebConfiguration - [] - spring.jpa.open-in-view is enabled by default. Therefore, database queries may be performed during view rendering. Explicitly configure spring.jpa.open-in-view to disable this warning
2025-11-18 09:15:08.792 [restartedMain] WARN  o.s.b.d.a.OptionalLiveReloadServer - [] - Unable to start LiveReload server
2025-11-18 09:15:09.642 [restartedMain] INFO  o.a.coyote.http11.Http11NioProtocol - [] - Starting ProtocolHandler ["http-nio-8091"]
2025-11-18 09:15:09.678 [restartedMain] INFO  o.s.b.w.e.tomcat.TomcatWebServer - [] - Tomcat started on port 8091 (http) with context path '/'
2025-11-18 09:15:09.700 [restartedMain] INFO  b.g.c.ContenedoresApplication - [] - Started ContenedoresApplication in 8.323 seconds (process running for 9.302)
2025-11-18 09:16:13.729 [http-nio-8091-exec-1] INFO  o.a.c.c.C.[Tomcat].[localhost].[/] - [] - Initializing Spring DispatcherServlet 'dispatcherServlet'
2025-11-18 09:16:13.730 [http-nio-8091-exec-1] INFO  o.s.web.servlet.DispatcherServlet - [] - Initializing Servlet 'dispatcherServlet'
2025-11-18 09:16:13.734 [http-nio-8091-exec-1] INFO  o.s.web.servlet.DispatcherServlet - [] - Completed initialization in 2 ms
2025-11-18 09:16:14.065 [http-nio-8091-exec-1] INFO  b.g.c.service.ContenedorService - [] - Iniciando búsqueda de contenedor por peso 200 y volumen 100
2025-11-18 09:16:14.066 [http-nio-8091-exec-1] DEBUG b.g.c.service.ContenedorService - [] - Llamando al repositorio para buscar por peso y volumen.
2025-11-18 09:16:14.282 [http-nio-8091-exec-1] WARN  b.g.c.service.ContenedorService - [] - No se encontró un contenedor disponible para peso 200 y volumen 100
2025-11-18 09:16:14.283 [http-nio-8091-exec-1] WARN  b.g.c.service.ContenedorService - [] - Error de servicio al buscar por peso/volumen - Código: 404 - Mensaje: 
2025-11-18 09:16:14.338 [http-nio-8091-exec-1] WARN  o.s.w.s.m.m.a.ExceptionHandlerExceptionResolver - [] - Resolved [backend.grupo130.contenedores.config.exceptions.ServiceError: ]
2025-11-18 09:16:14.371 [http-nio-8091-exec-2] INFO  b.g.c.service.ContenedorService - [] - Iniciando registro de nuevo contenedor (Peso: 200, Volumen: 100).
2025-11-18 09:16:14.371 [http-nio-8091-exec-2] DEBUG b.g.c.service.ContenedorService - [] - Registrando con cliente ID: 5. Estado inicial: BORRADOR.
2025-11-18 09:16:14.484 [http-nio-8091-exec-2] INFO  b.g.c.service.ContenedorService - [] - Nuevo contenedor registrado exitosamente en el repositorio.
2025-11-18 09:16:14.527 [http-nio-8091-exec-3] INFO  b.g.c.service.ContenedorService - [] - Iniciando búsqueda de contenedor por ID: 5
2025-11-18 09:16:14.527 [http-nio-8091-exec-3] DEBUG b.g.c.service.ContenedorService - [] - Llamando al repositorio para buscar por ID: 5
2025-11-18 09:16:14.542 [http-nio-8091-exec-3] DEBUG b.g.c.service.ContenedorService - [] - Contenedor encontrado. Buscando datos del cliente ID: 1
2025-11-18 09:16:14.552 [http-nio-8091-exec-3] INFO  b.g.c.service.ContenedorService - [] - Búsqueda exitosa del contenedor ID: 5
2025-11-18 09:16:22.756 [http-nio-8091-exec-4] INFO  b.g.c.service.ContenedorService - [] - Iniciando búsqueda de contenedor por ID: 5
2025-11-18 09:16:22.756 [http-nio-8091-exec-4] DEBUG b.g.c.service.ContenedorService - [] - Llamando al repositorio para buscar por ID: 5
2025-11-18 09:16:22.758 [http-nio-8091-exec-4] DEBUG b.g.c.service.ContenedorService - [] - Contenedor encontrado. Buscando datos del cliente ID: 1
2025-11-18 09:16:22.772 [http-nio-8091-exec-4] INFO  b.g.c.service.ContenedorService - [] - Búsqueda exitosa del contenedor ID: 5
2025-11-18 09:16:42.694 [http-nio-8091-exec-5] INFO  b.g.c.service.ContenedorService - [] - Iniciando búsqueda de contenedor por peso 200 y volumen 100
2025-11-18 09:16:42.695 [http-nio-8091-exec-5] DEBUG b.g.c.service.ContenedorService - [] - Llamando al repositorio para buscar por peso y volumen.
2025-11-18 09:16:42.700 [http-nio-8091-exec-5] WARN  b.g.c.service.ContenedorService - [] - No se encontró un contenedor disponible para peso 200 y volumen 100
2025-11-18 09:16:42.700 [http-nio-8091-exec-5] WARN  b.g.c.service.ContenedorService - [] - Error de servicio al buscar por peso/volumen - Código: 404 - Mensaje: 
2025-11-18 09:16:42.703 [http-nio-8091-exec-5] WARN  o.s.w.s.m.m.a.ExceptionHandlerExceptionResolver - [] - Resolved [backend.grupo130.contenedores.config.exceptions.ServiceError: ]
2025-11-18 09:16:42.713 [http-nio-8091-exec-6] INFO  b.g.c.service.ContenedorService - [] - Iniciando registro de nuevo contenedor (Peso: 200, Volumen: 100).
2025-11-18 09:16:42.713 [http-nio-8091-exec-6] DEBUG b.g.c.service.ContenedorService - [] - Registrando con cliente ID: 5. Estado inicial: BORRADOR.
2025-11-18 09:16:42.751 [http-nio-8091-exec-6] INFO  b.g.c.service.ContenedorService - [] - Nuevo contenedor registrado exitosamente en el repositorio.
2025-11-18 09:16:42.765 [http-nio-8091-exec-7] INFO  b.g.c.service.ContenedorService - [] - Iniciando búsqueda de contenedor por ID: 5
2025-11-18 09:16:42.765 [http-nio-8091-exec-7] DEBUG b.g.c.service.ContenedorService - [] - Llamando al repositorio para buscar por ID: 5
2025-11-18 09:16:42.768 [http-nio-8091-exec-7] DEBUG b.g.c.service.ContenedorService - [] - Contenedor encontrado. Buscando datos del cliente ID: 1
2025-11-18 09:16:42.781 [http-nio-8091-exec-7] INFO  b.g.c.service.ContenedorService - [] - Búsqueda exitosa del contenedor ID: 5
2025-11-18 09:18:12.496 [SpringApplicationShutdownHook] INFO  o.s.b.w.e.tomcat.GracefulShutdown - [] - Commencing graceful shutdown. Waiting for active requests to complete
2025-11-18 09:18:12.501 [tomcat-shutdown] INFO  o.s.b.w.e.tomcat.GracefulShutdown - [] - Graceful shutdown complete
2025-11-18 09:18:12.511 [SpringApplicationShutdownHook] INFO  o.s.o.j.LocalContainerEntityManagerFactoryBean - [] - Closing JPA EntityManagerFactory for persistence unit 'default'
2025-11-18 09:18:12.517 [SpringApplicationShutdownHook] INFO  com.zaxxer.hikari.HikariDataSource - [] - HikariPool-1 - Shutdown initiated...
2025-11-18 09:18:12.525 [SpringApplicationShutdownHook] INFO  com.zaxxer.hikari.HikariDataSource - [] - HikariPool-1 - Shutdown completed.
2025-11-18 09:20:15.725 [restartedMain] INFO  b.g.c.ContenedoresApplication - [] - Starting ContenedoresApplication using Java 21.0.8 with PID 15447 (/home/julian/CarpetaCentral/Programacion/Java/TPI-Backend/contenedores/target/classes started by julian in /home/julian/CarpetaCentral/Programacion/Java/TPI-Backend/contenedores)
2025-11-18 09:20:15.727 [restartedMain] DEBUG b.g.c.ContenedoresApplication - [] - Running with Spring Boot v3.5.7, Spring v6.2.12
2025-11-18 09:20:15.729 [restartedMain] INFO  b.g.c.ContenedoresApplication - [] - No active profile set, falling back to 1 default profile: "default"
2025-11-18 09:20:15.898 [restartedMain] INFO  o.s.b.d.e.DevToolsPropertyDefaultsPostProcessor - [] - Devtools property defaults active! Set 'spring.devtools.add-properties' to 'false' to disable
2025-11-18 09:20:15.898 [restartedMain] INFO  o.s.b.d.e.DevToolsPropertyDefaultsPostProcessor - [] - For additional web related logging consider setting the 'logging.level.web' property to 'DEBUG'
2025-11-18 09:20:17.189 [restartedMain] INFO  o.s.d.r.c.RepositoryConfigurationDelegate - [] - Bootstrapping Spring Data JPA repositories in DEFAULT mode.
2025-11-18 09:20:17.272 [restartedMain] INFO  o.s.d.r.c.RepositoryConfigurationDelegate - [] - Finished Spring Data repository scanning in 68 ms. Found 1 JPA repository interface.
2025-11-18 09:20:17.473 [restartedMain] INFO  o.s.cloud.context.scope.GenericScope - [] - BeanFactory id=1ab7344a-0581-3683-b2c0-ba05e705f9a9
2025-11-18 09:20:18.137 [restartedMain] INFO  o.s.b.w.e.tomcat.TomcatWebServer - [] - Tomcat initialized with port 8091 (http)
2025-11-18 09:20:18.155 [restartedMain] INFO  o.a.coyote.http11.Http11NioProtocol - [] - Initializing ProtocolHandler ["http-nio-8091"]
2025-11-18 09:20:18.159 [restartedMain] INFO  o.a.catalina.core.StandardService - [] - Starting service [Tomcat]
2025-11-18 09:20:18.159 [restartedMain] INFO  o.a.catalina.core.StandardEngine - [] - Starting Servlet engine: [Apache Tomcat/10.1.48]
2025-11-18 09:20:18.219 [restartedMain] INFO  o.a.c.c.C.[Tomcat].[localhost].[/] - [] - Initializing Spring embedded WebApplicationContext
2025-11-18 09:20:18.219 [restartedMain] INFO  o.s.b.w.s.c.ServletWebServerApplicationContext - [] - Root WebApplicationContext: initialization completed in 2320 ms
2025-11-18 09:20:18.979 [restartedMain] INFO  o.s.o.j.p.SpringPersistenceUnitInfo - [] - No LoadTimeWeaver setup: ignoring JPA class transformer
2025-11-18 09:20:19.020 [restartedMain] INFO  com.zaxxer.hikari.HikariDataSource - [] - HikariPool-1 - Starting...
2025-11-18 09:20:19.220 [restartedMain] INFO  com.zaxxer.hikari.pool.HikariPool - [] - HikariPool-1 - Added connection org.postgresql.jdbc.PgConnection@5ec95488
2025-11-18 09:20:19.222 [restartedMain] INFO  com.zaxxer.hikari.HikariDataSource - [] - HikariPool-1 - Start completed.
2025-11-18 09:20:19.267 [restartedMain] WARN  org.hibernate.orm.deprecation - [] - HHH90000025: PostgreSQLDialect does not need to be specified explicitly using 'hibernate.dialect' (remove the property setting and it will be selected by default)
2025-11-18 09:20:20.490 [restartedMain] INFO  o.s.o.j.LocalContainerEntityManagerFactoryBean - [] - Initialized JPA EntityManagerFactory for persistence unit 'default'
2025-11-18 09:20:21.264 [restartedMain] WARN  o.s.b.a.o.j.JpaBaseConfiguration$JpaWebConfiguration - [] - spring.jpa.open-in-view is enabled by default. Therefore, database queries may be performed during view rendering. Explicitly configure spring.jpa.open-in-view to disable this warning
2025-11-18 09:20:21.302 [restartedMain] WARN  o.s.b.d.a.OptionalLiveReloadServer - [] - Unable to start LiveReload server
2025-11-18 09:20:22.071 [restartedMain] INFO  o.a.coyote.http11.Http11NioProtocol - [] - Starting ProtocolHandler ["http-nio-8091"]
2025-11-18 09:20:22.100 [restartedMain] INFO  o.s.b.w.e.tomcat.TomcatWebServer - [] - Tomcat started on port 8091 (http) with context path '/'
2025-11-18 09:20:22.122 [restartedMain] INFO  b.g.c.ContenedoresApplication - [] - Started ContenedoresApplication in 7.769 seconds (process running for 9.05)
2025-11-18 09:20:53.374 [http-nio-8091-exec-1] INFO  o.a.c.c.C.[Tomcat].[localhost].[/] - [] - Initializing Spring DispatcherServlet 'dispatcherServlet'
2025-11-18 09:20:53.375 [http-nio-8091-exec-1] INFO  o.s.web.servlet.DispatcherServlet - [] - Initializing Servlet 'dispatcherServlet'
2025-11-18 09:20:53.377 [http-nio-8091-exec-1] INFO  o.s.web.servlet.DispatcherServlet - [] - Completed initialization in 2 ms
2025-11-18 09:20:53.677 [http-nio-8091-exec-1] INFO  b.g.c.service.ContenedorService - [] - Iniciando búsqueda de contenedor por peso 200 y volumen 100
2025-11-18 09:20:53.677 [http-nio-8091-exec-1] DEBUG b.g.c.service.ContenedorService - [] - Llamando al repositorio para buscar por peso y volumen.
2025-11-18 09:20:53.902 [http-nio-8091-exec-1] WARN  b.g.c.service.ContenedorService - [] - No se encontró un contenedor disponible para peso 200 y volumen 100
2025-11-18 09:20:53.902 [http-nio-8091-exec-1] WARN  b.g.c.service.ContenedorService - [] - Error de servicio al buscar por peso/volumen - Código: 404 - Mensaje: 
2025-11-18 09:20:53.944 [http-nio-8091-exec-1] WARN  o.s.w.s.m.m.a.ExceptionHandlerExceptionResolver - [] - Resolved [backend.grupo130.contenedores.config.exceptions.ServiceError: ]
2025-11-18 09:20:53.966 [http-nio-8091-exec-2] INFO  b.g.c.service.ContenedorService - [] - Iniciando registro de nuevo contenedor (Peso: 200, Volumen: 100).
2025-11-18 09:20:53.967 [http-nio-8091-exec-2] DEBUG b.g.c.service.ContenedorService - [] - Registrando con cliente ID: 5. Estado inicial: BORRADOR.
2025-11-18 09:20:54.070 [http-nio-8091-exec-2] INFO  b.g.c.service.ContenedorService - [] - Nuevo contenedor registrado exitosamente en el repositorio.
2025-11-18 09:20:54.104 [http-nio-8091-exec-4] INFO  b.g.c.service.ContenedorService - [] - Iniciando búsqueda de contenedor por ID: 5
2025-11-18 09:20:54.104 [http-nio-8091-exec-4] DEBUG b.g.c.service.ContenedorService - [] - Llamando al repositorio para buscar por ID: 5
2025-11-18 09:20:54.123 [http-nio-8091-exec-4] DEBUG b.g.c.service.ContenedorService - [] - Contenedor encontrado. Buscando datos del cliente ID: 1
2025-11-18 09:20:54.137 [http-nio-8091-exec-4] INFO  b.g.c.service.ContenedorService - [] - Búsqueda exitosa del contenedor ID: 5
2025-11-18 09:21:17.678 [SpringApplicationShutdownHook] INFO  o.s.b.w.e.tomcat.GracefulShutdown - [] - Commencing graceful shutdown. Waiting for active requests to complete
2025-11-18 09:21:17.706 [tomcat-shutdown] INFO  o.s.b.w.e.tomcat.GracefulShutdown - [] - Graceful shutdown complete
2025-11-18 09:21:17.728 [SpringApplicationShutdownHook] INFO  o.s.o.j.LocalContainerEntityManagerFactoryBean - [] - Closing JPA EntityManagerFactory for persistence unit 'default'
2025-11-18 09:21:17.746 [SpringApplicationShutdownHook] INFO  com.zaxxer.hikari.HikariDataSource - [] - HikariPool-1 - Shutdown initiated...
2025-11-18 09:21:17.769 [SpringApplicationShutdownHook] INFO  com.zaxxer.hikari.HikariDataSource - [] - HikariPool-1 - Shutdown completed.
2025-11-18 09:21:33.698 [restartedMain] INFO  b.g.c.ContenedoresApplication - [] - Starting ContenedoresApplication using Java 21.0.8 with PID 15731 (/home/julian/CarpetaCentral/Programacion/Java/TPI-Backend/contenedores/target/classes started by julian in /home/julian/CarpetaCentral/Programacion/Java/TPI-Backend/contenedores)
2025-11-18 09:21:33.701 [restartedMain] DEBUG b.g.c.ContenedoresApplication - [] - Running with Spring Boot v3.5.7, Spring v6.2.12
2025-11-18 09:21:33.702 [restartedMain] INFO  b.g.c.ContenedoresApplication - [] - No active profile set, falling back to 1 default profile: "default"
2025-11-18 09:21:33.771 [restartedMain] INFO  o.s.b.d.e.DevToolsPropertyDefaultsPostProcessor - [] - Devtools property defaults active! Set 'spring.devtools.add-properties' to 'false' to disable
2025-11-18 09:21:33.771 [restartedMain] INFO  o.s.b.d.e.DevToolsPropertyDefaultsPostProcessor - [] - For additional web related logging consider setting the 'logging.level.web' property to 'DEBUG'
2025-11-18 09:21:35.120 [restartedMain] INFO  o.s.d.r.c.RepositoryConfigurationDelegate - [] - Bootstrapping Spring Data JPA repositories in DEFAULT mode.
2025-11-18 09:21:35.197 [restartedMain] INFO  o.s.d.r.c.RepositoryConfigurationDelegate - [] - Finished Spring Data repository scanning in 61 ms. Found 1 JPA repository interface.
2025-11-18 09:21:35.400 [restartedMain] INFO  o.s.cloud.context.scope.GenericScope - [] - BeanFactory id=1ab7344a-0581-3683-b2c0-ba05e705f9a9
2025-11-18 09:21:36.123 [restartedMain] INFO  o.s.b.w.e.tomcat.TomcatWebServer - [] - Tomcat initialized with port 8091 (http)
2025-11-18 09:21:36.281 [restartedMain] INFO  o.a.coyote.http11.Http11NioProtocol - [] - Initializing ProtocolHandler ["http-nio-8091"]
2025-11-18 09:21:36.292 [restartedMain] INFO  o.a.catalina.core.StandardService - [] - Starting service [Tomcat]
2025-11-18 09:21:36.293 [restartedMain] INFO  o.a.catalina.core.StandardEngine - [] - Starting Servlet engine: [Apache Tomcat/10.1.48]
2025-11-18 09:21:36.399 [restartedMain] INFO  o.a.c.c.C.[Tomcat].[localhost].[/] - [] - Initializing Spring embedded WebApplicationContext
2025-11-18 09:21:36.400 [restartedMain] INFO  o.s.b.w.s.c.ServletWebServerApplicationContext - [] - Root WebApplicationContext: initialization completed in 2627 ms
2025-11-18 09:21:37.137 [restartedMain] INFO  o.s.o.j.p.SpringPersistenceUnitInfo - [] - No LoadTimeWeaver setup: ignoring JPA class transformer
2025-11-18 09:21:37.180 [restartedMain] INFO  com.zaxxer.hikari.HikariDataSource - [] - HikariPool-1 - Starting...
2025-11-18 09:21:37.458 [restartedMain] INFO  com.zaxxer.hikari.pool.HikariPool - [] - HikariPool-1 - Added connection org.postgresql.jdbc.PgConnection@60c604c3
2025-11-18 09:21:37.461 [restartedMain] INFO  com.zaxxer.hikari.HikariDataSource - [] - HikariPool-1 - Start completed.
2025-11-18 09:21:37.532 [restartedMain] WARN  org.hibernate.orm.deprecation - [] - HHH90000025: PostgreSQLDialect does not need to be specified explicitly using 'hibernate.dialect' (remove the property setting and it will be selected by default)
2025-11-18 09:21:39.014 [restartedMain] INFO  o.s.o.j.LocalContainerEntityManagerFactoryBean - [] - Initialized JPA EntityManagerFactory for persistence unit 'default'
2025-11-18 09:21:39.785 [restartedMain] WARN  o.s.b.a.o.j.JpaBaseConfiguration$JpaWebConfiguration - [] - spring.jpa.open-in-view is enabled by default. Therefore, database queries may be performed during view rendering. Explicitly configure spring.jpa.open-in-view to disable this warning
2025-11-18 09:21:39.824 [restartedMain] WARN  o.s.b.d.a.OptionalLiveReloadServer - [] - Unable to start LiveReload server
2025-11-18 09:21:40.645 [restartedMain] INFO  o.a.coyote.http11.Http11NioProtocol - [] - Starting ProtocolHandler ["http-nio-8091"]
2025-11-18 09:21:40.666 [restartedMain] INFO  o.s.b.w.e.tomcat.TomcatWebServer - [] - Tomcat started on port 8091 (http) with context path '/'
2025-11-18 09:21:40.686 [restartedMain] INFO  b.g.c.ContenedoresApplication - [] - Started ContenedoresApplication in 7.968 seconds (process running for 9.095)
2025-11-18 09:21:49.386 [http-nio-8091-exec-1] INFO  o.a.c.c.C.[Tomcat].[localhost].[/] - [] - Initializing Spring DispatcherServlet 'dispatcherServlet'
2025-11-18 09:21:49.387 [http-nio-8091-exec-1] INFO  o.s.web.servlet.DispatcherServlet - [] - Initializing Servlet 'dispatcherServlet'
2025-11-18 09:21:49.389 [http-nio-8091-exec-1] INFO  o.s.web.servlet.DispatcherServlet - [] - Completed initialization in 2 ms
2025-11-18 09:21:49.634 [http-nio-8091-exec-1] INFO  b.g.c.service.ContenedorService - [] - Iniciando búsqueda de contenedor por peso 200 y volumen 100
2025-11-18 09:21:49.634 [http-nio-8091-exec-1] DEBUG b.g.c.service.ContenedorService - [] - Llamando al repositorio para buscar por peso y volumen.
2025-11-18 09:21:49.815 [http-nio-8091-exec-1] WARN  b.g.c.service.ContenedorService - [] - No se encontró un contenedor disponible para peso 200 y volumen 100
2025-11-18 09:21:49.816 [http-nio-8091-exec-1] WARN  b.g.c.service.ContenedorService - [] - Error de servicio al buscar por peso/volumen - Código: 404 - Mensaje: 
2025-11-18 09:21:49.858 [http-nio-8091-exec-1] WARN  o.s.w.s.m.m.a.ExceptionHandlerExceptionResolver - [] - Resolved [backend.grupo130.contenedores.config.exceptions.ServiceError: ]
2025-11-18 09:21:49.876 [http-nio-8091-exec-2] INFO  b.g.c.service.ContenedorService - [] - Iniciando registro de nuevo contenedor (Peso: 200, Volumen: 100).
2025-11-18 09:21:49.876 [http-nio-8091-exec-2] DEBUG b.g.c.service.ContenedorService - [] - Registrando con cliente ID: 5. Estado inicial: BORRADOR.
2025-11-18 09:21:49.992 [http-nio-8091-exec-2] INFO  b.g.c.service.ContenedorService - [] - Nuevo contenedor registrado exitosamente en el repositorio.
2025-11-18 09:21:50.033 [http-nio-8091-exec-3] INFO  b.g.c.service.ContenedorService - [] - Iniciando búsqueda de contenedor por ID: 5
2025-11-18 09:21:50.034 [http-nio-8091-exec-3] DEBUG b.g.c.service.ContenedorService - [] - Llamando al repositorio para buscar por ID: 5
2025-11-18 09:21:50.049 [http-nio-8091-exec-3] DEBUG b.g.c.service.ContenedorService - [] - Contenedor encontrado. Buscando datos del cliente ID: 1
2025-11-18 09:21:50.060 [http-nio-8091-exec-3] INFO  b.g.c.service.ContenedorService - [] - Búsqueda exitosa del contenedor ID: 5
2025-11-18 09:24:25.974 [SpringApplicationShutdownHook] INFO  o.s.b.w.e.tomcat.GracefulShutdown - [] - Commencing graceful shutdown. Waiting for active requests to complete
2025-11-18 09:24:25.982 [tomcat-shutdown] INFO  o.s.b.w.e.tomcat.GracefulShutdown - [] - Graceful shutdown complete
2025-11-18 09:24:25.992 [SpringApplicationShutdownHook] INFO  o.s.o.j.LocalContainerEntityManagerFactoryBean - [] - Closing JPA EntityManagerFactory for persistence unit 'default'
2025-11-18 09:24:25.995 [SpringApplicationShutdownHook] INFO  com.zaxxer.hikari.HikariDataSource - [] - HikariPool-1 - Shutdown initiated...
2025-11-18 09:24:25.999 [SpringApplicationShutdownHook] INFO  com.zaxxer.hikari.HikariDataSource - [] - HikariPool-1 - Shutdown completed.
2025-11-18 09:24:34.135 [restartedMain] INFO  b.g.c.ContenedoresApplication - [] - Starting ContenedoresApplication using Java 21.0.8 with PID 16142 (/home/julian/CarpetaCentral/Programacion/Java/TPI-Backend/contenedores/target/classes started by julian in /home/julian/CarpetaCentral/Programacion/Java/TPI-Backend/contenedores)
2025-11-18 09:24:34.137 [restartedMain] DEBUG b.g.c.ContenedoresApplication - [] - Running with Spring Boot v3.5.7, Spring v6.2.12
2025-11-18 09:24:34.138 [restartedMain] INFO  b.g.c.ContenedoresApplication - [] - No active profile set, falling back to 1 default profile: "default"
2025-11-18 09:24:34.211 [restartedMain] INFO  o.s.b.d.e.DevToolsPropertyDefaultsPostProcessor - [] - Devtools property defaults active! Set 'spring.devtools.add-properties' to 'false' to disable
2025-11-18 09:24:34.211 [restartedMain] INFO  o.s.b.d.e.DevToolsPropertyDefaultsPostProcessor - [] - For additional web related logging consider setting the 'logging.level.web' property to 'DEBUG'
2025-11-18 09:24:35.426 [restartedMain] INFO  o.s.d.r.c.RepositoryConfigurationDelegate - [] - Bootstrapping Spring Data JPA repositories in DEFAULT mode.
2025-11-18 09:24:35.500 [restartedMain] INFO  o.s.d.r.c.RepositoryConfigurationDelegate - [] - Finished Spring Data repository scanning in 60 ms. Found 1 JPA repository interface.
2025-11-18 09:24:35.683 [restartedMain] INFO  o.s.cloud.context.scope.GenericScope - [] - BeanFactory id=1ab7344a-0581-3683-b2c0-ba05e705f9a9
2025-11-18 09:24:36.331 [restartedMain] INFO  o.s.b.w.e.tomcat.TomcatWebServer - [] - Tomcat initialized with port 8091 (http)
2025-11-18 09:24:36.349 [restartedMain] INFO  o.a.coyote.http11.Http11NioProtocol - [] - Initializing ProtocolHandler ["http-nio-8091"]
2025-11-18 09:24:36.352 [restartedMain] INFO  o.a.catalina.core.StandardService - [] - Starting service [Tomcat]
2025-11-18 09:24:36.353 [restartedMain] INFO  o.a.catalina.core.StandardEngine - [] - Starting Servlet engine: [Apache Tomcat/10.1.48]
2025-11-18 09:24:36.412 [restartedMain] INFO  o.a.c.c.C.[Tomcat].[localhost].[/] - [] - Initializing Spring embedded WebApplicationContext
2025-11-18 09:24:36.412 [restartedMain] INFO  o.s.b.w.s.c.ServletWebServerApplicationContext - [] - Root WebApplicationContext: initialization completed in 2200 ms
2025-11-18 09:24:37.064 [restartedMain] INFO  o.s.o.j.p.SpringPersistenceUnitInfo - [] - No LoadTimeWeaver setup: ignoring JPA class transformer
2025-11-18 09:24:37.100 [restartedMain] INFO  com.zaxxer.hikari.HikariDataSource - [] - HikariPool-1 - Starting...
2025-11-18 09:24:37.291 [restartedMain] INFO  com.zaxxer.hikari.pool.HikariPool - [] - HikariPool-1 - Added connection org.postgresql.jdbc.PgConnection@584020a1
2025-11-18 09:24:37.294 [restartedMain] INFO  com.zaxxer.hikari.HikariDataSource - [] - HikariPool-1 - Start completed.
2025-11-18 09:24:37.339 [restartedMain] WARN  org.hibernate.orm.deprecation - [] - HHH90000025: PostgreSQLDialect does not need to be specified explicitly using 'hibernate.dialect' (remove the property setting and it will be selected by default)
2025-11-18 09:24:38.425 [restartedMain] INFO  o.s.o.j.LocalContainerEntityManagerFactoryBean - [] - Initialized JPA EntityManagerFactory for persistence unit 'default'
2025-11-18 09:24:39.124 [restartedMain] WARN  o.s.b.a.o.j.JpaBaseConfiguration$JpaWebConfiguration - [] - spring.jpa.open-in-view is enabled by default. Therefore, database queries may be performed during view rendering. Explicitly configure spring.jpa.open-in-view to disable this warning
2025-11-18 09:24:39.161 [restartedMain] WARN  o.s.b.d.a.OptionalLiveReloadServer - [] - Unable to start LiveReload server
2025-11-18 09:24:39.909 [restartedMain] INFO  o.a.coyote.http11.Http11NioProtocol - [] - Starting ProtocolHandler ["http-nio-8091"]
2025-11-18 09:24:39.927 [restartedMain] INFO  o.s.b.w.e.tomcat.TomcatWebServer - [] - Tomcat started on port 8091 (http) with context path '/'
2025-11-18 09:24:39.942 [restartedMain] INFO  b.g.c.ContenedoresApplication - [] - Started ContenedoresApplication in 6.638 seconds (process running for 7.468)
2025-11-18 09:25:04.091 [http-nio-8091-exec-1] INFO  o.a.c.c.C.[Tomcat].[localhost].[/] - [] - Initializing Spring DispatcherServlet 'dispatcherServlet'
2025-11-18 09:25:04.092 [http-nio-8091-exec-1] INFO  o.s.web.servlet.DispatcherServlet - [] - Initializing Servlet 'dispatcherServlet'
2025-11-18 09:25:04.094 [http-nio-8091-exec-1] INFO  o.s.web.servlet.DispatcherServlet - [] - Completed initialization in 2 ms
2025-11-18 09:25:04.338 [http-nio-8091-exec-1] INFO  b.g.c.service.ContenedorService - [] - Iniciando búsqueda de contenedor por peso 200 y volumen 100
2025-11-18 09:25:04.338 [http-nio-8091-exec-1] DEBUG b.g.c.service.ContenedorService - [] - Llamando al repositorio para buscar por peso y volumen.
2025-11-18 09:25:04.510 [http-nio-8091-exec-1] WARN  b.g.c.service.ContenedorService - [] - No se encontró un contenedor disponible para peso 200 y volumen 100
2025-11-18 09:25:04.511 [http-nio-8091-exec-1] WARN  b.g.c.service.ContenedorService - [] - Error de servicio al buscar por peso/volumen - Código: 404 - Mensaje: 
2025-11-18 09:25:04.552 [http-nio-8091-exec-1] WARN  o.s.w.s.m.m.a.ExceptionHandlerExceptionResolver - [] - Resolved [backend.grupo130.contenedores.config.exceptions.ServiceError: ]
2025-11-18 09:25:04.569 [http-nio-8091-exec-2] INFO  b.g.c.service.ContenedorService - [] - Iniciando registro de nuevo contenedor (Peso: 200, Volumen: 100).
2025-11-18 09:25:04.570 [http-nio-8091-exec-2] DEBUG b.g.c.service.ContenedorService - [] - Registrando con cliente ID: 5. Estado inicial: BORRADOR.
2025-11-18 09:25:04.656 [http-nio-8091-exec-2] INFO  b.g.c.service.ContenedorService - [] - Nuevo contenedor registrado exitosamente en el repositorio.
2025-11-18 09:25:04.711 [http-nio-8091-exec-3] INFO  b.g.c.service.ContenedorService - [] - Iniciando búsqueda de contenedor por ID: 5
2025-11-18 09:25:04.711 [http-nio-8091-exec-3] DEBUG b.g.c.service.ContenedorService - [] - Llamando al repositorio para buscar por ID: 5
2025-11-18 09:25:04.725 [http-nio-8091-exec-3] DEBUG b.g.c.service.ContenedorService - [] - Contenedor encontrado. Buscando datos del cliente ID: 1
2025-11-18 09:25:04.734 [http-nio-8091-exec-3] INFO  b.g.c.service.ContenedorService - [] - Búsqueda exitosa del contenedor ID: 5
2025-11-18 09:25:48.182 [http-nio-8091-exec-5] INFO  b.g.c.service.ContenedorService - [] - Iniciando búsqueda de contenedor por peso 200 y volumen 100
2025-11-18 09:25:48.183 [http-nio-8091-exec-5] DEBUG b.g.c.service.ContenedorService - [] - Llamando al repositorio para buscar por peso y volumen.
2025-11-18 09:25:48.188 [http-nio-8091-exec-5] WARN  b.g.c.service.ContenedorService - [] - No se encontró un contenedor disponible para peso 200 y volumen 100
2025-11-18 09:25:48.188 [http-nio-8091-exec-5] WARN  b.g.c.service.ContenedorService - [] - Error de servicio al buscar por peso/volumen - Código: 404 - Mensaje: 
2025-11-18 09:25:48.191 [http-nio-8091-exec-5] WARN  o.s.w.s.m.m.a.ExceptionHandlerExceptionResolver - [] - Resolved [backend.grupo130.contenedores.config.exceptions.ServiceError: ]
2025-11-18 09:25:48.226 [http-nio-8091-exec-6] INFO  b.g.c.service.ContenedorService - [] - Iniciando registro de nuevo contenedor (Peso: 200, Volumen: 100).
2025-11-18 09:25:48.227 [http-nio-8091-exec-6] DEBUG b.g.c.service.ContenedorService - [] - Registrando con cliente ID: 5. Estado inicial: BORRADOR.
2025-11-18 09:25:48.240 [http-nio-8091-exec-6] INFO  b.g.c.service.ContenedorService - [] - Nuevo contenedor registrado exitosamente en el repositorio.
2025-11-18 09:25:48.254 [http-nio-8091-exec-7] INFO  b.g.c.service.ContenedorService - [] - Iniciando búsqueda de contenedor por ID: 5
2025-11-18 09:25:48.254 [http-nio-8091-exec-7] DEBUG b.g.c.service.ContenedorService - [] - Llamando al repositorio para buscar por ID: 5
2025-11-18 09:25:48.256 [http-nio-8091-exec-7] DEBUG b.g.c.service.ContenedorService - [] - Contenedor encontrado. Buscando datos del cliente ID: 1
2025-11-18 09:25:48.267 [http-nio-8091-exec-7] INFO  b.g.c.service.ContenedorService - [] - Búsqueda exitosa del contenedor ID: 5
2025-11-18 09:30:05.603 [SpringApplicationShutdownHook] INFO  o.s.b.w.e.tomcat.GracefulShutdown - [] - Commencing graceful shutdown. Waiting for active requests to complete
2025-11-18 09:30:05.608 [tomcat-shutdown] INFO  o.s.b.w.e.tomcat.GracefulShutdown - [] - Graceful shutdown complete
2025-11-18 09:30:05.615 [SpringApplicationShutdownHook] INFO  o.s.o.j.LocalContainerEntityManagerFactoryBean - [] - Closing JPA EntityManagerFactory for persistence unit 'default'
2025-11-18 09:30:05.620 [SpringApplicationShutdownHook] INFO  com.zaxxer.hikari.HikariDataSource - [] - HikariPool-1 - Shutdown initiated...
2025-11-18 09:30:05.635 [SpringApplicationShutdownHook] INFO  com.zaxxer.hikari.HikariDataSource - [] - HikariPool-1 - Shutdown completed.
2025-11-18 09:30:32.941 [restartedMain] INFO  b.g.c.ContenedoresApplication - [] - Starting ContenedoresApplication using Java 21.0.8 with PID 16971 (/home/julian/CarpetaCentral/Programacion/Java/TPI-Backend/contenedores/target/classes started by julian in /home/julian/CarpetaCentral/Programacion/Java/TPI-Backend/contenedores)
2025-11-18 09:30:32.947 [restartedMain] DEBUG b.g.c.ContenedoresApplication - [] - Running with Spring Boot v3.5.7, Spring v6.2.12
2025-11-18 09:30:32.948 [restartedMain] INFO  b.g.c.ContenedoresApplication - [] - No active profile set, falling back to 1 default profile: "default"
2025-11-18 09:30:33.041 [restartedMain] INFO  o.s.b.d.e.DevToolsPropertyDefaultsPostProcessor - [] - Devtools property defaults active! Set 'spring.devtools.add-properties' to 'false' to disable
2025-11-18 09:30:33.042 [restartedMain] INFO  o.s.b.d.e.DevToolsPropertyDefaultsPostProcessor - [] - For additional web related logging consider setting the 'logging.level.web' property to 'DEBUG'
2025-11-18 09:30:34.488 [restartedMain] INFO  o.s.d.r.c.RepositoryConfigurationDelegate - [] - Bootstrapping Spring Data JPA repositories in DEFAULT mode.
2025-11-18 09:30:34.575 [restartedMain] INFO  o.s.d.r.c.RepositoryConfigurationDelegate - [] - Finished Spring Data repository scanning in 72 ms. Found 1 JPA repository interface.
2025-11-18 09:30:34.762 [restartedMain] INFO  o.s.cloud.context.scope.GenericScope - [] - BeanFactory id=1ab7344a-0581-3683-b2c0-ba05e705f9a9
2025-11-18 09:30:35.647 [restartedMain] INFO  o.s.b.w.e.tomcat.TomcatWebServer - [] - Tomcat initialized with port 8091 (http)
2025-11-18 09:30:35.666 [restartedMain] INFO  o.a.coyote.http11.Http11NioProtocol - [] - Initializing ProtocolHandler ["http-nio-8091"]
2025-11-18 09:30:35.670 [restartedMain] INFO  o.a.catalina.core.StandardService - [] - Starting service [Tomcat]
2025-11-18 09:30:35.670 [restartedMain] INFO  o.a.catalina.core.StandardEngine - [] - Starting Servlet engine: [Apache Tomcat/10.1.48]
2025-11-18 09:30:35.732 [restartedMain] INFO  o.a.c.c.C.[Tomcat].[localhost].[/] - [] - Initializing Spring embedded WebApplicationContext
2025-11-18 09:30:35.733 [restartedMain] INFO  o.s.b.w.s.c.ServletWebServerApplicationContext - [] - Root WebApplicationContext: initialization completed in 2690 ms
2025-11-18 09:30:36.395 [restartedMain] INFO  o.s.o.j.p.SpringPersistenceUnitInfo - [] - No LoadTimeWeaver setup: ignoring JPA class transformer
2025-11-18 09:30:36.435 [restartedMain] INFO  com.zaxxer.hikari.HikariDataSource - [] - HikariPool-1 - Starting...
2025-11-18 09:30:36.630 [restartedMain] INFO  com.zaxxer.hikari.pool.HikariPool - [] - HikariPool-1 - Added connection org.postgresql.jdbc.PgConnection@3c12ff1d
2025-11-18 09:30:36.633 [restartedMain] INFO  com.zaxxer.hikari.HikariDataSource - [] - HikariPool-1 - Start completed.
2025-11-18 09:30:36.686 [restartedMain] WARN  org.hibernate.orm.deprecation - [] - HHH90000025: PostgreSQLDialect does not need to be specified explicitly using 'hibernate.dialect' (remove the property setting and it will be selected by default)
2025-11-18 09:30:37.877 [restartedMain] INFO  o.s.o.j.LocalContainerEntityManagerFactoryBean - [] - Initialized JPA EntityManagerFactory for persistence unit 'default'
2025-11-18 09:30:38.600 [restartedMain] WARN  o.s.b.a.o.j.JpaBaseConfiguration$JpaWebConfiguration - [] - spring.jpa.open-in-view is enabled by default. Therefore, database queries may be performed during view rendering. Explicitly configure spring.jpa.open-in-view to disable this warning
2025-11-18 09:30:38.636 [restartedMain] WARN  o.s.b.d.a.OptionalLiveReloadServer - [] - Unable to start LiveReload server
2025-11-18 09:30:39.405 [restartedMain] INFO  o.a.coyote.http11.Http11NioProtocol - [] - Starting ProtocolHandler ["http-nio-8091"]
2025-11-18 09:30:39.425 [restartedMain] INFO  o.s.b.w.e.tomcat.TomcatWebServer - [] - Tomcat started on port 8091 (http) with context path '/'
2025-11-18 09:30:39.446 [restartedMain] INFO  b.g.c.ContenedoresApplication - [] - Started ContenedoresApplication in 7.733 seconds (process running for 8.809)
2025-11-18 09:30:54.038 [http-nio-8091-exec-1] INFO  o.a.c.c.C.[Tomcat].[localhost].[/] - [] - Initializing Spring DispatcherServlet 'dispatcherServlet'
2025-11-18 09:30:54.039 [http-nio-8091-exec-1] INFO  o.s.web.servlet.DispatcherServlet - [] - Initializing Servlet 'dispatcherServlet'
2025-11-18 09:30:54.041 [http-nio-8091-exec-1] INFO  o.s.web.servlet.DispatcherServlet - [] - Completed initialization in 2 ms
2025-11-18 09:30:54.310 [http-nio-8091-exec-1] INFO  b.g.c.service.ContenedorService - [] - Iniciando búsqueda de contenedor por peso 200 y volumen 100
2025-11-18 09:30:54.311 [http-nio-8091-exec-1] DEBUG b.g.c.service.ContenedorService - [] - Llamando al repositorio para buscar por peso y volumen.
2025-11-18 09:30:54.485 [http-nio-8091-exec-1] WARN  b.g.c.service.ContenedorService - [] - No se encontró un contenedor disponible para peso 200 y volumen 100
2025-11-18 09:30:54.486 [http-nio-8091-exec-1] WARN  b.g.c.service.ContenedorService - [] - Error de servicio al buscar por peso/volumen - Código: 404 - Mensaje: 
2025-11-18 09:30:54.530 [http-nio-8091-exec-1] WARN  o.s.w.s.m.m.a.ExceptionHandlerExceptionResolver - [] - Resolved [backend.grupo130.contenedores.config.exceptions.ServiceError: ]
2025-11-18 09:30:54.551 [http-nio-8091-exec-2] INFO  b.g.c.service.ContenedorService - [] - Iniciando registro de nuevo contenedor (Peso: 200, Volumen: 100).
2025-11-18 09:30:54.551 [http-nio-8091-exec-2] DEBUG b.g.c.service.ContenedorService - [] - Registrando con cliente ID: 5. Estado inicial: BORRADOR.
2025-11-18 09:30:54.719 [http-nio-8091-exec-2] INFO  b.g.c.service.ContenedorService - [] - Nuevo contenedor registrado exitosamente en el repositorio.
2025-11-18 09:30:54.753 [http-nio-8091-exec-3] INFO  b.g.c.service.ContenedorService - [] - Iniciando búsqueda de contenedor por ID: 5
2025-11-18 09:30:54.753 [http-nio-8091-exec-3] DEBUG b.g.c.service.ContenedorService - [] - Llamando al repositorio para buscar por ID: 5
2025-11-18 09:30:54.772 [http-nio-8091-exec-3] DEBUG b.g.c.service.ContenedorService - [] - Contenedor encontrado. Buscando datos del cliente ID: 1
2025-11-18 09:30:54.783 [http-nio-8091-exec-3] INFO  b.g.c.service.ContenedorService - [] - Búsqueda exitosa del contenedor ID: 5
2025-11-18 09:34:33.467 [http-nio-8091-exec-5] INFO  b.g.c.service.ContenedorService - [] - Iniciando búsqueda de contenedor por peso 200 y volumen 100
2025-11-18 09:34:33.468 [http-nio-8091-exec-5] DEBUG b.g.c.service.ContenedorService - [] - Llamando al repositorio para buscar por peso y volumen.
2025-11-18 09:34:33.478 [http-nio-8091-exec-5] WARN  b.g.c.service.ContenedorService - [] - No se encontró un contenedor disponible para peso 200 y volumen 100
2025-11-18 09:34:33.478 [http-nio-8091-exec-5] WARN  b.g.c.service.ContenedorService - [] - Error de servicio al buscar por peso/volumen - Código: 404 - Mensaje: 
2025-11-18 09:34:33.491 [http-nio-8091-exec-5] WARN  o.s.w.s.m.m.a.ExceptionHandlerExceptionResolver - [] - Resolved [backend.grupo130.contenedores.config.exceptions.ServiceError: ]
2025-11-18 09:34:33.535 [http-nio-8091-exec-6] INFO  b.g.c.service.ContenedorService - [] - Iniciando registro de nuevo contenedor (Peso: 200, Volumen: 100).
2025-11-18 09:34:33.536 [http-nio-8091-exec-6] DEBUG b.g.c.service.ContenedorService - [] - Registrando con cliente ID: 5. Estado inicial: BORRADOR.
2025-11-18 09:34:33.637 [http-nio-8091-exec-6] INFO  b.g.c.service.ContenedorService - [] - Nuevo contenedor registrado exitosamente en el repositorio.
2025-11-18 09:34:33.679 [http-nio-8091-exec-7] INFO  b.g.c.service.ContenedorService - [] - Iniciando búsqueda de contenedor por ID: 5
2025-11-18 09:34:33.679 [http-nio-8091-exec-7] DEBUG b.g.c.service.ContenedorService - [] - Llamando al repositorio para buscar por ID: 5
2025-11-18 09:34:33.684 [http-nio-8091-exec-7] DEBUG b.g.c.service.ContenedorService - [] - Contenedor encontrado. Buscando datos del cliente ID: 1
2025-11-18 09:34:33.720 [http-nio-8091-exec-7] INFO  b.g.c.service.ContenedorService - [] - Búsqueda exitosa del contenedor ID: 5
2025-11-18 09:47:26.644 [SpringApplicationShutdownHook] INFO  o.s.b.w.e.tomcat.GracefulShutdown - [] - Commencing graceful shutdown. Waiting for active requests to complete
2025-11-18 09:47:26.690 [tomcat-shutdown] INFO  o.s.b.w.e.tomcat.GracefulShutdown - [] - Graceful shutdown complete
2025-11-18 09:47:26.753 [SpringApplicationShutdownHook] INFO  o.s.o.j.LocalContainerEntityManagerFactoryBean - [] - Closing JPA EntityManagerFactory for persistence unit 'default'
2025-11-18 09:47:26.804 [SpringApplicationShutdownHook] INFO  com.zaxxer.hikari.HikariDataSource - [] - HikariPool-1 - Shutdown initiated...
2025-11-18 09:47:26.839 [SpringApplicationShutdownHook] INFO  com.zaxxer.hikari.HikariDataSource - [] - HikariPool-1 - Shutdown completed.
2025-11-18 09:47:42.285 [restartedMain] INFO  b.g.c.ContenedoresApplication - [] - Starting ContenedoresApplication using Java 21.0.8 with PID 18279 (/home/julian/CarpetaCentral/Programacion/Java/TPI-Backend/contenedores/target/classes started by julian in /home/julian/CarpetaCentral/Programacion/Java/TPI-Backend/contenedores)
2025-11-18 09:47:42.287 [restartedMain] DEBUG b.g.c.ContenedoresApplication - [] - Running with Spring Boot v3.5.7, Spring v6.2.12
2025-11-18 09:47:42.288 [restartedMain] INFO  b.g.c.ContenedoresApplication - [] - No active profile set, falling back to 1 default profile: "default"
2025-11-18 09:47:42.363 [restartedMain] INFO  o.s.b.d.e.DevToolsPropertyDefaultsPostProcessor - [] - Devtools property defaults active! Set 'spring.devtools.add-properties' to 'false' to disable
2025-11-18 09:47:42.363 [restartedMain] INFO  o.s.b.d.e.DevToolsPropertyDefaultsPostProcessor - [] - For additional web related logging consider setting the 'logging.level.web' property to 'DEBUG'
2025-11-18 09:47:43.655 [restartedMain] INFO  o.s.d.r.c.RepositoryConfigurationDelegate - [] - Bootstrapping Spring Data JPA repositories in DEFAULT mode.
2025-11-18 09:47:43.734 [restartedMain] INFO  o.s.d.r.c.RepositoryConfigurationDelegate - [] - Finished Spring Data repository scanning in 62 ms. Found 1 JPA repository interface.
2025-11-18 09:47:43.984 [restartedMain] INFO  o.s.cloud.context.scope.GenericScope - [] - BeanFactory id=1ab7344a-0581-3683-b2c0-ba05e705f9a9
2025-11-18 09:47:44.700 [restartedMain] INFO  o.s.b.w.e.tomcat.TomcatWebServer - [] - Tomcat initialized with port 8091 (http)
2025-11-18 09:47:44.720 [restartedMain] INFO  o.a.coyote.http11.Http11NioProtocol - [] - Initializing ProtocolHandler ["http-nio-8091"]
2025-11-18 09:47:44.724 [restartedMain] INFO  o.a.catalina.core.StandardService - [] - Starting service [Tomcat]
2025-11-18 09:47:44.724 [restartedMain] INFO  o.a.catalina.core.StandardEngine - [] - Starting Servlet engine: [Apache Tomcat/10.1.48]
2025-11-18 09:47:44.787 [restartedMain] INFO  o.a.c.c.C.[Tomcat].[localhost].[/] - [] - Initializing Spring embedded WebApplicationContext
2025-11-18 09:47:44.787 [restartedMain] INFO  o.s.b.w.s.c.ServletWebServerApplicationContext - [] - Root WebApplicationContext: initialization completed in 2423 ms
2025-11-18 09:47:45.592 [restartedMain] INFO  o.s.o.j.p.SpringPersistenceUnitInfo - [] - No LoadTimeWeaver setup: ignoring JPA class transformer
2025-11-18 09:47:45.634 [restartedMain] INFO  com.zaxxer.hikari.HikariDataSource - [] - HikariPool-1 - Starting...
2025-11-18 09:47:45.892 [restartedMain] INFO  com.zaxxer.hikari.pool.HikariPool - [] - HikariPool-1 - Added connection org.postgresql.jdbc.PgConnection@66500094
2025-11-18 09:47:45.895 [restartedMain] INFO  com.zaxxer.hikari.HikariDataSource - [] - HikariPool-1 - Start completed.
2025-11-18 09:47:45.956 [restartedMain] WARN  org.hibernate.orm.deprecation - [] - HHH90000025: PostgreSQLDialect does not need to be specified explicitly using 'hibernate.dialect' (remove the property setting and it will be selected by default)
2025-11-18 09:47:47.174 [restartedMain] INFO  o.s.o.j.LocalContainerEntityManagerFactoryBean - [] - Initialized JPA EntityManagerFactory for persistence unit 'default'
2025-11-18 09:47:47.934 [restartedMain] WARN  o.s.b.a.o.j.JpaBaseConfiguration$JpaWebConfiguration - [] - spring.jpa.open-in-view is enabled by default. Therefore, database queries may be performed during view rendering. Explicitly configure spring.jpa.open-in-view to disable this warning
2025-11-18 09:47:47.972 [restartedMain] WARN  o.s.b.d.a.OptionalLiveReloadServer - [] - Unable to start LiveReload server
2025-11-18 09:47:48.770 [restartedMain] INFO  o.a.coyote.http11.Http11NioProtocol - [] - Starting ProtocolHandler ["http-nio-8091"]
2025-11-18 09:47:48.790 [restartedMain] INFO  o.s.b.w.e.tomcat.TomcatWebServer - [] - Tomcat started on port 8091 (http) with context path '/'
2025-11-18 09:47:48.808 [restartedMain] INFO  b.g.c.ContenedoresApplication - [] - Started ContenedoresApplication in 7.463 seconds (process running for 8.607)
2025-11-18 09:48:23.256 [http-nio-8091-exec-1] INFO  o.a.c.c.C.[Tomcat].[localhost].[/] - [] - Initializing Spring DispatcherServlet 'dispatcherServlet'
2025-11-18 09:48:23.256 [http-nio-8091-exec-1] INFO  o.s.web.servlet.DispatcherServlet - [] - Initializing Servlet 'dispatcherServlet'
2025-11-18 09:48:23.259 [http-nio-8091-exec-1] INFO  o.s.web.servlet.DispatcherServlet - [] - Completed initialization in 2 ms
2025-11-18 09:48:23.475 [http-nio-8091-exec-1] INFO  b.g.c.service.ContenedorService - [] - Iniciando búsqueda de contenedor por peso 200 y volumen 100
2025-11-18 09:48:23.475 [http-nio-8091-exec-1] DEBUG b.g.c.service.ContenedorService - [] - Llamando al repositorio para buscar por peso y volumen.
2025-11-18 09:48:23.645 [http-nio-8091-exec-1] WARN  b.g.c.service.ContenedorService - [] - No se encontró un contenedor disponible para peso 200 y volumen 100
2025-11-18 09:48:23.646 [http-nio-8091-exec-1] WARN  b.g.c.service.ContenedorService - [] - Error de servicio al buscar por peso/volumen - Código: 404 - Mensaje: 
2025-11-18 09:48:23.709 [http-nio-8091-exec-1] WARN  o.s.w.s.m.m.a.ExceptionHandlerExceptionResolver - [] - Resolved [backend.grupo130.contenedores.config.exceptions.ServiceError: ]
2025-11-18 09:48:23.747 [http-nio-8091-exec-2] INFO  b.g.c.service.ContenedorService - [] - Iniciando registro de nuevo contenedor (Peso: 200, Volumen: 100).
2025-11-18 09:48:23.747 [http-nio-8091-exec-2] DEBUG b.g.c.service.ContenedorService - [] - Registrando con cliente ID: 5. Estado inicial: BORRADOR.
2025-11-18 09:48:23.906 [http-nio-8091-exec-2] INFO  b.g.c.service.ContenedorService - [] - Nuevo contenedor registrado exitosamente en el repositorio.
2025-11-18 09:48:23.971 [http-nio-8091-exec-3] INFO  b.g.c.service.ContenedorService - [] - Iniciando búsqueda de contenedor por ID: 30
2025-11-18 09:48:23.971 [http-nio-8091-exec-3] DEBUG b.g.c.service.ContenedorService - [] - Llamando al repositorio para buscar por ID: 30
2025-11-18 09:48:23.987 [http-nio-8091-exec-3] DEBUG b.g.c.service.ContenedorService - [] - Contenedor encontrado. Buscando datos del cliente ID: 5
2025-11-18 09:48:24.002 [http-nio-8091-exec-3] INFO  b.g.c.service.ContenedorService - [] - Búsqueda exitosa del contenedor ID: 30
2025-11-18 09:48:27.248 [http-nio-8091-exec-4] INFO  b.g.c.service.ContenedorService - [] - Iniciando búsqueda de contenedor por peso 200 y volumen 100
2025-11-18 09:48:27.248 [http-nio-8091-exec-4] DEBUG b.g.c.service.ContenedorService - [] - Llamando al repositorio para buscar por peso y volumen.
2025-11-18 09:48:27.253 [http-nio-8091-exec-4] WARN  b.g.c.service.ContenedorService - [] - No se encontró un contenedor disponible para peso 200 y volumen 100
2025-11-18 09:48:27.254 [http-nio-8091-exec-4] WARN  b.g.c.service.ContenedorService - [] - Error de servicio al buscar por peso/volumen - Código: 404 - Mensaje: 
2025-11-18 09:48:27.259 [http-nio-8091-exec-4] WARN  o.s.w.s.m.m.a.ExceptionHandlerExceptionResolver - [] - Resolved [backend.grupo130.contenedores.config.exceptions.ServiceError: ]
2025-11-18 09:48:27.270 [http-nio-8091-exec-5] INFO  b.g.c.service.ContenedorService - [] - Iniciando registro de nuevo contenedor (Peso: 200, Volumen: 100).
2025-11-18 09:48:27.270 [http-nio-8091-exec-5] DEBUG b.g.c.service.ContenedorService - [] - Registrando con cliente ID: 5. Estado inicial: BORRADOR.
2025-11-18 09:48:27.286 [http-nio-8091-exec-5] INFO  b.g.c.service.ContenedorService - [] - Nuevo contenedor registrado exitosamente en el repositorio.
2025-11-18 09:48:27.295 [http-nio-8091-exec-6] INFO  b.g.c.service.ContenedorService - [] - Iniciando búsqueda de contenedor por ID: 31
2025-11-18 09:48:27.295 [http-nio-8091-exec-6] DEBUG b.g.c.service.ContenedorService - [] - Llamando al repositorio para buscar por ID: 31
2025-11-18 09:48:27.297 [http-nio-8091-exec-6] DEBUG b.g.c.service.ContenedorService - [] - Contenedor encontrado. Buscando datos del cliente ID: 5
2025-11-18 09:48:27.310 [http-nio-8091-exec-6] INFO  b.g.c.service.ContenedorService - [] - Búsqueda exitosa del contenedor ID: 31
2025-11-18 09:48:48.242 [http-nio-8091-exec-7] INFO  b.g.c.service.ContenedorService - [] - Iniciando búsqueda de contenedor por ID: 31
2025-11-18 09:48:48.242 [http-nio-8091-exec-7] DEBUG b.g.c.service.ContenedorService - [] - Llamando al repositorio para buscar por ID: 31
2025-11-18 09:48:48.244 [http-nio-8091-exec-7] DEBUG b.g.c.service.ContenedorService - [] - Contenedor encontrado. Buscando datos del cliente ID: 5
2025-11-18 09:48:48.255 [http-nio-8091-exec-7] INFO  b.g.c.service.ContenedorService - [] - Búsqueda exitosa del contenedor ID: 31
2025-11-18 09:50:33.746 [http-nio-8091-exec-10] INFO  b.g.c.service.ContenedorService - [] - Iniciando cambio de estado para contenedor ID: 31 al nuevo estado: PROGRAMADO
2025-11-18 09:50:33.746 [http-nio-8091-exec-10] DEBUG b.g.c.service.ContenedorService - [] - Buscando contenedor ID: 31 para cambio de estado.
2025-11-18 09:50:33.748 [http-nio-8091-exec-10] DEBUG b.g.c.service.ContenedorService - [] - Validando nuevo estado: PROGRAMADO
2025-11-18 09:50:33.749 [http-nio-8091-exec-10] DEBUG b.g.c.service.ContenedorService - [] - Validando transición de estado: Estado.BORRADOR -> Estado.PROGRAMADO
2025-11-18 09:50:33.752 [http-nio-8091-exec-10] INFO  b.g.c.service.ContenedorService - [] - Contenedor ID: 31 actualizado al estado: Estado.PROGRAMADO.
2025-11-18 09:50:58.976 [http-nio-8091-exec-1] INFO  b.g.c.service.ContenedorService - [] - Iniciando búsqueda de contenedor por ID: 31
2025-11-18 09:50:58.976 [http-nio-8091-exec-1] DEBUG b.g.c.service.ContenedorService - [] - Llamando al repositorio para buscar por ID: 31
2025-11-18 09:50:58.979 [http-nio-8091-exec-1] DEBUG b.g.c.service.ContenedorService - [] - Contenedor encontrado. Buscando datos del cliente ID: 5
2025-11-18 09:50:59.001 [http-nio-8091-exec-1] INFO  b.g.c.service.ContenedorService - [] - Búsqueda exitosa del contenedor ID: 31
2025-11-18 10:00:04.847 [http-nio-8091-exec-4] INFO  b.g.c.service.ContenedorService - [] - Iniciando búsqueda de contenedor por ID: 31
2025-11-18 10:00:04.847 [http-nio-8091-exec-4] DEBUG b.g.c.service.ContenedorService - [] - Llamando al repositorio para buscar por ID: 31
2025-11-18 10:00:04.849 [http-nio-8091-exec-4] DEBUG b.g.c.service.ContenedorService - [] - Contenedor encontrado. Buscando datos del cliente ID: 5
2025-11-18 10:00:04.862 [http-nio-8091-exec-4] INFO  b.g.c.service.ContenedorService - [] - Búsqueda exitosa del contenedor ID: 31
2025-11-18 10:00:05.053 [http-nio-8091-exec-5] INFO  b.g.c.service.ContenedorService - [] - Iniciando búsqueda de contenedor por ID: 31
2025-11-18 10:00:05.054 [http-nio-8091-exec-5] DEBUG b.g.c.service.ContenedorService - [] - Llamando al repositorio para buscar por ID: 31
2025-11-18 10:00:05.056 [http-nio-8091-exec-5] DEBUG b.g.c.service.ContenedorService - [] - Contenedor encontrado. Buscando datos del cliente ID: 5
2025-11-18 10:00:05.063 [http-nio-8091-exec-5] INFO  b.g.c.service.ContenedorService - [] - Búsqueda exitosa del contenedor ID: 31
2025-11-18 10:00:05.075 [http-nio-8091-exec-6] INFO  b.g.c.service.ContenedorService - [] - Iniciando cambio de estado para contenedor ID: 31 al nuevo estado: EN_TRANSITO
2025-11-18 10:00:05.075 [http-nio-8091-exec-6] DEBUG b.g.c.service.ContenedorService - [] - Buscando contenedor ID: 31 para cambio de estado.
2025-11-18 10:00:05.077 [http-nio-8091-exec-6] DEBUG b.g.c.service.ContenedorService - [] - Validando nuevo estado: EN_TRANSITO
2025-11-18 10:00:05.077 [http-nio-8091-exec-6] DEBUG b.g.c.service.ContenedorService - [] - Validando transición de estado: Estado.PROGRAMADO -> Estado.EN_TRANSITO
2025-11-18 10:00:05.077 [http-nio-8091-exec-6] INFO  b.g.c.service.ContenedorService - [] - Contenedor ID: 31 actualizado al estado: Estado.EN_TRANSITO.
2025-11-18 10:01:19.105 [http-nio-8091-exec-8] INFO  b.g.c.service.ContenedorService - [] - Iniciando búsqueda de contenedor por ID: 31
2025-11-18 10:01:19.107 [http-nio-8091-exec-8] DEBUG b.g.c.service.ContenedorService - [] - Llamando al repositorio para buscar por ID: 31
2025-11-18 10:01:19.109 [http-nio-8091-exec-8] DEBUG b.g.c.service.ContenedorService - [] - Contenedor encontrado. Buscando datos del cliente ID: 5
2025-11-18 10:01:19.125 [http-nio-8091-exec-8] INFO  b.g.c.service.ContenedorService - [] - Búsqueda exitosa del contenedor ID: 31
2025-11-18 10:01:29.082 [http-nio-8091-exec-9] INFO  b.g.c.service.ContenedorService - [] - Iniciando búsqueda de contenedor por ID: 31
2025-11-18 10:01:29.082 [http-nio-8091-exec-9] DEBUG b.g.c.service.ContenedorService - [] - Llamando al repositorio para buscar por ID: 31
2025-11-18 10:01:29.085 [http-nio-8091-exec-9] DEBUG b.g.c.service.ContenedorService - [] - Contenedor encontrado. Buscando datos del cliente ID: 5
2025-11-18 10:01:29.093 [http-nio-8091-exec-9] INFO  b.g.c.service.ContenedorService - [] - Búsqueda exitosa del contenedor ID: 31
2025-11-18 10:02:38.380 [http-nio-8091-exec-2] INFO  b.g.c.service.ContenedorService - [] - Iniciando búsqueda de contenedor por ID: 31
2025-11-18 10:02:38.381 [http-nio-8091-exec-2] DEBUG b.g.c.service.ContenedorService - [] - Llamando al repositorio para buscar por ID: 31
2025-11-18 10:02:38.383 [http-nio-8091-exec-2] DEBUG b.g.c.service.ContenedorService - [] - Contenedor encontrado. Buscando datos del cliente ID: 5
2025-11-18 10:02:38.397 [http-nio-8091-exec-2] INFO  b.g.c.service.ContenedorService - [] - Búsqueda exitosa del contenedor ID: 31
2025-11-18 10:02:45.163 [http-nio-8091-exec-3] INFO  b.g.c.service.ContenedorService - [] - Iniciando búsqueda de contenedor por ID: 31
2025-11-18 10:02:45.163 [http-nio-8091-exec-3] DEBUG b.g.c.service.ContenedorService - [] - Llamando al repositorio para buscar por ID: 31
2025-11-18 10:02:45.165 [http-nio-8091-exec-3] DEBUG b.g.c.service.ContenedorService - [] - Contenedor encontrado. Buscando datos del cliente ID: 5
2025-11-18 10:02:45.175 [http-nio-8091-exec-3] INFO  b.g.c.service.ContenedorService - [] - Búsqueda exitosa del contenedor ID: 31
2025-11-18 10:02:45.185 [http-nio-8091-exec-4] INFO  b.g.c.service.ContenedorService - [] - Iniciando cambio de estado para contenedor ID: 31 al nuevo estado: EN_DEPOSITO
2025-11-18 10:02:45.185 [http-nio-8091-exec-4] DEBUG b.g.c.service.ContenedorService - [] - Buscando contenedor ID: 31 para cambio de estado.
2025-11-18 10:02:45.188 [http-nio-8091-exec-4] DEBUG b.g.c.service.ContenedorService - [] - Validando nuevo estado: EN_DEPOSITO
2025-11-18 10:02:45.188 [http-nio-8091-exec-4] DEBUG b.g.c.service.ContenedorService - [] - Validando transición de estado: Estado.EN_TRANSITO -> Estado.EN_DEPOSITO
2025-11-18 10:02:45.189 [http-nio-8091-exec-4] INFO  b.g.c.service.ContenedorService - [] - Contenedor ID: 31 actualizado al estado: Estado.EN_DEPOSITO.
2025-11-18 10:02:45.228 [http-nio-8091-exec-5] INFO  b.g.c.service.ContenedorService - [] - Iniciando búsqueda de contenedor por ID: 31
2025-11-18 10:02:45.228 [http-nio-8091-exec-5] DEBUG b.g.c.service.ContenedorService - [] - Llamando al repositorio para buscar por ID: 31
2025-11-18 10:02:45.230 [http-nio-8091-exec-5] DEBUG b.g.c.service.ContenedorService - [] - Contenedor encontrado. Buscando datos del cliente ID: 5
2025-11-18 10:02:45.241 [http-nio-8091-exec-5] INFO  b.g.c.service.ContenedorService - [] - Búsqueda exitosa del contenedor ID: 31
2025-11-18 10:02:45.253 [http-nio-8091-exec-6] INFO  b.g.c.service.ContenedorService - [] - Iniciando cambio de estado para contenedor ID: 31 al nuevo estado: ENTREGADO
2025-11-18 10:02:45.254 [http-nio-8091-exec-6] DEBUG b.g.c.service.ContenedorService - [] - Buscando contenedor ID: 31 para cambio de estado.
2025-11-18 10:02:45.257 [http-nio-8091-exec-6] DEBUG b.g.c.service.ContenedorService - [] - Validando nuevo estado: ENTREGADO
2025-11-18 10:02:45.257 [http-nio-8091-exec-6] DEBUG b.g.c.service.ContenedorService - [] - Validando transición de estado: Estado.EN_DEPOSITO -> Estado.ENTREGADO
2025-11-18 10:02:45.258 [http-nio-8091-exec-6] INFO  b.g.c.service.ContenedorService - [] - Contenedor ID: 31 actualizado al estado: Estado.ENTREGADO.
2025-11-18 10:07:21.243 [SpringApplicationShutdownHook] INFO  o.s.b.w.e.tomcat.GracefulShutdown - [] - Commencing graceful shutdown. Waiting for active requests to complete
2025-11-18 10:07:21.247 [tomcat-shutdown] INFO  o.s.b.w.e.tomcat.GracefulShutdown - [] - Graceful shutdown complete
2025-11-18 10:07:21.254 [SpringApplicationShutdownHook] INFO  o.s.o.j.LocalContainerEntityManagerFactoryBean - [] - Closing JPA EntityManagerFactory for persistence unit 'default'
2025-11-18 10:07:21.257 [SpringApplicationShutdownHook] INFO  com.zaxxer.hikari.HikariDataSource - [] - HikariPool-1 - Shutdown initiated...
2025-11-18 10:07:21.260 [SpringApplicationShutdownHook] INFO  com.zaxxer.hikari.HikariDataSource - [] - HikariPool-1 - Shutdown completed.
