2025-11-17 10:23:35.814 INFO  [restartedMain] [b.g.c.ContenedoresApplication] [] - Starting ContenedoresApplication using Java 21.0.8 with PID 35435 (/home/julian/CarpetaCentral/Programacion/Java/TPI-Backend/contenedores/target/classes started by julian in /home/julian/CarpetaCentral/Programacion/Java/TPI-Backend/contenedores)
2025-11-17 10:23:35.816 DEBUG [restartedMain] [b.g.c.ContenedoresApplication] [] - Running with Spring Boot v3.5.7, Spring v6.2.12
2025-11-17 10:23:35.817 INFO  [restartedMain] [b.g.c.ContenedoresApplication] [] - No active profile set, falling back to 1 default profile: "default"
2025-11-17 10:23:35.899 INFO  [restartedMain] [o.s.b.d.e.DevToolsPropertyDefaultsPostProcessor] [] - Devtools property defaults active! Set 'spring.devtools.add-properties' to 'false' to disable
2025-11-17 10:23:35.900 INFO  [restartedMain] [o.s.b.d.e.DevToolsPropertyDefaultsPostProcessor] [] - For additional web related logging consider setting the 'logging.level.web' property to 'DEBUG'
2025-11-17 10:23:37.504 INFO  [restartedMain] [o.s.d.r.c.RepositoryConfigurationDelegate] [] - Bootstrapping Spring Data JPA repositories in DEFAULT mode.
2025-11-17 10:23:37.581 INFO  [restartedMain] [o.s.d.r.c.RepositoryConfigurationDelegate] [] - Finished Spring Data repository scanning in 61 ms. Found 1 JPA repository interface.
2025-11-17 10:23:37.801 INFO  [restartedMain] [o.s.cloud.context.scope.GenericScope] [] - BeanFactory id=1ab7344a-0581-3683-b2c0-ba05e705f9a9
2025-11-17 10:23:38.501 INFO  [restartedMain] [o.s.b.w.e.tomcat.TomcatWebServer] [] - Tomcat initialized with port 8091 (http)
2025-11-17 10:23:38.520 INFO  [restartedMain] [o.a.coyote.http11.Http11NioProtocol] [] - Initializing ProtocolHandler ["http-nio-8091"]
2025-11-17 10:23:38.524 INFO  [restartedMain] [o.a.catalina.core.StandardService] [] - Starting service [Tomcat]
2025-11-17 10:23:38.525 INFO  [restartedMain] [o.a.catalina.core.StandardEngine] [] - Starting Servlet engine: [Apache Tomcat/10.1.48]
2025-11-17 10:23:38.588 INFO  [restartedMain] [o.a.c.c.C.[Tomcat].[localhost].[/]] [] - Initializing Spring embedded WebApplicationContext
2025-11-17 10:23:38.588 INFO  [restartedMain] [o.s.b.w.s.c.ServletWebServerApplicationContext] [] - Root WebApplicationContext: initialization completed in 2677 ms
2025-11-17 10:23:39.283 INFO  [restartedMain] [o.s.o.j.p.SpringPersistenceUnitInfo] [] - No LoadTimeWeaver setup: ignoring JPA class transformer
2025-11-17 10:23:39.322 INFO  [restartedMain] [com.zaxxer.hikari.HikariDataSource] [] - HikariPool-1 - Starting...
2025-11-17 10:23:39.550 INFO  [restartedMain] [com.zaxxer.hikari.pool.HikariPool] [] - HikariPool-1 - Added connection org.postgresql.jdbc.PgConnection@209270ad
2025-11-17 10:23:39.552 INFO  [restartedMain] [com.zaxxer.hikari.HikariDataSource] [] - HikariPool-1 - Start completed.
2025-11-17 10:23:39.609 WARN  [restartedMain] [org.hibernate.orm.deprecation] [] - HHH90000025: PostgreSQLDialect does not need to be specified explicitly using 'hibernate.dialect' (remove the property setting and it will be selected by default)
2025-11-17 10:23:40.890 INFO  [restartedMain] [o.s.o.j.LocalContainerEntityManagerFactoryBean] [] - Initialized JPA EntityManagerFactory for persistence unit 'default'
2025-11-17 10:23:41.694 WARN  [restartedMain] [o.s.b.a.o.j.JpaBaseConfiguration$JpaWebConfiguration] [] - spring.jpa.open-in-view is enabled by default. Therefore, database queries may be performed during view rendering. Explicitly configure spring.jpa.open-in-view to disable this warning
2025-11-17 10:23:41.734 WARN  [restartedMain] [o.s.b.d.a.OptionalLiveReloadServer] [] - Unable to start LiveReload server
2025-11-17 10:23:42.583 INFO  [restartedMain] [o.a.coyote.http11.Http11NioProtocol] [] - Starting ProtocolHandler ["http-nio-8091"]
2025-11-17 10:23:42.602 INFO  [restartedMain] [o.s.b.w.e.tomcat.TomcatWebServer] [] - Tomcat started on port 8091 (http) with context path '/'
2025-11-17 10:23:42.620 INFO  [restartedMain] [b.g.c.ContenedoresApplication] [] - Started ContenedoresApplication in 7.793 seconds (process running for 8.816)
2025-11-17 11:25:34.392 INFO  [http-nio-8091-exec-1] [o.a.c.c.C.[Tomcat].[localhost].[/]] [] - Initializing Spring DispatcherServlet 'dispatcherServlet'
2025-11-17 11:25:34.416 INFO  [http-nio-8091-exec-1] [o.s.web.servlet.DispatcherServlet] [] - Initializing Servlet 'dispatcherServlet'
2025-11-17 11:25:34.462 INFO  [http-nio-8091-exec-1] [o.s.web.servlet.DispatcherServlet] [] - Completed initialization in 43 ms
2025-11-17 11:25:36.384 INFO  [http-nio-8091-exec-4] [o.s.api.AbstractOpenApiResource] [] - Init duration for springdoc-openapi is: 1208 ms
2025-11-17 11:27:05.003 INFO  [http-nio-8091-exec-6] [b.g.c.service.ContenedorService] [] - Iniciando registro de nuevo contenedor (Peso: 150, Volumen: 201).
2025-11-17 11:27:05.004 DEBUG [http-nio-8091-exec-6] [b.g.c.service.ContenedorService] [] - Registrando sin cliente. Estado inicial: BORRADOR.
2025-11-17 11:27:05.340 INFO  [http-nio-8091-exec-6] [b.g.c.service.ContenedorService] [] - Nuevo contenedor registrado exitosamente en el repositorio.
2025-11-17 11:27:26.311 INFO  [http-nio-8091-exec-7] [b.g.c.service.ContenedorService] [] - Iniciando búsqueda de todos los contenedores.
2025-11-17 11:27:26.311 DEBUG [http-nio-8091-exec-7] [b.g.c.service.ContenedorService] [] - Llamando al repositorio para obtener todos los contenedores.
2025-11-17 11:27:26.714 INFO  [http-nio-8091-exec-7] [b.g.c.service.ContenedorService] [] - Búsqueda de todos los contenedores completada. Se encontraron 20 contenedores.
2025-11-17 11:29:20.833 INFO  [http-nio-8091-exec-9] [b.g.c.service.ContenedorService] [] - Iniciando búsqueda de contenedor por peso 150 y volumen 201
2025-11-17 11:29:20.834 DEBUG [http-nio-8091-exec-9] [b.g.c.service.ContenedorService] [] - Llamando al repositorio para buscar por peso y volumen.
2025-11-17 11:29:20.958 INFO  [http-nio-8091-exec-9] [b.g.c.service.ContenedorService] [] - Búsqueda por peso/volumen exitosa. Contenedor encontrado: 20
2025-11-17 11:29:21.025 INFO  [http-nio-8091-exec-10] [b.g.c.service.ContenedorService] [] - Iniciando búsqueda de contenedor por ID: 20
2025-11-17 11:29:21.028 DEBUG [http-nio-8091-exec-10] [b.g.c.service.ContenedorService] [] - Llamando al repositorio para buscar por ID: 20
2025-11-17 11:29:21.068 INFO  [http-nio-8091-exec-10] [b.g.c.service.ContenedorService] [] - Búsqueda exitosa del contenedor ID: 20
2025-11-17 11:29:21.137 INFO  [http-nio-8091-exec-2] [b.g.c.service.ContenedorService] [] - Iniciando asignación de cliente ID: 4 a contenedor ID: 20
2025-11-17 11:29:21.137 DEBUG [http-nio-8091-exec-2] [b.g.c.service.ContenedorService] [] - Buscando contenedor ID: 20 para asignar cliente.
2025-11-17 11:29:21.141 DEBUG [http-nio-8091-exec-2] [b.g.c.service.ContenedorService] [] - Buscando usuario ID: 4 para asignación.
2025-11-17 11:29:22.055 DEBUG [http-nio-8091-exec-2] [b.g.c.service.ContenedorService] [] - Asignando cliente y cambiando estado a PROGRAMADO para contenedor ID: 20.
2025-11-17 11:29:22.061 INFO  [http-nio-8091-exec-2] [b.g.c.service.ContenedorService] [] - Cliente ID: 4 asignado exitosamente al contenedor ID: 20.
2025-11-17 11:50:34.978 INFO  [http-nio-8091-exec-3] [b.g.c.service.ContenedorService] [] - Iniciando búsqueda de contenedor por ID: 20
2025-11-17 11:50:35.022 DEBUG [http-nio-8091-exec-3] [b.g.c.service.ContenedorService] [] - Llamando al repositorio para buscar por ID: 20
2025-11-17 11:50:35.138 DEBUG [http-nio-8091-exec-3] [b.g.c.service.ContenedorService] [] - Contenedor encontrado. Buscando datos del cliente ID: 4
2025-11-17 11:50:36.380 INFO  [http-nio-8091-exec-3] [b.g.c.service.ContenedorService] [] - Búsqueda exitosa del contenedor ID: 20
2025-11-17 11:51:17.870 INFO  [http-nio-8091-exec-4] [b.g.c.service.ContenedorService] [] - Iniciando búsqueda de contenedor por ID: 20
2025-11-17 11:51:17.871 DEBUG [http-nio-8091-exec-4] [b.g.c.service.ContenedorService] [] - Llamando al repositorio para buscar por ID: 20
2025-11-17 11:51:17.882 DEBUG [http-nio-8091-exec-4] [b.g.c.service.ContenedorService] [] - Contenedor encontrado. Buscando datos del cliente ID: 4
2025-11-17 11:51:17.964 INFO  [http-nio-8091-exec-4] [b.g.c.service.ContenedorService] [] - Búsqueda exitosa del contenedor ID: 20
2025-11-17 11:53:49.808 INFO  [http-nio-8091-exec-5] [b.g.c.service.ContenedorService] [] - Iniciando búsqueda de contenedor por ID: 20
2025-11-17 11:53:49.808 DEBUG [http-nio-8091-exec-5] [b.g.c.service.ContenedorService] [] - Llamando al repositorio para buscar por ID: 20
2025-11-17 11:53:49.814 DEBUG [http-nio-8091-exec-5] [b.g.c.service.ContenedorService] [] - Contenedor encontrado. Buscando datos del cliente ID: 4
2025-11-17 11:53:49.933 INFO  [http-nio-8091-exec-5] [b.g.c.service.ContenedorService] [] - Búsqueda exitosa del contenedor ID: 20
2025-11-17 11:54:26.833 INFO  [http-nio-8091-exec-6] [b.g.c.service.ContenedorService] [] - Iniciando búsqueda de contenedor por ID: 20
2025-11-17 11:54:26.834 DEBUG [http-nio-8091-exec-6] [b.g.c.service.ContenedorService] [] - Llamando al repositorio para buscar por ID: 20
2025-11-17 11:54:26.841 DEBUG [http-nio-8091-exec-6] [b.g.c.service.ContenedorService] [] - Contenedor encontrado. Buscando datos del cliente ID: 4
2025-11-17 11:54:26.861 INFO  [http-nio-8091-exec-6] [b.g.c.service.ContenedorService] [] - Búsqueda exitosa del contenedor ID: 20
2025-11-17 11:55:19.066 INFO  [http-nio-8091-exec-7] [b.g.c.service.ContenedorService] [] - Iniciando búsqueda de contenedor por ID: 20
2025-11-17 11:55:19.066 DEBUG [http-nio-8091-exec-7] [b.g.c.service.ContenedorService] [] - Llamando al repositorio para buscar por ID: 20
2025-11-17 11:55:19.080 DEBUG [http-nio-8091-exec-7] [b.g.c.service.ContenedorService] [] - Contenedor encontrado. Buscando datos del cliente ID: 4
2025-11-17 11:55:19.151 INFO  [http-nio-8091-exec-7] [b.g.c.service.ContenedorService] [] - Búsqueda exitosa del contenedor ID: 20
2025-11-17 11:55:47.029 INFO  [http-nio-8091-exec-8] [b.g.c.service.ContenedorService] [] - Iniciando búsqueda de contenedor por ID: 20
2025-11-17 11:55:47.034 DEBUG [http-nio-8091-exec-8] [b.g.c.service.ContenedorService] [] - Llamando al repositorio para buscar por ID: 20
2025-11-17 11:55:47.079 DEBUG [http-nio-8091-exec-8] [b.g.c.service.ContenedorService] [] - Contenedor encontrado. Buscando datos del cliente ID: 4
2025-11-17 11:55:47.108 INFO  [http-nio-8091-exec-8] [b.g.c.service.ContenedorService] [] - Búsqueda exitosa del contenedor ID: 20
2025-11-17 11:56:08.074 INFO  [http-nio-8091-exec-9] [b.g.c.service.ContenedorService] [] - Iniciando búsqueda de contenedor por ID: 20
2025-11-17 11:56:08.074 DEBUG [http-nio-8091-exec-9] [b.g.c.service.ContenedorService] [] - Llamando al repositorio para buscar por ID: 20
2025-11-17 11:56:08.078 DEBUG [http-nio-8091-exec-9] [b.g.c.service.ContenedorService] [] - Contenedor encontrado. Buscando datos del cliente ID: 4
2025-11-17 11:56:08.113 INFO  [http-nio-8091-exec-9] [b.g.c.service.ContenedorService] [] - Búsqueda exitosa del contenedor ID: 20
2025-11-17 12:17:53.030 INFO  [http-nio-8091-exec-10] [b.g.c.service.ContenedorService] [] - Iniciando búsqueda de contenedor por ID: 20
2025-11-17 12:17:53.078 DEBUG [http-nio-8091-exec-10] [b.g.c.service.ContenedorService] [] - Llamando al repositorio para buscar por ID: 20
2025-11-17 12:17:53.234 DEBUG [http-nio-8091-exec-10] [b.g.c.service.ContenedorService] [] - Contenedor encontrado. Buscando datos del cliente ID: 4
2025-11-17 12:17:53.795 INFO  [http-nio-8091-exec-10] [b.g.c.service.ContenedorService] [] - Búsqueda exitosa del contenedor ID: 20
2025-11-17 12:20:30.227 INFO  [http-nio-8091-exec-2] [b.g.c.service.ContenedorService] [] - Iniciando búsqueda de contenedor por ID: 20
2025-11-17 12:20:30.227 DEBUG [http-nio-8091-exec-2] [b.g.c.service.ContenedorService] [] - Llamando al repositorio para buscar por ID: 20
2025-11-17 12:20:30.234 DEBUG [http-nio-8091-exec-2] [b.g.c.service.ContenedorService] [] - Contenedor encontrado. Buscando datos del cliente ID: 4
2025-11-17 12:20:30.306 INFO  [http-nio-8091-exec-2] [b.g.c.service.ContenedorService] [] - Búsqueda exitosa del contenedor ID: 20
2025-11-17 12:25:54.657 INFO  [http-nio-8091-exec-3] [b.g.c.service.ContenedorService] [] - Iniciando búsqueda de contenedor por ID: 20
2025-11-17 12:25:54.660 DEBUG [http-nio-8091-exec-3] [b.g.c.service.ContenedorService] [] - Llamando al repositorio para buscar por ID: 20
2025-11-17 12:25:54.677 DEBUG [http-nio-8091-exec-3] [b.g.c.service.ContenedorService] [] - Contenedor encontrado. Buscando datos del cliente ID: 4
2025-11-17 12:25:54.802 INFO  [http-nio-8091-exec-3] [b.g.c.service.ContenedorService] [] - Búsqueda exitosa del contenedor ID: 20
2025-11-17 12:40:25.064 INFO  [http-nio-8091-exec-5] [b.g.c.service.ContenedorService] [] - Iniciando cambio de estado para contenedor ID: 20 al nuevo estado: PROGRAMADO
2025-11-17 12:40:25.067 DEBUG [http-nio-8091-exec-5] [b.g.c.service.ContenedorService] [] - Buscando contenedor ID: 20 para cambio de estado.
2025-11-17 12:40:25.103 DEBUG [http-nio-8091-exec-5] [b.g.c.service.ContenedorService] [] - Validando nuevo estado: PROGRAMADO
2025-11-17 12:40:25.103 DEBUG [http-nio-8091-exec-5] [b.g.c.service.ContenedorService] [] - Validando transición de estado: Estado.PROGRAMADO -> Estado.PROGRAMADO
2025-11-17 12:40:25.114 WARN  [http-nio-8091-exec-5] [b.g.c.service.ContenedorService] [] - Transición de estado inválida de Estado.PROGRAMADO a Estado.PROGRAMADO para contenedor ID: 20
2025-11-17 12:40:25.148 WARN  [http-nio-8091-exec-5] [b.g.c.service.ContenedorService] [] - Error de servicio al cambiar estado (Contenedor ID: 20, Nuevo Estado: PROGRAMADO) - Código: 400 - Mensaje: 
2025-11-17 12:40:25.249 WARN  [http-nio-8091-exec-5] [o.s.w.s.m.m.a.ExceptionHandlerExceptionResolver] [] - Resolved [backend.grupo130.contenedores.config.exceptions.ServiceError: ]
2025-11-17 12:49:48.015 INFO  [http-nio-8091-exec-6] [b.g.c.service.ContenedorService] [] - Iniciando cambio de estado para contenedor ID: 20 al nuevo estado: PROGRAMADO
2025-11-17 12:49:48.017 DEBUG [http-nio-8091-exec-6] [b.g.c.service.ContenedorService] [] - Buscando contenedor ID: 20 para cambio de estado.
2025-11-17 12:49:48.044 DEBUG [http-nio-8091-exec-6] [b.g.c.service.ContenedorService] [] - Validando nuevo estado: PROGRAMADO
2025-11-17 12:49:48.044 DEBUG [http-nio-8091-exec-6] [b.g.c.service.ContenedorService] [] - Validando transición de estado: Estado.BORRADOR -> Estado.PROGRAMADO
2025-11-17 12:49:48.050 INFO  [http-nio-8091-exec-6] [b.g.c.service.ContenedorService] [] - Contenedor ID: 20 actualizado al estado: Estado.PROGRAMADO.
2025-11-17 12:51:37.874 INFO  [http-nio-8091-exec-8] [b.g.c.service.ContenedorService] [] - Iniciando búsqueda de contenedor por ID: 20
2025-11-17 12:51:37.875 DEBUG [http-nio-8091-exec-8] [b.g.c.service.ContenedorService] [] - Llamando al repositorio para buscar por ID: 20
2025-11-17 12:51:37.885 DEBUG [http-nio-8091-exec-8] [b.g.c.service.ContenedorService] [] - Contenedor encontrado. Buscando datos del cliente ID: 4
2025-11-17 12:51:37.957 INFO  [http-nio-8091-exec-8] [b.g.c.service.ContenedorService] [] - Búsqueda exitosa del contenedor ID: 20
2025-11-17 12:51:38.088 INFO  [http-nio-8091-exec-9] [b.g.c.service.ContenedorService] [] - Iniciando búsqueda de contenedor por ID: 20
2025-11-17 12:51:38.090 DEBUG [http-nio-8091-exec-9] [b.g.c.service.ContenedorService] [] - Llamando al repositorio para buscar por ID: 20
2025-11-17 12:51:38.105 DEBUG [http-nio-8091-exec-9] [b.g.c.service.ContenedorService] [] - Contenedor encontrado. Buscando datos del cliente ID: 4
2025-11-17 12:51:38.135 INFO  [http-nio-8091-exec-9] [b.g.c.service.ContenedorService] [] - Búsqueda exitosa del contenedor ID: 20
2025-11-17 12:51:38.184 INFO  [http-nio-8091-exec-10] [b.g.c.service.ContenedorService] [] - Iniciando cambio de estado para contenedor ID: 20 al nuevo estado: EN_TRANSITO
2025-11-17 12:51:38.187 DEBUG [http-nio-8091-exec-10] [b.g.c.service.ContenedorService] [] - Buscando contenedor ID: 20 para cambio de estado.
2025-11-17 12:51:38.196 DEBUG [http-nio-8091-exec-10] [b.g.c.service.ContenedorService] [] - Validando nuevo estado: EN_TRANSITO
2025-11-17 12:51:38.196 DEBUG [http-nio-8091-exec-10] [b.g.c.service.ContenedorService] [] - Validando transición de estado: Estado.PROGRAMADO -> Estado.EN_TRANSITO
2025-11-17 12:51:38.197 INFO  [http-nio-8091-exec-10] [b.g.c.service.ContenedorService] [] - Contenedor ID: 20 actualizado al estado: Estado.EN_TRANSITO.
2025-11-17 12:52:43.734 INFO  [http-nio-8091-exec-2] [b.g.c.service.ContenedorService] [] - Iniciando búsqueda de contenedor por ID: 20
2025-11-17 12:52:43.737 DEBUG [http-nio-8091-exec-2] [b.g.c.service.ContenedorService] [] - Llamando al repositorio para buscar por ID: 20
2025-11-17 12:52:43.744 DEBUG [http-nio-8091-exec-2] [b.g.c.service.ContenedorService] [] - Contenedor encontrado. Buscando datos del cliente ID: 4
2025-11-17 12:52:43.786 INFO  [http-nio-8091-exec-2] [b.g.c.service.ContenedorService] [] - Búsqueda exitosa del contenedor ID: 20
2025-11-17 12:53:04.309 INFO  [http-nio-8091-exec-1] [b.g.c.service.ContenedorService] [] - Iniciando búsqueda de contenedor por ID: 20
2025-11-17 12:53:04.311 DEBUG [http-nio-8091-exec-1] [b.g.c.service.ContenedorService] [] - Llamando al repositorio para buscar por ID: 20
2025-11-17 12:53:04.324 DEBUG [http-nio-8091-exec-1] [b.g.c.service.ContenedorService] [] - Contenedor encontrado. Buscando datos del cliente ID: 4
2025-11-17 12:53:04.364 INFO  [http-nio-8091-exec-1] [b.g.c.service.ContenedorService] [] - Búsqueda exitosa del contenedor ID: 20
2025-11-17 12:53:04.406 INFO  [http-nio-8091-exec-3] [b.g.c.service.ContenedorService] [] - Iniciando cambio de estado para contenedor ID: 20 al nuevo estado: EN_DEPOSITO
2025-11-17 12:53:04.407 DEBUG [http-nio-8091-exec-3] [b.g.c.service.ContenedorService] [] - Buscando contenedor ID: 20 para cambio de estado.
2025-11-17 12:53:04.414 DEBUG [http-nio-8091-exec-3] [b.g.c.service.ContenedorService] [] - Validando nuevo estado: EN_DEPOSITO
2025-11-17 12:53:04.414 DEBUG [http-nio-8091-exec-3] [b.g.c.service.ContenedorService] [] - Validando transición de estado: Estado.EN_TRANSITO -> Estado.EN_DEPOSITO
2025-11-17 12:53:04.415 INFO  [http-nio-8091-exec-3] [b.g.c.service.ContenedorService] [] - Contenedor ID: 20 actualizado al estado: Estado.EN_DEPOSITO.
2025-11-17 12:53:36.958 INFO  [http-nio-8091-exec-4] [b.g.c.service.ContenedorService] [] - Iniciando búsqueda de contenedor por ID: 20
2025-11-17 12:53:36.959 DEBUG [http-nio-8091-exec-4] [b.g.c.service.ContenedorService] [] - Llamando al repositorio para buscar por ID: 20
2025-11-17 12:53:36.968 DEBUG [http-nio-8091-exec-4] [b.g.c.service.ContenedorService] [] - Contenedor encontrado. Buscando datos del cliente ID: 4
2025-11-17 12:53:36.997 INFO  [http-nio-8091-exec-4] [b.g.c.service.ContenedorService] [] - Búsqueda exitosa del contenedor ID: 20
2025-11-17 12:54:08.019 INFO  [http-nio-8091-exec-5] [b.g.c.service.ContenedorService] [] - Iniciando búsqueda de contenedor por ID: 20
2025-11-17 12:54:08.020 DEBUG [http-nio-8091-exec-5] [b.g.c.service.ContenedorService] [] - Llamando al repositorio para buscar por ID: 20
2025-11-17 12:54:08.025 DEBUG [http-nio-8091-exec-5] [b.g.c.service.ContenedorService] [] - Contenedor encontrado. Buscando datos del cliente ID: 4
2025-11-17 12:54:08.060 INFO  [http-nio-8091-exec-5] [b.g.c.service.ContenedorService] [] - Búsqueda exitosa del contenedor ID: 20
2025-11-17 12:54:29.051 INFO  [http-nio-8091-exec-6] [b.g.c.service.ContenedorService] [] - Iniciando búsqueda de contenedor por ID: 20
2025-11-17 12:54:29.052 DEBUG [http-nio-8091-exec-6] [b.g.c.service.ContenedorService] [] - Llamando al repositorio para buscar por ID: 20
2025-11-17 12:54:29.056 DEBUG [http-nio-8091-exec-6] [b.g.c.service.ContenedorService] [] - Contenedor encontrado. Buscando datos del cliente ID: 4
2025-11-17 12:54:29.077 INFO  [http-nio-8091-exec-6] [b.g.c.service.ContenedorService] [] - Búsqueda exitosa del contenedor ID: 20
2025-11-17 12:55:06.082 INFO  [http-nio-8091-exec-7] [b.g.c.service.ContenedorService] [] - Iniciando búsqueda de contenedor por ID: 20
2025-11-17 12:55:06.082 DEBUG [http-nio-8091-exec-7] [b.g.c.service.ContenedorService] [] - Llamando al repositorio para buscar por ID: 20
2025-11-17 12:55:06.093 DEBUG [http-nio-8091-exec-7] [b.g.c.service.ContenedorService] [] - Contenedor encontrado. Buscando datos del cliente ID: 4
2025-11-17 12:55:06.134 INFO  [http-nio-8091-exec-7] [b.g.c.service.ContenedorService] [] - Búsqueda exitosa del contenedor ID: 20
2025-11-17 13:14:51.559 INFO  [SpringApplicationShutdownHook] [o.s.b.w.e.tomcat.GracefulShutdown] [] - Commencing graceful shutdown. Waiting for active requests to complete
2025-11-17 13:14:51.623 INFO  [tomcat-shutdown] [o.s.b.w.e.tomcat.GracefulShutdown] [] - Graceful shutdown complete
2025-11-17 13:14:51.729 INFO  [SpringApplicationShutdownHook] [o.s.o.j.LocalContainerEntityManagerFactoryBean] [] - Closing JPA EntityManagerFactory for persistence unit 'default'
2025-11-17 13:14:51.843 INFO  [SpringApplicationShutdownHook] [com.zaxxer.hikari.HikariDataSource] [] - HikariPool-1 - Shutdown initiated...
2025-11-17 13:14:51.878 INFO  [SpringApplicationShutdownHook] [com.zaxxer.hikari.HikariDataSource] [] - HikariPool-1 - Shutdown completed.
