2025-11-18 08:23:14.718 [restartedMain] INFO  b.grupo130.envios.EnviosApplication - [] - Starting EnviosApplication using Java 21.0.8 with PID 10025 (/home/julian/CarpetaCentral/Programacion/Java/TPI-Backend/envios/target/classes started by julian in /home/julian/CarpetaCentral/Programacion/Java/TPI-Backend/envios)
2025-11-18 08:23:14.727 [restartedMain] DEBUG b.grupo130.envios.EnviosApplication - [] - Running with Spring Boot v3.5.7, Spring v6.2.12
2025-11-18 08:23:14.729 [restartedMain] INFO  b.grupo130.envios.EnviosApplication - [] - No active profile set, falling back to 1 default profile: "default"
2025-11-18 08:23:14.810 [restartedMain] INFO  o.s.b.d.e.DevToolsPropertyDefaultsPostProcessor - [] - Devtools property defaults active! Set 'spring.devtools.add-properties' to 'false' to disable
2025-11-18 08:23:14.810 [restartedMain] INFO  o.s.b.d.e.DevToolsPropertyDefaultsPostProcessor - [] - For additional web related logging consider setting the 'logging.level.web' property to 'DEBUG'
2025-11-18 08:23:16.022 [restartedMain] INFO  o.s.d.r.c.RepositoryConfigurationDelegate - [] - Bootstrapping Spring Data JPA repositories in DEFAULT mode.
2025-11-18 08:23:16.107 [restartedMain] INFO  o.s.d.r.c.RepositoryConfigurationDelegate - [] - Finished Spring Data repository scanning in 71 ms. Found 3 JPA repository interfaces.
2025-11-18 08:23:16.291 [restartedMain] INFO  o.s.cloud.context.scope.GenericScope - [] - BeanFactory id=a3960109-fa04-3b48-97fd-ecf360c13c41
2025-11-18 08:23:16.961 [restartedMain] INFO  o.s.b.w.e.tomcat.TomcatWebServer - [] - Tomcat initialized with port 8095 (http)
2025-11-18 08:23:16.980 [restartedMain] INFO  o.a.coyote.http11.Http11NioProtocol - [] - Initializing ProtocolHandler ["http-nio-8095"]
2025-11-18 08:23:16.984 [restartedMain] INFO  o.a.catalina.core.StandardService - [] - Starting service [Tomcat]
2025-11-18 08:23:16.984 [restartedMain] INFO  o.a.catalina.core.StandardEngine - [] - Starting Servlet engine: [Apache Tomcat/10.1.48]
2025-11-18 08:23:17.047 [restartedMain] INFO  o.a.c.c.C.[Tomcat].[localhost].[/] - [] - Initializing Spring embedded WebApplicationContext
2025-11-18 08:23:17.047 [restartedMain] INFO  o.s.b.w.s.c.ServletWebServerApplicationContext - [] - Root WebApplicationContext: initialization completed in 2236 ms
2025-11-18 08:23:17.703 [restartedMain] INFO  o.s.o.j.p.SpringPersistenceUnitInfo - [] - No LoadTimeWeaver setup: ignoring JPA class transformer
2025-11-18 08:23:17.741 [restartedMain] INFO  com.zaxxer.hikari.HikariDataSource - [] - HikariPool-1 - Starting...
2025-11-18 08:23:17.948 [restartedMain] INFO  com.zaxxer.hikari.pool.HikariPool - [] - HikariPool-1 - Added connection org.postgresql.jdbc.PgConnection@7603ef70
2025-11-18 08:23:17.950 [restartedMain] INFO  com.zaxxer.hikari.HikariDataSource - [] - HikariPool-1 - Start completed.
2025-11-18 08:23:18.005 [restartedMain] WARN  org.hibernate.orm.deprecation - [] - HHH90000025: PostgreSQLDialect does not need to be specified explicitly using 'hibernate.dialect' (remove the property setting and it will be selected by default)
2025-11-18 08:23:19.415 [restartedMain] INFO  o.s.o.j.LocalContainerEntityManagerFactoryBean - [] - Initialized JPA EntityManagerFactory for persistence unit 'default'
2025-11-18 08:23:20.074 [restartedMain] WARN  o.s.b.a.o.j.JpaBaseConfiguration$JpaWebConfiguration - [] - spring.jpa.open-in-view is enabled by default. Therefore, database queries may be performed during view rendering. Explicitly configure spring.jpa.open-in-view to disable this warning
2025-11-18 08:23:20.115 [restartedMain] WARN  o.s.b.d.a.OptionalLiveReloadServer - [] - Unable to start LiveReload server
2025-11-18 08:23:20.911 [restartedMain] INFO  o.a.coyote.http11.Http11NioProtocol - [] - Starting ProtocolHandler ["http-nio-8095"]
2025-11-18 08:23:20.928 [restartedMain] INFO  o.s.b.w.e.tomcat.TomcatWebServer - [] - Tomcat started on port 8095 (http) with context path '/'
2025-11-18 08:23:20.947 [restartedMain] INFO  b.grupo130.envios.EnviosApplication - [] - Started EnviosApplication in 7.079 seconds (process running for 7.921)
2025-11-18 08:48:34.786 [http-nio-8095-exec-2] INFO  o.a.c.c.C.[Tomcat].[localhost].[/] - [] - Initializing Spring DispatcherServlet 'dispatcherServlet'
2025-11-18 08:48:34.795 [http-nio-8095-exec-2] INFO  o.s.web.servlet.DispatcherServlet - [] - Initializing Servlet 'dispatcherServlet'
2025-11-18 08:48:34.803 [http-nio-8095-exec-2] INFO  o.s.web.servlet.DispatcherServlet - [] - Completed initialization in 7 ms
2025-11-18 08:48:35.840 [http-nio-8095-exec-6] INFO  o.s.api.AbstractOpenApiResource - [] - Init duration for springdoc-openapi is: 681 ms
2025-11-18 08:50:25.217 [http-nio-8095-exec-8] INFO  b.g.e.controller.SolicitudController - [] - Recibida solicitud POST en /register para cliente ID: 5
2025-11-18 08:50:25.234 [http-nio-8095-exec-8] INFO  b.g.envios.service.SolicitudService - [] - Inicio register. Registrando nueva solicitud para cliente ID: 5
2025-11-18 08:50:25.235 [http-nio-8095-exec-8] INFO  b.g.envios.service.SolicitudService - [] - Buscando contenedor existente para cliente 5...
2025-11-18 08:50:25.478 [http-nio-8095-exec-8] WARN  b.g.envios.service.SolicitudService - [] - Contenedor no encontrado (404). Creando uno nuevo...
2025-11-18 08:50:25.721 [http-nio-8095-exec-8] INFO  b.g.envios.service.SolicitudService - [] - Volviendo a buscar el contenedor recién creado...
2025-11-18 08:50:25.784 [http-nio-8095-exec-8] INFO  b.g.envios.service.SolicitudService - [] - Contenedor creado y recuperado. ID: 5
2025-11-18 08:50:25.913 [http-nio-8095-exec-8] INFO  b.g.envios.service.SolicitudService - [] - Solicitud registrada exitosamente. Nueva ID: 9
2025-11-18 08:51:39.281 [http-nio-8095-exec-10] INFO  b.g.e.controller.SolicitudController - [] - Recibida solicitud GET en /getById/9
2025-11-18 08:51:39.283 [http-nio-8095-exec-10] INFO  b.g.envios.service.SolicitudService - [] - Inicio getById. Buscando solicitud con ID: 9
2025-11-18 08:51:39.338 [http-nio-8095-exec-10] INFO  b.g.envios.service.SolicitudService - [] - Solicitud encontrada exitosamente. ID: 9
2025-11-18 08:51:48.207 [http-nio-8095-exec-2] INFO  b.g.e.controller.SolicitudController - [] - Recibida solicitud POST en /edit. Solicitud ID: 9
2025-11-18 08:51:48.208 [http-nio-8095-exec-2] INFO  b.g.envios.service.SolicitudService - [] - Inicio edit. Editando solicitud ID: 9
2025-11-18 08:51:48.213 [http-nio-8095-exec-2] INFO  b.g.envios.service.SolicitudService - [] - Procesando tarifa para solicitud 9
2025-11-18 08:51:48.213 [http-nio-8095-exec-2] INFO  b.g.envios.service.SolicitudService - [] - Guardando nueva tarifa para la solicitud
2025-11-18 08:51:48.225 [http-nio-8095-exec-2] INFO  b.g.envios.service.SolicitudService - [] - Solicitud editada exitosamente. ID: 9
2025-11-18 08:54:50.443 [http-nio-8095-exec-3] INFO  b.g.e.controller.SolicitudController - [] - Recibida solicitud POST en /register para cliente ID: 5
2025-11-18 08:54:50.450 [http-nio-8095-exec-3] INFO  b.g.envios.service.SolicitudService - [] - Inicio register. Registrando nueva solicitud para cliente ID: 5
2025-11-18 08:54:50.451 [http-nio-8095-exec-3] INFO  b.g.envios.service.SolicitudService - [] - Buscando contenedor existente para cliente 5...
2025-11-18 08:54:51.162 [http-nio-8095-exec-3] INFO  b.g.e.r.ContenedorRepository - [] - Asignando cliente 5 al contenedor 1...
2025-11-18 08:54:51.279 [http-nio-8095-exec-3] INFO  b.g.e.r.ContenedorRepository - [] - Cliente asignado correctamente.
2025-11-18 08:54:51.279 [http-nio-8095-exec-3] INFO  b.g.envios.service.SolicitudService - [] - Contenedor encontrado. ID: 1
2025-11-18 08:54:51.298 [http-nio-8095-exec-3] INFO  b.g.envios.service.SolicitudService - [] - Solicitud registrada exitosamente. Nueva ID: 10
2025-11-18 08:55:49.673 [http-nio-8095-exec-4] INFO  b.g.e.controller.SolicitudController - [] - Recibida solicitud GET en /getById/10
2025-11-18 08:55:49.676 [http-nio-8095-exec-4] INFO  b.g.envios.service.SolicitudService - [] - Inicio getById. Buscando solicitud con ID: 10
2025-11-18 08:55:49.683 [http-nio-8095-exec-4] INFO  b.g.envios.service.SolicitudService - [] - Solicitud encontrada exitosamente. ID: 10
2025-11-18 08:55:57.352 [http-nio-8095-exec-6] INFO  b.g.e.controller.SolicitudController - [] - Recibida solicitud POST en /edit. Solicitud ID: 10
2025-11-18 08:55:57.353 [http-nio-8095-exec-6] INFO  b.g.envios.service.SolicitudService - [] - Inicio edit. Editando solicitud ID: 10
2025-11-18 08:55:57.356 [http-nio-8095-exec-6] INFO  b.g.envios.service.SolicitudService - [] - Procesando tarifa para solicitud 10
2025-11-18 08:55:57.357 [http-nio-8095-exec-6] INFO  b.g.envios.service.SolicitudService - [] - Guardando nueva tarifa para la solicitud
2025-11-18 08:55:57.361 [http-nio-8095-exec-6] INFO  b.g.envios.service.SolicitudService - [] - Solicitud editada exitosamente. ID: 10
2025-11-18 08:57:35.727 [http-nio-8095-exec-8] INFO  b.g.e.controller.SolicitudController - [] - Recibida solicitud GET en /getById/10
2025-11-18 08:57:35.734 [http-nio-8095-exec-8] INFO  b.g.envios.service.SolicitudService - [] - Inicio getById. Buscando solicitud con ID: 10
2025-11-18 08:57:35.743 [http-nio-8095-exec-8] INFO  b.g.envios.service.SolicitudService - [] - Solicitud encontrada exitosamente. ID: 10
2025-11-18 08:59:48.036 [http-nio-8095-exec-10] INFO  b.g.e.controller.SolicitudController - [] - Recibida solicitud GET en /getById/10
2025-11-18 08:59:48.037 [http-nio-8095-exec-10] INFO  b.g.envios.service.SolicitudService - [] - Inicio getById. Buscando solicitud con ID: 10
2025-11-18 08:59:48.041 [http-nio-8095-exec-10] INFO  b.g.envios.service.SolicitudService - [] - Solicitud encontrada exitosamente. ID: 10
2025-11-18 09:00:02.733 [http-nio-8095-exec-2] INFO  b.g.e.controller.SolicitudController - [] - Recibida solicitud GET en /getById/10
2025-11-18 09:00:02.734 [http-nio-8095-exec-2] INFO  b.g.envios.service.SolicitudService - [] - Inicio getById. Buscando solicitud con ID: 10
2025-11-18 09:00:02.738 [http-nio-8095-exec-2] INFO  b.g.envios.service.SolicitudService - [] - Solicitud encontrada exitosamente. ID: 10
2025-11-18 09:05:08.855 [SpringApplicationShutdownHook] INFO  o.s.b.w.e.tomcat.GracefulShutdown - [] - Commencing graceful shutdown. Waiting for active requests to complete
2025-11-18 09:05:08.859 [tomcat-shutdown] INFO  o.s.b.w.e.tomcat.GracefulShutdown - [] - Graceful shutdown complete
2025-11-18 09:05:08.868 [SpringApplicationShutdownHook] INFO  o.s.o.j.LocalContainerEntityManagerFactoryBean - [] - Closing JPA EntityManagerFactory for persistence unit 'default'
2025-11-18 09:05:08.877 [SpringApplicationShutdownHook] INFO  com.zaxxer.hikari.HikariDataSource - [] - HikariPool-1 - Shutdown initiated...
2025-11-18 09:05:08.888 [SpringApplicationShutdownHook] INFO  com.zaxxer.hikari.HikariDataSource - [] - HikariPool-1 - Shutdown completed.
2025-11-18 09:05:26.370 [restartedMain] INFO  b.grupo130.envios.EnviosApplication - [] - Starting EnviosApplication using Java 21.0.8 with PID 13722 (/home/julian/CarpetaCentral/Programacion/Java/TPI-Backend/envios/target/classes started by julian in /home/julian/CarpetaCentral/Programacion/Java/TPI-Backend/envios)
2025-11-18 09:05:26.372 [restartedMain] DEBUG b.grupo130.envios.EnviosApplication - [] - Running with Spring Boot v3.5.7, Spring v6.2.12
2025-11-18 09:05:26.373 [restartedMain] INFO  b.grupo130.envios.EnviosApplication - [] - No active profile set, falling back to 1 default profile: "default"
2025-11-18 09:05:26.443 [restartedMain] INFO  o.s.b.d.e.DevToolsPropertyDefaultsPostProcessor - [] - Devtools property defaults active! Set 'spring.devtools.add-properties' to 'false' to disable
2025-11-18 09:05:26.443 [restartedMain] INFO  o.s.b.d.e.DevToolsPropertyDefaultsPostProcessor - [] - For additional web related logging consider setting the 'logging.level.web' property to 'DEBUG'
2025-11-18 09:05:27.707 [restartedMain] INFO  o.s.d.r.c.RepositoryConfigurationDelegate - [] - Bootstrapping Spring Data JPA repositories in DEFAULT mode.
2025-11-18 09:05:27.803 [restartedMain] INFO  o.s.d.r.c.RepositoryConfigurationDelegate - [] - Finished Spring Data repository scanning in 69 ms. Found 3 JPA repository interfaces.
2025-11-18 09:05:27.995 [restartedMain] INFO  o.s.cloud.context.scope.GenericScope - [] - BeanFactory id=a3960109-fa04-3b48-97fd-ecf360c13c41
2025-11-18 09:05:28.704 [restartedMain] INFO  o.s.b.w.e.tomcat.TomcatWebServer - [] - Tomcat initialized with port 8095 (http)
2025-11-18 09:05:28.724 [restartedMain] INFO  o.a.coyote.http11.Http11NioProtocol - [] - Initializing ProtocolHandler ["http-nio-8095"]
2025-11-18 09:05:28.727 [restartedMain] INFO  o.a.catalina.core.StandardService - [] - Starting service [Tomcat]
2025-11-18 09:05:28.728 [restartedMain] INFO  o.a.catalina.core.StandardEngine - [] - Starting Servlet engine: [Apache Tomcat/10.1.48]
2025-11-18 09:05:28.786 [restartedMain] INFO  o.a.c.c.C.[Tomcat].[localhost].[/] - [] - Initializing Spring embedded WebApplicationContext
2025-11-18 09:05:28.786 [restartedMain] INFO  o.s.b.w.s.c.ServletWebServerApplicationContext - [] - Root WebApplicationContext: initialization completed in 2342 ms
2025-11-18 09:05:29.481 [restartedMain] INFO  o.s.o.j.p.SpringPersistenceUnitInfo - [] - No LoadTimeWeaver setup: ignoring JPA class transformer
2025-11-18 09:05:29.521 [restartedMain] INFO  com.zaxxer.hikari.HikariDataSource - [] - HikariPool-1 - Starting...
2025-11-18 09:05:29.713 [restartedMain] INFO  com.zaxxer.hikari.pool.HikariPool - [] - HikariPool-1 - Added connection org.postgresql.jdbc.PgConnection@8760092
2025-11-18 09:05:29.715 [restartedMain] INFO  com.zaxxer.hikari.HikariDataSource - [] - HikariPool-1 - Start completed.
2025-11-18 09:05:29.759 [restartedMain] WARN  org.hibernate.orm.deprecation - [] - HHH90000025: PostgreSQLDialect does not need to be specified explicitly using 'hibernate.dialect' (remove the property setting and it will be selected by default)
2025-11-18 09:05:31.214 [restartedMain] INFO  o.s.o.j.LocalContainerEntityManagerFactoryBean - [] - Initialized JPA EntityManagerFactory for persistence unit 'default'
2025-11-18 09:05:31.903 [restartedMain] WARN  o.s.b.a.o.j.JpaBaseConfiguration$JpaWebConfiguration - [] - spring.jpa.open-in-view is enabled by default. Therefore, database queries may be performed during view rendering. Explicitly configure spring.jpa.open-in-view to disable this warning
2025-11-18 09:05:31.946 [restartedMain] WARN  o.s.b.d.a.OptionalLiveReloadServer - [] - Unable to start LiveReload server
2025-11-18 09:05:32.773 [restartedMain] INFO  o.a.coyote.http11.Http11NioProtocol - [] - Starting ProtocolHandler ["http-nio-8095"]
2025-11-18 09:05:32.791 [restartedMain] INFO  o.s.b.w.e.tomcat.TomcatWebServer - [] - Tomcat started on port 8095 (http) with context path '/'
2025-11-18 09:05:32.808 [restartedMain] INFO  b.grupo130.envios.EnviosApplication - [] - Started EnviosApplication in 7.353 seconds (process running for 8.232)
2025-11-18 09:06:43.872 [http-nio-8095-exec-1] INFO  o.a.c.c.C.[Tomcat].[localhost].[/] - [] - Initializing Spring DispatcherServlet 'dispatcherServlet'
2025-11-18 09:06:43.872 [http-nio-8095-exec-1] INFO  o.s.web.servlet.DispatcherServlet - [] - Initializing Servlet 'dispatcherServlet'
2025-11-18 09:06:43.875 [http-nio-8095-exec-1] INFO  o.s.web.servlet.DispatcherServlet - [] - Completed initialization in 2 ms
2025-11-18 09:06:44.012 [http-nio-8095-exec-1] INFO  b.g.e.controller.SolicitudController - [] - Recibida solicitud GET en /getById/10
2025-11-18 09:06:44.023 [http-nio-8095-exec-1] INFO  b.g.envios.service.SolicitudService - [] - Inicio getById. Buscando solicitud con ID: 10
2025-11-18 09:06:44.109 [http-nio-8095-exec-1] INFO  b.g.envios.service.SolicitudService - [] - Solicitud encontrada exitosamente. ID: 10
2025-11-18 09:07:30.348 [http-nio-8095-exec-2] INFO  b.g.e.controller.SolicitudController - [] - Recibida solicitud GET en /getById/10
2025-11-18 09:07:30.349 [http-nio-8095-exec-2] INFO  b.g.envios.service.SolicitudService - [] - Inicio getById. Buscando solicitud con ID: 10
2025-11-18 09:07:30.354 [http-nio-8095-exec-2] INFO  b.g.envios.service.SolicitudService - [] - Solicitud encontrada exitosamente. ID: 10
2025-11-18 09:09:28.504 [http-nio-8095-exec-5] INFO  b.g.e.controller.SolicitudController - [] - Recibida solicitud GET en /getById/10
2025-11-18 09:09:28.506 [http-nio-8095-exec-5] INFO  b.g.envios.service.SolicitudService - [] - Inicio getById. Buscando solicitud con ID: 10
2025-11-18 09:09:28.510 [http-nio-8095-exec-5] INFO  b.g.envios.service.SolicitudService - [] - Solicitud encontrada exitosamente. ID: 10
2025-11-18 09:09:28.603 [http-nio-8095-exec-6] INFO  b.g.e.controller.SolicitudController - [] - Recibida solicitud POST en /cambioDeEstado. Solicitud ID: 10, Nuevo Estado: PROGRAMADO
2025-11-18 09:09:28.604 [http-nio-8095-exec-6] INFO  b.g.envios.service.SolicitudService - [] - Inicio cambioDeEstado. Solicitud ID: 10. Nuevo estado: PROGRAMADO
2025-11-18 09:09:28.644 [http-nio-8095-exec-6] INFO  b.g.envios.service.SolicitudService - [] - Cambio de estado exitoso. Solicitud ID: 10. Nuevo estado: Estado.PROGRAMADO
2025-11-18 09:12:25.364 [http-nio-8095-exec-8] INFO  b.g.e.controller.SolicitudController - [] - Recibida solicitud GET en /getById/10
2025-11-18 09:12:25.367 [http-nio-8095-exec-8] INFO  b.g.envios.service.SolicitudService - [] - Inicio getById. Buscando solicitud con ID: 10
2025-11-18 09:12:25.371 [http-nio-8095-exec-8] INFO  b.g.envios.service.SolicitudService - [] - Solicitud encontrada exitosamente. ID: 10
2025-11-18 09:16:13.589 [http-nio-8095-exec-1] INFO  b.g.e.controller.SolicitudController - [] - Recibida solicitud POST en /register para cliente ID: 5
2025-11-18 09:16:13.590 [http-nio-8095-exec-1] INFO  b.g.envios.service.SolicitudService - [] - Inicio register. Registrando nueva solicitud para cliente ID: 5
2025-11-18 09:16:13.591 [http-nio-8095-exec-1] INFO  b.g.envios.service.SolicitudService - [] - Buscando contenedor existente para cliente 5...
2025-11-18 09:16:14.353 [http-nio-8095-exec-1] WARN  b.g.envios.service.SolicitudService - [] - Contenedor no encontrado (404). Creando uno nuevo...
2025-11-18 09:16:14.519 [http-nio-8095-exec-1] INFO  b.g.envios.service.SolicitudService - [] - Volviendo a buscar el contenedor recién creado...
2025-11-18 09:16:14.584 [http-nio-8095-exec-1] INFO  b.g.envios.service.SolicitudService - [] - Contenedor creado y recuperado. ID: 5
2025-11-18 09:16:14.591 [http-nio-8095-exec-1] INFO  b.g.envios.service.SolicitudService - [] - Solicitud registrada exitosamente. Nueva ID: 11
2025-11-18 09:16:42.684 [http-nio-8095-exec-2] INFO  b.g.e.controller.SolicitudController - [] - Recibida solicitud POST en /register para cliente ID: 5
2025-11-18 09:16:42.685 [http-nio-8095-exec-2] INFO  b.g.envios.service.SolicitudService - [] - Inicio register. Registrando nueva solicitud para cliente ID: 5
2025-11-18 09:16:42.686 [http-nio-8095-exec-2] INFO  b.g.envios.service.SolicitudService - [] - Buscando contenedor existente para cliente 5...
2025-11-18 09:16:42.705 [http-nio-8095-exec-2] WARN  b.g.envios.service.SolicitudService - [] - Contenedor no encontrado (404). Creando uno nuevo...
2025-11-18 09:16:42.762 [http-nio-8095-exec-2] INFO  b.g.envios.service.SolicitudService - [] - Volviendo a buscar el contenedor recién creado...
2025-11-18 09:16:42.784 [http-nio-8095-exec-2] INFO  b.g.envios.service.SolicitudService - [] - Contenedor creado y recuperado. ID: 5
2025-11-18 09:16:42.790 [http-nio-8095-exec-2] INFO  b.g.envios.service.SolicitudService - [] - Solicitud registrada exitosamente. Nueva ID: 12
2025-11-18 09:20:53.191 [http-nio-8095-exec-4] INFO  b.g.e.controller.SolicitudController - [] - Recibida solicitud POST en /register para cliente ID: 5
2025-11-18 09:20:53.193 [http-nio-8095-exec-4] INFO  b.g.envios.service.SolicitudService - [] - Inicio register. Registrando nueva solicitud para cliente ID: 5
2025-11-18 09:20:53.193 [http-nio-8095-exec-4] INFO  b.g.envios.service.SolicitudService - [] - Buscando contenedor existente para cliente 5...
2025-11-18 09:20:53.947 [http-nio-8095-exec-4] WARN  b.g.envios.service.SolicitudService - [] - Contenedor no encontrado (404). Creando uno nuevo...
2025-11-18 09:20:54.095 [http-nio-8095-exec-4] INFO  b.g.envios.service.SolicitudService - [] - Volviendo a buscar el contenedor recién creado...
2025-11-18 09:20:54.154 [http-nio-8095-exec-4] INFO  b.g.envios.service.SolicitudService - [] - Contenedor creado y recuperado. ID: 5
2025-11-18 09:20:54.160 [http-nio-8095-exec-4] INFO  b.g.envios.service.SolicitudService - [] - Solicitud registrada exitosamente. Nueva ID: 13
2025-11-18 09:21:49.276 [http-nio-8095-exec-5] INFO  b.g.e.controller.SolicitudController - [] - Recibida solicitud POST en /register para cliente ID: 5
2025-11-18 09:21:49.278 [http-nio-8095-exec-5] INFO  b.g.envios.service.SolicitudService - [] - Inicio register. Registrando nueva solicitud para cliente ID: 5
2025-11-18 09:21:49.278 [http-nio-8095-exec-5] INFO  b.g.envios.service.SolicitudService - [] - Buscando contenedor existente para cliente 5...
2025-11-18 09:21:49.860 [http-nio-8095-exec-5] WARN  b.g.envios.service.SolicitudService - [] - Contenedor no encontrado (404). Creando uno nuevo...
2025-11-18 09:21:50.025 [http-nio-8095-exec-5] INFO  b.g.envios.service.SolicitudService - [] - Volviendo a buscar el contenedor recién creado...
2025-11-18 09:21:50.079 [http-nio-8095-exec-5] INFO  b.g.envios.service.SolicitudService - [] - Contenedor creado y recuperado. ID: 5
2025-11-18 09:21:50.087 [http-nio-8095-exec-5] INFO  b.g.envios.service.SolicitudService - [] - Solicitud registrada exitosamente. Nueva ID: 14
2025-11-18 09:24:49.173 [http-nio-8095-exec-1] INFO  o.s.api.AbstractOpenApiResource - [] - Init duration for springdoc-openapi is: 475 ms
2025-11-18 09:25:04.003 [http-nio-8095-exec-2] INFO  b.g.e.controller.SolicitudController - [] - Recibida solicitud POST en /register para cliente ID: 5
2025-11-18 09:25:04.004 [http-nio-8095-exec-2] INFO  b.g.envios.service.SolicitudService - [] - Inicio register. Registrando nueva solicitud para cliente ID: 5
2025-11-18 09:25:04.004 [http-nio-8095-exec-2] INFO  b.g.envios.service.SolicitudService - [] - Buscando contenedor existente para cliente 5...
2025-11-18 09:25:04.554 [http-nio-8095-exec-2] WARN  b.g.envios.service.SolicitudService - [] - Contenedor no encontrado (404). Creando uno nuevo...
2025-11-18 09:25:04.703 [http-nio-8095-exec-2] INFO  b.g.envios.service.SolicitudService - [] - Volviendo a buscar el contenedor recién creado...
2025-11-18 09:25:04.751 [http-nio-8095-exec-2] INFO  b.g.envios.service.SolicitudService - [] - Contenedor creado y recuperado. ID: 5
2025-11-18 09:25:04.770 [http-nio-8095-exec-2] INFO  b.g.envios.service.SolicitudService - [] - Solicitud registrada exitosamente. Nueva ID: 15
2025-11-18 09:25:20.982 [SpringApplicationShutdownHook] INFO  o.s.b.w.e.tomcat.GracefulShutdown - [] - Commencing graceful shutdown. Waiting for active requests to complete
2025-11-18 09:25:20.987 [tomcat-shutdown] INFO  o.s.b.w.e.tomcat.GracefulShutdown - [] - Graceful shutdown complete
2025-11-18 09:25:20.994 [SpringApplicationShutdownHook] INFO  o.s.o.j.LocalContainerEntityManagerFactoryBean - [] - Closing JPA EntityManagerFactory for persistence unit 'default'
2025-11-18 09:25:20.999 [SpringApplicationShutdownHook] INFO  com.zaxxer.hikari.HikariDataSource - [] - HikariPool-1 - Shutdown initiated...
2025-11-18 09:25:21.004 [SpringApplicationShutdownHook] INFO  com.zaxxer.hikari.HikariDataSource - [] - HikariPool-1 - Shutdown completed.
2025-11-18 09:25:35.590 [restartedMain] INFO  b.grupo130.envios.EnviosApplication - [] - Starting EnviosApplication using Java 21.0.8 with PID 16371 (/home/julian/CarpetaCentral/Programacion/Java/TPI-Backend/envios/target/classes started by julian in /home/julian/CarpetaCentral/Programacion/Java/TPI-Backend/envios)
2025-11-18 09:25:35.593 [restartedMain] DEBUG b.grupo130.envios.EnviosApplication - [] - Running with Spring Boot v3.5.7, Spring v6.2.12
2025-11-18 09:25:35.594 [restartedMain] INFO  b.grupo130.envios.EnviosApplication - [] - No active profile set, falling back to 1 default profile: "default"
2025-11-18 09:25:35.678 [restartedMain] INFO  o.s.b.d.e.DevToolsPropertyDefaultsPostProcessor - [] - Devtools property defaults active! Set 'spring.devtools.add-properties' to 'false' to disable
2025-11-18 09:25:35.678 [restartedMain] INFO  o.s.b.d.e.DevToolsPropertyDefaultsPostProcessor - [] - For additional web related logging consider setting the 'logging.level.web' property to 'DEBUG'
2025-11-18 09:25:36.992 [restartedMain] INFO  o.s.d.r.c.RepositoryConfigurationDelegate - [] - Bootstrapping Spring Data JPA repositories in DEFAULT mode.
2025-11-18 09:25:37.081 [restartedMain] INFO  o.s.d.r.c.RepositoryConfigurationDelegate - [] - Finished Spring Data repository scanning in 70 ms. Found 3 JPA repository interfaces.
2025-11-18 09:25:37.274 [restartedMain] INFO  o.s.cloud.context.scope.GenericScope - [] - BeanFactory id=a3960109-fa04-3b48-97fd-ecf360c13c41
2025-11-18 09:25:37.953 [restartedMain] INFO  o.s.b.w.e.tomcat.TomcatWebServer - [] - Tomcat initialized with port 8095 (http)
2025-11-18 09:25:37.971 [restartedMain] INFO  o.a.coyote.http11.Http11NioProtocol - [] - Initializing ProtocolHandler ["http-nio-8095"]
2025-11-18 09:25:37.975 [restartedMain] INFO  o.a.catalina.core.StandardService - [] - Starting service [Tomcat]
2025-11-18 09:25:37.975 [restartedMain] INFO  o.a.catalina.core.StandardEngine - [] - Starting Servlet engine: [Apache Tomcat/10.1.48]
2025-11-18 09:25:38.036 [restartedMain] INFO  o.a.c.c.C.[Tomcat].[localhost].[/] - [] - Initializing Spring embedded WebApplicationContext
2025-11-18 09:25:38.036 [restartedMain] INFO  o.s.b.w.s.c.ServletWebServerApplicationContext - [] - Root WebApplicationContext: initialization completed in 2357 ms
2025-11-18 09:25:38.706 [restartedMain] INFO  o.s.o.j.p.SpringPersistenceUnitInfo - [] - No LoadTimeWeaver setup: ignoring JPA class transformer
2025-11-18 09:25:38.744 [restartedMain] INFO  com.zaxxer.hikari.HikariDataSource - [] - HikariPool-1 - Starting...
2025-11-18 09:25:38.953 [restartedMain] INFO  com.zaxxer.hikari.pool.HikariPool - [] - HikariPool-1 - Added connection org.postgresql.jdbc.PgConnection@585d335f
2025-11-18 09:25:38.955 [restartedMain] INFO  com.zaxxer.hikari.HikariDataSource - [] - HikariPool-1 - Start completed.
2025-11-18 09:25:38.998 [restartedMain] WARN  org.hibernate.orm.deprecation - [] - HHH90000025: PostgreSQLDialect does not need to be specified explicitly using 'hibernate.dialect' (remove the property setting and it will be selected by default)
2025-11-18 09:25:40.463 [restartedMain] INFO  o.s.o.j.LocalContainerEntityManagerFactoryBean - [] - Initialized JPA EntityManagerFactory for persistence unit 'default'
2025-11-18 09:25:41.161 [restartedMain] WARN  o.s.b.a.o.j.JpaBaseConfiguration$JpaWebConfiguration - [] - spring.jpa.open-in-view is enabled by default. Therefore, database queries may be performed during view rendering. Explicitly configure spring.jpa.open-in-view to disable this warning
2025-11-18 09:25:41.197 [restartedMain] WARN  o.s.b.d.a.OptionalLiveReloadServer - [] - Unable to start LiveReload server
2025-11-18 09:25:42.022 [restartedMain] INFO  o.a.coyote.http11.Http11NioProtocol - [] - Starting ProtocolHandler ["http-nio-8095"]
2025-11-18 09:25:42.040 [restartedMain] INFO  o.s.b.w.e.tomcat.TomcatWebServer - [] - Tomcat started on port 8095 (http) with context path '/'
2025-11-18 09:25:42.059 [restartedMain] INFO  b.grupo130.envios.EnviosApplication - [] - Started EnviosApplication in 7.375 seconds (process running for 8.308)
2025-11-18 09:25:47.860 [http-nio-8095-exec-1] INFO  o.a.c.c.C.[Tomcat].[localhost].[/] - [] - Initializing Spring DispatcherServlet 'dispatcherServlet'
2025-11-18 09:25:47.861 [http-nio-8095-exec-1] INFO  o.s.web.servlet.DispatcherServlet - [] - Initializing Servlet 'dispatcherServlet'
2025-11-18 09:25:47.864 [http-nio-8095-exec-1] INFO  o.s.web.servlet.DispatcherServlet - [] - Completed initialization in 3 ms
2025-11-18 09:25:48.118 [http-nio-8095-exec-1] INFO  b.g.e.controller.SolicitudController - [] - Recibida solicitud POST en /register para cliente ID: 5
2025-11-18 09:25:48.128 [http-nio-8095-exec-1] INFO  b.g.envios.service.SolicitudService - [] - Inicio register. Registrando nueva solicitud para cliente ID: 5
2025-11-18 09:25:48.129 [http-nio-8095-exec-1] INFO  b.g.envios.service.SolicitudService - [] - Buscando contenedor existente para cliente 5...
2025-11-18 09:25:48.217 [http-nio-8095-exec-1] WARN  b.g.envios.service.SolicitudService - [] - Contenedor no encontrado (404). Creando uno nuevo...
2025-11-18 09:25:48.250 [http-nio-8095-exec-1] INFO  b.g.envios.service.SolicitudService - [] - Volviendo a buscar el contenedor recién creado...
2025-11-18 09:25:48.286 [http-nio-8095-exec-1] INFO  b.g.envios.service.SolicitudService - [] - Contenedor creado y recuperado. ID: 5
2025-11-18 09:25:48.379 [http-nio-8095-exec-1] INFO  b.g.envios.service.SolicitudService - [] - Solicitud registrada exitosamente. Nueva ID: 16
2025-11-18 09:30:53.929 [http-nio-8095-exec-3] INFO  b.g.e.controller.SolicitudController - [] - Recibida solicitud POST en /register para cliente ID: 5
2025-11-18 09:30:53.931 [http-nio-8095-exec-3] INFO  b.g.envios.service.SolicitudService - [] - Inicio register. Registrando nueva solicitud para cliente ID: 5
2025-11-18 09:30:53.932 [http-nio-8095-exec-3] INFO  b.g.envios.service.SolicitudService - [] - Buscando contenedor existente para cliente 5...
2025-11-18 09:30:54.533 [http-nio-8095-exec-3] WARN  b.g.envios.service.SolicitudService - [] - Contenedor no encontrado (404). Creando uno nuevo...
2025-11-18 09:30:54.744 [http-nio-8095-exec-3] INFO  b.g.envios.service.SolicitudService - [] - Volviendo a buscar el contenedor recién creado...
2025-11-18 09:30:54.803 [http-nio-8095-exec-3] INFO  b.g.envios.service.SolicitudService - [] - Contenedor creado y recuperado. ID: 5
2025-11-18 09:30:54.808 [http-nio-8095-exec-3] INFO  b.g.envios.service.SolicitudService - [] - Solicitud registrada exitosamente. Nueva ID: 17
2025-11-18 09:31:11.101 [SpringApplicationShutdownHook] INFO  o.s.b.w.e.tomcat.GracefulShutdown - [] - Commencing graceful shutdown. Waiting for active requests to complete
2025-11-18 09:31:11.108 [tomcat-shutdown] INFO  o.s.b.w.e.tomcat.GracefulShutdown - [] - Graceful shutdown complete
2025-11-18 09:31:11.118 [SpringApplicationShutdownHook] INFO  o.s.o.j.LocalContainerEntityManagerFactoryBean - [] - Closing JPA EntityManagerFactory for persistence unit 'default'
2025-11-18 09:31:11.123 [SpringApplicationShutdownHook] INFO  com.zaxxer.hikari.HikariDataSource - [] - HikariPool-1 - Shutdown initiated...
2025-11-18 09:31:11.127 [SpringApplicationShutdownHook] INFO  com.zaxxer.hikari.HikariDataSource - [] - HikariPool-1 - Shutdown completed.
2025-11-18 09:31:22.102 [restartedMain] INFO  b.grupo130.envios.EnviosApplication - [] - Starting EnviosApplication using Java 21.0.8 with PID 17231 (/home/julian/CarpetaCentral/Programacion/Java/TPI-Backend/envios/target/classes started by julian in /home/julian/CarpetaCentral/Programacion/Java/TPI-Backend/envios)
2025-11-18 09:31:22.105 [restartedMain] DEBUG b.grupo130.envios.EnviosApplication - [] - Running with Spring Boot v3.5.7, Spring v6.2.12
2025-11-18 09:31:22.115 [restartedMain] INFO  b.grupo130.envios.EnviosApplication - [] - No active profile set, falling back to 1 default profile: "default"
2025-11-18 09:31:22.341 [restartedMain] INFO  o.s.b.d.e.DevToolsPropertyDefaultsPostProcessor - [] - Devtools property defaults active! Set 'spring.devtools.add-properties' to 'false' to disable
2025-11-18 09:31:22.346 [restartedMain] INFO  o.s.b.d.e.DevToolsPropertyDefaultsPostProcessor - [] - For additional web related logging consider setting the 'logging.level.web' property to 'DEBUG'
2025-11-18 09:31:24.932 [restartedMain] INFO  o.s.d.r.c.RepositoryConfigurationDelegate - [] - Bootstrapping Spring Data JPA repositories in DEFAULT mode.
2025-11-18 09:31:25.103 [restartedMain] INFO  o.s.d.r.c.RepositoryConfigurationDelegate - [] - Finished Spring Data repository scanning in 151 ms. Found 3 JPA repository interfaces.
2025-11-18 09:31:25.564 [restartedMain] INFO  o.s.cloud.context.scope.GenericScope - [] - BeanFactory id=a3960109-fa04-3b48-97fd-ecf360c13c41
2025-11-18 09:31:27.038 [restartedMain] INFO  o.s.b.w.e.tomcat.TomcatWebServer - [] - Tomcat initialized with port 8095 (http)
2025-11-18 09:31:27.066 [restartedMain] INFO  o.a.coyote.http11.Http11NioProtocol - [] - Initializing ProtocolHandler ["http-nio-8095"]
2025-11-18 09:31:27.071 [restartedMain] INFO  o.a.catalina.core.StandardService - [] - Starting service [Tomcat]
2025-11-18 09:31:27.072 [restartedMain] INFO  o.a.catalina.core.StandardEngine - [] - Starting Servlet engine: [Apache Tomcat/10.1.48]
2025-11-18 09:31:27.175 [restartedMain] INFO  o.a.c.c.C.[Tomcat].[localhost].[/] - [] - Initializing Spring embedded WebApplicationContext
2025-11-18 09:31:27.177 [restartedMain] INFO  o.s.b.w.s.c.ServletWebServerApplicationContext - [] - Root WebApplicationContext: initialization completed in 4829 ms
2025-11-18 09:31:28.113 [restartedMain] INFO  o.s.o.j.p.SpringPersistenceUnitInfo - [] - No LoadTimeWeaver setup: ignoring JPA class transformer
2025-11-18 09:31:28.151 [restartedMain] INFO  com.zaxxer.hikari.HikariDataSource - [] - HikariPool-1 - Starting...
2025-11-18 09:31:28.404 [restartedMain] INFO  com.zaxxer.hikari.pool.HikariPool - [] - HikariPool-1 - Added connection org.postgresql.jdbc.PgConnection@3b141f6a
2025-11-18 09:31:28.406 [restartedMain] INFO  com.zaxxer.hikari.HikariDataSource - [] - HikariPool-1 - Start completed.
2025-11-18 09:31:28.448 [restartedMain] WARN  org.hibernate.orm.deprecation - [] - HHH90000025: PostgreSQLDialect does not need to be specified explicitly using 'hibernate.dialect' (remove the property setting and it will be selected by default)
2025-11-18 09:31:30.046 [restartedMain] INFO  o.s.o.j.LocalContainerEntityManagerFactoryBean - [] - Initialized JPA EntityManagerFactory for persistence unit 'default'
2025-11-18 09:31:30.769 [restartedMain] WARN  o.s.b.a.o.j.JpaBaseConfiguration$JpaWebConfiguration - [] - spring.jpa.open-in-view is enabled by default. Therefore, database queries may be performed during view rendering. Explicitly configure spring.jpa.open-in-view to disable this warning
2025-11-18 09:31:30.805 [restartedMain] WARN  o.s.b.d.a.OptionalLiveReloadServer - [] - Unable to start LiveReload server
2025-11-18 09:31:31.657 [restartedMain] INFO  o.a.coyote.http11.Http11NioProtocol - [] - Starting ProtocolHandler ["http-nio-8095"]
2025-11-18 09:31:31.674 [restartedMain] INFO  o.s.b.w.e.tomcat.TomcatWebServer - [] - Tomcat started on port 8095 (http) with context path '/'
2025-11-18 09:31:31.691 [restartedMain] INFO  b.grupo130.envios.EnviosApplication - [] - Started EnviosApplication in 11.019 seconds (process running for 12.44)
2025-11-18 09:34:32.882 [http-nio-8095-exec-1] INFO  o.a.c.c.C.[Tomcat].[localhost].[/] - [] - Initializing Spring DispatcherServlet 'dispatcherServlet'
2025-11-18 09:34:32.882 [http-nio-8095-exec-1] INFO  o.s.web.servlet.DispatcherServlet - [] - Initializing Servlet 'dispatcherServlet'
2025-11-18 09:34:32.884 [http-nio-8095-exec-1] INFO  o.s.web.servlet.DispatcherServlet - [] - Completed initialization in 1 ms
2025-11-18 09:34:33.375 [http-nio-8095-exec-1] INFO  b.g.e.controller.SolicitudController - [] - Recibida solicitud POST en /register para cliente ID: 5
2025-11-18 09:34:33.391 [http-nio-8095-exec-1] INFO  b.g.envios.service.SolicitudService - [] - Inicio register. Registrando nueva solicitud para cliente ID: 5
2025-11-18 09:34:33.392 [http-nio-8095-exec-1] INFO  b.g.envios.service.SolicitudService - [] - Buscando contenedor existente para cliente 5...
2025-11-18 09:34:33.516 [http-nio-8095-exec-1] WARN  b.g.envios.service.SolicitudService - [] - Contenedor no encontrado (404). Creando uno nuevo...
2025-11-18 09:34:33.663 [http-nio-8095-exec-1] INFO  b.g.envios.service.SolicitudService - [] - Volviendo a buscar el contenedor recién creado...
2025-11-18 09:34:33.756 [http-nio-8095-exec-1] INFO  b.g.envios.service.SolicitudService - [] - Contenedor creado y recuperado. ID: 5
2025-11-18 09:34:33.925 [http-nio-8095-exec-1] INFO  b.g.envios.service.SolicitudService - [] - Solicitud registrada exitosamente. Nueva ID: 18
2025-11-18 09:35:35.499 [http-nio-8095-exec-3] INFO  b.g.e.controller.SolicitudController - [] - Recibida solicitud GET en /getById/18
2025-11-18 09:35:35.501 [http-nio-8095-exec-3] INFO  b.g.envios.service.SolicitudService - [] - Inicio getById. Buscando solicitud con ID: 18
2025-11-18 09:35:35.568 [http-nio-8095-exec-3] INFO  b.g.envios.service.SolicitudService - [] - Solicitud encontrada exitosamente. ID: 18
2025-11-18 09:48:23.075 [http-nio-8095-exec-5] INFO  b.g.e.controller.SolicitudController - [] - Recibida solicitud POST en /register para cliente ID: 5
2025-11-18 09:48:23.130 [http-nio-8095-exec-5] INFO  b.g.envios.service.SolicitudService - [] - Inicio register. Registrando nueva solicitud para cliente ID: 5
2025-11-18 09:48:23.130 [http-nio-8095-exec-5] INFO  b.g.envios.service.SolicitudService - [] - Buscando contenedor existente para cliente 5...
2025-11-18 09:48:23.729 [http-nio-8095-exec-5] WARN  b.g.envios.service.SolicitudService - [] - Contenedor no encontrado (404). Creando uno nuevo...
2025-11-18 09:48:23.957 [http-nio-8095-exec-5] INFO  b.g.envios.service.SolicitudService - [] - Volviendo a buscar el contenedor recién creado...
2025-11-18 09:48:24.028 [http-nio-8095-exec-5] INFO  b.g.envios.service.SolicitudService - [] - Contenedor creado y recuperado. ID: 30
2025-11-18 09:48:24.132 [http-nio-8095-exec-5] INFO  b.g.envios.service.SolicitudService - [] - Solicitud registrada exitosamente. Nueva ID: 19
2025-11-18 09:48:27.234 [http-nio-8095-exec-6] INFO  b.g.e.controller.SolicitudController - [] - Recibida solicitud POST en /register para cliente ID: 5
2025-11-18 09:48:27.236 [http-nio-8095-exec-6] INFO  b.g.envios.service.SolicitudService - [] - Inicio register. Registrando nueva solicitud para cliente ID: 5
2025-11-18 09:48:27.237 [http-nio-8095-exec-6] INFO  b.g.envios.service.SolicitudService - [] - Buscando contenedor existente para cliente 5...
2025-11-18 09:48:27.261 [http-nio-8095-exec-6] WARN  b.g.envios.service.SolicitudService - [] - Contenedor no encontrado (404). Creando uno nuevo...
2025-11-18 09:48:27.290 [http-nio-8095-exec-6] INFO  b.g.envios.service.SolicitudService - [] - Volviendo a buscar el contenedor recién creado...
2025-11-18 09:48:27.314 [http-nio-8095-exec-6] INFO  b.g.envios.service.SolicitudService - [] - Contenedor creado y recuperado. ID: 31
2025-11-18 09:48:27.323 [http-nio-8095-exec-6] INFO  b.g.envios.service.SolicitudService - [] - Solicitud registrada exitosamente. Nueva ID: 20
2025-11-18 09:48:48.195 [http-nio-8095-exec-7] INFO  b.g.e.controller.SolicitudController - [] - Recibida solicitud GET en /getById/20
2025-11-18 09:48:48.196 [http-nio-8095-exec-7] INFO  b.g.envios.service.SolicitudService - [] - Inicio getById. Buscando solicitud con ID: 20
2025-11-18 09:48:48.209 [http-nio-8095-exec-7] INFO  b.g.envios.service.SolicitudService - [] - Solicitud encontrada exitosamente. ID: 20
2025-11-18 09:49:01.854 [http-nio-8095-exec-8] INFO  b.g.e.controller.SolicitudController - [] - Recibida solicitud POST en /edit. Solicitud ID: 20
2025-11-18 09:49:01.855 [http-nio-8095-exec-8] INFO  b.g.envios.service.SolicitudService - [] - Inicio edit. Editando solicitud ID: 20
2025-11-18 09:49:01.859 [http-nio-8095-exec-8] INFO  b.g.envios.service.SolicitudService - [] - Procesando tarifa para solicitud 20
2025-11-18 09:49:01.859 [http-nio-8095-exec-8] INFO  b.g.envios.service.SolicitudService - [] - Guardando nueva tarifa para la solicitud
2025-11-18 09:49:01.961 [http-nio-8095-exec-8] INFO  b.g.envios.service.SolicitudService - [] - Solicitud editada exitosamente. ID: 20
2025-11-18 09:49:40.136 [http-nio-8095-exec-10] INFO  b.g.e.controller.SolicitudController - [] - Recibida solicitud GET en /getById/20
2025-11-18 09:49:40.139 [http-nio-8095-exec-10] INFO  b.g.envios.service.SolicitudService - [] - Inicio getById. Buscando solicitud con ID: 20
2025-11-18 09:49:40.150 [http-nio-8095-exec-10] INFO  b.g.envios.service.SolicitudService - [] - Solicitud encontrada exitosamente. ID: 20
2025-11-18 09:50:33.463 [http-nio-8095-exec-1] INFO  b.g.e.controller.SolicitudController - [] - Recibida solicitud GET en /getById/20
2025-11-18 09:50:33.465 [http-nio-8095-exec-1] INFO  b.g.envios.service.SolicitudService - [] - Inicio getById. Buscando solicitud con ID: 20
2025-11-18 09:50:33.471 [http-nio-8095-exec-1] INFO  b.g.envios.service.SolicitudService - [] - Solicitud encontrada exitosamente. ID: 20
2025-11-18 09:50:33.524 [http-nio-8095-exec-2] INFO  b.g.e.controller.SolicitudController - [] - Recibida solicitud POST en /cambioDeEstado. Solicitud ID: 20, Nuevo Estado: PROGRAMADO
2025-11-18 09:50:33.526 [http-nio-8095-exec-2] INFO  b.g.envios.service.SolicitudService - [] - Inicio cambioDeEstado. Solicitud ID: 20. Nuevo estado: PROGRAMADO
2025-11-18 09:50:33.609 [http-nio-8095-exec-2] INFO  b.g.envios.service.SolicitudService - [] - Cambio de estado exitoso. Solicitud ID: 20. Nuevo estado: Estado.PROGRAMADO
2025-11-18 09:50:50.233 [http-nio-8095-exec-3] INFO  b.g.e.controller.SolicitudController - [] - Recibida solicitud GET en /getById/20
2025-11-18 09:50:50.234 [http-nio-8095-exec-3] INFO  b.g.envios.service.SolicitudService - [] - Inicio getById. Buscando solicitud con ID: 20
2025-11-18 09:50:50.238 [http-nio-8095-exec-3] INFO  b.g.envios.service.SolicitudService - [] - Solicitud encontrada exitosamente. ID: 20
2025-11-18 09:51:44.894 [http-nio-8095-exec-4] INFO  b.g.e.controller.SolicitudController - [] - Recibida solicitud GET en /getById/20
2025-11-18 09:51:44.895 [http-nio-8095-exec-4] INFO  b.g.envios.service.SolicitudService - [] - Inicio getById. Buscando solicitud con ID: 20
2025-11-18 09:51:44.899 [http-nio-8095-exec-4] INFO  b.g.envios.service.SolicitudService - [] - Solicitud encontrada exitosamente. ID: 20
2025-11-18 09:59:05.221 [SpringApplicationShutdownHook] INFO  o.s.b.w.e.tomcat.GracefulShutdown - [] - Commencing graceful shutdown. Waiting for active requests to complete
2025-11-18 09:59:05.247 [tomcat-shutdown] INFO  o.s.b.w.e.tomcat.GracefulShutdown - [] - Graceful shutdown complete
2025-11-18 09:59:05.299 [SpringApplicationShutdownHook] INFO  o.s.o.j.LocalContainerEntityManagerFactoryBean - [] - Closing JPA EntityManagerFactory for persistence unit 'default'
2025-11-18 09:59:05.342 [SpringApplicationShutdownHook] INFO  com.zaxxer.hikari.HikariDataSource - [] - HikariPool-1 - Shutdown initiated...
2025-11-18 09:59:05.362 [SpringApplicationShutdownHook] INFO  com.zaxxer.hikari.HikariDataSource - [] - HikariPool-1 - Shutdown completed.
2025-11-18 09:59:22.976 [restartedMain] INFO  b.grupo130.envios.EnviosApplication - [] - Starting EnviosApplication using Java 21.0.8 with PID 19210 (/home/julian/CarpetaCentral/Programacion/Java/TPI-Backend/envios/target/classes started by julian in /home/julian/CarpetaCentral/Programacion/Java/TPI-Backend/envios)
2025-11-18 09:59:22.979 [restartedMain] DEBUG b.grupo130.envios.EnviosApplication - [] - Running with Spring Boot v3.5.7, Spring v6.2.12
2025-11-18 09:59:22.980 [restartedMain] INFO  b.grupo130.envios.EnviosApplication - [] - No active profile set, falling back to 1 default profile: "default"
2025-11-18 09:59:23.085 [restartedMain] INFO  o.s.b.d.e.DevToolsPropertyDefaultsPostProcessor - [] - Devtools property defaults active! Set 'spring.devtools.add-properties' to 'false' to disable
2025-11-18 09:59:23.086 [restartedMain] INFO  o.s.b.d.e.DevToolsPropertyDefaultsPostProcessor - [] - For additional web related logging consider setting the 'logging.level.web' property to 'DEBUG'
2025-11-18 09:59:24.708 [restartedMain] INFO  o.s.d.r.c.RepositoryConfigurationDelegate - [] - Bootstrapping Spring Data JPA repositories in DEFAULT mode.
2025-11-18 09:59:24.822 [restartedMain] INFO  o.s.d.r.c.RepositoryConfigurationDelegate - [] - Finished Spring Data repository scanning in 98 ms. Found 3 JPA repository interfaces.
2025-11-18 09:59:25.222 [restartedMain] INFO  o.s.cloud.context.scope.GenericScope - [] - BeanFactory id=a3960109-fa04-3b48-97fd-ecf360c13c41
2025-11-18 09:59:26.195 [restartedMain] INFO  o.s.b.w.e.tomcat.TomcatWebServer - [] - Tomcat initialized with port 8095 (http)
2025-11-18 09:59:26.222 [restartedMain] INFO  o.a.coyote.http11.Http11NioProtocol - [] - Initializing ProtocolHandler ["http-nio-8095"]
2025-11-18 09:59:26.225 [restartedMain] INFO  o.a.catalina.core.StandardService - [] - Starting service [Tomcat]
2025-11-18 09:59:26.226 [restartedMain] INFO  o.a.catalina.core.StandardEngine - [] - Starting Servlet engine: [Apache Tomcat/10.1.48]
2025-11-18 09:59:26.314 [restartedMain] INFO  o.a.c.c.C.[Tomcat].[localhost].[/] - [] - Initializing Spring embedded WebApplicationContext
2025-11-18 09:59:26.315 [restartedMain] INFO  o.s.b.w.s.c.ServletWebServerApplicationContext - [] - Root WebApplicationContext: initialization completed in 3227 ms
2025-11-18 09:59:27.225 [restartedMain] INFO  o.s.o.j.p.SpringPersistenceUnitInfo - [] - No LoadTimeWeaver setup: ignoring JPA class transformer
2025-11-18 09:59:27.278 [restartedMain] INFO  com.zaxxer.hikari.HikariDataSource - [] - HikariPool-1 - Starting...
2025-11-18 09:59:27.531 [restartedMain] INFO  com.zaxxer.hikari.pool.HikariPool - [] - HikariPool-1 - Added connection org.postgresql.jdbc.PgConnection@585d335f
2025-11-18 09:59:27.534 [restartedMain] INFO  com.zaxxer.hikari.HikariDataSource - [] - HikariPool-1 - Start completed.
2025-11-18 09:59:27.592 [restartedMain] WARN  org.hibernate.orm.deprecation - [] - HHH90000025: PostgreSQLDialect does not need to be specified explicitly using 'hibernate.dialect' (remove the property setting and it will be selected by default)
2025-11-18 09:59:29.419 [restartedMain] INFO  o.s.o.j.LocalContainerEntityManagerFactoryBean - [] - Initialized JPA EntityManagerFactory for persistence unit 'default'
2025-11-18 09:59:30.756 [restartedMain] WARN  o.s.b.a.o.j.JpaBaseConfiguration$JpaWebConfiguration - [] - spring.jpa.open-in-view is enabled by default. Therefore, database queries may be performed during view rendering. Explicitly configure spring.jpa.open-in-view to disable this warning
2025-11-18 09:59:30.855 [restartedMain] WARN  o.s.b.d.a.OptionalLiveReloadServer - [] - Unable to start LiveReload server
2025-11-18 09:59:32.248 [restartedMain] INFO  o.a.coyote.http11.Http11NioProtocol - [] - Starting ProtocolHandler ["http-nio-8095"]
2025-11-18 09:59:32.279 [restartedMain] INFO  o.s.b.w.e.tomcat.TomcatWebServer - [] - Tomcat started on port 8095 (http) with context path '/'
2025-11-18 09:59:32.320 [restartedMain] INFO  b.grupo130.envios.EnviosApplication - [] - Started EnviosApplication in 10.916 seconds (process running for 12.719)
2025-11-18 09:59:42.559 [http-nio-8095-exec-1] INFO  o.a.c.c.C.[Tomcat].[localhost].[/] - [] - Initializing Spring DispatcherServlet 'dispatcherServlet'
2025-11-18 09:59:42.561 [http-nio-8095-exec-1] INFO  o.s.web.servlet.DispatcherServlet - [] - Initializing Servlet 'dispatcherServlet'
2025-11-18 09:59:42.565 [http-nio-8095-exec-1] INFO  o.s.web.servlet.DispatcherServlet - [] - Completed initialization in 2 ms
2025-11-18 09:59:42.704 [http-nio-8095-exec-1] INFO  b.g.e.controller.SolicitudController - [] - Recibida solicitud GET en /getById/20
2025-11-18 09:59:42.712 [http-nio-8095-exec-1] INFO  b.g.envios.service.SolicitudService - [] - Inicio getById. Buscando solicitud con ID: 20
2025-11-18 09:59:42.796 [http-nio-8095-exec-1] INFO  b.g.envios.service.SolicitudService - [] - Solicitud encontrada exitosamente. ID: 20
2025-11-18 10:00:04.666 [http-nio-8095-exec-2] INFO  b.g.e.controller.SolicitudController - [] - Recibida solicitud GET en /getById/20
2025-11-18 10:00:04.667 [http-nio-8095-exec-2] INFO  b.g.envios.service.SolicitudService - [] - Inicio getById. Buscando solicitud con ID: 20
2025-11-18 10:00:04.670 [http-nio-8095-exec-2] INFO  b.g.envios.service.SolicitudService - [] - Solicitud encontrada exitosamente. ID: 20
2025-11-18 10:00:04.965 [http-nio-8095-exec-3] INFO  b.g.e.controller.SolicitudController - [] - Recibida solicitud POST en /cambioDeEstado. Solicitud ID: 20, Nuevo Estado: EN_TRANSITO
2025-11-18 10:00:04.966 [http-nio-8095-exec-3] INFO  b.g.envios.service.SolicitudService - [] - Inicio cambioDeEstado. Solicitud ID: 20. Nuevo estado: EN_TRANSITO
2025-11-18 10:00:05.014 [http-nio-8095-exec-3] INFO  b.g.envios.service.SolicitudService - [] - Cambio de estado exitoso. Solicitud ID: 20. Nuevo estado: Estado.EN_TRANSITO
2025-11-18 10:00:46.593 [http-nio-8095-exec-4] INFO  b.g.e.controller.SolicitudController - [] - Recibida solicitud GET en /getById/20
2025-11-18 10:00:46.594 [http-nio-8095-exec-4] INFO  b.g.envios.service.SolicitudService - [] - Inicio getById. Buscando solicitud con ID: 20
2025-11-18 10:00:46.597 [http-nio-8095-exec-4] INFO  b.g.envios.service.SolicitudService - [] - Solicitud encontrada exitosamente. ID: 20
2025-11-18 10:01:08.013 [http-nio-8095-exec-5] INFO  b.g.e.controller.SolicitudController - [] - Recibida solicitud GET en /getById/20
2025-11-18 10:01:08.015 [http-nio-8095-exec-5] INFO  b.g.envios.service.SolicitudService - [] - Inicio getById. Buscando solicitud con ID: 20
2025-11-18 10:01:08.019 [http-nio-8095-exec-5] INFO  b.g.envios.service.SolicitudService - [] - Solicitud encontrada exitosamente. ID: 20
2025-11-18 10:01:29.010 [http-nio-8095-exec-6] INFO  b.g.e.controller.SolicitudController - [] - Recibida solicitud GET en /getById/20
2025-11-18 10:01:29.011 [http-nio-8095-exec-6] INFO  b.g.envios.service.SolicitudService - [] - Inicio getById. Buscando solicitud con ID: 20
2025-11-18 10:01:29.018 [http-nio-8095-exec-6] INFO  b.g.envios.service.SolicitudService - [] - Solicitud encontrada exitosamente. ID: 20
2025-11-18 10:01:34.685 [http-nio-8095-exec-7] INFO  b.g.e.controller.SolicitudController - [] - Recibida solicitud GET en /getById/20
2025-11-18 10:01:34.686 [http-nio-8095-exec-7] INFO  b.g.envios.service.SolicitudService - [] - Inicio getById. Buscando solicitud con ID: 20
2025-11-18 10:01:34.690 [http-nio-8095-exec-7] INFO  b.g.envios.service.SolicitudService - [] - Solicitud encontrada exitosamente. ID: 20
2025-11-18 10:02:38.293 [http-nio-8095-exec-10] INFO  b.g.e.controller.SolicitudController - [] - Recibida solicitud GET en /getById/20
2025-11-18 10:02:38.294 [http-nio-8095-exec-10] INFO  b.g.envios.service.SolicitudService - [] - Inicio getById. Buscando solicitud con ID: 20
2025-11-18 10:02:38.297 [http-nio-8095-exec-10] INFO  b.g.envios.service.SolicitudService - [] - Solicitud encontrada exitosamente. ID: 20
2025-11-18 10:02:45.085 [http-nio-8095-exec-1] INFO  b.g.e.controller.SolicitudController - [] - Recibida solicitud GET en /getById/20
2025-11-18 10:02:45.087 [http-nio-8095-exec-1] INFO  b.g.envios.service.SolicitudService - [] - Inicio getById. Buscando solicitud con ID: 20
2025-11-18 10:02:45.091 [http-nio-8095-exec-1] INFO  b.g.envios.service.SolicitudService - [] - Solicitud encontrada exitosamente. ID: 20
2025-11-18 10:02:45.200 [http-nio-8095-exec-2] INFO  b.g.e.controller.SolicitudController - [] - Recibida solicitud POST en /cambioDeEstado. Solicitud ID: 20, Nuevo Estado: ENTREGADO
2025-11-18 10:02:45.201 [http-nio-8095-exec-2] INFO  b.g.envios.service.SolicitudService - [] - Inicio cambioDeEstado. Solicitud ID: 20. Nuevo estado: ENTREGADO
2025-11-18 10:02:45.213 [http-nio-8095-exec-2] INFO  b.g.envios.service.SolicitudService - [] - Cambio de estado exitoso. Solicitud ID: 20. Nuevo estado: Estado.ENTREGADO
2025-11-18 10:02:45.376 [http-nio-8095-exec-3] WARN  o.s.w.s.m.m.a.ExceptionHandlerExceptionResolver - [] - Resolved [org.springframework.web.bind.MethodArgumentNotValidException: Validation failed for argument [0] in public org.springframework.http.ResponseEntity<backend.grupo130.envios.dto.solicitud.response.SolicitudEditResponse> backend.grupo130.envios.controller.SolicitudController.edit(backend.grupo130.envios.dto.solicitud.request.SolicitudEditRequest): [Field error in object 'solicitudEditRequest' on field 'idSolicitud': rejected value [null]; codes [NotNull.solicitudEditRequest.idSolicitud,NotNull.idSolicitud,NotNull.java.lang.Long,NotNull]; arguments [org.springframework.context.support.DefaultMessageSourceResolvable: codes [solicitudEditRequest.idSolicitud,idSolicitud]; arguments []; default message [idSolicitud]]; default message [El ID de solicitud no puede ser nulo]] ]
2025-11-18 10:02:58.282 [http-nio-8095-exec-4] INFO  b.g.e.controller.SolicitudController - [] - Recibida solicitud GET en /getById/20
2025-11-18 10:02:58.283 [http-nio-8095-exec-4] INFO  b.g.envios.service.SolicitudService - [] - Inicio getById. Buscando solicitud con ID: 20
2025-11-18 10:02:58.288 [http-nio-8095-exec-4] INFO  b.g.envios.service.SolicitudService - [] - Solicitud encontrada exitosamente. ID: 20
2025-11-18 10:07:08.099 [SpringApplicationShutdownHook] INFO  o.s.b.w.e.tomcat.GracefulShutdown - [] - Commencing graceful shutdown. Waiting for active requests to complete
2025-11-18 10:07:08.107 [tomcat-shutdown] INFO  o.s.b.w.e.tomcat.GracefulShutdown - [] - Graceful shutdown complete
2025-11-18 10:07:08.135 [SpringApplicationShutdownHook] INFO  o.s.o.j.LocalContainerEntityManagerFactoryBean - [] - Closing JPA EntityManagerFactory for persistence unit 'default'
2025-11-18 10:07:08.145 [SpringApplicationShutdownHook] INFO  com.zaxxer.hikari.HikariDataSource - [] - HikariPool-1 - Shutdown initiated...
2025-11-18 10:07:08.185 [SpringApplicationShutdownHook] INFO  com.zaxxer.hikari.HikariDataSource - [] - HikariPool-1 - Shutdown completed.
