2025-11-17 10:25:22.202 INFO  [restartedMain] [b.grupo130.envios.EnviosApplication] [] - Starting EnviosApplication using Java 21.0.8 with PID 36777 (/home/julian/CarpetaCentral/Programacion/Java/TPI-Backend/envios/target/classes started by julian in /home/julian/CarpetaCentral/Programacion/Java/TPI-Backend/envios)
2025-11-17 10:25:22.204 DEBUG [restartedMain] [b.grupo130.envios.EnviosApplication] [] - Running with Spring Boot v3.5.7, Spring v6.2.12
2025-11-17 10:25:22.205 INFO  [restartedMain] [b.grupo130.envios.EnviosApplication] [] - No active profile set, falling back to 1 default profile: "default"
2025-11-17 10:25:22.324 INFO  [restartedMain] [o.s.b.d.e.DevToolsPropertyDefaultsPostProcessor] [] - Devtools property defaults active! Set 'spring.devtools.add-properties' to 'false' to disable
2025-11-17 10:25:22.325 INFO  [restartedMain] [o.s.b.d.e.DevToolsPropertyDefaultsPostProcessor] [] - For additional web related logging consider setting the 'logging.level.web' property to 'DEBUG'
2025-11-17 10:25:23.815 INFO  [restartedMain] [o.s.d.r.c.RepositoryConfigurationDelegate] [] - Bootstrapping Spring Data JPA repositories in DEFAULT mode.
2025-11-17 10:25:23.899 INFO  [restartedMain] [o.s.d.r.c.RepositoryConfigurationDelegate] [] - Finished Spring Data repository scanning in 69 ms. Found 3 JPA repository interfaces.
2025-11-17 10:25:24.113 INFO  [restartedMain] [o.s.cloud.context.scope.GenericScope] [] - BeanFactory id=a3960109-fa04-3b48-97fd-ecf360c13c41
2025-11-17 10:25:24.858 INFO  [restartedMain] [o.s.b.w.e.tomcat.TomcatWebServer] [] - Tomcat initialized with port 8095 (http)
2025-11-17 10:25:24.891 INFO  [restartedMain] [o.a.coyote.http11.Http11NioProtocol] [] - Initializing ProtocolHandler ["http-nio-8095"]
2025-11-17 10:25:24.898 INFO  [restartedMain] [o.a.catalina.core.StandardService] [] - Starting service [Tomcat]
2025-11-17 10:25:24.899 INFO  [restartedMain] [o.a.catalina.core.StandardEngine] [] - Starting Servlet engine: [Apache Tomcat/10.1.48]
2025-11-17 10:25:24.964 INFO  [restartedMain] [o.a.c.c.C.[Tomcat].[localhost].[/]] [] - Initializing Spring embedded WebApplicationContext
2025-11-17 10:25:24.965 INFO  [restartedMain] [o.s.b.w.s.c.ServletWebServerApplicationContext] [] - Root WebApplicationContext: initialization completed in 2638 ms
2025-11-17 10:25:25.802 INFO  [restartedMain] [o.s.o.j.p.SpringPersistenceUnitInfo] [] - No LoadTimeWeaver setup: ignoring JPA class transformer
2025-11-17 10:25:25.855 INFO  [restartedMain] [com.zaxxer.hikari.HikariDataSource] [] - HikariPool-1 - Starting...
2025-11-17 10:25:26.142 INFO  [restartedMain] [com.zaxxer.hikari.pool.HikariPool] [] - HikariPool-1 - Added connection org.postgresql.jdbc.PgConnection@6ea68bdd
2025-11-17 10:25:26.145 INFO  [restartedMain] [com.zaxxer.hikari.HikariDataSource] [] - HikariPool-1 - Start completed.
2025-11-17 10:25:26.209 WARN  [restartedMain] [org.hibernate.orm.deprecation] [] - HHH90000025: PostgreSQLDialect does not need to be specified explicitly using 'hibernate.dialect' (remove the property setting and it will be selected by default)
2025-11-17 10:25:27.856 INFO  [restartedMain] [o.s.o.j.LocalContainerEntityManagerFactoryBean] [] - Initialized JPA EntityManagerFactory for persistence unit 'default'
2025-11-17 10:25:28.919 WARN  [restartedMain] [o.s.b.a.o.j.JpaBaseConfiguration$JpaWebConfiguration] [] - spring.jpa.open-in-view is enabled by default. Therefore, database queries may be performed during view rendering. Explicitly configure spring.jpa.open-in-view to disable this warning
2025-11-17 10:25:28.991 WARN  [restartedMain] [o.s.b.d.a.OptionalLiveReloadServer] [] - Unable to start LiveReload server
2025-11-17 10:25:30.363 INFO  [restartedMain] [o.a.coyote.http11.Http11NioProtocol] [] - Starting ProtocolHandler ["http-nio-8095"]
2025-11-17 10:25:30.398 INFO  [restartedMain] [o.s.b.w.e.tomcat.TomcatWebServer] [] - Tomcat started on port 8095 (http) with context path '/'
2025-11-17 10:25:30.429 INFO  [restartedMain] [b.grupo130.envios.EnviosApplication] [] - Started EnviosApplication in 9.213 seconds (process running for 11.109)
2025-11-17 11:02:58.998 INFO  [http-nio-8095-exec-3] [o.a.c.c.C.[Tomcat].[localhost].[/]] [] - Initializing Spring DispatcherServlet 'dispatcherServlet'
2025-11-17 11:02:59.028 INFO  [http-nio-8095-exec-3] [o.s.web.servlet.DispatcherServlet] [] - Initializing Servlet 'dispatcherServlet'
2025-11-17 11:02:59.160 INFO  [http-nio-8095-exec-3] [o.s.web.servlet.DispatcherServlet] [] - Completed initialization in 127 ms
2025-11-17 11:03:02.090 INFO  [http-nio-8095-exec-6] [o.s.api.AbstractOpenApiResource] [] - Init duration for springdoc-openapi is: 1593 ms
2025-11-17 11:29:20.534 INFO  [http-nio-8095-exec-9] [b.g.e.controller.SolicitudController] [] - Recibida solicitud POST en /register para cliente ID: 4
2025-11-17 11:29:20.618 INFO  [http-nio-8095-exec-9] [b.g.envios.service.SolicitudService] [] - Inicio register. Registrando nueva solicitud para cliente ID: 4
2025-11-17 11:29:20.619 INFO  [http-nio-8095-exec-9] [b.g.envios.service.SolicitudService] [] - Buscando contenedor existente para cliente 4...
2025-11-17 11:29:21.108 INFO  [http-nio-8095-exec-9] [b.g.e.r.ContenedorRepository] [] - Asignando cliente 4 al contenedor 20...
2025-11-17 11:29:22.104 INFO  [http-nio-8095-exec-9] [b.g.e.r.ContenedorRepository] [] - Cliente asignado correctamente.
2025-11-17 11:29:22.105 INFO  [http-nio-8095-exec-9] [b.g.envios.service.SolicitudService] [] - Contenedor encontrado. ID: 20
2025-11-17 11:29:22.523 INFO  [http-nio-8095-exec-9] [b.g.envios.service.SolicitudService] [] - Solicitud registrada exitosamente. Nueva ID: 8
2025-11-17 11:50:33.933 INFO  [http-nio-8095-exec-9] [b.g.e.controller.SolicitudController] [] - Recibida solicitud GET en /getById/8
2025-11-17 11:50:33.966 INFO  [http-nio-8095-exec-9] [b.g.envios.service.SolicitudService] [] - Inicio getById. Buscando solicitud con ID: 8
2025-11-17 11:50:34.522 INFO  [http-nio-8095-exec-9] [b.g.envios.service.SolicitudService] [] - Solicitud encontrada exitosamente. ID: 8
2025-11-17 11:50:48.683 INFO  [http-nio-8095-exec-10] [b.g.e.controller.SolicitudController] [] - Recibida solicitud POST en /edit. Solicitud ID: 8
2025-11-17 11:50:48.687 INFO  [http-nio-8095-exec-10] [b.g.envios.service.SolicitudService] [] - Inicio edit. Editando solicitud ID: 8
2025-11-17 11:50:48.694 INFO  [http-nio-8095-exec-10] [b.g.envios.service.SolicitudService] [] - Procesando tarifa para solicitud 8
2025-11-17 11:50:48.694 INFO  [http-nio-8095-exec-10] [b.g.envios.service.SolicitudService] [] - Guardando nueva tarifa para la solicitud
2025-11-17 11:50:48.868 WARN  [http-nio-8095-exec-10] [o.h.e.jdbc.spi.SqlExceptionHelper] [] - SQL Error: 0, SQLState: 22003
2025-11-17 11:50:48.869 ERROR [http-nio-8095-exec-10] [o.h.e.jdbc.spi.SqlExceptionHelper] [] - ERROR: numeric field overflow
  Detail: A field with precision 10, scale 2 must round to an absolute value less than 10^8.
2025-11-17 11:50:49.049 ERROR [http-nio-8095-exec-10] [b.g.envios.service.SolicitudService] [] - Error interno al editar solicitud ID 8: could not execute statement [ERROR: numeric field overflow
  Detail: A field with precision 10, scale 2 must round to an absolute value less than 10^8.] [insert into tarifa (consumo_aprox,costo_base,costo_estadia,costo_estimado,costo_final,peso_max,valor_litro,volumen_max) values (?,?,?,?,?,?,?,?)]; SQL [insert into tarifa (consumo_aprox,costo_base,costo_estadia,costo_estimado,costo_final,peso_max,valor_litro,volumen_max) values (?,?,?,?,?,?,?,?)]
org.springframework.dao.DataIntegrityViolationException: could not execute statement [ERROR: numeric field overflow
  Detail: A field with precision 10, scale 2 must round to an absolute value less than 10^8.] [insert into tarifa (consumo_aprox,costo_base,costo_estadia,costo_estimado,costo_final,peso_max,valor_litro,volumen_max) values (?,?,?,?,?,?,?,?)]; SQL [insert into tarifa (consumo_aprox,costo_base,costo_estadia,costo_estimado,costo_final,peso_max,valor_litro,volumen_max) values (?,?,?,?,?,?,?,?)]
	at org.springframework.orm.jpa.vendor.HibernateJpaDialect.convertHibernateAccessException(HibernateJpaDialect.java:297)
	at org.springframework.orm.jpa.vendor.HibernateJpaDialect.convertHibernateAccessException(HibernateJpaDialect.java:256)
	at org.springframework.orm.jpa.vendor.HibernateJpaDialect.translateExceptionIfPossible(HibernateJpaDialect.java:241)
	at org.springframework.orm.jpa.AbstractEntityManagerFactoryBean.translateExceptionIfPossible(AbstractEntityManagerFactoryBean.java:560)
	at org.springframework.dao.support.ChainedPersistenceExceptionTranslator.translateExceptionIfPossible(ChainedPersistenceExceptionTranslator.java:61)
	at org.springframework.dao.support.DataAccessUtils.translateIfNecessary(DataAccessUtils.java:343)
	at org.springframework.dao.support.PersistenceExceptionTranslationInterceptor.invoke(PersistenceExceptionTranslationInterceptor.java:160)
	at org.springframework.aop.framework.ReflectiveMethodInvocation.proceed(ReflectiveMethodInvocation.java:184)
	at org.springframework.data.jpa.repository.support.CrudMethodMetadataPostProcessor$CrudMethodMetadataPopulatingMethodInterceptor.invoke(CrudMethodMetadataPostProcessor.java:165)
	at org.springframework.aop.framework.ReflectiveMethodInvocation.proceed(ReflectiveMethodInvocation.java:184)
	at org.springframework.aop.framework.JdkDynamicAopProxy.invoke(JdkDynamicAopProxy.java:223)
	at jdk.proxy4/jdk.proxy4.$Proxy155.save(Unknown Source)
	at backend.grupo130.envios.repository.TarifaRepository.save(TarifaRepository.java:29)
	at java.base/jdk.internal.reflect.DirectMethodHandleAccessor.invoke(DirectMethodHandleAccessor.java:103)
	at java.base/java.lang.reflect.Method.invoke(Method.java:580)
	at org.springframework.aop.support.AopUtils.invokeJoinpointUsingReflection(AopUtils.java:360)
	at org.springframework.aop.framework.ReflectiveMethodInvocation.invokeJoinpoint(ReflectiveMethodInvocation.java:196)
	at org.springframework.aop.framework.ReflectiveMethodInvocation.proceed(ReflectiveMethodInvocation.java:163)
	at org.springframework.dao.support.PersistenceExceptionTranslationInterceptor.invoke(PersistenceExceptionTranslationInterceptor.java:138)
	at org.springframework.aop.framework.ReflectiveMethodInvocation.proceed(ReflectiveMethodInvocation.java:184)
	at org.springframework.aop.framework.CglibAopProxy$DynamicAdvisedInterceptor.intercept(CglibAopProxy.java:728)
	at backend.grupo130.envios.repository.TarifaRepository$$SpringCGLIB$$0.save(<generated>)
	at backend.grupo130.envios.service.SolicitudService.edit(SolicitudService.java:237)
	at java.base/jdk.internal.reflect.DirectMethodHandleAccessor.invoke(DirectMethodHandleAccessor.java:103)
	at java.base/java.lang.reflect.Method.invoke(Method.java:580)
	at org.springframework.aop.support.AopUtils.invokeJoinpointUsingReflection(AopUtils.java:360)
	at org.springframework.aop.framework.ReflectiveMethodInvocation.invokeJoinpoint(ReflectiveMethodInvocation.java:196)
	at org.springframework.aop.framework.ReflectiveMethodInvocation.proceed(ReflectiveMethodInvocation.java:163)
	at org.springframework.transaction.interceptor.TransactionAspectSupport.invokeWithinTransaction(TransactionAspectSupport.java:380)
	at org.springframework.transaction.interceptor.TransactionInterceptor.invoke(TransactionInterceptor.java:119)
	at org.springframework.aop.framework.ReflectiveMethodInvocation.proceed(ReflectiveMethodInvocation.java:184)
	at org.springframework.aop.framework.CglibAopProxy$DynamicAdvisedInterceptor.intercept(CglibAopProxy.java:728)
	at backend.grupo130.envios.service.SolicitudService$$SpringCGLIB$$0.edit(<generated>)
	at backend.grupo130.envios.controller.SolicitudController.edit(SolicitudController.java:69)
	at java.base/jdk.internal.reflect.DirectMethodHandleAccessor.invoke(DirectMethodHandleAccessor.java:103)
	at java.base/java.lang.reflect.Method.invoke(Method.java:580)
	at org.springframework.web.method.support.InvocableHandlerMethod.doInvoke(InvocableHandlerMethod.java:258)
	at org.springframework.web.method.support.InvocableHandlerMethod.invokeForRequest(InvocableHandlerMethod.java:191)
	at org.springframework.web.servlet.mvc.method.annotation.ServletInvocableHandlerMethod.invokeAndHandle(ServletInvocableHandlerMethod.java:118)
	at org.springframework.web.servlet.mvc.method.annotation.RequestMappingHandlerAdapter.invokeHandlerMethod(RequestMappingHandlerAdapter.java:991)
	at org.springframework.web.servlet.mvc.method.annotation.RequestMappingHandlerAdapter.handleInternal(RequestMappingHandlerAdapter.java:896)
	at org.springframework.web.servlet.mvc.method.AbstractHandlerMethodAdapter.handle(AbstractHandlerMethodAdapter.java:87)
	at org.springframework.web.servlet.DispatcherServlet.doDispatch(DispatcherServlet.java:1089)
	at org.springframework.web.servlet.DispatcherServlet.doService(DispatcherServlet.java:979)
	at org.springframework.web.servlet.FrameworkServlet.processRequest(FrameworkServlet.java:1014)
	at org.springframework.web.servlet.FrameworkServlet.doPost(FrameworkServlet.java:914)
	at jakarta.servlet.http.HttpServlet.service(HttpServlet.java:590)
	at org.springframework.web.servlet.FrameworkServlet.service(FrameworkServlet.java:885)
	at jakarta.servlet.http.HttpServlet.service(HttpServlet.java:658)
	at org.apache.catalina.core.ApplicationFilterChain.internalDoFilter(ApplicationFilterChain.java:193)
	at org.apache.catalina.core.ApplicationFilterChain.doFilter(ApplicationFilterChain.java:138)
	at org.apache.tomcat.websocket.server.WsFilter.doFilter(WsFilter.java:51)
	at org.apache.catalina.core.ApplicationFilterChain.internalDoFilter(ApplicationFilterChain.java:162)
	at org.apache.catalina.core.ApplicationFilterChain.doFilter(ApplicationFilterChain.java:138)
	at org.springframework.web.filter.RequestContextFilter.doFilterInternal(RequestContextFilter.java:100)
	at org.springframework.web.filter.OncePerRequestFilter.doFilter(OncePerRequestFilter.java:116)
	at org.apache.catalina.core.ApplicationFilterChain.internalDoFilter(ApplicationFilterChain.java:162)
	at org.apache.catalina.core.ApplicationFilterChain.doFilter(ApplicationFilterChain.java:138)
	at org.springframework.web.filter.FormContentFilter.doFilterInternal(FormContentFilter.java:93)
	at org.springframework.web.filter.OncePerRequestFilter.doFilter(OncePerRequestFilter.java:116)
	at org.apache.catalina.core.ApplicationFilterChain.internalDoFilter(ApplicationFilterChain.java:162)
	at org.apache.catalina.core.ApplicationFilterChain.doFilter(ApplicationFilterChain.java:138)
	at org.springframework.web.filter.CharacterEncodingFilter.doFilterInternal(CharacterEncodingFilter.java:201)
	at org.springframework.web.filter.OncePerRequestFilter.doFilter(OncePerRequestFilter.java:116)
	at org.apache.catalina.core.ApplicationFilterChain.internalDoFilter(ApplicationFilterChain.java:162)
	at org.apache.catalina.core.ApplicationFilterChain.doFilter(ApplicationFilterChain.java:138)
	at org.apache.catalina.core.StandardWrapperValve.invoke(StandardWrapperValve.java:165)
	at org.apache.catalina.core.StandardContextValve.invoke(StandardContextValve.java:88)
	at org.apache.catalina.authenticator.AuthenticatorBase.invoke(AuthenticatorBase.java:482)
	at org.apache.catalina.core.StandardHostValve.invoke(StandardHostValve.java:113)
	at org.apache.catalina.valves.ErrorReportValve.invoke(ErrorReportValve.java:83)
	at org.apache.catalina.core.StandardEngineValve.invoke(StandardEngineValve.java:72)
	at org.apache.catalina.connector.CoyoteAdapter.service(CoyoteAdapter.java:342)
	at org.apache.coyote.http11.Http11Processor.service(Http11Processor.java:399)
	at org.apache.coyote.AbstractProcessorLight.process(AbstractProcessorLight.java:63)
	at org.apache.coyote.AbstractProtocol$ConnectionHandler.process(AbstractProtocol.java:903)
	at org.apache.tomcat.util.net.NioEndpoint$SocketProcessor.doRun(NioEndpoint.java:1774)
	at org.apache.tomcat.util.net.SocketProcessorBase.run(SocketProcessorBase.java:52)
	at org.apache.tomcat.util.threads.ThreadPoolExecutor.runWorker(ThreadPoolExecutor.java:973)
	at org.apache.tomcat.util.threads.ThreadPoolExecutor$Worker.run(ThreadPoolExecutor.java:491)
	at org.apache.tomcat.util.threads.TaskThread$WrappingRunnable.run(TaskThread.java:63)
	at java.base/java.lang.Thread.run(Thread.java:1583)
Caused by: org.hibernate.exception.DataException: could not execute statement [ERROR: numeric field overflow
  Detail: A field with precision 10, scale 2 must round to an absolute value less than 10^8.] [insert into tarifa (consumo_aprox,costo_base,costo_estadia,costo_estimado,costo_final,peso_max,valor_litro,volumen_max) values (?,?,?,?,?,?,?,?)]
	at org.hibernate.exception.internal.SQLStateConversionDelegate.convert(SQLStateConversionDelegate.java:103)
	at org.hibernate.exception.internal.StandardSQLExceptionConverter.convert(StandardSQLExceptionConverter.java:58)
	at org.hibernate.engine.jdbc.spi.SqlExceptionHelper.convert(SqlExceptionHelper.java:108)
	at org.hibernate.engine.jdbc.internal.ResultSetReturnImpl.executeUpdate(ResultSetReturnImpl.java:197)
	at org.hibernate.id.insert.GetGeneratedKeysDelegate.performMutation(GetGeneratedKeysDelegate.java:116)
	at org.hibernate.engine.jdbc.mutation.internal.MutationExecutorSingleNonBatched.performNonBatchedOperations(MutationExecutorSingleNonBatched.java:47)
	at org.hibernate.engine.jdbc.mutation.internal.AbstractMutationExecutor.execute(AbstractMutationExecutor.java:55)
	at org.hibernate.persister.entity.mutation.InsertCoordinatorStandard.doStaticInserts(InsertCoordinatorStandard.java:194)
	at org.hibernate.persister.entity.mutation.InsertCoordinatorStandard.coordinateInsert(InsertCoordinatorStandard.java:132)
	at org.hibernate.persister.entity.mutation.InsertCoordinatorStandard.insert(InsertCoordinatorStandard.java:95)
	at org.hibernate.action.internal.EntityIdentityInsertAction.execute(EntityIdentityInsertAction.java:85)
	at org.hibernate.engine.spi.ActionQueue.execute(ActionQueue.java:682)
	at org.hibernate.engine.spi.ActionQueue.addResolvedEntityInsertAction(ActionQueue.java:293)
	at org.hibernate.engine.spi.ActionQueue.addInsertAction(ActionQueue.java:274)
	at org.hibernate.engine.spi.ActionQueue.addAction(ActionQueue.java:324)
	at org.hibernate.event.internal.AbstractSaveEventListener.addInsertAction(AbstractSaveEventListener.java:394)
	at org.hibernate.event.internal.AbstractSaveEventListener.performSaveOrReplicate(AbstractSaveEventListener.java:308)
	at org.hibernate.event.internal.AbstractSaveEventListener.performSave(AbstractSaveEventListener.java:224)
	at org.hibernate.event.internal.AbstractSaveEventListener.saveWithGeneratedId(AbstractSaveEventListener.java:136)
	at org.hibernate.event.internal.DefaultPersistEventListener.entityIsTransient(DefaultPersistEventListener.java:177)
	at org.hibernate.event.internal.DefaultPersistEventListener.persist(DefaultPersistEventListener.java:95)
	at org.hibernate.event.internal.DefaultPersistEventListener.onPersist(DefaultPersistEventListener.java:79)
	at org.hibernate.event.internal.DefaultPersistEventListener.onPersist(DefaultPersistEventListener.java:55)
	at org.hibernate.event.service.internal.EventListenerGroupImpl.fireEventOnEachListener(EventListenerGroupImpl.java:127)
	at org.hibernate.internal.SessionImpl.firePersist(SessionImpl.java:761)
	at org.hibernate.internal.SessionImpl.persist(SessionImpl.java:745)
	at java.base/jdk.internal.reflect.DirectMethodHandleAccessor.invoke(DirectMethodHandleAccessor.java:103)
	at java.base/java.lang.reflect.Method.invoke(Method.java:580)
	at org.springframework.orm.jpa.ExtendedEntityManagerCreator$ExtendedEntityManagerInvocationHandler.invoke(ExtendedEntityManagerCreator.java:364)
	at jdk.proxy4/jdk.proxy4.$Proxy138.persist(Unknown Source)
	at java.base/jdk.internal.reflect.DirectMethodHandleAccessor.invoke(DirectMethodHandleAccessor.java:103)
	at java.base/java.lang.reflect.Method.invoke(Method.java:580)
	at org.springframework.orm.jpa.SharedEntityManagerCreator$SharedEntityManagerInvocationHandler.invoke(SharedEntityManagerCreator.java:320)
	at jdk.proxy4/jdk.proxy4.$Proxy138.persist(Unknown Source)
	at org.springframework.data.jpa.repository.support.SimpleJpaRepository.save(SimpleJpaRepository.java:654)
	at java.base/jdk.internal.reflect.DirectMethodHandleAccessor.invoke(DirectMethodHandleAccessor.java:103)
	at java.base/java.lang.reflect.Method.invoke(Method.java:580)
	at org.springframework.aop.support.AopUtils.invokeJoinpointUsingReflection(AopUtils.java:360)
	at org.springframework.data.repository.core.support.RepositoryMethodInvoker$RepositoryFragmentMethodInvoker.lambda$new$0(RepositoryMethodInvoker.java:277)
	at org.springframework.data.repository.core.support.RepositoryMethodInvoker.doInvoke(RepositoryMethodInvoker.java:170)
	at org.springframework.data.repository.core.support.RepositoryMethodInvoker.invoke(RepositoryMethodInvoker.java:158)
	at org.springframework.data.repository.core.support.RepositoryComposition$RepositoryFragments.invoke(RepositoryComposition.java:515)
	at org.springframework.data.repository.core.support.RepositoryComposition.invoke(RepositoryComposition.java:284)
	at org.springframework.data.repository.core.support.RepositoryFactorySupport$ImplementationMethodExecutionInterceptor.invoke(RepositoryFactorySupport.java:734)
	at org.springframework.aop.framework.ReflectiveMethodInvocation.proceed(ReflectiveMethodInvocation.java:184)
	at org.springframework.data.repository.core.support.QueryExecutorMethodInterceptor.doInvoke(QueryExecutorMethodInterceptor.java:174)
	at org.springframework.data.repository.core.support.QueryExecutorMethodInterceptor.invoke(QueryExecutorMethodInterceptor.java:149)
	at org.springframework.aop.framework.ReflectiveMethodInvocation.proceed(ReflectiveMethodInvocation.java:184)
	at org.springframework.data.projection.DefaultMethodInvokingMethodInterceptor.invoke(DefaultMethodInvokingMethodInterceptor.java:69)
	at org.springframework.aop.framework.ReflectiveMethodInvocation.proceed(ReflectiveMethodInvocation.java:184)
	at org.springframework.transaction.interceptor.TransactionAspectSupport.invokeWithinTransaction(TransactionAspectSupport.java:380)
	at org.springframework.transaction.interceptor.TransactionInterceptor.invoke(TransactionInterceptor.java:119)
	at org.springframework.aop.framework.ReflectiveMethodInvocation.proceed(ReflectiveMethodInvocation.java:184)
	at org.springframework.dao.support.PersistenceExceptionTranslationInterceptor.invoke(PersistenceExceptionTranslationInterceptor.java:138)
	... 75 common frames omitted
Caused by: org.postgresql.util.PSQLException: ERROR: numeric field overflow
  Detail: A field with precision 10, scale 2 must round to an absolute value less than 10^8.
	at org.postgresql.core.v3.QueryExecutorImpl.receiveErrorResponse(QueryExecutorImpl.java:2736)
	at org.postgresql.core.v3.QueryExecutorImpl.processResults(QueryExecutorImpl.java:2421)
	at org.postgresql.core.v3.QueryExecutorImpl.execute(QueryExecutorImpl.java:372)
	at org.postgresql.jdbc.PgStatement.executeInternal(PgStatement.java:525)
	at org.postgresql.jdbc.PgStatement.execute(PgStatement.java:435)
	at org.postgresql.jdbc.PgPreparedStatement.executeWithFlags(PgPreparedStatement.java:196)
	at org.postgresql.jdbc.PgPreparedStatement.executeUpdate(PgPreparedStatement.java:157)
	at com.zaxxer.hikari.pool.ProxyPreparedStatement.executeUpdate(ProxyPreparedStatement.java:61)
	at com.zaxxer.hikari.pool.HikariProxyPreparedStatement.executeUpdate(HikariProxyPreparedStatement.java)
	at org.hibernate.engine.jdbc.internal.ResultSetReturnImpl.executeUpdate(ResultSetReturnImpl.java:194)
	... 125 common frames omitted
2025-11-17 11:50:49.154 WARN  [http-nio-8095-exec-10] [o.s.w.s.m.m.a.ExceptionHandlerExceptionResolver] [] - Resolved [backend.grupo130.envios.config.exceptions.ServiceError: could not execute statement [ERROR: numeric field overflow<EOL>  Detail: A field with precision 10, scale 2 must round to an absolute value less than 10^8.] [insert into tarifa (consumo_aprox,costo_base,costo_estadia,costo_estimado,costo_final,peso_max,valor_litro,volumen_max) values (?,?,?,?,?,?,?,?)]; SQL [insert into tarifa (consumo_aprox,costo_base,costo_estadia,costo_estimado,costo_final,peso_max,valor_litro,volumen_max) values (?,?,?,?,?,?,?,?)]]
2025-11-17 11:51:17.805 INFO  [http-nio-8095-exec-5] [b.g.e.controller.SolicitudController] [] - Recibida solicitud GET en /getById/8
2025-11-17 11:51:17.810 INFO  [http-nio-8095-exec-5] [b.g.envios.service.SolicitudService] [] - Inicio getById. Buscando solicitud con ID: 8
2025-11-17 11:51:17.830 INFO  [http-nio-8095-exec-5] [b.g.envios.service.SolicitudService] [] - Solicitud encontrada exitosamente. ID: 8
2025-11-17 11:51:24.812 INFO  [http-nio-8095-exec-1] [b.g.e.controller.SolicitudController] [] - Recibida solicitud POST en /edit. Solicitud ID: 8
2025-11-17 11:51:24.815 INFO  [http-nio-8095-exec-1] [b.g.envios.service.SolicitudService] [] - Inicio edit. Editando solicitud ID: 8
2025-11-17 11:51:24.822 INFO  [http-nio-8095-exec-1] [b.g.envios.service.SolicitudService] [] - Procesando tarifa para solicitud 8
2025-11-17 11:51:24.823 INFO  [http-nio-8095-exec-1] [b.g.envios.service.SolicitudService] [] - Guardando nueva tarifa para la solicitud
2025-11-17 11:51:24.860 INFO  [http-nio-8095-exec-1] [b.g.envios.service.SolicitudService] [] - Solicitud editada exitosamente. ID: 8
2025-11-17 11:53:49.732 INFO  [http-nio-8095-exec-2] [b.g.e.controller.SolicitudController] [] - Recibida solicitud GET en /getById/8
2025-11-17 11:53:49.733 INFO  [http-nio-8095-exec-2] [b.g.envios.service.SolicitudService] [] - Inicio getById. Buscando solicitud con ID: 8
2025-11-17 11:53:49.751 INFO  [http-nio-8095-exec-2] [b.g.envios.service.SolicitudService] [] - Solicitud encontrada exitosamente. ID: 8
2025-11-17 11:53:56.766 INFO  [http-nio-8095-exec-4] [b.g.e.controller.SolicitudController] [] - Recibida solicitud POST en /edit. Solicitud ID: 8
2025-11-17 11:53:56.771 INFO  [http-nio-8095-exec-4] [b.g.envios.service.SolicitudService] [] - Inicio edit. Editando solicitud ID: 8
2025-11-17 11:53:56.784 INFO  [http-nio-8095-exec-4] [b.g.envios.service.SolicitudService] [] - Procesando tarifa para solicitud 8
2025-11-17 11:53:56.789 INFO  [http-nio-8095-exec-4] [b.g.envios.service.SolicitudService] [] - Actualizando tarifa existente ID: 8
2025-11-17 11:53:56.791 INFO  [http-nio-8095-exec-4] [b.g.envios.service.SolicitudService] [] - Solicitud editada exitosamente. ID: 8
2025-11-17 11:54:26.795 INFO  [http-nio-8095-exec-6] [b.g.e.controller.SolicitudController] [] - Recibida solicitud GET en /getById/8
2025-11-17 11:54:26.798 INFO  [http-nio-8095-exec-6] [b.g.envios.service.SolicitudService] [] - Inicio getById. Buscando solicitud con ID: 8
2025-11-17 11:54:26.805 INFO  [http-nio-8095-exec-6] [b.g.envios.service.SolicitudService] [] - Solicitud encontrada exitosamente. ID: 8
2025-11-17 11:54:33.636 INFO  [http-nio-8095-exec-8] [b.g.e.controller.SolicitudController] [] - Recibida solicitud POST en /edit. Solicitud ID: 8
2025-11-17 11:54:33.642 INFO  [http-nio-8095-exec-8] [b.g.envios.service.SolicitudService] [] - Inicio edit. Editando solicitud ID: 8
2025-11-17 11:54:33.648 INFO  [http-nio-8095-exec-8] [b.g.envios.service.SolicitudService] [] - Procesando tarifa para solicitud 8
2025-11-17 11:54:33.650 INFO  [http-nio-8095-exec-8] [b.g.envios.service.SolicitudService] [] - Actualizando tarifa existente ID: 8
2025-11-17 11:54:33.652 INFO  [http-nio-8095-exec-8] [b.g.envios.service.SolicitudService] [] - Solicitud editada exitosamente. ID: 8
2025-11-17 11:55:19.005 INFO  [http-nio-8095-exec-9] [b.g.e.controller.SolicitudController] [] - Recibida solicitud GET en /getById/8
2025-11-17 11:55:19.012 INFO  [http-nio-8095-exec-9] [b.g.envios.service.SolicitudService] [] - Inicio getById. Buscando solicitud con ID: 8
2025-11-17 11:55:19.030 INFO  [http-nio-8095-exec-9] [b.g.envios.service.SolicitudService] [] - Solicitud encontrada exitosamente. ID: 8
2025-11-17 11:55:25.947 INFO  [http-nio-8095-exec-10] [b.g.e.controller.SolicitudController] [] - Recibida solicitud POST en /edit. Solicitud ID: 8
2025-11-17 11:55:25.954 INFO  [http-nio-8095-exec-10] [b.g.envios.service.SolicitudService] [] - Inicio edit. Editando solicitud ID: 8
2025-11-17 11:55:25.961 INFO  [http-nio-8095-exec-10] [b.g.envios.service.SolicitudService] [] - Procesando tarifa para solicitud 8
2025-11-17 11:55:25.962 INFO  [http-nio-8095-exec-10] [b.g.envios.service.SolicitudService] [] - Actualizando tarifa existente ID: 8
2025-11-17 11:55:25.963 INFO  [http-nio-8095-exec-10] [b.g.envios.service.SolicitudService] [] - Solicitud editada exitosamente. ID: 8
2025-11-17 11:55:46.968 INFO  [http-nio-8095-exec-5] [b.g.e.controller.SolicitudController] [] - Recibida solicitud GET en /getById/8
2025-11-17 11:55:46.971 INFO  [http-nio-8095-exec-5] [b.g.envios.service.SolicitudService] [] - Inicio getById. Buscando solicitud con ID: 8
2025-11-17 11:55:46.976 INFO  [http-nio-8095-exec-5] [b.g.envios.service.SolicitudService] [] - Solicitud encontrada exitosamente. ID: 8
2025-11-17 11:55:48.483 INFO  [http-nio-8095-exec-7] [b.g.e.controller.SolicitudController] [] - Recibida solicitud POST en /edit. Solicitud ID: 8
2025-11-17 11:55:48.485 INFO  [http-nio-8095-exec-7] [b.g.envios.service.SolicitudService] [] - Inicio edit. Editando solicitud ID: 8
2025-11-17 11:55:48.499 INFO  [http-nio-8095-exec-7] [b.g.envios.service.SolicitudService] [] - Procesando tarifa para solicitud 8
2025-11-17 11:55:48.500 INFO  [http-nio-8095-exec-7] [b.g.envios.service.SolicitudService] [] - Actualizando tarifa existente ID: 8
2025-11-17 11:55:48.501 INFO  [http-nio-8095-exec-7] [b.g.envios.service.SolicitudService] [] - Solicitud editada exitosamente. ID: 8
2025-11-17 11:56:08.044 INFO  [http-nio-8095-exec-1] [b.g.e.controller.SolicitudController] [] - Recibida solicitud GET en /getById/8
2025-11-17 11:56:08.049 INFO  [http-nio-8095-exec-1] [b.g.envios.service.SolicitudService] [] - Inicio getById. Buscando solicitud con ID: 8
2025-11-17 11:56:08.054 INFO  [http-nio-8095-exec-1] [b.g.envios.service.SolicitudService] [] - Solicitud encontrada exitosamente. ID: 8
2025-11-17 11:56:15.613 INFO  [http-nio-8095-exec-3] [b.g.e.controller.SolicitudController] [] - Recibida solicitud POST en /edit. Solicitud ID: 8
2025-11-17 11:56:15.623 INFO  [http-nio-8095-exec-3] [b.g.envios.service.SolicitudService] [] - Inicio edit. Editando solicitud ID: 8
2025-11-17 11:56:15.634 INFO  [http-nio-8095-exec-3] [b.g.envios.service.SolicitudService] [] - Procesando tarifa para solicitud 8
2025-11-17 11:56:15.637 INFO  [http-nio-8095-exec-3] [b.g.envios.service.SolicitudService] [] - Actualizando tarifa existente ID: 8
2025-11-17 11:56:15.638 INFO  [http-nio-8095-exec-3] [b.g.envios.service.SolicitudService] [] - Solicitud editada exitosamente. ID: 8
2025-11-17 11:56:15.661 WARN  [http-nio-8095-exec-3] [o.h.e.jdbc.spi.SqlExceptionHelper] [] - SQL Error: 0, SQLState: 22003
2025-11-17 11:56:15.662 ERROR [http-nio-8095-exec-3] [o.h.e.jdbc.spi.SqlExceptionHelper] [] - ERROR: numeric field overflow
  Detail: A field with precision 10, scale 2 must round to an absolute value less than 10^8.
2025-11-17 11:56:15.709 ERROR [http-nio-8095-exec-3] [o.a.c.c.C.[.[.[.[dispatcherServlet]] [] - Servlet.service() for servlet [dispatcherServlet] in context with path [] threw exception [Request processing failed: org.springframework.dao.DataIntegrityViolationException: could not execute statement [ERROR: numeric field overflow
  Detail: A field with precision 10, scale 2 must round to an absolute value less than 10^8.] [update tarifa set consumo_aprox=?,costo_base=?,costo_estadia=?,costo_estimado=?,costo_final=?,peso_max=?,valor_litro=?,volumen_max=? where id_tarifa=?]; SQL [update tarifa set consumo_aprox=?,costo_base=?,costo_estadia=?,costo_estimado=?,costo_final=?,peso_max=?,valor_litro=?,volumen_max=? where id_tarifa=?]] with root cause
org.postgresql.util.PSQLException: ERROR: numeric field overflow
  Detail: A field with precision 10, scale 2 must round to an absolute value less than 10^8.
	at org.postgresql.core.v3.QueryExecutorImpl.receiveErrorResponse(QueryExecutorImpl.java:2736)
	at org.postgresql.core.v3.QueryExecutorImpl.processResults(QueryExecutorImpl.java:2421)
	at org.postgresql.core.v3.QueryExecutorImpl.execute(QueryExecutorImpl.java:372)
	at org.postgresql.jdbc.PgStatement.executeInternal(PgStatement.java:525)
	at org.postgresql.jdbc.PgStatement.execute(PgStatement.java:435)
	at org.postgresql.jdbc.PgPreparedStatement.executeWithFlags(PgPreparedStatement.java:196)
	at org.postgresql.jdbc.PgPreparedStatement.executeUpdate(PgPreparedStatement.java:157)
	at com.zaxxer.hikari.pool.ProxyPreparedStatement.executeUpdate(ProxyPreparedStatement.java:61)
	at com.zaxxer.hikari.pool.HikariProxyPreparedStatement.executeUpdate(HikariProxyPreparedStatement.java)
	at org.hibernate.engine.jdbc.internal.ResultSetReturnImpl.executeUpdate(ResultSetReturnImpl.java:194)
	at org.hibernate.engine.jdbc.mutation.internal.AbstractMutationExecutor.performNonBatchedMutation(AbstractMutationExecutor.java:134)
	at org.hibernate.engine.jdbc.mutation.internal.MutationExecutorSingleNonBatched.performNonBatchedOperations(MutationExecutorSingleNonBatched.java:55)
	at org.hibernate.engine.jdbc.mutation.internal.AbstractMutationExecutor.execute(AbstractMutationExecutor.java:55)
	at org.hibernate.persister.entity.mutation.UpdateCoordinatorStandard.doStaticUpdate(UpdateCoordinatorStandard.java:781)
	at org.hibernate.persister.entity.mutation.UpdateCoordinatorStandard.performUpdate(UpdateCoordinatorStandard.java:328)
	at org.hibernate.persister.entity.mutation.UpdateCoordinatorStandard.update(UpdateCoordinatorStandard.java:245)
	at org.hibernate.action.internal.EntityUpdateAction.execute(EntityUpdateAction.java:169)
	at org.hibernate.engine.spi.ActionQueue.executeActions(ActionQueue.java:644)
	at org.hibernate.engine.spi.ActionQueue.executeActions(ActionQueue.java:511)
	at org.hibernate.event.internal.AbstractFlushingEventListener.performExecutions(AbstractFlushingEventListener.java:414)
	at org.hibernate.event.internal.DefaultFlushEventListener.onFlush(DefaultFlushEventListener.java:41)
	at org.hibernate.event.service.internal.EventListenerGroupImpl.fireEventOnEachListener(EventListenerGroupImpl.java:127)
	at org.hibernate.internal.SessionImpl.doFlush(SessionImpl.java:1429)
	at org.hibernate.internal.SessionImpl.managedFlush(SessionImpl.java:491)
	at org.hibernate.internal.SessionImpl.flushBeforeTransactionCompletion(SessionImpl.java:2354)
	at org.hibernate.internal.SessionImpl.beforeTransactionCompletion(SessionImpl.java:1978)
	at org.hibernate.engine.jdbc.internal.JdbcCoordinatorImpl.beforeTransactionCompletion(JdbcCoordinatorImpl.java:439)
	at org.hibernate.resource.transaction.backend.jdbc.internal.JdbcResourceLocalTransactionCoordinatorImpl.beforeCompletionCallback(JdbcResourceLocalTransactionCoordinatorImpl.java:169)
	at org.hibernate.resource.transaction.backend.jdbc.internal.JdbcResourceLocalTransactionCoordinatorImpl$TransactionDriverControlImpl.commit(JdbcResourceLocalTransactionCoordinatorImpl.java:267)
	at org.hibernate.engine.transaction.internal.TransactionImpl.commit(TransactionImpl.java:101)
	at org.springframework.orm.jpa.JpaTransactionManager.doCommit(JpaTransactionManager.java:563)
	at org.springframework.transaction.support.AbstractPlatformTransactionManager.processCommit(AbstractPlatformTransactionManager.java:795)
	at org.springframework.transaction.support.AbstractPlatformTransactionManager.commit(AbstractPlatformTransactionManager.java:758)
	at org.springframework.transaction.interceptor.TransactionAspectSupport.commitTransactionAfterReturning(TransactionAspectSupport.java:698)
	at org.springframework.transaction.interceptor.TransactionAspectSupport.invokeWithinTransaction(TransactionAspectSupport.java:416)
	at org.springframework.transaction.interceptor.TransactionInterceptor.invoke(TransactionInterceptor.java:119)
	at org.springframework.aop.framework.ReflectiveMethodInvocation.proceed(ReflectiveMethodInvocation.java:184)
	at org.springframework.aop.framework.CglibAopProxy$DynamicAdvisedInterceptor.intercept(CglibAopProxy.java:728)
	at backend.grupo130.envios.service.SolicitudService$$SpringCGLIB$$0.edit(<generated>)
	at backend.grupo130.envios.controller.SolicitudController.edit(SolicitudController.java:69)
	at java.base/jdk.internal.reflect.DirectMethodHandleAccessor.invoke(DirectMethodHandleAccessor.java:103)
	at java.base/java.lang.reflect.Method.invoke(Method.java:580)
	at org.springframework.web.method.support.InvocableHandlerMethod.doInvoke(InvocableHandlerMethod.java:258)
	at org.springframework.web.method.support.InvocableHandlerMethod.invokeForRequest(InvocableHandlerMethod.java:191)
	at org.springframework.web.servlet.mvc.method.annotation.ServletInvocableHandlerMethod.invokeAndHandle(ServletInvocableHandlerMethod.java:118)
	at org.springframework.web.servlet.mvc.method.annotation.RequestMappingHandlerAdapter.invokeHandlerMethod(RequestMappingHandlerAdapter.java:991)
	at org.springframework.web.servlet.mvc.method.annotation.RequestMappingHandlerAdapter.handleInternal(RequestMappingHandlerAdapter.java:896)
	at org.springframework.web.servlet.mvc.method.AbstractHandlerMethodAdapter.handle(AbstractHandlerMethodAdapter.java:87)
	at org.springframework.web.servlet.DispatcherServlet.doDispatch(DispatcherServlet.java:1089)
	at org.springframework.web.servlet.DispatcherServlet.doService(DispatcherServlet.java:979)
	at org.springframework.web.servlet.FrameworkServlet.processRequest(FrameworkServlet.java:1014)
	at org.springframework.web.servlet.FrameworkServlet.doPost(FrameworkServlet.java:914)
	at jakarta.servlet.http.HttpServlet.service(HttpServlet.java:590)
	at org.springframework.web.servlet.FrameworkServlet.service(FrameworkServlet.java:885)
	at jakarta.servlet.http.HttpServlet.service(HttpServlet.java:658)
	at org.apache.catalina.core.ApplicationFilterChain.internalDoFilter(ApplicationFilterChain.java:193)
	at org.apache.catalina.core.ApplicationFilterChain.doFilter(ApplicationFilterChain.java:138)
	at org.apache.tomcat.websocket.server.WsFilter.doFilter(WsFilter.java:51)
	at org.apache.catalina.core.ApplicationFilterChain.internalDoFilter(ApplicationFilterChain.java:162)
	at org.apache.catalina.core.ApplicationFilterChain.doFilter(ApplicationFilterChain.java:138)
	at org.springframework.web.filter.RequestContextFilter.doFilterInternal(RequestContextFilter.java:100)
	at org.springframework.web.filter.OncePerRequestFilter.doFilter(OncePerRequestFilter.java:116)
	at org.apache.catalina.core.ApplicationFilterChain.internalDoFilter(ApplicationFilterChain.java:162)
	at org.apache.catalina.core.ApplicationFilterChain.doFilter(ApplicationFilterChain.java:138)
	at org.springframework.web.filter.FormContentFilter.doFilterInternal(FormContentFilter.java:93)
	at org.springframework.web.filter.OncePerRequestFilter.doFilter(OncePerRequestFilter.java:116)
	at org.apache.catalina.core.ApplicationFilterChain.internalDoFilter(ApplicationFilterChain.java:162)
	at org.apache.catalina.core.ApplicationFilterChain.doFilter(ApplicationFilterChain.java:138)
	at org.springframework.web.filter.CharacterEncodingFilter.doFilterInternal(CharacterEncodingFilter.java:201)
	at org.springframework.web.filter.OncePerRequestFilter.doFilter(OncePerRequestFilter.java:116)
	at org.apache.catalina.core.ApplicationFilterChain.internalDoFilter(ApplicationFilterChain.java:162)
	at org.apache.catalina.core.ApplicationFilterChain.doFilter(ApplicationFilterChain.java:138)
	at org.apache.catalina.core.StandardWrapperValve.invoke(StandardWrapperValve.java:165)
	at org.apache.catalina.core.StandardContextValve.invoke(StandardContextValve.java:88)
	at org.apache.catalina.authenticator.AuthenticatorBase.invoke(AuthenticatorBase.java:482)
	at org.apache.catalina.core.StandardHostValve.invoke(StandardHostValve.java:113)
	at org.apache.catalina.valves.ErrorReportValve.invoke(ErrorReportValve.java:83)
	at org.apache.catalina.core.StandardEngineValve.invoke(StandardEngineValve.java:72)
	at org.apache.catalina.connector.CoyoteAdapter.service(CoyoteAdapter.java:342)
	at org.apache.coyote.http11.Http11Processor.service(Http11Processor.java:399)
	at org.apache.coyote.AbstractProcessorLight.process(AbstractProcessorLight.java:63)
	at org.apache.coyote.AbstractProtocol$ConnectionHandler.process(AbstractProtocol.java:903)
	at org.apache.tomcat.util.net.NioEndpoint$SocketProcessor.doRun(NioEndpoint.java:1774)
	at org.apache.tomcat.util.net.SocketProcessorBase.run(SocketProcessorBase.java:52)
	at org.apache.tomcat.util.threads.ThreadPoolExecutor.runWorker(ThreadPoolExecutor.java:973)
	at org.apache.tomcat.util.threads.ThreadPoolExecutor$Worker.run(ThreadPoolExecutor.java:491)
	at org.apache.tomcat.util.threads.TaskThread$WrappingRunnable.run(TaskThread.java:63)
	at java.base/java.lang.Thread.run(Thread.java:1583)
2025-11-17 12:17:52.318 INFO  [http-nio-8095-exec-2] [b.g.e.controller.SolicitudController] [] - Recibida solicitud GET en /getById/8
2025-11-17 12:17:52.362 INFO  [http-nio-8095-exec-2] [b.g.envios.service.SolicitudService] [] - Inicio getById. Buscando solicitud con ID: 8
2025-11-17 12:17:52.469 INFO  [http-nio-8095-exec-2] [b.g.envios.service.SolicitudService] [] - Solicitud encontrada exitosamente. ID: 8
2025-11-17 12:18:05.004 INFO  [http-nio-8095-exec-4] [b.g.e.controller.SolicitudController] [] - Recibida solicitud POST en /edit. Solicitud ID: 8
2025-11-17 12:18:05.006 INFO  [http-nio-8095-exec-4] [b.g.envios.service.SolicitudService] [] - Inicio edit. Editando solicitud ID: 8
2025-11-17 12:18:05.029 INFO  [http-nio-8095-exec-4] [b.g.envios.service.SolicitudService] [] - Procesando tarifa para solicitud 8
2025-11-17 12:18:05.030 INFO  [http-nio-8095-exec-4] [b.g.envios.service.SolicitudService] [] - Actualizando tarifa existente ID: 8
2025-11-17 12:18:05.042 INFO  [http-nio-8095-exec-4] [b.g.envios.service.SolicitudService] [] - Solicitud editada exitosamente. ID: 8
2025-11-17 12:20:30.178 INFO  [http-nio-8095-exec-6] [b.g.e.controller.SolicitudController] [] - Recibida solicitud GET en /getById/8
2025-11-17 12:20:30.183 INFO  [http-nio-8095-exec-6] [b.g.envios.service.SolicitudService] [] - Inicio getById. Buscando solicitud con ID: 8
2025-11-17 12:20:30.191 INFO  [http-nio-8095-exec-6] [b.g.envios.service.SolicitudService] [] - Solicitud encontrada exitosamente. ID: 8
2025-11-17 12:20:40.198 INFO  [http-nio-8095-exec-8] [b.g.e.controller.SolicitudController] [] - Recibida solicitud POST en /edit. Solicitud ID: 8
2025-11-17 12:20:40.215 INFO  [http-nio-8095-exec-8] [b.g.envios.service.SolicitudService] [] - Inicio edit. Editando solicitud ID: 8
2025-11-17 12:20:40.233 INFO  [http-nio-8095-exec-8] [b.g.envios.service.SolicitudService] [] - Procesando tarifa para solicitud 8
2025-11-17 12:20:40.233 INFO  [http-nio-8095-exec-8] [b.g.envios.service.SolicitudService] [] - Actualizando tarifa existente ID: 8
2025-11-17 12:20:40.245 INFO  [http-nio-8095-exec-8] [b.g.envios.service.SolicitudService] [] - Solicitud editada exitosamente. ID: 8
2025-11-17 12:25:54.519 INFO  [http-nio-8095-exec-10] [b.g.e.controller.SolicitudController] [] - Recibida solicitud GET en /getById/8
2025-11-17 12:25:54.522 INFO  [http-nio-8095-exec-10] [b.g.envios.service.SolicitudService] [] - Inicio getById. Buscando solicitud con ID: 8
2025-11-17 12:25:54.533 INFO  [http-nio-8095-exec-10] [b.g.envios.service.SolicitudService] [] - Solicitud encontrada exitosamente. ID: 8
2025-11-17 12:26:05.304 INFO  [http-nio-8095-exec-5] [b.g.e.controller.SolicitudController] [] - Recibida solicitud POST en /edit. Solicitud ID: 8
2025-11-17 12:26:05.307 INFO  [http-nio-8095-exec-5] [b.g.envios.service.SolicitudService] [] - Inicio edit. Editando solicitud ID: 8
2025-11-17 12:26:05.315 INFO  [http-nio-8095-exec-5] [b.g.envios.service.SolicitudService] [] - Procesando tarifa para solicitud 8
2025-11-17 12:26:05.316 INFO  [http-nio-8095-exec-5] [b.g.envios.service.SolicitudService] [] - Actualizando tarifa existente ID: 8
2025-11-17 12:26:05.318 INFO  [http-nio-8095-exec-5] [b.g.envios.service.SolicitudService] [] - Solicitud editada exitosamente. ID: 8
2025-11-17 12:28:52.664 INFO  [http-nio-8095-exec-1] [b.g.e.controller.SolicitudController] [] - Recibida solicitud GET en /getById/8
2025-11-17 12:28:52.672 INFO  [http-nio-8095-exec-1] [b.g.envios.service.SolicitudService] [] - Inicio getById. Buscando solicitud con ID: 8
2025-11-17 12:28:52.686 INFO  [http-nio-8095-exec-1] [b.g.envios.service.SolicitudService] [] - Solicitud encontrada exitosamente. ID: 8
2025-11-17 12:32:05.837 INFO  [http-nio-8095-exec-2] [b.g.e.controller.SolicitudController] [] - Recibida solicitud GET en /getById/8
2025-11-17 12:32:05.844 INFO  [http-nio-8095-exec-2] [b.g.envios.service.SolicitudService] [] - Inicio getById. Buscando solicitud con ID: 8
2025-11-17 12:32:05.891 INFO  [http-nio-8095-exec-2] [b.g.envios.service.SolicitudService] [] - Solicitud encontrada exitosamente. ID: 8
2025-11-17 12:32:14.912 INFO  [http-nio-8095-exec-4] [b.g.e.controller.SolicitudController] [] - Recibida solicitud GET en /getById/8
2025-11-17 12:32:14.916 INFO  [http-nio-8095-exec-4] [b.g.envios.service.SolicitudService] [] - Inicio getById. Buscando solicitud con ID: 8
2025-11-17 12:32:14.924 INFO  [http-nio-8095-exec-4] [b.g.envios.service.SolicitudService] [] - Solicitud encontrada exitosamente. ID: 8
2025-11-17 12:39:53.566 INFO  [http-nio-8095-exec-9] [b.g.e.controller.SolicitudController] [] - Recibida solicitud GET en /getById/8
2025-11-17 12:39:53.572 INFO  [http-nio-8095-exec-9] [b.g.envios.service.SolicitudService] [] - Inicio getById. Buscando solicitud con ID: 8
2025-11-17 12:39:53.659 INFO  [http-nio-8095-exec-9] [b.g.envios.service.SolicitudService] [] - Solicitud encontrada exitosamente. ID: 8
2025-11-17 12:40:22.769 INFO  [http-nio-8095-exec-10] [b.g.e.controller.SolicitudController] [] - Recibida solicitud GET en /getById/8
2025-11-17 12:40:22.771 INFO  [http-nio-8095-exec-10] [b.g.envios.service.SolicitudService] [] - Inicio getById. Buscando solicitud con ID: 8
2025-11-17 12:40:22.777 INFO  [http-nio-8095-exec-10] [b.g.envios.service.SolicitudService] [] - Solicitud encontrada exitosamente. ID: 8
2025-11-17 12:40:23.500 INFO  [http-nio-8095-exec-5] [b.g.e.controller.SolicitudController] [] - Recibida solicitud POST en /cambioDeEstado. Solicitud ID: 8, Nuevo Estado: PROGRAMADO
2025-11-17 12:40:23.517 INFO  [http-nio-8095-exec-5] [b.g.envios.service.SolicitudService] [] - Inicio cambioDeEstado. Solicitud ID: 8. Nuevo estado: PROGRAMADO
2025-11-17 12:40:24.147 INFO  [http-nio-8095-exec-5] [b.g.envios.service.SolicitudService] [] - Cambio de estado exitoso. Solicitud ID: 8. Nuevo estado: Estado.PROGRAMADO
2025-11-17 12:41:23.404 INFO  [http-nio-8095-exec-1] [b.g.e.controller.SolicitudController] [] - Recibida solicitud GET en /getById/8
2025-11-17 12:41:23.406 INFO  [http-nio-8095-exec-1] [b.g.envios.service.SolicitudService] [] - Inicio getById. Buscando solicitud con ID: 8
2025-11-17 12:41:23.418 INFO  [http-nio-8095-exec-1] [b.g.envios.service.SolicitudService] [] - Solicitud encontrada exitosamente. ID: 8
2025-11-17 12:48:49.413 INFO  [http-nio-8095-exec-4] [b.g.e.controller.SolicitudController] [] - Recibida solicitud GET en /getById/8
2025-11-17 12:48:49.417 INFO  [http-nio-8095-exec-4] [b.g.envios.service.SolicitudService] [] - Inicio getById. Buscando solicitud con ID: 8
2025-11-17 12:48:49.458 INFO  [http-nio-8095-exec-4] [b.g.envios.service.SolicitudService] [] - Solicitud encontrada exitosamente. ID: 8
2025-11-17 12:48:49.521 INFO  [http-nio-8095-exec-6] [b.g.e.controller.SolicitudController] [] - Recibida solicitud POST en /cambioDeEstado. Solicitud ID: 8, Nuevo Estado: PROGRAMADO
2025-11-17 12:48:49.522 INFO  [http-nio-8095-exec-6] [b.g.envios.service.SolicitudService] [] - Inicio cambioDeEstado. Solicitud ID: 8. Nuevo estado: PROGRAMADO
2025-11-17 12:48:49.532 WARN  [http-nio-8095-exec-6] [b.g.envios.service.SolicitudService] [] - ServiceError en cambioDeEstado (ID: 8): 400 - 
2025-11-17 12:48:49.698 WARN  [http-nio-8095-exec-6] [o.s.w.s.m.m.a.ExceptionHandlerExceptionResolver] [] - Resolved [backend.grupo130.envios.config.exceptions.ServiceError: ]
2025-11-17 12:49:47.892 INFO  [http-nio-8095-exec-8] [b.g.e.controller.SolicitudController] [] - Recibida solicitud GET en /getById/8
2025-11-17 12:49:47.893 INFO  [http-nio-8095-exec-8] [b.g.envios.service.SolicitudService] [] - Inicio getById. Buscando solicitud con ID: 8
2025-11-17 12:49:47.909 INFO  [http-nio-8095-exec-8] [b.g.envios.service.SolicitudService] [] - Solicitud encontrada exitosamente. ID: 8
2025-11-17 12:49:47.926 INFO  [http-nio-8095-exec-9] [b.g.e.controller.SolicitudController] [] - Recibida solicitud POST en /cambioDeEstado. Solicitud ID: 8, Nuevo Estado: PROGRAMADO
2025-11-17 12:49:47.926 INFO  [http-nio-8095-exec-9] [b.g.envios.service.SolicitudService] [] - Inicio cambioDeEstado. Solicitud ID: 8. Nuevo estado: PROGRAMADO
2025-11-17 12:49:47.952 INFO  [http-nio-8095-exec-9] [b.g.envios.service.SolicitudService] [] - Cambio de estado exitoso. Solicitud ID: 8. Nuevo estado: Estado.PROGRAMADO
2025-11-17 12:49:59.540 INFO  [http-nio-8095-exec-10] [b.g.e.controller.SolicitudController] [] - Recibida solicitud GET en /getById/8
2025-11-17 12:49:59.544 INFO  [http-nio-8095-exec-10] [b.g.envios.service.SolicitudService] [] - Inicio getById. Buscando solicitud con ID: 8
2025-11-17 12:49:59.556 INFO  [http-nio-8095-exec-10] [b.g.envios.service.SolicitudService] [] - Solicitud encontrada exitosamente. ID: 8
2025-11-17 12:51:37.640 INFO  [http-nio-8095-exec-1] [b.g.e.controller.SolicitudController] [] - Recibida solicitud GET en /getById/8
2025-11-17 12:51:37.645 INFO  [http-nio-8095-exec-1] [b.g.envios.service.SolicitudService] [] - Inicio getById. Buscando solicitud con ID: 8
2025-11-17 12:51:37.650 INFO  [http-nio-8095-exec-1] [b.g.envios.service.SolicitudService] [] - Solicitud encontrada exitosamente. ID: 8
2025-11-17 12:51:37.989 INFO  [http-nio-8095-exec-3] [b.g.e.controller.SolicitudController] [] - Recibida solicitud POST en /cambioDeEstado. Solicitud ID: 8, Nuevo Estado: EN_TRANSITO
2025-11-17 12:51:37.992 INFO  [http-nio-8095-exec-3] [b.g.envios.service.SolicitudService] [] - Inicio cambioDeEstado. Solicitud ID: 8. Nuevo estado: EN_TRANSITO
2025-11-17 12:51:38.023 INFO  [http-nio-8095-exec-3] [b.g.envios.service.SolicitudService] [] - Cambio de estado exitoso. Solicitud ID: 8. Nuevo estado: Estado.EN_TRANSITO
2025-11-17 12:51:55.685 INFO  [http-nio-8095-exec-2] [b.g.e.controller.SolicitudController] [] - Recibida solicitud GET en /getById/8
2025-11-17 12:51:55.687 INFO  [http-nio-8095-exec-2] [b.g.envios.service.SolicitudService] [] - Inicio getById. Buscando solicitud con ID: 8
2025-11-17 12:51:55.694 INFO  [http-nio-8095-exec-2] [b.g.envios.service.SolicitudService] [] - Solicitud encontrada exitosamente. ID: 8
2025-11-17 12:53:04.122 INFO  [http-nio-8095-exec-6] [b.g.e.controller.SolicitudController] [] - Recibida solicitud GET en /getById/8
2025-11-17 12:53:04.123 INFO  [http-nio-8095-exec-6] [b.g.envios.service.SolicitudService] [] - Inicio getById. Buscando solicitud con ID: 8
2025-11-17 12:53:04.134 INFO  [http-nio-8095-exec-6] [b.g.envios.service.SolicitudService] [] - Solicitud encontrada exitosamente. ID: 8
2025-11-17 12:54:07.823 INFO  [http-nio-8095-exec-9] [b.g.e.controller.SolicitudController] [] - Recibida solicitud GET en /getById/8
2025-11-17 12:54:07.825 INFO  [http-nio-8095-exec-9] [b.g.envios.service.SolicitudService] [] - Inicio getById. Buscando solicitud con ID: 8
2025-11-17 12:54:07.832 INFO  [http-nio-8095-exec-9] [b.g.envios.service.SolicitudService] [] - Solicitud encontrada exitosamente. ID: 8
2025-11-17 12:54:57.974 INFO  [http-nio-8095-exec-10] [b.g.e.controller.SolicitudController] [] - Recibida solicitud GET en /getById/8
2025-11-17 12:54:57.977 INFO  [http-nio-8095-exec-10] [b.g.envios.service.SolicitudService] [] - Inicio getById. Buscando solicitud con ID: 8
2025-11-17 12:54:57.986 INFO  [http-nio-8095-exec-10] [b.g.envios.service.SolicitudService] [] - Solicitud encontrada exitosamente. ID: 8
2025-11-17 13:14:52.099 INFO  [SpringApplicationShutdownHook] [o.s.b.w.e.tomcat.GracefulShutdown] [] - Commencing graceful shutdown. Waiting for active requests to complete
2025-11-17 13:14:52.235 INFO  [tomcat-shutdown] [o.s.b.w.e.tomcat.GracefulShutdown] [] - Graceful shutdown complete
2025-11-17 13:14:52.387 INFO  [SpringApplicationShutdownHook] [o.s.o.j.LocalContainerEntityManagerFactoryBean] [] - Closing JPA EntityManagerFactory for persistence unit 'default'
2025-11-17 13:14:52.649 INFO  [SpringApplicationShutdownHook] [com.zaxxer.hikari.HikariDataSource] [] - HikariPool-1 - Shutdown initiated...
2025-11-17 13:14:52.688 INFO  [SpringApplicationShutdownHook] [com.zaxxer.hikari.HikariDataSource] [] - HikariPool-1 - Shutdown completed.
